11.452607	6000	0	0	10	0	0.039314	720
11.552497	6000	0	1	10	0	0.039136	720
11.672857	6000	0	2	10	5000	0.052928	720
11.691432	6000	2	5	10	5000	0.057840	720
11.771875	6000	0	3	10	5000	0.058607	720
11.791843	6000	2	6	10	5000	0.058423	720
11.871602	6000	0	4	10	5000	0.058315	720
11.892149	6000	2	7	10	5000	0.058739	720
11.971826	6000	0	5	10	5000	0.058545	720
11.982983	6000	5000	0	10	5000	0.000608	720
11.991262	6000	2	8	10	5000	0.057764	720
12.002573	6000	5001	0	10	5000	0.027412	720
12.065134	6000	1	0	10	5000	0.014765	720
12.071905	6000	0	6	10	5000	0.058622	720
12.080058	6000	3	0	10	3	0.014495	720
12.083531	6000	5000	1	10	5000	0.001202	720
12.091907	6000	2	9	10	5000	0.058429	720
12.104588	6000	3	0	10	5000	0.038968	720
12.105325	6000	5001	1	10	5000	0.030176	720
12.112863	6000	6001	0	10	5000	0.031762	720
12.133323	6000	6000	0	10	5000	0.033302	720
12.165029	6000	1	1	10	5000	0.014661	720
12.171634	6000	0	7	10	5000	0.058084	720
12.180009	6000	3	1	10	3	0.014573	720
12.183301	6000	5000	2	10	5000	0.000861	720
12.191935	6000	2	10	10	5000	0.058107	720
12.204136	6000	3	1	10	5000	0.038815	720
12.205334	6000	5001	2	10	5000	0.030242	720
12.210916	6000	6001	1	10	5000	0.029878	720
12.232299	6000	6000	1	10	5000	0.032313	720
12.264879	6000	1	2	10	5000	0.013696	720
12.271766	6000	0	8	10	5000	0.058512	720
12.280102	6000	3	2	10	3	0.014942	720
12.283178	6000	5000	3	10	5000	0.000763	720
12.291595	6000	2	11	10	5000	0.058146	720
12.302989	6000	3	2	10	5000	0.037821	720
12.303789	6000	5001	3	10	5000	0.028701	720
12.311015	6000	6001	2	10	5000	0.029984	720
12.330970	6000	6000	2	10	5000	0.030987	720
12.364674	6000	1	3	10	5000	0.014362	720
12.371544	6000	0	9	10	5000	0.058239	720
12.379769	6000	3	3	10	5000	0.014885	720
12.383241	6000	5000	4	10	5000	0.000915	720
12.391782	6000	2	12	10	5000	0.058339	720
12.403142	6000	5001	4	10	5000	0.027975	720
12.409898	6000	6001	3	10	5000	0.028898	720
12.428504	6000	6000	3	10	5000	0.028529	720
12.464755	6000	1	4	10	5000	0.014402	720
12.471727	6000	0	10	10	5000	0.058544	720
12.474500	6000	0	10	10	5000	0.061292	720
12.479945	6000	3	4	10	5000	0.014981	720
12.483209	6000	5000	5	10	5000	0.000870	720
12.492054	6000	2	13	10	5000	0.058659	720
12.507643	6000	5001	5	10	5000	0.032485	720
12.508687	6000	6001	4	10	5000	0.027602	720
12.528219	6000	6000	4	10	5000	0.028147	720
12.564712	6000	1	5	10	5000	0.014326	720
12.571715	6000	0	11	10	5000	0.058450	720
12.574586	6000	0	11	10	5000	0.061321	720
12.579806	6000	3	5	10	5000	0.014858	720
12.583267	6000	5000	6	10	5000	0.000942	720
12.593189	6000	2	14	10	5000	0.059799	720
12.603588	6000	5001	6	10	5000	0.028517	720
12.609586	6000	6001	5	10	5000	0.028592	720
12.628814	6000	6000	5	10	5000	0.028831	720
12.664721	6000	1	6	10	5000	0.014342	720
12.671685	6000	0	12	10	5000	0.058375	720
12.674496	6000	0	12	10	5000	0.061167	720
12.679925	6000	3	6	10	5000	0.015000	720
12.683211	6000	5000	7	10	5000	0.000876	720
12.691846	6000	2	15	10	5000	0.058433	720
12.703267	6000	5001	7	10	5000	0.028168	720
12.709357	6000	6001	6	10	5000	0.028353	720
12.729859	6000	6000	6	10	5000	0.029865	720
12.764661	6000	1	7	10	5000	0.014285	720
12.771583	6000	0	13	10	5000	0.058258	720
12.774528	6000	0	13	10	5000	0.061198	720
12.779805	6000	3	7	10	5000	0.014939	720
12.783206	6000	5000	8	10	5000	0.000883	720
12.791949	6000	2	16	10	5000	0.058540	720
12.803140	6000	5001	8	10	5000	0.028046	720
12.808958	6000	6001	7	10	5000	0.027955	720
12.828359	6000	6000	7	10	5000	0.028362	720
12.864747	6000	1	8	10	5000	0.014489	720
12.871655	6000	0	14	10	5000	0.058344	720
12.874569	6000	0	14	10	5000	0.061245	720
12.879819	6000	3	8	10	5000	0.014852	720
12.883258	6000	5000	9	10	5000	0.000888	720
12.891770	6000	2	17	10	5000	0.058326	720
12.902978	6000	5001	9	10	5000	0.027886	720
12.908908	6000	6001	8	10	5000	0.027879	720
12.928390	6000	6000	8	10	5000	0.028388	720
12.964634	6000	1	9	10	5000	0.014214	720
12.971581	6000	0	15	10	5000	0.058257	720
12.974493	6000	0	15	10	5000	0.061163	720
12.980035	6000	3	9	10	5000	0.015186	720
12.983207	6000	5000	10	10	5000	0.000869	720
12.991783	6000	2	18	10	5000	0.058338	720
13.002794	6000	5001	10	10	5000	0.027698	720
13.008968	6000	6001	9	10	5000	0.027917	720
13.029375	6000	6000	9	10	5000	0.029383	720
13.064628	6000	1	10	10	5000	0.014263	720
13.071583	6000	0	16	10	5000	0.058275	720
13.074491	6000	0	16	10	5000	0.061177	720
13.079860	6000	3	10	10	5000	0.015022	720
13.083205	6000	5000	11	10	5000	0.000866	720
13.091754	6000	2	19	10	5000	0.058308	720
13.102845	6000	5001	11	10	5000	0.027750	720
13.108918	6000	6001	10	10	5000	0.027914	720
13.129217	6000	6000	10	10	5000	0.029218	720
13.164727	6000	1	11	10	5000	0.014363	720
13.171625	6000	0	17	10	5000	0.058304	720
13.174519	6000	0	17	10	5000	0.061191	720
13.179959	6000	3	11	10	5000	0.015022	720
13.183212	6000	5000	12	10	5000	0.000873	720
13.191759	6000	2	20	10	5000	0.058316	720
13.203031	6000	5001	12	10	5000	0.027974	720
13.208897	6000	6001	11	10	5000	0.027888	720
13.229545	6000	6000	11	10	5000	0.029555	720
13.264638	6000	1	12	10	5000	0.014260	720
13.271578	6000	0	18	10	5000	0.058270	720
13.274489	6000	0	18	10	5000	0.061176	720
13.280066	6000	3	12	10	5000	0.015224	720
13.283210	6000	5000	13	10	5000	0.000871	720
13.291836	6000	2	21	10	5000	0.058407	720
13.302760	6000	5001	13	10	5000	0.027668	720
13.308948	6000	6001	12	10	5000	0.027939	720
13.329086	6000	6000	12	10	5000	0.029107	720
13.364646	6000	1	13	10	5000	0.014343	720
13.374537	6000	0	19	10	5000	0.060872	720
13.377311	6000	0	19	10	5000	0.063627	720
13.379989	6000	3	13	10	5000	0.014880	720
13.383224	6000	5000	14	10	5000	0.000897	720
13.391768	6000	2	22	10	5000	0.058336	720
13.403303	6000	5001	14	10	5000	0.028189	720
13.409537	6000	6001	13	10	5000	0.028554	720
13.428598	6000	6000	13	10	5000	0.028640	720
13.464669	6000	1	14	10	5000	0.014308	720
13.471730	6000	0	20	10	5000	0.058428	720
13.474504	6000	0	20	10	5000	0.061168	720
13.479969	6000	3	14	10	5000	0.015099	720
13.483221	6000	5000	15	10	5000	0.000881	720
13.491823	6000	2	23	10	5000	0.058422	720
13.504065	6000	5001	15	10	5000	0.028983	720
13.509069	6000	6001	14	10	5000	0.028009	720
13.528286	6000	6000	14	10	5000	0.028247	720
13.564704	6000	1	15	10	5000	0.014326	720
13.571587	6000	0	21	10	5000	0.058299	720
13.574497	6000	0	21	10	5000	0.061202	720
13.579834	6000	3	15	10	5000	0.014908	720
13.583248	6000	5000	16	10	5000	0.000921	720
13.592047	6000	2	24	10	5000	0.058643	720
13.602784	6000	5001	16	10	5000	0.027683	720
13.608969	6000	6001	15	10	5000	0.027944	720
13.629498	6000	6000	15	10	5000	0.029521	720
13.664733	6000	1	16	10	5000	0.014378	720
13.671593	6000	0	22	10	5000	0.058251	720
13.674509	6000	0	22	10	5000	0.061165	720
13.679854	6000	3	16	10	5000	0.014833	720
13.683250	6000	5000	17	10	5000	0.000918	720
13.691754	6000	2	25	10	5000	0.058319	720
13.702931	6000	5001	17	10	5000	0.027875	720
13.708979	6000	6001	16	10	5000	0.027973	720
13.729535	6000	6000	16	10	5000	0.029538	720
13.764761	6000	1	17	10	5000	0.014397	720
13.771694	6000	0	23	10	5000	0.058399	720
13.774501	6000	0	23	10	5000	0.061188	720
13.783744	6000	5000	18	10	5000	0.001396	720
13.784874	6000	3	17	10	5000	0.019883	720
13.793286	6000	2	26	10	5000	0.059870	720
13.802606	6000	5001	18	10	5000	0.027446	720
13.815372	6000	6001	17	10	5000	0.032978	720
13.828553	6000	6000	17	10	5000	0.028588	720
13.864850	6000	1	18	10	5000	0.014496	720
13.871696	6000	0	24	10	5000	0.058512	720
13.874497	6000	0	24	10	5000	0.061292	720
13.879927	6000	3	18	10	5000	0.014868	720
13.883247	6000	5000	19	10	5000	0.000887	720
13.891832	6000	2	27	10	5000	0.058394	720
13.903165	6000	5001	19	10	5000	0.028040	720
13.909630	6000	6001	18	10	5000	0.028614	720
13.929794	6000	6000	18	10	5000	0.029806	720
13.964702	6000	1	19	10	5000	0.014309	720
13.972036	6000	0	25	10	5000	0.058730	720
13.974877	6000	0	25	10	5000	0.061561	720
13.980462	6000	3	19	10	5000	0.015265	720
13.983392	6000	5000	20	10	5000	0.000925	720
13.992059	6000	2	28	10	5000	0.058620	720
14.003487	6000	5001	20	10	5000	0.028398	720
14.011588	6000	6001	19	10	5000	0.030580	720
14.029787	6000	6000	19	10	5000	0.029735	720
14.064908	6000	1	20	10	5000	0.014070	720
14.072039	6000	0	26	10	5000	0.056493	720
14.074601	6000	0	26	10	5000	0.059011	720
14.080062	6000	3	20	10	5000	0.015095	720
14.083316	6000	5000	21	10	5000	0.001020	720
14.091973	6000	2	29	10	5000	0.058577	720
14.104428	6000	5001	21	10	5000	0.029348	720
14.112387	6000	6001	20	10	5000	0.031376	720
14.131799	6000	6000	20	10	5000	0.031776	720
14.165069	6000	1	21	10	5000	0.014689	720
14.171870	6000	0	27	10	5000	0.058617	720
14.174622	6000	0	27	10	5000	0.061376	720
14.179947	6000	3	21	10	5000	0.015296	720
14.183296	6000	5000	22	10	5000	0.001009	720
14.191771	6000	2	30	10	5000	0.058374	720
14.202784	6000	5001	22	10	5000	0.027673	720
14.208965	6000	6001	21	10	5000	0.027936	720
14.229300	6000	6000	21	10	5000	0.029294	720
14.267565	6000	1	22	10	5000	0.017044	720
14.271168	6000	0	28	10	5000	0.057810	720
14.274166	6000	0	28	10	5000	0.060861	720
14.279519	6000	3	22	10	5000	0.010219	720
14.285177	6000	5000	23	10	5000	0.000877	720
14.291368	6000	2	31	10	5000	0.057896	720
14.302373	6000	5001	23	10	5000	0.027250	720
14.313056	6000	6001	22	10	5000	0.029294	720
14.328190	6000	6000	22	10	5000	0.028209	720
14.364676	6000	1	23	10	5000	0.014304	720
14.371583	6000	0	29	10	5000	0.058300	720
14.374489	6000	0	29	10	5000	0.061200	720
14.379941	6000	3	23	10	5000	0.015116	720
14.383676	6000	5000	24	10	5000	0.001146	720
14.391900	6000	2	32	10	5000	0.058500	720
14.403210	6000	5001	24	10	5000	0.028103	720
14.409186	6000	6001	23	10	5000	0.028163	720
14.428309	6000	6000	23	10	5000	0.028293	720
14.464874	6000	1	24	10	5000	0.014610	720
14.471954	6000	0	30	10	5000	0.058675	720
14.474782	6000	0	30	10	5000	0.061471	720
14.479916	6000	3	24	10	5000	0.015450	720
14.483594	6000	5000	25	10	5000	0.001130	720
14.492020	6000	2	33	10	5000	0.058594	720
14.503256	6000	5001	25	10	5000	0.028181	720
14.509341	6000	6001	24	10	5000	0.028337	720
14.529790	6000	6000	24	10	5000	0.029804	720
14.564829	6000	1	25	10	5000	0.014479	720
14.571799	6000	0	31	10	5000	0.058501	720
14.574910	6000	0	31	10	5000	0.061645	720
14.580376	6000	3	25	10	5000	0.015901	720
14.583916	6000	5000	26	10	5000	0.001276	720
14.591558	6000	2	34	10	5000	0.058075	720
14.604056	6000	5001	26	10	5000	0.028907	720
14.613981	6000	6001	25	10	5000	0.032991	720
14.627926	6000	6000	25	10	5000	0.027957	720
14.664970	6000	1	26	10	5000	0.014615	720
14.671956	6000	0	32	10	5000	0.058622	720
14.674752	6000	0	32	10	5000	0.061397	720
14.680079	6000	3	26	10	5000	0.015601	720
14.683700	6000	5000	27	10	5000	0.001129	720
14.692015	6000	2	35	10	5000	0.058583	720
14.703230	6000	5001	27	10	5000	0.028157	720
14.709591	6000	6001	26	10	5000	0.028568	720
14.730103	6000	6000	26	10	5000	0.030119	720
14.765124	6000	1	27	10	5000	0.014765	720
14.771864	6000	0	33	10	5000	0.058565	720
14.774842	6000	0	33	10	5000	0.061546	720
14.780717	6000	3	27	10	5000	0.015557	720
14.783826	6000	5000	28	10	5000	0.001118	720
14.791951	6000	2	36	10	5000	0.058512	720
14.802966	6000	5001	28	10	5000	0.027874	720
14.809350	6000	6001	27	10	5000	0.028397	720
14.829151	6000	6000	27	10	5000	0.029151	720
14.865123	6000	1	28	10	5000	0.014757	720
14.871828	6000	0	34	10	5000	0.058561	720
14.874766	6000	0	34	10	5000	0.061488	720
14.880242	6000	3	28	10	5000	0.015751	720
14.883384	6000	5000	29	10	5000	0.000871	720
14.891873	6000	2	37	10	5000	0.058420	720
14.904129	6000	5001	29	10	5000	0.029055	720
14.909297	6000	6001	28	10	5000	0.028299	720
14.930778	6000	6000	28	10	5000	0.030780	720
14.964665	6000	1	29	10	5000	0.014252	720
14.971587	6000	0	35	10	5000	0.058219	720
14.974509	6000	0	35	10	5000	0.061138	720
14.975761	6000	5001	30	10	5001	0.000664	720
14.980197	6000	3	29	10	5000	0.015433	720
14.981781	6000	6001	29	10	6001	0.000747	720
14.983509	6000	5000	30	10	5000	0.001188	720
14.991913	6000	2	38	10	5000	0.058481	720
15.064289	6000	1	30	10	5000	0.013896	720
15.071123	6000	0	36	10	5000	0.057771	720
15.074108	6000	0	36	10	5000	0.060744	720
15.075477	6000	5001	31	10	5001	0.000335	720
15.079292	6000	3	30	10	5000	0.014649	720
15.081423	6000	6001	30	10	6001	0.000365	720
15.082836	6000	5000	31	10	5000	0.000435	720
15.091225	6000	2	39	10	5000	0.057733	720
15.165411	6000	1	31	10	5000	0.015057	720
15.171990	6000	0	37	10	5000	0.058721	720
15.174902	6000	0	37	10	5000	0.061626	720
15.176318	6000	5001	32	10	5001	0.001176	720
15.179660	6000	3	31	10	5000	0.014474	720
15.181807	6000	6001	31	10	6001	0.000786	720
15.183345	6000	5000	32	10	5000	0.000871	720
15.191715	6000	2	40	10	5000	0.058276	720
15.264812	6000	1	32	10	5000	0.014457	720
15.272035	6000	0	38	10	5000	0.058768	720
15.274794	6000	0	38	10	5000	0.061484	720
15.276530	6000	5001	33	10	5001	0.001278	720
15.279965	6000	3	32	10	5000	0.015238	720
15.281703	6000	6001	32	10	6001	0.000690	720
15.283210	6000	5000	33	10	5000	0.000866	720
15.291797	6000	2	41	10	5000	0.058366	720
15.364297	6000	1	33	10	5000	0.013121	720
15.371248	6000	0	39	10	5000	0.057874	720
15.374245	6000	0	39	10	5000	0.060866	720
15.375910	6000	5001	34	10	5001	0.000719	720
15.379556	6000	3	33	10	5000	0.014915	720
15.381457	6000	6001	33	10	6001	0.000380	720
15.382793	6000	5000	34	10	5000	0.000381	720
15.391280	6000	2	42	10	5000	0.057871	720
15.465071	6000	1	34	10	5000	0.014536	720
15.472019	6000	0	40	10	5000	0.058269	720
15.474555	6000	0	40	10	5000	0.060776	720
15.476094	6000	5001	35	10	5001	0.000989	720
15.481841	6000	6001	34	10	6001	0.000834	720
15.483914	6000	5000	35	10	5000	0.001446	720
15.485417	6000	3	34	10	5000	0.020918	720
15.491874	6000	2	43	10	5000	0.058304	720
15.565129	6000	1	35	10	5000	0.014756	720
15.571624	6000	0	41	10	5000	0.057040	720
15.574522	6000	0	41	10	5000	0.059939	720
15.576043	6000	5001	36	10	5001	0.000732	720
15.579677	6000	3	35	10	5000	0.015174	720
15.581810	6000	6001	35	10	6001	0.000784	720
15.583766	6000	5000	36	10	5000	0.001393	720
15.593232	6000	2	44	10	5000	0.059843	720
15.675044	6000	0	42	10	5000	0.061809	720
15.675920	6000	5001	37	10	5001	0.000728	720
15.679597	6000	3	36	10	5000	0.015104	720
15.681738	6000	6001	36	10	6001	0.000721	720
15.683460	6000	5000	37	10	5000	0.001116	720
15.689017	6000	1	36	10	5000	0.038637	720
15.695876	6000	0	42	10	5000	0.082600	720
15.716633	6000	2	45	10	5000	0.083191	720
15.728250	6000	5001	37	10	5000	0.053079	720
15.733986	6000	6001	36	10	5000	0.052977	720
15.754226	6000	6000	36	10	5000	0.054282	720
15.774664	6000	0	43	10	5000	0.060848	720
15.775539	6000	5001	38	10	5001	0.000336	720
15.779206	6000	3	37	10	5000	0.013712	720
15.781543	6000	6001	37	10	6001	0.000479	720
15.782881	6000	5000	38	10	5000	0.000453	720
15.788832	6000	1	37	10	5000	0.038481	720
15.800088	6000	0	43	10	5000	0.086594	720
15.815494	6000	2	46	10	5000	0.081984	720
15.827297	6000	5001	38	10	5000	0.052155	720
15.833079	6000	6001	37	10	5000	0.052036	720
15.854666	6000	6000	37	10	5000	0.054700	720
15.875065	6000	0	44	10	5000	0.061812	720
15.875916	6000	5001	39	10	5001	0.000693	720
15.879885	6000	3	38	10	5000	0.015391	720
15.881727	6000	6001	38	10	6001	0.000723	720
15.883472	6000	5000	39	10	5000	0.001096	720
15.889202	6000	1	38	10	5000	0.038824	720
15.895928	6000	0	44	10	5000	0.082670	720
15.917105	6000	2	47	10	5000	0.083708	720
15.928334	6000	5001	39	10	5000	0.053150	720
15.933952	6000	6001	38	10	5000	0.052956	720
15.954445	6000	6000	38	10	5000	0.054451	720
15.974793	6000	0	45	10	5000	0.060763	720
15.975777	6000	5001	40	10	5001	0.000652	720
15.979818	6000	3	39	10	5000	0.015320	720
15.981783	6000	6001	39	10	6001	0.000749	720
15.983599	6000	5000	40	10	5000	0.001111	720
15.989056	6000	1	39	10	5000	0.038670	720
15.995921	6000	0	45	10	5000	0.081891	720
16.017090	6000	2	48	10	5000	0.083699	720
16.028649	6000	5001	40	10	5000	0.053531	720
16.034585	6000	6001	39	10	5000	0.053542	720
16.054577	6000	6000	39	10	5000	0.054562	720
16.074517	6000	0	46	10	5000	0.060679	720
16.075781	6000	5001	41	10	5001	0.000660	720
16.079712	6000	3	40	10	5000	0.015116	720
16.081773	6000	6001	40	10	6001	0.000763	720
16.083236	6000	5000	41	10	5000	0.000959	720
16.089111	6000	1	40	10	5000	0.038742	720
16.096037	6000	0	46	10	5000	0.082196	720
16.116713	6000	2	49	10	5000	0.083316	720
16.172969	6000	0	47	10	5000	0.059728	720
16.175760	6000	5001	42	10	5001	0.000665	720
16.179857	6000	3	41	10	5000	0.015339	720
16.181713	6000	6001	41	10	6001	0.000707	720
16.183345	6000	5000	42	10	5000	0.000798	720
16.189219	6000	1	41	10	5000	0.038818	720
16.216950	6000	2	50	10	5000	0.083568	720
16.273059	6000	0	48	10	5000	0.059761	720
16.275842	6000	5001	43	10	5001	0.000722	720
16.279544	6000	3	42	10	5000	0.015041	720
16.281704	6000	6001	42	10	6001	0.000700	720
16.283119	6000	5000	43	10	5000	0.000748	720
16.288982	6000	1	42	10	5000	0.038600	720
16.316288	6000	2	51	10	5000	0.082855	720
16.372975	6000	0	49	10	5000	0.059696	720
16.375802	6000	5001	44	10	5001	0.000685	720
16.379603	6000	3	43	10	5000	0.015220	720
16.381762	6000	6001	43	10	6001	0.000768	720
16.383216	6000	5000	44	10	5000	0.000749	720
16.389020	6000	1	43	10	5000	0.038642	720
16.416358	6000	2	52	10	5000	0.082935	720
16.472528	6000	0	50	10	5000	0.059263	720
16.475776	6000	5001	45	10	5001	0.000656	720
16.479533	6000	3	44	10	5000	0.015015	720
16.481750	6000	6001	44	10	6001	0.000712	720
16.483385	6000	5000	45	10	5000	0.001012	720
16.488919	6000	1	44	10	5000	0.038532	720
16.516271	6000	2	53	10	5000	0.082850	720
16.572153	6000	0	51	10	5000	0.058800	720
16.575576	6000	5001	46	10	5001	0.000436	720
16.579342	6000	3	45	10	5000	0.014786	720
16.581501	6000	6001	45	10	6001	0.000471	720
16.582768	6000	5000	46	10	5000	0.000339	720
16.588420	6000	1	45	10	5000	0.037954	720
16.615804	6000	2	54	10	5000	0.082367	720
16.672862	6000	0	52	10	5000	0.059560	720
16.675847	6000	5001	47	10	5001	0.000729	720
16.679573	6000	3	46	10	5000	0.014938	720
16.681745	6000	6001	46	10	6001	0.000714	720
16.683556	6000	5000	47	10	5000	0.001202	720
16.688815	6000	1	46	10	5000	0.038434	720
16.715937	6000	2	55	10	5000	0.082553	720
16.772561	6000	0	53	10	5000	0.059299	720
16.775738	6000	5001	48	10	5001	0.000644	720
16.779825	6000	3	47	10	5000	0.015332	720
16.781729	6000	6001	47	10	6001	0.000732	720
16.783365	6000	5000	48	10	5000	0.000994	720
16.789017	6000	1	47	10	5000	0.038639	720
16.815990	6000	2	56	10	5000	0.082549	720
16.872845	6000	0	54	10	5000	0.059546	720
16.875892	6000	5001	49	10	5001	0.000731	720
16.879569	6000	3	48	10	5000	0.015063	720
16.881738	6000	6001	48	10	6001	0.000712	720
16.883355	6000	5000	49	10	5000	0.000968	720
16.888717	6000	1	48	10	5000	0.038332	720
16.915887	6000	2	57	10	5000	0.082536	720
16.973209	6000	0	55	10	5000	0.060029	720
16.975781	6000	5001	50	10	5001	0.000659	720
16.979613	6000	3	49	10	5000	0.015027	720
16.981855	6000	6001	49	10	6001	0.000835	720
16.983550	6000	5000	50	10	5000	0.000994	720
16.989171	6000	1	49	10	5000	0.038767	720
17.016136	6000	2	58	10	5000	0.082766	720
17.072659	6000	0	56	10	5000	0.059385	720
17.075870	6000	5001	51	10	5001	0.000751	720
17.079728	6000	3	50	10	5000	0.015224	720
17.082031	6000	6001	50	10	6001	0.001030	720
17.083445	6000	5000	51	10	5000	0.001040	720
17.088874	6000	1	50	10	5000	0.038507	720
17.115847	6000	2	59	10	5000	0.082454	720
17.173287	6000	0	57	10	5000	0.060031	720
17.175876	6000	5001	52	10	5001	0.000745	720
17.179873	6000	3	51	10	5000	0.015280	720
17.181921	6000	6001	51	10	6001	0.000764	720
17.183151	6000	5000	52	10	5000	0.000753	720
17.190123	6000	1	51	10	5000	0.039777	720
17.216181	6000	2	60	10	5000	0.082758	720
17.272904	6000	0	58	10	5000	0.059658	720
17.275883	6000	5001	53	10	5001	0.000743	720
17.279697	6000	3	52	10	5000	0.015212	720
17.281725	6000	6001	52	10	6001	0.000724	720
17.283338	6000	5000	53	10	5000	0.000978	720
17.288881	6000	1	52	10	5000	0.038491	720
17.315942	6000	2	61	10	5000	0.082566	720
17.372680	6000	0	59	10	5000	0.059354	720
17.375862	6000	5001	54	10	5001	0.000726	720
17.379651	6000	3	53	10	5000	0.015151	720
17.381717	6000	6001	53	10	6001	0.000714	720
17.383352	6000	5000	54	10	5000	0.000992	720
17.388715	6000	1	53	10	5000	0.038315	720
17.415887	6000	2	62	10	5000	0.082506	720
17.472575	6000	0	60	10	5000	0.059315	720
17.475795	6000	5001	55	10	5001	0.000654	720
17.480022	6000	3	54	10	5000	0.015539	720
17.481705	6000	6001	54	10	6001	0.000698	720
17.483382	6000	5000	55	10	5000	0.001009	720
17.488919	6000	1	54	10	5000	0.038539	720
17.518730	6000	2	63	10	5000	0.085287	720
17.572881	6000	0	61	10	5000	0.057193	720
17.575882	6000	5001	56	10	5001	0.000741	720
17.579575	6000	3	55	10	5000	0.015075	720
17.581718	6000	6001	55	10	6001	0.000716	720
17.583334	6000	5000	56	10	5000	0.000975	720
17.588734	6000	1	55	10	5000	0.038301	720
17.615839	6000	2	64	10	5000	0.082450	720
17.672574	6000	0	62	10	5000	0.059287	720
17.675808	6000	5001	57	10	5001	0.000668	720
17.679632	6000	3	56	10	5000	0.015131	720
17.681716	6000	6001	56	10	6001	0.000712	720
17.683546	6000	5000	57	10	5000	0.001188	720
17.688778	6000	1	56	10	5000	0.038391	720
17.715909	6000	2	65	10	5000	0.082500	720
17.772590	6000	0	63	10	5000	0.059288	720
17.775794	6000	5001	58	10	5001	0.000654	720
17.779547	6000	3	57	10	5000	0.014815	720
17.781758	6000	6001	57	10	6001	0.000740	720
17.783007	6000	5000	58	10	5000	0.000740	720
17.788830	6000	1	57	10	5000	0.038435	720
17.815768	6000	2	66	10	5000	0.082293	720
17.872692	6000	0	64	10	5000	0.059443	720
17.876462	6000	5001	59	10	5001	0.001323	720
17.879835	6000	3	58	10	5000	0.015300	720
17.881762	6000	6001	58	10	6001	0.000718	720
17.883396	6000	5000	59	10	5000	0.000985	720
17.888825	6000	1	58	10	5000	0.038447	720
17.916255	6000	2	67	10	5000	0.082860	720
17.972968	6000	0	65	10	5000	0.059668	720
17.976483	6000	5001	60	10	5001	0.001355	720
17.979562	6000	3	59	10	5000	0.015028	720
17.982175	6000	6001	59	10	6001	0.001002	720
17.983422	6000	5000	60	10	5000	0.000728	720
17.988748	6000	1	59	10	5000	0.038321	720
18.016274	6000	2	68	10	5000	0.082842	720
18.072928	6000	0	66	10	5000	0.059661	720
18.076520	6000	5001	61	10	5001	0.001402	720
18.080178	6000	3	60	10	5000	0.015691	720
18.081747	6000	6001	60	10	6001	0.000738	720
18.083714	6000	5000	61	10	5000	0.001371	720
18.089112	6000	1	60	10	5000	0.038744	720
18.116151	6000	2	69	10	5000	0.082804	720
18.172908	6000	0	67	10	5000	0.059615	720
18.175914	6000	5001	62	10	5001	0.000781	720
18.179546	6000	3	61	10	5000	0.014948	720
18.181796	6000	6001	61	10	6001	0.000810	720
18.183341	6000	5000	62	10	5000	0.000746	720
18.189668	6000	1	61	10	5000	0.039324	720
18.216308	6000	2	70	10	5000	0.082934	720
18.272626	6000	0	68	10	5000	0.059251	720
18.275765	6000	5001	63	10	5001	0.000669	720
18.280057	6000	3	62	10	5000	0.015502	720
18.281704	6000	6001	62	10	6001	0.000722	720
18.283357	6000	5000	63	10	5000	0.000951	720
18.288787	6000	1	62	10	5000	0.038405	720
18.315884	6000	2	71	10	5000	0.082460	720
18.373578	6000	0	69	10	5000	0.060057	720
18.375801	6000	5001	64	10	5001	0.000667	720
18.379573	6000	3	63	10	5000	0.015069	720
18.381763	6000	6001	63	10	6001	0.000712	720
18.383106	6000	5000	64	10	5000	0.000737	720
18.388793	6000	1	63	10	5000	0.038427	720
18.415969	6000	2	72	10	5000	0.082661	720
18.472610	6000	0	70	10	5000	0.059303	720
18.475781	6000	5001	65	10	5001	0.000655	720
18.479648	6000	3	64	10	5000	0.015146	720
18.481713	6000	6001	64	10	6001	0.000698	720
18.483086	6000	5000	65	10	5000	0.000733	720
18.488917	6000	1	64	10	5000	0.038463	720
18.515893	6000	2	73	10	5000	0.082539	720
18.573257	6000	0	71	10	5000	0.059962	720
18.575921	6000	5001	66	10	5001	0.000850	720
18.579985	6000	3	65	10	5000	0.015408	720
18.582069	6000	6001	65	10	6001	0.001060	720
18.583695	6000	5000	66	10	5000	0.001083	720
18.589591	6000	1	65	10	5000	0.039232	720
18.615617	6000	2	74	10	5000	0.082133	720
18.672671	6000	0	72	10	5000	0.059411	720
18.676192	6000	5001	67	10	5001	0.001168	720
18.679748	6000	3	66	10	5000	0.015240	720
18.682041	6000	6001	66	10	6001	0.001036	720
18.683124	6000	5000	67	10	5000	0.000743	720
18.688876	6000	1	66	10	5000	0.038456	720
18.715857	6000	2	75	10	5000	0.082444	720
18.772925	6000	0	73	10	5000	0.059669	720
18.775801	6000	5001	68	10	5001	0.000683	720
18.779615	6000	3	67	10	5000	0.014874	720
18.781924	6000	6001	67	10	6001	0.000920	720
18.783150	6000	5000	68	10	5000	0.000775	720
18.788876	6000	1	67	10	5000	0.038493	720
18.816122	6000	2	76	10	5000	0.082699	720
18.872560	6000	0	74	10	5000	0.059269	720
18.875911	6000	5001	69	10	5001	0.000667	720
18.879642	6000	3	68	10	5000	0.015139	720
18.882041	6000	6001	68	10	6001	0.000956	720
18.883498	6000	5000	69	10	5000	0.001086	720
18.888820	6000	1	68	10	5000	0.038450	720
18.916213	6000	2	77	10	5000	0.082795	720
18.975961	6000	5001	70	10	5001	0.000860	720
18.976209	6000	0	75	10	5000	0.062903	720
18.979886	6000	3	69	10	5000	0.006927	720
18.981405	6000	6001	69	10	6001	0.000414	720
18.983713	6000	5000	70	10	5000	0.001375	720
18.989236	6000	1	69	10	5000	0.038787	720
19.015901	6000	2	78	10	5000	0.082437	720
19.072134	6000	0	76	10	5000	0.058825	720
19.076218	6000	5001	71	10	5001	0.001210	720
19.079716	6000	3	70	10	5000	0.015264	720
19.082041	6000	6001	70	10	6001	0.001026	720
19.083245	6000	5000	71	10	5000	0.000866	720
19.088746	6000	1	70	10	5000	0.038473	720
19.115930	6000	2	79	10	5000	0.082543	720
19.172598	6000	0	77	10	5000	0.059333	720
19.175792	6000	5001	72	10	5001	0.000666	720
19.179561	6000	3	71	10	5000	0.015058	720
19.182030	6000	6001	71	10	6001	0.001031	720
19.183345	6000	5000	72	10	5000	0.000964	720
19.189054	6000	1	71	10	5000	0.038662	720
19.215643	6000	2	80	10	5000	0.082176	720
19.272576	6000	0	78	10	5000	0.059323	720
19.275783	6000	5001	73	10	5001	0.000656	720
19.279537	6000	3	72	10	5000	0.015037	720
19.281719	6000	6001	72	10	6001	0.000713	720
19.283135	6000	5000	73	10	5000	0.000765	720
19.289005	6000	1	72	10	5000	0.038628	720
19.317688	6000	2	81	10	5000	0.084224	720
19.372669	6000	0	79	10	5000	0.057439	720
19.376202	6000	5001	74	10	5001	0.001080	720
19.379574	6000	3	73	10	5000	0.015073	720
19.382149	6000	6001	73	10	6001	0.000790	720
19.383103	6000	5000	74	10	5000	0.000749	720
19.389515	6000	1	73	10	5000	0.039207	720
19.416073	6000	2	82	10	5000	0.082670	720
19.472851	6000	0	80	10	5000	0.059577	720
19.475911	6000	5001	75	10	5001	0.000739	720
19.479694	6000	3	74	10	5000	0.015110	720
19.482025	6000	6001	74	10	6001	0.001026	720
19.483220	6000	5000	75	10	5000	0.000813	720
19.489380	6000	1	74	10	5000	0.039023	720
19.515589	6000	2	83	10	5000	0.082142	720
19.572705	6000	0	81	10	5000	0.059456	720
19.576183	6000	5001	76	10	5001	0.001059	720
19.579745	6000	3	75	10	5000	0.015243	720
19.582093	6000	6001	75	10	6001	0.001099	720
19.583128	6000	5000	76	10	5000	0.000746	720
19.589124	6000	1	75	10	5000	0.038737	720
19.615749	6000	2	84	10	5000	0.082350	720
19.672560	6000	0	82	10	5000	0.059253	720
19.675791	6000	5001	77	10	5001	0.000653	720
19.679546	6000	3	76	10	5000	0.015040	720
19.681936	6000	6001	76	10	6001	0.000910	720
19.683167	6000	5000	77	10	5000	0.000771	720
19.688887	6000	1	76	10	5000	0.038508	720
19.716239	6000	2	85	10	5000	0.082807	720
19.772820	6000	0	83	10	5000	0.059562	720
19.775869	6000	5001	78	10	5001	0.000730	720
19.779549	6000	3	77	10	5000	0.015048	720
19.782003	6000	6001	77	10	6001	0.000979	720
19.783437	6000	5000	78	10	5000	0.001063	720
19.788775	6000	1	77	10	5000	0.038392	720
19.817923	6000	2	86	10	5000	0.084614	720
19.872697	6000	0	84	10	5000	0.057521	720
19.876175	6000	5001	79	10	5001	0.001158	720
19.879713	6000	3	78	10	5000	0.015208	720
19.881707	6000	6001	78	10	6001	0.000703	720
19.883222	6000	5000	79	10	5000	0.000812	720
19.889099	6000	1	78	10	5000	0.038746	720
19.915858	6000	2	87	10	5000	0.082485	720
19.973144	6000	0	85	10	5000	0.059885	720
19.975792	6000	5001	80	10	5001	0.000670	720
19.979875	6000	3	79	10	5000	0.015232	720
19.981875	6000	6001	79	10	6001	0.000764	720
19.983103	6000	5000	80	10	5000	0.000764	720
19.989680	6000	1	79	10	5000	0.038522	720
20.016188	6000	2	88	10	5000	0.082850	720
20.072486	6000	0	86	10	5000	0.059223	720
20.075790	6000	5001	81	10	5001	0.000663	720
20.079626	6000	3	80	10	5000	0.015126	720
20.083361	6000	5000	81	10	5000	0.000988	720
20.084199	6000	6001	80	10	6001	0.003279	720
20.090968	6000	1	80	10	5000	0.040630	720
20.116204	6000	2	89	10	5000	0.082856	720
20.173031	6000	0	87	10	5000	0.059737	720
20.175887	6000	5001	82	10	5001	0.000766	720
20.179583	6000	3	81	10	5000	0.015081	720
20.181705	6000	6001	81	10	6001	0.000704	720
20.183330	6000	5000	82	10	5000	0.000917	720
20.189742	6000	1	81	10	5000	0.039357	720
20.215646	6000	2	90	10	5000	0.082158	720
20.272661	6000	0	88	10	5000	0.059385	720
20.276026	6000	5001	83	10	5001	0.000937	720
20.279772	6000	3	82	10	5000	0.015283	720
20.282080	6000	6001	82	10	6001	0.001083	720
20.283095	6000	5000	83	10	5000	0.000739	720
20.289077	6000	1	82	10	5000	0.038601	720
20.315665	6000	2	91	10	5000	0.082207	720
20.372822	6000	0	89	10	5000	0.059562	720
20.376271	6000	5001	84	10	5001	0.001142	720
20.379822	6000	3	83	10	5000	0.015321	720
20.381706	6000	6001	83	10	6001	0.000701	720
20.383180	6000	5000	84	10	5000	0.000831	720
20.388732	6000	1	83	10	5000	0.038355	720
20.415758	6000	2	92	10	5000	0.082337	720
20.476038	6000	5001	85	10	5001	0.000954	720
20.480624	6000	0	90	10	5000	0.067301	720
20.481372	6000	6001	84	10	6001	0.000322	720
20.482855	6000	5000	85	10	5000	0.000475	720
20.483993	6000	3	84	10	5000	0.007518	720
20.488601	6000	1	84	10	5000	0.038169	720
20.516001	6000	2	93	10	5000	0.082519	720
20.573391	6000	0	91	10	5000	0.060148	720
20.575873	6000	5001	86	10	5001	0.000775	720
20.579769	6000	3	85	10	5000	0.015313	720
20.582143	6000	6001	85	10	6001	0.001127	720
20.583243	6000	5000	86	10	5000	0.000886	720
20.588467	6000	1	85	10	5000	0.038043	720
20.616759	6000	2	94	10	5000	0.083396	720
20.672637	6000	0	92	10	5000	0.059325	720
20.676239	6000	5001	87	10	5001	0.001114	720
20.679809	6000	3	86	10	5000	0.015295	720
20.681700	6000	6001	86	10	6001	0.000697	720
20.683163	6000	5000	87	10	5000	0.000789	720
20.689007	6000	1	86	10	5000	0.038605	720
20.716114	6000	2	95	10	5000	0.082783	720
20.772592	6000	0	93	10	5000	0.059295	720
20.775769	6000	5001	88	10	5001	0.000682	720
20.779612	6000	3	87	10	5000	0.015097	720
20.781718	6000	6001	87	10	6001	0.000715	720
20.783138	6000	5000	88	10	5000	0.000771	720
20.788997	6000	1	87	10	5000	0.038608	720
20.816047	6000	2	96	10	5000	0.082653	720
20.872543	6000	0	94	10	5000	0.059276	720
20.875770	6000	5001	89	10	5001	0.000659	720
20.880068	6000	3	88	10	5000	0.015579	720
20.881980	6000	6001	88	10	6001	0.000975	720
20.883633	6000	5000	89	10	5000	0.001014	720
20.889096	6000	1	88	10	5000	0.038729	720
20.915780	6000	2	97	10	5000	0.082362	720
20.972599	6000	0	95	10	5000	0.059340	720
20.975762	6000	5001	90	10	5001	0.000670	720
20.980120	6000	3	89	10	5000	0.015604	720
20.981724	6000	6001	89	10	6001	0.000700	720
20.983259	6000	5000	90	10	5000	0.000905	720
20.988844	6000	1	89	10	5000	0.038424	720
21.016014	6000	2	98	10	5000	0.082604	720
21.072525	6000	0	96	10	5000	0.059225	720
21.075771	6000	5001	91	10	5001	0.000673	720
21.079624	6000	3	90	10	5000	0.015159	720
21.081927	6000	6001	90	10	6001	0.000922	720
21.083316	6000	5000	91	10	5000	0.000923	720
21.088778	6000	1	90	10	5000	0.038393	720
21.115824	6000	2	99	10	5000	0.082427	720
21.172680	6000	0	97	10	5000	0.059439	720
21.176223	6000	5001	92	10	5001	0.001136	720
21.179900	6000	3	91	10	5000	0.015408	720
21.181831	6000	6001	91	10	6001	0.000817	720
21.183282	6000	5000	92	10	5000	0.000937	720
21.189208	6000	1	91	10	5000	0.038833	720
21.272867	6000	0	98	10	5000	0.059593	720
21.275856	6000	5001	93	10	5001	0.000742	720
21.279723	6000	3	92	10	5000	0.015231	720
21.281734	6000	6001	92	10	6001	0.000705	720
21.283466	6000	5000	93	10	5000	0.001074	720
21.289176	6000	1	92	10	5000	0.038814	720
21.372927	6000	0	99	10	5000	0.059578	720
21.376129	6000	5001	94	10	5001	0.001040	720
21.379880	6000	3	93	10	5000	0.015322	720
21.381713	6000	6001	93	10	6001	0.000709	720
21.383115	6000	5000	94	10	5000	0.000766	720
21.389009	6000	1	93	10	5000	0.038609	720
21.475969	6000	5001	95	10	5001	0.000856	720
21.479963	6000	3	94	10	5000	0.015485	720
21.482065	6000	6001	94	10	6001	0.001039	720
21.483265	6000	5000	95	10	5000	0.000894	720
21.488944	6000	1	94	10	5000	0.038629	720
21.576007	6000	5001	96	10	5001	0.000869	720
21.579746	6000	3	95	10	5000	0.015258	720
21.581770	6000	6001	95	10	6001	0.000718	720
21.583281	6000	5000	96	10	5000	0.001021	720
21.589013	6000	1	95	10	5000	0.038650	720
21.676066	6000	5001	97	10	5001	0.000920	720
21.679702	6000	3	96	10	5000	0.015212	720
21.681769	6000	6001	96	10	6001	0.000744	720
21.683270	6000	5000	97	10	5000	0.000901	720
21.688906	6000	1	96	10	5000	0.038536	720
21.775986	6000	5001	98	10	5001	0.000833	720
21.779873	6000	3	97	10	5000	0.015368	720
21.781749	6000	6001	97	10	6001	0.000718	720
21.783135	6000	5000	98	10	5000	0.000764	720
21.788799	6000	1	97	10	5000	0.038423	720
21.876040	6000	5001	99	10	5001	0.000856	720
21.880003	6000	3	98	10	5000	0.015515	720
21.881746	6000	6001	98	10	6001	0.000716	720
21.883426	6000	5000	99	10	5000	0.001030	720
21.889053	6000	1	98	10	5000	0.038700	720
21.979733	6000	3	99	10	5000	0.015225	720
21.981758	6000	6001	99	10	6001	0.000700	720
21.989021	6000	1	99	10	5000	0.038603	720
