8.100000	6001	6001	0	1	720
8.100000	6001	6001	0	2	720
8.100000	6001	6001	0	3	720
8.100000	6001	6001	0	0	720
8.200000	6001	6001	1	1	720
8.200000	6001	6001	1	2	720
8.200000	6001	6001	1	3	720
8.200000	6001	6001	1	0	720
8.300000	6001	6001	2	1	720
8.300000	6001	6001	2	2	720
8.300000	6001	6001	2	3	720
8.300000	6001	6001	2	0	720
8.400000	6001	6001	3	1	720
8.400000	6001	6001	3	2	720
8.400000	6001	6001	3	3	720
8.400000	6001	6001	3	0	720
8.500000	6001	6001	4	1	720
8.500000	6001	6001	4	2	720
8.500000	6001	6001	4	3	720
8.500000	6001	6001	4	0	720
8.600000	6001	6001	5	1	720
8.600000	6001	6001	5	2	720
8.600000	6001	6001	5	3	720
8.600000	6001	6001	5	0	720
8.700000	6001	6001	6	1	720
8.700000	6001	6001	6	2	720
8.700000	6001	6001	6	3	720
8.700000	6001	6001	6	0	720
8.800000	6001	6001	7	1	720
8.800000	6001	6001	7	2	720
8.800000	6001	6001	7	3	720
8.800000	6001	6001	7	0	720
8.900000	6001	6001	8	1	720
8.900000	6001	6001	8	2	720
8.900000	6001	6001	8	3	720
8.900000	6001	6001	8	0	720
9.000000	6001	6001	9	1	720
9.000000	6001	6001	9	2	720
9.000000	6001	6001	9	3	720
9.000000	6001	6001	9	0	720
9.100000	6001	6001	10	1	720
9.100000	6001	6001	10	2	720
9.100000	6001	6001	10	3	720
9.100000	6001	6001	10	0	720
9.200000	6001	6001	11	1	720
9.200000	6001	6001	11	2	720
9.200000	6001	6001	11	3	720
9.200000	6001	6001	11	0	720
9.300000	6001	6001	12	1	720
9.300000	6001	6001	12	2	720
9.300000	6001	6001	12	3	720
9.300000	6001	6001	12	0	720
9.400000	6001	6001	13	1	720
9.400000	6001	6001	13	2	720
9.400000	6001	6001	13	3	720
9.400000	6001	6001	13	0	720
9.500000	6001	6001	14	1	720
9.500000	6001	6001	14	2	720
9.500000	6001	6001	14	3	720
9.500000	6001	6001	14	0	720
9.600000	6001	6001	15	1	720
9.600000	6001	6001	15	2	720
9.600000	6001	6001	15	3	720
9.600000	6001	6001	15	0	720
9.700000	6001	6001	16	1	720
9.700000	6001	6001	16	2	720
9.700000	6001	6001	16	3	720
9.700000	6001	6001	16	0	720
9.800000	6001	6001	17	1	720
9.800000	6001	6001	17	2	720
9.800000	6001	6001	17	3	720
9.800000	6001	6001	17	0	720
9.900000	6001	6001	18	1	720
9.900000	6001	6001	18	2	720
9.900000	6001	6001	18	3	720
9.900000	6001	6001	18	0	720
10.000000	6001	6001	19	1	720
10.000000	6001	6001	19	2	720
10.000000	6001	6001	19	3	720
10.000000	6001	6001	19	0	720
10.100000	6001	6001	20	1	720
10.100000	6001	6001	20	2	720
10.100000	6001	6001	20	3	720
10.100000	6001	6001	20	0	720
10.200000	6001	6001	21	1	720
10.200000	6001	6001	21	2	720
10.200000	6001	6001	21	3	720
10.200000	6001	6001	21	0	720
10.300000	6001	6001	22	0	720
10.300000	6001	6001	22	5000	720
10.300000	6001	6001	22	5001	720
10.300000	6001	6001	22	6000	720
10.400000	6001	6001	23	0	720
10.400000	6001	6001	23	5000	720
10.400000	6001	6001	23	5001	720
10.400000	6001	6001	23	6000	720
10.500000	6001	6001	24	0	720
10.500000	6001	6001	24	5000	720
10.500000	6001	6001	24	5001	720
10.500000	6001	6001	24	6000	720
10.600000	6001	6001	25	0	720
10.600000	6001	6001	25	5000	720
10.600000	6001	6001	25	5001	720
10.600000	6001	6001	25	6000	720
10.700000	6001	6001	26	0	720
10.700000	6001	6001	26	5000	720
10.700000	6001	6001	26	5001	720
10.700000	6001	6001	26	6000	720
10.800000	6001	6001	27	0	720
10.800000	6001	6001	27	5000	720
10.800000	6001	6001	27	5001	720
10.800000	6001	6001	27	6000	720
10.900000	6001	6001	28	0	720
10.900000	6001	6001	28	5000	720
10.900000	6001	6001	28	5001	720
10.900000	6001	6001	28	6000	720
11.000000	6001	6001	29	0	720
11.000000	6001	6001	29	5000	720
11.000000	6001	6001	29	5001	720
11.000000	6001	6001	29	6000	720
11.100000	6001	6001	30	0	720
11.100000	6001	6001	30	5000	720
11.100000	6001	6001	30	5001	720
11.100000	6001	6001	30	6000	720
11.200000	6001	6001	31	0	720
11.200000	6001	6001	31	5000	720
11.200000	6001	6001	31	5001	720
11.200000	6001	6001	31	6000	720
11.300000	6001	6001	32	0	720
11.300000	6001	6001	32	5000	720
11.300000	6001	6001	32	5001	720
11.300000	6001	6001	32	6000	720
11.400000	6001	6001	33	0	720
11.400000	6001	6001	33	5000	720
11.400000	6001	6001	33	5001	720
11.400000	6001	6001	33	6000	720
11.500000	6001	6001	34	0	720
11.500000	6001	6001	34	5000	720
11.500000	6001	6001	34	5001	720
11.500000	6001	6001	34	6000	720
11.600000	6001	6001	35	0	720
11.600000	6001	6001	35	5000	720
11.600000	6001	6001	35	5001	720
11.600000	6001	6001	35	6000	720
11.700000	6001	6001	36	0	720
11.700000	6001	6001	36	5000	720
11.700000	6001	6001	36	5001	720
11.700000	6001	6001	36	6000	720
11.800000	6001	6001	37	0	720
11.800000	6001	6001	37	5000	720
11.800000	6001	6001	37	5001	720
11.800000	6001	6001	37	6000	720
11.900000	6001	6001	38	0	720
11.900000	6001	6001	38	5000	720
11.900000	6001	6001	38	5001	720
11.900000	6001	6001	38	6000	720
12.000000	6001	6001	39	0	720
12.000000	6001	6001	39	5000	720
12.000000	6001	6001	39	5001	720
12.000000	6001	6001	39	6000	720
12.100000	6001	6001	40	0	720
12.100000	6001	6001	40	5000	720
12.100000	6001	6001	40	5001	720
12.100000	6001	6001	40	6000	720
12.200000	6001	6001	41	0	720
12.200000	6001	6001	41	5000	720
12.200000	6001	6001	41	5001	720
12.200000	6001	6001	41	6000	720
12.300000	6001	6001	42	0	720
12.300000	6001	6001	42	5000	720
12.300000	6001	6001	42	5001	720
12.300000	6001	6001	42	6000	720
12.400000	6001	6001	43	0	720
12.400000	6001	6001	43	5000	720
12.400000	6001	6001	43	5001	720
12.400000	6001	6001	43	6000	720
12.500000	6001	6001	44	0	720
12.500000	6001	6001	44	5000	720
12.500000	6001	6001	44	5001	720
12.500000	6001	6001	44	6000	720
12.600000	6001	6001	45	0	720
12.600000	6001	6001	45	5000	720
12.600000	6001	6001	45	5001	720
12.600000	6001	6001	45	6000	720
12.700000	6001	6001	46	0	720
12.700000	6001	6001	46	5000	720
12.700000	6001	6001	46	5001	720
12.700000	6001	6001	46	6000	720
12.800000	6001	6001	47	0	720
12.800000	6001	6001	47	5000	720
12.800000	6001	6001	47	5001	720
12.800000	6001	6001	47	6000	720
12.900000	6001	6001	48	0	720
12.900000	6001	6001	48	5000	720
12.900000	6001	6001	48	5001	720
12.900000	6001	6001	48	6000	720
13.000000	6001	6001	49	0	720
13.000000	6001	6001	49	5000	720
13.000000	6001	6001	49	5001	720
13.000000	6001	6001	49	6000	720
13.100000	6001	6001	50	0	720
13.100000	6001	6001	50	5000	720
13.100000	6001	6001	50	5001	720
13.100000	6001	6001	50	6000	720
13.200000	6001	6001	51	0	720
13.200000	6001	6001	51	5000	720
13.200000	6001	6001	51	5001	720
13.200000	6001	6001	51	6000	720
13.300000	6001	6001	52	8	720
13.300000	6001	6001	52	5001	720
13.300000	6001	6001	52	6000	720
13.400000	6001	6001	53	8	720
13.400000	6001	6001	53	5001	720
13.400000	6001	6001	53	6000	720
13.500000	6001	6001	54	8	720
13.500000	6001	6001	54	5001	720
13.500000	6001	6001	54	6000	720
13.600000	6001	6001	55	8	720
13.600000	6001	6001	55	5001	720
13.600000	6001	6001	55	6000	720
13.700000	6001	6001	56	8	720
13.700000	6001	6001	56	5001	720
13.700000	6001	6001	56	6000	720
13.800000	6001	6001	57	8	720
13.800000	6001	6001	57	5001	720
13.800000	6001	6001	57	6000	720
13.900000	6001	6001	58	8	720
13.900000	6001	6001	58	5001	720
13.900000	6001	6001	58	6000	720
14.000000	6001	6001	59	8	720
14.000000	6001	6001	59	5001	720
14.000000	6001	6001	59	6000	720
14.100000	6001	6001	60	8	720
14.100000	6001	6001	60	5001	720
14.100000	6001	6001	60	6000	720
14.200000	6001	6001	61	8	720
14.200000	6001	6001	61	5001	720
14.200000	6001	6001	61	6000	720
14.300000	6001	6001	62	8	720
14.300000	6001	6001	62	5001	720
14.300000	6001	6001	62	6000	720
14.400000	6001	6001	63	8	720
14.400000	6001	6001	63	5001	720
14.400000	6001	6001	63	6000	720
14.500000	6001	6001	64	8	720
14.500000	6001	6001	64	5001	720
14.500000	6001	6001	64	6000	720
14.600000	6001	6001	65	8	720
14.600000	6001	6001	65	5001	720
14.600000	6001	6001	65	6000	720
14.700000	6001	6001	66	8	720
14.700000	6001	6001	66	5001	720
14.700000	6001	6001	66	6000	720
14.800000	6001	6001	67	8	720
14.800000	6001	6001	67	5001	720
14.800000	6001	6001	67	6000	720
14.900000	6001	6001	68	8	720
14.900000	6001	6001	68	5001	720
14.900000	6001	6001	68	6000	720
15.000000	6001	6001	69	8	720
15.000000	6001	6001	69	5001	720
15.000000	6001	6001	69	6000	720
15.100000	6001	6001	70	8	720
15.100000	6001	6001	70	5001	720
15.100000	6001	6001	70	6000	720
15.200000	6001	6001	71	8	720
15.200000	6001	6001	71	5001	720
15.200000	6001	6001	71	6000	720
15.300000	6001	6001	72	8	720
15.300000	6001	6001	72	5001	720
15.300000	6001	6001	72	6000	720
15.400000	6001	6001	73	8	720
15.400000	6001	6001	73	5001	720
15.400000	6001	6001	73	6000	720
15.500000	6001	6001	74	8	720
15.500000	6001	6001	74	5001	720
15.500000	6001	6001	74	6000	720
15.600000	6001	6001	75	8	720
15.600000	6001	6001	75	5001	720
15.600000	6001	6001	75	6000	720
15.700000	6001	6001	76	8	720
15.700000	6001	6001	76	5001	720
15.700000	6001	6001	76	6000	720
15.800000	6001	6001	77	8	720
15.800000	6001	6001	77	5001	720
15.800000	6001	6001	77	6000	720
15.900000	6001	6001	78	8	720
15.900000	6001	6001	78	5001	720
15.900000	6001	6001	78	6000	720
16.000000	6001	6001	79	8	720
16.000000	6001	6001	79	5001	720
16.000000	6001	6001	79	6000	720
16.100000	6001	6001	80	8	720
16.100000	6001	6001	80	5001	720
16.100000	6001	6001	80	6000	720
16.200000	6001	6001	81	8	720
16.200000	6001	6001	81	5001	720
16.200000	6001	6001	81	6000	720
16.300000	6001	6001	82	8	720
16.300000	6001	6001	82	5001	720
16.300000	6001	6001	82	6000	720
16.400000	6001	6001	83	8	720
16.400000	6001	6001	83	5001	720
16.400000	6001	6001	83	6000	720
16.500000	6001	6001	84	8	720
16.500000	6001	6001	84	5001	720
16.500000	6001	6001	84	6000	720
16.600000	6001	6001	85	8	720
16.600000	6001	6001	85	5001	720
16.600000	6001	6001	85	6000	720
16.700000	6001	6001	86	8	720
16.700000	6001	6001	86	5001	720
16.700000	6001	6001	86	6000	720
16.800000	6001	6001	87	8	720
16.800000	6001	6001	87	5001	720
16.800000	6001	6001	87	6000	720
16.900000	6001	6001	88	8	720
16.900000	6001	6001	88	5001	720
16.900000	6001	6001	88	6000	720
17.000000	6001	6001	89	8	720
17.000000	6001	6001	89	5001	720
17.000000	6001	6001	89	6000	720
17.100000	6001	6001	90	8	720
17.100000	6001	6001	90	5001	720
17.100000	6001	6001	90	6000	720
17.200000	6001	6001	91	8	720
17.200000	6001	6001	91	5001	720
17.200000	6001	6001	91	6000	720
17.300000	6001	6001	92	8	720
17.300000	6001	6001	92	5001	720
17.300000	6001	6001	92	6000	720
17.400000	6001	6001	93	8	720
17.400000	6001	6001	93	5001	720
17.400000	6001	6001	93	6000	720
17.500000	6001	6001	94	8	720
17.500000	6001	6001	94	5001	720
17.500000	6001	6001	94	6000	720
17.600000	6001	6001	95	8	720
17.600000	6001	6001	95	5001	720
17.600000	6001	6001	95	6000	720
17.700000	6001	6001	96	8	720
17.700000	6001	6001	96	5001	720
17.700000	6001	6001	96	6000	720
17.800000	6001	6001	97	8	720
17.800000	6001	6001	97	5001	720
17.800000	6001	6001	97	6000	720
17.900000	6001	6001	98	8	720
17.900000	6001	6001	98	5001	720
17.900000	6001	6001	98	6000	720
18.000000	6001	6001	99	8	720
18.000000	6001	6001	99	5001	720
18.000000	6001	6001	99	6000	720
18.100000	6001	6001	100	8	720
18.100000	6001	6001	100	5001	720
18.100000	6001	6001	100	6000	720
18.200000	6001	6001	101	8	720
18.200000	6001	6001	101	5001	720
18.200000	6001	6001	101	6000	720
18.300000	6001	6001	102	10	720
18.300000	6001	6001	102	13	720
18.300000	6001	6001	102	9	720
18.300000	6001	6001	102	5001	720
18.400000	6001	6001	103	10	720
18.400000	6001	6001	103	13	720
18.400000	6001	6001	103	9	720
18.400000	6001	6001	103	5001	720
18.500000	6001	6001	104	10	720
18.500000	6001	6001	104	13	720
18.500000	6001	6001	104	9	720
18.500000	6001	6001	104	5001	720
18.600000	6001	6001	105	10	720
18.600000	6001	6001	105	13	720
18.600000	6001	6001	105	9	720
18.600000	6001	6001	105	5001	720
18.700000	6001	6001	106	10	720
18.700000	6001	6001	106	13	720
18.700000	6001	6001	106	9	720
18.700000	6001	6001	106	5001	720
18.800000	6001	6001	107	10	720
18.800000	6001	6001	107	13	720
18.800000	6001	6001	107	9	720
18.800000	6001	6001	107	5001	720
18.900000	6001	6001	108	10	720
18.900000	6001	6001	108	13	720
18.900000	6001	6001	108	9	720
18.900000	6001	6001	108	5001	720
19.000000	6001	6001	109	10	720
19.000000	6001	6001	109	13	720
19.000000	6001	6001	109	9	720
19.000000	6001	6001	109	5001	720
19.100000	6001	6001	110	10	720
19.100000	6001	6001	110	13	720
19.100000	6001	6001	110	9	720
19.100000	6001	6001	110	5001	720
19.200000	6001	6001	111	10	720
19.200000	6001	6001	111	13	720
19.200000	6001	6001	111	9	720
19.200000	6001	6001	111	5001	720
19.300000	6001	6001	112	10	720
19.300000	6001	6001	112	13	720
19.300000	6001	6001	112	9	720
19.300000	6001	6001	112	5001	720
19.400000	6001	6001	113	10	720
19.400000	6001	6001	113	13	720
19.400000	6001	6001	113	9	720
19.400000	6001	6001	113	5001	720
19.500000	6001	6001	114	10	720
19.500000	6001	6001	114	13	720
19.500000	6001	6001	114	9	720
19.500000	6001	6001	114	5001	720
19.600000	6001	6001	115	10	720
19.600000	6001	6001	115	13	720
19.600000	6001	6001	115	9	720
19.600000	6001	6001	115	5001	720
19.700000	6001	6001	116	10	720
19.700000	6001	6001	116	13	720
19.700000	6001	6001	116	9	720
19.700000	6001	6001	116	5001	720
19.800000	6001	6001	117	10	720
19.800000	6001	6001	117	13	720
19.800000	6001	6001	117	9	720
19.800000	6001	6001	117	5001	720
19.900000	6001	6001	118	10	720
19.900000	6001	6001	118	13	720
19.900000	6001	6001	118	9	720
19.900000	6001	6001	118	5001	720
20.000000	6001	6001	119	10	720
20.000000	6001	6001	119	13	720
20.000000	6001	6001	119	9	720
20.000000	6001	6001	119	5001	720
20.100000	6001	6001	120	10	720
20.100000	6001	6001	120	13	720
20.100000	6001	6001	120	9	720
20.100000	6001	6001	120	5001	720
20.200000	6001	6001	121	10	720
20.200000	6001	6001	121	13	720
20.200000	6001	6001	121	9	720
20.200000	6001	6001	121	5001	720
20.300000	6001	6001	122	10	720
20.300000	6001	6001	122	13	720
20.300000	6001	6001	122	9	720
20.300000	6001	6001	122	5001	720
20.400000	6001	6001	123	10	720
20.400000	6001	6001	123	13	720
20.400000	6001	6001	123	9	720
20.400000	6001	6001	123	5001	720
20.500000	6001	6001	124	10	720
20.500000	6001	6001	124	13	720
20.500000	6001	6001	124	9	720
20.500000	6001	6001	124	5001	720
20.600000	6001	6001	125	10	720
20.600000	6001	6001	125	13	720
20.600000	6001	6001	125	9	720
20.600000	6001	6001	125	5001	720
20.700000	6001	6001	126	10	720
20.700000	6001	6001	126	13	720
20.700000	6001	6001	126	9	720
20.700000	6001	6001	126	5001	720
20.800000	6001	6001	127	10	720
20.800000	6001	6001	127	13	720
20.800000	6001	6001	127	9	720
20.800000	6001	6001	127	5001	720
20.900000	6001	6001	128	10	720
20.900000	6001	6001	128	13	720
20.900000	6001	6001	128	9	720
20.900000	6001	6001	128	5001	720
21.000000	6001	6001	129	10	720
21.000000	6001	6001	129	13	720
21.000000	6001	6001	129	9	720
21.000000	6001	6001	129	5001	720
21.100000	6001	6001	130	10	720
21.100000	6001	6001	130	13	720
21.100000	6001	6001	130	9	720
21.100000	6001	6001	130	5001	720
21.200000	6001	6001	131	10	720
21.200000	6001	6001	131	13	720
21.200000	6001	6001	131	9	720
21.200000	6001	6001	131	5001	720
21.300000	6001	6001	132	10	720
21.300000	6001	6001	132	13	720
21.300000	6001	6001	132	9	720
21.300000	6001	6001	132	5001	720
21.400000	6001	6001	133	10	720
21.400000	6001	6001	133	13	720
21.400000	6001	6001	133	9	720
21.400000	6001	6001	133	5001	720
21.500000	6001	6001	134	10	720
21.500000	6001	6001	134	13	720
21.500000	6001	6001	134	9	720
21.500000	6001	6001	134	5001	720
21.600000	6001	6001	135	10	720
21.600000	6001	6001	135	13	720
21.600000	6001	6001	135	9	720
21.600000	6001	6001	135	5001	720
21.700000	6001	6001	136	10	720
21.700000	6001	6001	136	13	720
21.700000	6001	6001	136	9	720
21.700000	6001	6001	136	5001	720
21.800000	6001	6001	137	10	720
21.800000	6001	6001	137	13	720
21.800000	6001	6001	137	9	720
21.800000	6001	6001	137	5001	720
21.900000	6001	6001	138	10	720
21.900000	6001	6001	138	13	720
21.900000	6001	6001	138	9	720
21.900000	6001	6001	138	5001	720
22.000000	6001	6001	139	10	720
22.000000	6001	6001	139	13	720
22.000000	6001	6001	139	9	720
22.000000	6001	6001	139	5001	720
22.100000	6001	6001	140	10	720
22.100000	6001	6001	140	13	720
22.100000	6001	6001	140	9	720
22.100000	6001	6001	140	5001	720
22.200000	6001	6001	141	10	720
22.200000	6001	6001	141	13	720
22.200000	6001	6001	141	9	720
22.200000	6001	6001	141	5001	720
22.300000	6001	6001	142	10	720
22.300000	6001	6001	142	13	720
22.300000	6001	6001	142	9	720
22.300000	6001	6001	142	5001	720
22.400000	6001	6001	143	10	720
22.400000	6001	6001	143	13	720
22.400000	6001	6001	143	9	720
22.400000	6001	6001	143	5001	720
22.500000	6001	6001	144	10	720
22.500000	6001	6001	144	13	720
22.500000	6001	6001	144	9	720
22.500000	6001	6001	144	5001	720
22.600000	6001	6001	145	10	720
22.600000	6001	6001	145	13	720
22.600000	6001	6001	145	9	720
22.600000	6001	6001	145	5001	720
22.700000	6001	6001	146	10	720
22.700000	6001	6001	146	13	720
22.700000	6001	6001	146	9	720
22.700000	6001	6001	146	5001	720
22.800000	6001	6001	147	10	720
22.800000	6001	6001	147	13	720
22.800000	6001	6001	147	9	720
22.800000	6001	6001	147	5001	720
22.900000	6001	6001	148	10	720
22.900000	6001	6001	148	13	720
22.900000	6001	6001	148	9	720
22.900000	6001	6001	148	5001	720
23.000000	6001	6001	149	10	720
23.000000	6001	6001	149	13	720
23.000000	6001	6001	149	9	720
23.000000	6001	6001	149	5001	720
23.100000	6001	6001	150	10	720
23.100000	6001	6001	150	13	720
23.100000	6001	6001	150	9	720
23.100000	6001	6001	150	5001	720
23.200000	6001	6001	151	10	720
23.200000	6001	6001	151	13	720
23.200000	6001	6001	151	9	720
23.200000	6001	6001	151	5001	720
23.300000	6001	6001	152	10	720
23.300000	6001	6001	152	13	720
23.300000	6001	6001	152	9	720
23.300000	6001	6001	152	5001	720
23.400000	6001	6001	153	10	720
23.400000	6001	6001	153	13	720
23.400000	6001	6001	153	9	720
23.400000	6001	6001	153	5001	720
23.500000	6001	6001	154	10	720
23.500000	6001	6001	154	13	720
23.500000	6001	6001	154	9	720
23.500000	6001	6001	154	5001	720
23.600000	6001	6001	155	10	720
23.600000	6001	6001	155	13	720
23.600000	6001	6001	155	9	720
23.600000	6001	6001	155	5001	720
23.700000	6001	6001	156	10	720
23.700000	6001	6001	156	13	720
23.700000	6001	6001	156	9	720
23.700000	6001	6001	156	5001	720
23.800000	6001	6001	157	10	720
23.800000	6001	6001	157	13	720
23.800000	6001	6001	157	9	720
23.800000	6001	6001	157	5001	720
23.900000	6001	6001	158	10	720
23.900000	6001	6001	158	13	720
23.900000	6001	6001	158	9	720
23.900000	6001	6001	158	5001	720
24.000000	6001	6001	159	10	720
24.000000	6001	6001	159	13	720
24.000000	6001	6001	159	9	720
24.000000	6001	6001	159	5001	720
24.100000	6001	6001	160	10	720
24.100000	6001	6001	160	13	720
24.100000	6001	6001	160	9	720
24.100000	6001	6001	160	5001	720
24.200000	6001	6001	161	10	720
24.200000	6001	6001	161	13	720
24.200000	6001	6001	161	9	720
24.200000	6001	6001	161	5001	720
24.300000	6001	6001	162	10	720
24.300000	6001	6001	162	13	720
24.300000	6001	6001	162	9	720
24.300000	6001	6001	162	5001	720
24.400000	6001	6001	163	10	720
24.400000	6001	6001	163	13	720
24.400000	6001	6001	163	9	720
24.400000	6001	6001	163	5001	720
24.500000	6001	6001	164	10	720
24.500000	6001	6001	164	13	720
24.500000	6001	6001	164	9	720
24.500000	6001	6001	164	5001	720
24.600000	6001	6001	165	10	720
24.600000	6001	6001	165	13	720
24.600000	6001	6001	165	9	720
24.600000	6001	6001	165	5001	720
24.700000	6001	6001	166	10	720
24.700000	6001	6001	166	13	720
24.700000	6001	6001	166	9	720
24.700000	6001	6001	166	5001	720
24.800000	6001	6001	167	10	720
24.800000	6001	6001	167	13	720
24.800000	6001	6001	167	9	720
24.800000	6001	6001	167	5001	720
24.900000	6001	6001	168	10	720
24.900000	6001	6001	168	13	720
24.900000	6001	6001	168	9	720
24.900000	6001	6001	168	5001	720
25.000000	6001	6001	169	10	720
25.000000	6001	6001	169	13	720
25.000000	6001	6001	169	9	720
25.000000	6001	6001	169	5001	720
25.100000	6001	6001	170	10	720
25.100000	6001	6001	170	13	720
25.100000	6001	6001	170	9	720
25.100000	6001	6001	170	5001	720
25.200000	6001	6001	171	10	720
25.200000	6001	6001	171	13	720
25.200000	6001	6001	171	9	720
25.200000	6001	6001	171	5001	720
25.300000	6001	6001	172	10	720
25.300000	6001	6001	172	13	720
25.300000	6001	6001	172	9	720
25.300000	6001	6001	172	5001	720
25.400000	6001	6001	173	10	720
25.400000	6001	6001	173	13	720
25.400000	6001	6001	173	9	720
25.400000	6001	6001	173	5001	720
25.500000	6001	6001	174	10	720
25.500000	6001	6001	174	13	720
25.500000	6001	6001	174	9	720
25.500000	6001	6001	174	5001	720
25.600000	6001	6001	175	10	720
25.600000	6001	6001	175	13	720
25.600000	6001	6001	175	9	720
25.600000	6001	6001	175	5001	720
25.700000	6001	6001	176	10	720
25.700000	6001	6001	176	13	720
25.700000	6001	6001	176	9	720
25.700000	6001	6001	176	5001	720
25.800000	6001	6001	177	10	720
25.800000	6001	6001	177	13	720
25.800000	6001	6001	177	9	720
25.800000	6001	6001	177	5001	720
25.900000	6001	6001	178	10	720
25.900000	6001	6001	178	13	720
25.900000	6001	6001	178	9	720
25.900000	6001	6001	178	5001	720
26.000000	6001	6001	179	10	720
26.000000	6001	6001	179	13	720
26.000000	6001	6001	179	9	720
26.000000	6001	6001	179	5001	720
26.100000	6001	6001	180	10	720
26.100000	6001	6001	180	13	720
26.100000	6001	6001	180	9	720
26.100000	6001	6001	180	5001	720
26.200000	6001	6001	181	10	720
26.200000	6001	6001	181	13	720
26.200000	6001	6001	181	9	720
26.200000	6001	6001	181	5001	720
26.300000	6001	6001	182	10	720
26.300000	6001	6001	182	13	720
26.300000	6001	6001	182	9	720
26.300000	6001	6001	182	5001	720
26.400000	6001	6001	183	10	720
26.400000	6001	6001	183	13	720
26.400000	6001	6001	183	9	720
26.400000	6001	6001	183	5001	720
26.500000	6001	6001	184	10	720
26.500000	6001	6001	184	13	720
26.500000	6001	6001	184	9	720
26.500000	6001	6001	184	5001	720
26.600000	6001	6001	185	10	720
26.600000	6001	6001	185	13	720
26.600000	6001	6001	185	9	720
26.600000	6001	6001	185	5001	720
26.700000	6001	6001	186	10	720
26.700000	6001	6001	186	13	720
26.700000	6001	6001	186	9	720
26.700000	6001	6001	186	5001	720
26.800000	6001	6001	187	10	720
26.800000	6001	6001	187	13	720
26.800000	6001	6001	187	9	720
26.800000	6001	6001	187	5001	720
26.900000	6001	6001	188	10	720
26.900000	6001	6001	188	13	720
26.900000	6001	6001	188	9	720
26.900000	6001	6001	188	5001	720
27.000000	6001	6001	189	10	720
27.000000	6001	6001	189	13	720
27.000000	6001	6001	189	9	720
27.000000	6001	6001	189	5001	720
27.100000	6001	6001	190	10	720
27.100000	6001	6001	190	13	720
27.100000	6001	6001	190	9	720
27.100000	6001	6001	190	5001	720
27.200000	6001	6001	191	10	720
27.200000	6001	6001	191	13	720
27.200000	6001	6001	191	9	720
27.200000	6001	6001	191	5001	720
27.300000	6001	6001	192	10	720
27.300000	6001	6001	192	13	720
27.300000	6001	6001	192	9	720
27.300000	6001	6001	192	5001	720
27.400000	6001	6001	193	10	720
27.400000	6001	6001	193	13	720
27.400000	6001	6001	193	9	720
27.400000	6001	6001	193	5001	720
27.500000	6001	6001	194	10	720
27.500000	6001	6001	194	13	720
27.500000	6001	6001	194	9	720
27.500000	6001	6001	194	5001	720
27.600000	6001	6001	195	10	720
27.600000	6001	6001	195	13	720
27.600000	6001	6001	195	9	720
27.600000	6001	6001	195	5001	720
27.700000	6001	6001	196	10	720
27.700000	6001	6001	196	13	720
27.700000	6001	6001	196	9	720
27.700000	6001	6001	196	5001	720
27.800000	6001	6001	197	10	720
27.800000	6001	6001	197	13	720
27.800000	6001	6001	197	9	720
27.800000	6001	6001	197	5001	720
27.900000	6001	6001	198	10	720
27.900000	6001	6001	198	13	720
27.900000	6001	6001	198	9	720
27.900000	6001	6001	198	5001	720
28.000000	6001	6001	199	10	720
28.000000	6001	6001	199	13	720
28.000000	6001	6001	199	9	720
28.000000	6001	6001	199	5001	720
28.100000	6001	6001	200	10	720
28.100000	6001	6001	200	13	720
28.100000	6001	6001	200	9	720
28.100000	6001	6001	200	5001	720
28.200000	6001	6001	201	10	720
28.200000	6001	6001	201	13	720
28.200000	6001	6001	201	9	720
28.200000	6001	6001	201	5001	720
28.300000	6001	6001	202	5001	720
28.300000	6001	6001	202	6000	720
28.400000	6001	6001	203	5001	720
28.400000	6001	6001	203	6000	720
28.500000	6001	6001	204	5001	720
28.500000	6001	6001	204	6000	720
28.600000	6001	6001	205	5001	720
28.600000	6001	6001	205	6000	720
28.700000	6001	6001	206	5001	720
28.700000	6001	6001	206	6000	720
28.800000	6001	6001	207	5001	720
28.800000	6001	6001	207	6000	720
28.900000	6001	6001	208	5001	720
28.900000	6001	6001	208	6000	720
29.000000	6001	6001	209	5001	720
29.000000	6001	6001	209	6000	720
29.100000	6001	6001	210	5001	720
29.100000	6001	6001	210	6000	720
29.200000	6001	6001	211	5001	720
29.200000	6001	6001	211	6000	720
29.300000	6001	6001	212	5001	720
29.300000	6001	6001	212	6000	720
29.400000	6001	6001	213	5001	720
29.400000	6001	6001	213	6000	720
29.500000	6001	6001	214	5001	720
29.500000	6001	6001	214	6000	720
29.600000	6001	6001	215	5001	720
29.600000	6001	6001	215	6000	720
29.700000	6001	6001	216	5001	720
29.700000	6001	6001	216	6000	720
29.800000	6001	6001	217	5001	720
29.800000	6001	6001	217	6000	720
29.900000	6001	6001	218	5001	720
29.900000	6001	6001	218	6000	720
30.000000	6001	6001	219	5001	720
30.000000	6001	6001	219	6000	720
30.100000	6001	6001	220	5001	720
30.100000	6001	6001	220	6000	720
30.200000	6001	6001	221	5001	720
30.200000	6001	6001	221	6000	720
30.300000	6001	6001	222	5001	720
30.300000	6001	6001	222	6000	720
30.400000	6001	6001	223	5001	720
30.400000	6001	6001	223	6000	720
30.500000	6001	6001	224	5001	720
30.500000	6001	6001	224	6000	720
30.600000	6001	6001	225	5001	720
30.600000	6001	6001	225	6000	720
30.700000	6001	6001	226	5001	720
30.700000	6001	6001	226	6000	720
30.800000	6001	6001	227	5001	720
30.800000	6001	6001	227	6000	720
30.900000	6001	6001	228	5001	720
30.900000	6001	6001	228	6000	720
31.000000	6001	6001	229	5001	720
31.000000	6001	6001	229	6000	720
31.100000	6001	6001	230	5001	720
31.100000	6001	6001	230	6000	720
31.200000	6001	6001	231	5001	720
31.200000	6001	6001	231	6000	720
31.300000	6001	6001	232	5001	720
31.300000	6001	6001	232	6000	720
31.400000	6001	6001	233	5001	720
31.400000	6001	6001	233	6000	720
31.500000	6001	6001	234	5001	720
31.500000	6001	6001	234	6000	720
31.600000	6001	6001	235	5001	720
31.600000	6001	6001	235	6000	720
31.700000	6001	6001	236	5001	720
31.700000	6001	6001	236	6000	720
31.800000	6001	6001	237	5001	720
31.800000	6001	6001	237	6000	720
31.900000	6001	6001	238	5001	720
31.900000	6001	6001	238	6000	720
32.000000	6001	6001	239	5001	720
32.000000	6001	6001	239	6000	720
32.100000	6001	6001	240	5001	720
32.100000	6001	6001	240	6000	720
32.200000	6001	6001	241	5001	720
32.200000	6001	6001	241	6000	720
32.300000	6001	6001	242	5001	720
32.300000	6001	6001	242	6000	720
32.400000	6001	6001	243	5001	720
32.400000	6001	6001	243	6000	720
32.500000	6001	6001	244	5001	720
32.500000	6001	6001	244	6000	720
32.600000	6001	6001	245	5001	720
32.600000	6001	6001	245	6000	720
32.700000	6001	6001	246	5001	720
32.700000	6001	6001	246	6000	720
32.800000	6001	6001	247	5001	720
32.800000	6001	6001	247	6000	720
32.900000	6001	6001	248	5001	720
32.900000	6001	6001	248	6000	720
33.000000	6001	6001	249	5001	720
33.000000	6001	6001	249	6000	720
33.100000	6001	6001	250	5001	720
33.100000	6001	6001	250	6000	720
33.200000	6001	6001	251	5001	720
33.200000	6001	6001	251	6000	720
33.300000	6001	6001	252	5001	720
33.300000	6001	6001	252	6000	720
33.400000	6001	6001	253	5001	720
33.400000	6001	6001	253	6000	720
33.500000	6001	6001	254	5001	720
33.500000	6001	6001	254	6000	720
33.600000	6001	6001	255	5001	720
33.600000	6001	6001	255	6000	720
33.700000	6001	6001	256	5001	720
33.700000	6001	6001	256	6000	720
33.800000	6001	6001	257	5001	720
33.800000	6001	6001	257	6000	720
33.900000	6001	6001	258	5001	720
33.900000	6001	6001	258	6000	720
34.000000	6001	6001	259	5001	720
34.000000	6001	6001	259	6000	720
34.100000	6001	6001	260	5001	720
34.100000	6001	6001	260	6000	720
34.200000	6001	6001	261	5001	720
34.200000	6001	6001	261	6000	720
34.300000	6001	6001	262	5001	720
34.300000	6001	6001	262	6000	720
34.400000	6001	6001	263	5001	720
34.400000	6001	6001	263	6000	720
34.500000	6001	6001	264	5001	720
34.500000	6001	6001	264	6000	720
34.600000	6001	6001	265	5001	720
34.600000	6001	6001	265	6000	720
34.700000	6001	6001	266	5001	720
34.700000	6001	6001	266	6000	720
34.800000	6001	6001	267	5001	720
34.800000	6001	6001	267	6000	720
34.900000	6001	6001	268	5001	720
34.900000	6001	6001	268	6000	720
35.000000	6001	6001	269	5001	720
35.000000	6001	6001	269	6000	720
35.100000	6001	6001	270	5001	720
35.100000	6001	6001	270	6000	720
35.200000	6001	6001	271	5001	720
35.200000	6001	6001	271	6000	720
35.300000	6001	6001	272	5001	720
35.300000	6001	6001	272	6000	720
35.400000	6001	6001	273	5001	720
35.400000	6001	6001	273	6000	720
35.500000	6001	6001	274	5001	720
35.500000	6001	6001	274	6000	720
35.600000	6001	6001	275	5001	720
35.600000	6001	6001	275	6000	720
35.700000	6001	6001	276	5001	720
35.700000	6001	6001	276	6000	720
35.800000	6001	6001	277	5001	720
35.800000	6001	6001	277	6000	720
35.900000	6001	6001	278	5001	720
35.900000	6001	6001	278	6000	720
36.000000	6001	6001	279	5001	720
36.000000	6001	6001	279	6000	720
36.100000	6001	6001	280	5001	720
36.100000	6001	6001	280	6000	720
36.200000	6001	6001	281	5001	720
36.200000	6001	6001	281	6000	720
36.300000	6001	6001	282	5001	720
36.300000	6001	6001	282	6000	720
36.400000	6001	6001	283	5001	720
36.400000	6001	6001	283	6000	720
36.500000	6001	6001	284	5001	720
36.500000	6001	6001	284	6000	720
36.600000	6001	6001	285	5001	720
36.600000	6001	6001	285	6000	720
36.700000	6001	6001	286	5001	720
36.700000	6001	6001	286	6000	720
36.800000	6001	6001	287	5001	720
36.800000	6001	6001	287	6000	720
36.900000	6001	6001	288	5001	720
36.900000	6001	6001	288	6000	720
37.000000	6001	6001	289	5001	720
37.000000	6001	6001	289	6000	720
37.100000	6001	6001	290	5001	720
37.100000	6001	6001	290	6000	720
37.200000	6001	6001	291	5001	720
37.200000	6001	6001	291	6000	720
37.300000	6001	6001	292	5001	720
37.300000	6001	6001	292	6000	720
37.400000	6001	6001	293	5001	720
37.400000	6001	6001	293	6000	720
37.500000	6001	6001	294	5001	720
37.500000	6001	6001	294	6000	720
37.600000	6001	6001	295	5001	720
37.600000	6001	6001	295	6000	720
37.700000	6001	6001	296	5001	720
37.700000	6001	6001	296	6000	720
37.800000	6001	6001	297	5001	720
37.800000	6001	6001	297	6000	720
37.900000	6001	6001	298	5001	720
37.900000	6001	6001	298	6000	720
38.000000	6001	6001	299	5001	720
38.000000	6001	6001	299	6000	720
38.100000	6001	6001	300	5001	720
38.100000	6001	6001	300	6000	720
38.200000	6001	6001	301	5001	720
38.200000	6001	6001	301	6000	720
38.300000	6001	6001	302	5001	720
38.300000	6001	6001	302	6000	720
38.400000	6001	6001	303	5001	720
38.400000	6001	6001	303	6000	720
38.500000	6001	6001	304	5001	720
38.500000	6001	6001	304	6000	720
38.600000	6001	6001	305	5001	720
38.600000	6001	6001	305	6000	720
38.700000	6001	6001	306	5001	720
38.700000	6001	6001	306	6000	720
38.800000	6001	6001	307	5001	720
38.800000	6001	6001	307	6000	720
38.900000	6001	6001	308	5001	720
38.900000	6001	6001	308	6000	720
39.000000	6001	6001	309	5001	720
39.000000	6001	6001	309	6000	720
39.100000	6001	6001	310	5001	720
39.100000	6001	6001	310	6000	720
39.200000	6001	6001	311	5001	720
39.200000	6001	6001	311	6000	720
39.300000	6001	6001	312	5001	720
39.300000	6001	6001	312	6000	720
39.400000	6001	6001	313	5001	720
39.400000	6001	6001	313	6000	720
39.500000	6001	6001	314	5001	720
39.500000	6001	6001	314	6000	720
39.600000	6001	6001	315	5001	720
39.600000	6001	6001	315	6000	720
39.700000	6001	6001	316	5001	720
39.700000	6001	6001	316	6000	720
39.800000	6001	6001	317	5001	720
39.800000	6001	6001	317	6000	720
39.900000	6001	6001	318	5001	720
39.900000	6001	6001	318	6000	720
40.000000	6001	6001	319	5001	720
40.000000	6001	6001	319	6000	720
40.100000	6001	6001	320	5001	720
40.100000	6001	6001	320	6000	720
40.200000	6001	6001	321	5001	720
40.200000	6001	6001	321	6000	720
40.300000	6001	6001	322	5001	720
40.300000	6001	6001	322	6000	720
40.400000	6001	6001	323	5001	720
40.400000	6001	6001	323	6000	720
40.500000	6001	6001	324	5001	720
40.500000	6001	6001	324	6000	720
40.600000	6001	6001	325	5001	720
40.600000	6001	6001	325	6000	720
40.700000	6001	6001	326	5001	720
40.700000	6001	6001	326	6000	720
40.800000	6001	6001	327	5001	720
40.800000	6001	6001	327	6000	720
40.900000	6001	6001	328	5001	720
40.900000	6001	6001	328	6000	720
41.000000	6001	6001	329	5001	720
41.000000	6001	6001	329	6000	720
41.100000	6001	6001	330	5001	720
41.100000	6001	6001	330	6000	720
41.200000	6001	6001	331	5001	720
41.200000	6001	6001	331	6000	720
41.300000	6001	6001	332	5001	720
41.300000	6001	6001	332	6000	720
41.400000	6001	6001	333	5001	720
41.400000	6001	6001	333	6000	720
41.500000	6001	6001	334	5001	720
41.500000	6001	6001	334	6000	720
41.600000	6001	6001	335	5001	720
41.600000	6001	6001	335	6000	720
41.700000	6001	6001	336	5001	720
41.700000	6001	6001	336	6000	720
41.800000	6001	6001	337	5001	720
41.800000	6001	6001	337	6000	720
41.900000	6001	6001	338	5001	720
41.900000	6001	6001	338	6000	720
42.000000	6001	6001	339	5001	720
42.000000	6001	6001	339	6000	720
42.100000	6001	6001	340	5001	720
42.100000	6001	6001	340	6000	720
42.200000	6001	6001	341	5001	720
42.200000	6001	6001	341	6000	720
42.300000	6001	6001	342	5001	720
42.300000	6001	6001	342	6000	720
42.400000	6001	6001	343	5001	720
42.400000	6001	6001	343	6000	720
42.500000	6001	6001	344	5001	720
42.500000	6001	6001	344	6000	720
42.600000	6001	6001	345	5001	720
42.600000	6001	6001	345	6000	720
42.700000	6001	6001	346	5001	720
42.700000	6001	6001	346	6000	720
42.800000	6001	6001	347	5001	720
42.800000	6001	6001	347	6000	720
42.900000	6001	6001	348	5001	720
42.900000	6001	6001	348	6000	720
43.000000	6001	6001	349	5001	720
43.000000	6001	6001	349	6000	720
43.100000	6001	6001	350	5001	720
43.100000	6001	6001	350	6000	720
43.200000	6001	6001	351	5001	720
43.200000	6001	6001	351	6000	720
43.300000	6001	6001	352	5001	720
43.300000	6001	6001	352	6000	720
43.400000	6001	6001	353	5001	720
43.400000	6001	6001	353	6000	720
43.500000	6001	6001	354	5001	720
43.500000	6001	6001	354	6000	720
43.600000	6001	6001	355	5001	720
43.600000	6001	6001	355	6000	720
43.700000	6001	6001	356	5001	720
43.700000	6001	6001	356	6000	720
43.800000	6001	6001	357	5001	720
43.800000	6001	6001	357	6000	720
43.900000	6001	6001	358	5001	720
43.900000	6001	6001	358	6000	720
44.000000	6001	6001	359	5001	720
44.000000	6001	6001	359	6000	720
44.100000	6001	6001	360	5001	720
44.100000	6001	6001	360	6000	720
44.200000	6001	6001	361	5001	720
44.200000	6001	6001	361	6000	720
44.300000	6001	6001	362	5001	720
44.300000	6001	6001	362	6000	720
44.400000	6001	6001	363	5001	720
44.400000	6001	6001	363	6000	720
44.500000	6001	6001	364	5001	720
44.500000	6001	6001	364	6000	720
44.600000	6001	6001	365	5001	720
44.600000	6001	6001	365	6000	720
44.700000	6001	6001	366	5001	720
44.700000	6001	6001	366	6000	720
44.800000	6001	6001	367	5001	720
44.800000	6001	6001	367	6000	720
44.900000	6001	6001	368	5001	720
44.900000	6001	6001	368	6000	720
45.000000	6001	6001	369	5001	720
45.000000	6001	6001	369	6000	720
45.100000	6001	6001	370	5001	720
45.100000	6001	6001	370	6000	720
45.200000	6001	6001	371	5001	720
45.200000	6001	6001	371	6000	720
45.300000	6001	6001	372	5001	720
45.300000	6001	6001	372	6000	720
45.400000	6001	6001	373	5001	720
45.400000	6001	6001	373	6000	720
45.500000	6001	6001	374	5001	720
45.500000	6001	6001	374	6000	720
45.600000	6001	6001	375	5001	720
45.600000	6001	6001	375	6000	720
45.700000	6001	6001	376	5001	720
45.700000	6001	6001	376	6000	720
45.800000	6001	6001	377	5001	720
45.800000	6001	6001	377	6000	720
45.900000	6001	6001	378	5001	720
45.900000	6001	6001	378	6000	720
46.000000	6001	6001	379	5001	720
46.000000	6001	6001	379	6000	720
46.100000	6001	6001	380	5001	720
46.100000	6001	6001	380	6000	720
46.200000	6001	6001	381	5001	720
46.200000	6001	6001	381	6000	720
46.300000	6001	6001	382	5001	720
46.300000	6001	6001	382	6000	720
46.400000	6001	6001	383	5001	720
46.400000	6001	6001	383	6000	720
46.500000	6001	6001	384	5001	720
46.500000	6001	6001	384	6000	720
46.600000	6001	6001	385	5001	720
46.600000	6001	6001	385	6000	720
46.700000	6001	6001	386	5001	720
46.700000	6001	6001	386	6000	720
46.800000	6001	6001	387	5001	720
46.800000	6001	6001	387	6000	720
46.900000	6001	6001	388	5001	720
46.900000	6001	6001	388	6000	720
47.000000	6001	6001	389	5001	720
47.000000	6001	6001	389	6000	720
47.100000	6001	6001	390	5001	720
47.100000	6001	6001	390	6000	720
47.200000	6001	6001	391	5001	720
47.200000	6001	6001	391	6000	720
47.300000	6001	6001	392	5001	720
47.300000	6001	6001	392	6000	720
47.400000	6001	6001	393	5001	720
47.400000	6001	6001	393	6000	720
47.500000	6001	6001	394	5001	720
47.500000	6001	6001	394	6000	720
47.600000	6001	6001	395	5001	720
47.600000	6001	6001	395	6000	720
47.700000	6001	6001	396	5001	720
47.700000	6001	6001	396	6000	720
47.800000	6001	6001	397	5001	720
47.800000	6001	6001	397	6000	720
47.900000	6001	6001	398	5001	720
47.900000	6001	6001	398	6000	720
48.000000	6001	6001	399	5001	720
48.000000	6001	6001	399	6000	720
48.100000	6001	6001	400	5001	720
48.100000	6001	6001	400	6000	720
48.200000	6001	6001	401	5001	720
48.200000	6001	6001	401	6000	720
48.300000	6001	6001	402	5001	720
48.300000	6001	6001	402	6000	720
48.400000	6001	6001	403	5001	720
48.400000	6001	6001	403	6000	720
48.500000	6001	6001	404	5001	720
48.500000	6001	6001	404	6000	720
48.600000	6001	6001	405	5001	720
48.600000	6001	6001	405	6000	720
48.700000	6001	6001	406	5001	720
48.700000	6001	6001	406	6000	720
48.800000	6001	6001	407	5001	720
48.800000	6001	6001	407	6000	720
48.900000	6001	6001	408	5001	720
48.900000	6001	6001	408	6000	720
49.000000	6001	6001	409	5001	720
49.000000	6001	6001	409	6000	720
49.100000	6001	6001	410	5001	720
49.100000	6001	6001	410	6000	720
49.200000	6001	6001	411	5001	720
49.200000	6001	6001	411	6000	720
49.300000	6001	6001	412	5001	720
49.300000	6001	6001	412	6000	720
49.400000	6001	6001	413	5001	720
49.400000	6001	6001	413	6000	720
49.500000	6001	6001	414	5001	720
49.500000	6001	6001	414	6000	720
49.600000	6001	6001	415	5001	720
49.600000	6001	6001	415	6000	720
49.700000	6001	6001	416	5001	720
49.700000	6001	6001	416	6000	720
49.800000	6001	6001	417	5001	720
49.800000	6001	6001	417	6000	720
49.900000	6001	6001	418	5001	720
49.900000	6001	6001	418	6000	720
50.000000	6001	6001	419	5001	720
50.000000	6001	6001	419	6000	720
50.100000	6001	6001	420	5001	720
50.100000	6001	6001	420	6000	720
50.200000	6001	6001	421	5001	720
50.200000	6001	6001	421	6000	720
50.300000	6001	6001	422	5001	720
50.300000	6001	6001	422	6000	720
50.400000	6001	6001	423	5001	720
50.400000	6001	6001	423	6000	720
50.500000	6001	6001	424	5001	720
50.500000	6001	6001	424	6000	720
50.600000	6001	6001	425	5001	720
50.600000	6001	6001	425	6000	720
50.700000	6001	6001	426	5001	720
50.700000	6001	6001	426	6000	720
50.800000	6001	6001	427	5001	720
50.800000	6001	6001	427	6000	720
50.900000	6001	6001	428	5001	720
50.900000	6001	6001	428	6000	720
51.000000	6001	6001	429	5001	720
51.000000	6001	6001	429	6000	720
51.100000	6001	6001	430	5001	720
51.100000	6001	6001	430	6000	720
51.200000	6001	6001	431	5001	720
51.200000	6001	6001	431	6000	720
51.300000	6001	6001	432	5001	720
51.300000	6001	6001	432	6000	720
51.400000	6001	6001	433	5001	720
51.400000	6001	6001	433	6000	720
51.500000	6001	6001	434	5001	720
51.500000	6001	6001	434	6000	720
51.600000	6001	6001	435	5001	720
51.600000	6001	6001	435	6000	720
51.700000	6001	6001	436	5001	720
51.700000	6001	6001	436	6000	720
51.800000	6001	6001	437	5001	720
51.800000	6001	6001	437	6000	720
51.900000	6001	6001	438	5001	720
51.900000	6001	6001	438	6000	720
52.000000	6001	6001	439	5001	720
52.000000	6001	6001	439	6000	720
52.100000	6001	6001	440	5001	720
52.100000	6001	6001	440	6000	720
52.200000	6001	6001	441	5001	720
52.200000	6001	6001	441	6000	720
52.300000	6001	6001	442	5001	720
52.300000	6001	6001	442	6000	720
52.400000	6001	6001	443	5001	720
52.400000	6001	6001	443	6000	720
52.500000	6001	6001	444	5001	720
52.500000	6001	6001	444	6000	720
52.600000	6001	6001	445	5001	720
52.600000	6001	6001	445	6000	720
52.700000	6001	6001	446	5001	720
52.700000	6001	6001	446	6000	720
52.800000	6001	6001	447	5001	720
52.800000	6001	6001	447	6000	720
52.900000	6001	6001	448	5001	720
52.900000	6001	6001	448	6000	720
53.000000	6001	6001	449	5001	720
53.000000	6001	6001	449	6000	720
53.100000	6001	6001	450	5001	720
53.100000	6001	6001	450	6000	720
53.200000	6001	6001	451	5001	720
53.200000	6001	6001	451	6000	720
53.300000	6001	6001	452	5001	720
53.300000	6001	6001	452	6000	720
53.400000	6001	6001	453	5001	720
53.400000	6001	6001	453	6000	720
53.500000	6001	6001	454	5001	720
53.500000	6001	6001	454	6000	720
53.600000	6001	6001	455	5001	720
53.600000	6001	6001	455	6000	720
53.700000	6001	6001	456	5001	720
53.700000	6001	6001	456	6000	720
53.800000	6001	6001	457	5001	720
53.800000	6001	6001	457	6000	720
53.900000	6001	6001	458	5001	720
53.900000	6001	6001	458	6000	720
54.000000	6001	6001	459	5001	720
54.000000	6001	6001	459	6000	720
54.100000	6001	6001	460	5001	720
54.100000	6001	6001	460	6000	720
54.200000	6001	6001	461	5001	720
54.200000	6001	6001	461	6000	720
54.300000	6001	6001	462	6000	720
54.400000	6001	6001	463	6000	720
54.500000	6001	6001	464	6000	720
54.600000	6001	6001	465	6000	720
54.700000	6001	6001	466	6000	720
54.800000	6001	6001	467	6000	720
54.900000	6001	6001	468	6000	720
55.000000	6001	6001	469	6000	720
55.100000	6001	6001	470	6000	720
55.200000	6001	6001	471	6000	720
55.300000	6001	6001	472	6000	720
55.400000	6001	6001	473	6000	720
55.500000	6001	6001	474	6000	720
55.600000	6001	6001	475	6000	720
55.700000	6001	6001	476	6000	720
55.800000	6001	6001	477	6000	720
55.900000	6001	6001	478	6000	720
56.000000	6001	6001	479	6000	720
56.100000	6001	6001	480	6000	720
56.200000	6001	6001	481	6000	720
56.300000	6001	6001	482	6000	720
56.400000	6001	6001	483	6000	720
56.500000	6001	6001	484	6000	720
56.600000	6001	6001	485	6000	720
56.700000	6001	6001	486	6000	720
56.800000	6001	6001	487	6000	720
56.900000	6001	6001	488	6000	720
57.000000	6001	6001	489	6000	720
57.100000	6001	6001	490	6000	720
57.200000	6001	6001	491	6000	720
57.300000	6001	6001	492	6000	720
57.400000	6001	6001	493	6000	720
57.500000	6001	6001	494	6000	720
57.600000	6001	6001	495	6000	720
57.700000	6001	6001	496	6000	720
57.800000	6001	6001	497	6000	720
57.900000	6001	6001	498	6000	720
58.000000	6001	6001	499	6000	720
58.100000	6001	6001	500	6000	720
58.200000	6001	6001	501	6000	720
58.300000	6001	6001	502	6000	720
58.400000	6001	6001	503	6000	720
58.500000	6001	6001	504	6000	720
58.600000	6001	6001	505	6000	720
58.700000	6001	6001	506	6000	720
58.800000	6001	6001	507	6000	720
58.900000	6001	6001	508	6000	720
59.000000	6001	6001	509	6000	720
59.100000	6001	6001	510	6000	720
59.200000	6001	6001	511	6000	720
59.300000	6001	6001	512	6000	720
59.400000	6001	6001	513	6000	720
59.500000	6001	6001	514	6000	720
59.600000	6001	6001	515	6000	720
59.700000	6001	6001	516	6000	720
59.800000	6001	6001	517	6000	720
59.900000	6001	6001	518	6000	720
60.000000	6001	6001	519	6000	720
60.100000	6001	6001	520	6000	720
60.200000	6001	6001	521	6000	720
60.300000	6001	6001	522	6000	720
60.400000	6001	6001	523	6000	720
60.500000	6001	6001	524	6000	720
60.600000	6001	6001	525	6000	720
60.700000	6001	6001	526	6000	720
60.800000	6001	6001	527	6000	720
60.900000	6001	6001	528	6000	720
61.000000	6001	6001	529	6000	720
61.100000	6001	6001	530	6000	720
61.200000	6001	6001	531	6000	720
61.300000	6001	6001	532	6000	720
61.400000	6001	6001	533	6000	720
61.500000	6001	6001	534	6000	720
61.600000	6001	6001	535	6000	720
61.700000	6001	6001	536	6000	720
61.800000	6001	6001	537	6000	720
61.900000	6001	6001	538	6000	720
62.000000	6001	6001	539	6000	720
62.100000	6001	6001	540	6000	720
62.200000	6001	6001	541	6000	720
62.300000	6001	6001	542	6000	720
62.400000	6001	6001	543	6000	720
62.500000	6001	6001	544	6000	720
62.600000	6001	6001	545	6000	720
62.700000	6001	6001	546	6000	720
62.800000	6001	6001	547	6000	720
