69.100000	6000	6000	0	6001
69.100000	6000	6000	0	1
69.192855	6001	6001	0	6000
69.200000	6000	6000	1	6001
69.200000	6000	6000	1	1
69.254855	6000	6001	0	1
69.292855	6001	6001	1	6000
69.300000	6000	6000	2	6001
69.300000	6000	6000	2	1
69.354855	6000	6001	1	1
69.378307	6000	5000	0	6001
69.392855	6001	6001	2	6000
69.400000	6000	6000	3	6001
69.400000	6000	6000	3	1
69.454855	6000	6001	2	1
69.488812	6000	5000	1	6001
69.492855	6001	6001	3	6000
69.500000	6000	6000	4	6001
69.500000	6000	6000	4	1
69.554855	6000	6001	3	1
69.558319	6000	6001	0	6001
69.592855	6001	6001	4	6000
69.600000	6000	6000	5	6001
69.600000	6000	6000	5	1
69.654855	6000	6001	4	1
69.692855	6001	6001	5	6000
69.700000	6000	6000	6	6001
69.700000	6000	6000	6	1
69.754855	6000	6001	5	1
69.767762	6000	9	0	6001
69.784357	6000	1	0	6001
69.792855	6001	6001	6	6000
69.800000	6000	6000	7	6001
69.800000	6000	6000	7	1
69.854855	6000	6001	6	1
69.892855	6001	6001	7	6000
69.900000	6000	6000	8	6001
69.900000	6000	6000	8	1
69.951165	6000	9	1	6001
69.954855	6000	6001	7	1
69.971963	6000	1	1	6001
69.992855	6001	6001	8	6000
70.000000	6000	6000	9	6001
70.000000	6000	6000	9	1
70.005412	6000	34	0	6001
70.054855	6000	6001	8	1
70.092855	6001	6001	9	6000
70.100000	6000	6000	10	6001
70.100000	6000	6000	10	1
70.154855	6000	6001	9	1
70.192855	6001	6001	10	6000
70.199952	6000	9	2	6001
70.200000	6000	6000	11	6001
70.200000	6000	6000	11	1
70.233750	6000	1	2	6001
70.254855	6000	6001	10	1
70.288319	6000	34	1	6001
70.292855	6001	6001	11	6000
70.300000	6000	6000	12	6001
70.300000	6000	6000	12	1
70.354855	6000	6001	11	1
70.392855	6001	6001	12	6000
70.400000	6000	6000	13	6001
70.400000	6000	6000	13	1
70.454855	6000	6001	12	1
70.492855	6001	6001	13	6000
70.500000	6000	6000	14	6001
70.500000	6000	6000	14	1
70.554855	6000	6001	13	1
70.556106	6000	1	3	6001
70.592855	6001	6001	14	6000
70.600000	6000	6000	15	6001
70.600000	6000	6000	15	1
70.654855	6000	6001	14	1
70.692855	6001	6001	15	6000
70.700000	6000	6000	16	6001
70.700000	6000	6000	16	1
70.723236	6000	2	0	6001
70.754855	6000	6001	15	1
70.792855	6001	6001	16	6000
70.800000	6000	6000	17	6001
70.800000	6000	6000	17	1
70.854855	6000	6001	16	1
70.892855	6001	6001	17	6000
70.898114	6000	1	4	6001
70.900000	6000	6000	18	6001
70.900000	6000	6000	18	1
70.954855	6000	6001	17	1
70.992855	6001	6001	18	6000
71.000000	6000	6000	19	6001
71.000000	6000	6000	19	1
71.054855	6000	6001	18	1
71.079057	6000	2	1	6001
71.092855	6001	6001	19	6000
71.100000	6000	6000	20	6001
71.100000	6000	6000	20	1
71.154855	6000	6001	19	1
71.174647	6000	29	0	6001
71.192855	6001	6001	20	6000
71.200000	6000	6000	21	6001
71.200000	6000	6000	21	1
71.254855	6000	6001	20	1
71.277442	6000	1	5	6001
71.292855	6001	6001	21	6000
71.300000	6000	6000	22	6001
71.300000	6000	6000	22	1
71.354855	6000	6001	21	1
71.392855	6001	6001	22	6000
71.400000	6000	6000	23	6001
71.400000	6000	6000	23	1
71.454855	6000	6001	22	1
71.483800	6000	2	2	6001
71.492855	6001	6001	23	6000
71.500000	6000	6000	24	6001
71.500000	6000	6000	24	1
71.554855	6000	6001	23	1
71.555855	6000	9	6	6001
71.571121	6000	2	0	6001
71.583468	6000	29	1	6001
71.592855	6001	6001	24	6000
71.600000	6000	6000	25	6001
71.600000	6000	6000	25	1
71.617343	6000	34	4	6001
71.654855	6000	6001	24	1
71.689820	6000	37	2	6001
71.692855	6001	6001	25	6000
71.698727	6000	1	6	6001
71.700000	6000	6000	26	6001
71.700000	6000	6000	26	1
71.754855	6000	6001	25	1
71.767417	6000	1	4	6001
71.792855	6001	6001	26	6000
71.800000	6000	6000	27	6001
71.800000	6000	6000	27	1
71.854855	6000	6001	26	1
71.892855	6001	6001	27	6000
71.894254	6000	2	3	6001
71.900000	6000	6000	28	6001
71.900000	6000	6000	28	1
71.917683	6000	7	0	6001
71.928301	6000	33	2	6001
71.954855	6000	6001	27	1
71.961740	6000	9	7	6001
71.978881	6000	2	1	6001
71.991718	6000	29	2	6001
71.992855	6001	6001	28	6000
72.000000	6000	6000	29	6001
72.000000	6000	6000	29	1
72.022464	6000	34	5	6001
72.054855	6000	6001	28	1
72.090762	6000	37	3	6001
72.092855	6001	6001	29	6000
72.100000	6000	6000	30	6001
72.100000	6000	6000	30	1
72.100647	6000	1	7	6001
72.154855	6000	6001	29	1
72.173271	6000	1	5	6001
72.192855	6001	6001	30	6000
72.200000	6000	6000	31	6001
72.200000	6000	6000	31	1
72.254855	6000	6001	30	1
72.292855	6001	6001	31	6000
72.300000	6000	6000	32	6001
72.300000	6000	6000	32	1
72.309679	6000	2	4	6001
72.335177	6000	7	1	6001
72.346332	6000	33	3	6001
72.354855	6000	6001	31	1
72.383321	6000	9	8	6001
72.392855	6001	6001	32	6000
72.400000	6000	6000	33	6001
72.400000	6000	6000	33	1
72.400352	6000	2	2	6001
72.414024	6000	29	3	6001
72.447656	6000	34	6	6001
72.454855	6000	6001	32	1
72.492855	6001	6001	33	6000
72.500000	6000	6000	34	6001
72.500000	6000	6000	34	1
72.526358	6000	37	4	6001
72.538435	6000	1	8	6001
72.554855	6000	6001	33	1
72.592855	6001	6001	34	6000
72.600000	6000	6000	35	6001
72.600000	6000	6000	35	1
72.624149	6000	1	6	6001
72.654855	6000	6001	34	1
72.692855	6001	6001	35	6000
72.700000	6000	6000	36	6001
72.700000	6000	6000	36	1
72.754855	6000	6001	35	1
72.755855	6000	2	5	6001
72.780990	6000	7	2	6001
72.792855	6001	6001	36	6000
72.793618	6000	33	4	6001
72.800000	6000	6000	37	6001
72.800000	6000	6000	37	1
72.832462	6000	9	9	6001
72.852156	6000	2	3	6001
72.854855	6000	6001	36	1
72.865249	6000	29	4	6001
72.892855	6001	6001	37	6000
72.900000	6000	6000	38	6001
72.900000	6000	6000	38	1
72.900497	6000	34	7	6001
72.954855	6000	6001	37	1
72.973641	6000	37	5	6001
72.983393	6000	1	9	6001
72.992855	6001	6001	38	6000
73.000000	6000	6000	39	6001
73.000000	6000	6000	39	1
73.054855	6000	6001	38	1
73.065441	6000	1	7	6001
73.092855	6001	6001	39	6000
73.100000	6000	6000	40	6001
73.100000	6000	6000	40	1
73.154855	6000	6001	39	1
73.192855	6001	6001	40	6000
73.200000	6000	6000	41	6001
73.200000	6000	6000	41	1
73.201903	6000	2	6	6001
73.225048	6000	7	3	6001
73.236791	6000	33	5	6001
73.254855	6000	6001	40	1
73.283546	6000	9	10	6001
73.291016	6000	2	4	6001
73.292855	6001	6001	41	6000
73.300000	6000	6000	42	6001
73.300000	6000	6000	42	1
73.312636	6000	29	5	6001
73.333031	6000	34	8	6001
73.354855	6000	6001	41	1
73.357906	6000	9	10	6001
73.392855	6001	6001	42	6000
73.400000	6000	6000	43	6001
73.400000	6000	6000	43	1
73.405238	6000	37	6	6001
73.414688	6000	1	10	6001
73.443809	6000	2	5	6001
73.454855	6000	6001	42	1
73.492855	6001	6001	43	6000
73.500000	6000	6000	44	6001
73.500000	6000	6000	44	1
73.507317	6000	1	8	6001
73.554855	6000	6001	43	1
73.576257	6000	37	7	6001
73.592855	6001	6001	44	6000
73.600000	6000	6000	45	6001
73.600000	6000	6000	45	1
73.648480	6000	2	7	6001
73.654855	6000	6001	44	1
73.672710	6000	7	4	6001
73.692855	6001	6001	45	6000
73.700000	6000	6000	46	6001
73.700000	6000	6000	46	1
73.754855	6000	6001	45	1
73.756226	6000	29	6	6001
73.772617	6000	33	6	6001
73.792855	6001	6001	46	6000
73.800000	6000	6000	47	6001
73.800000	6000	6000	47	1
73.801572	6000	9	11	6001
73.851230	6000	1	11	6001
73.854855	6000	6001	46	1
73.873615	6000	2	6	6001
73.892855	6001	6001	47	6000
73.900000	6000	6000	48	6001
73.900000	6000	6000	48	1
73.954855	6000	6001	47	1
73.988898	6000	37	8	6001
73.992855	6001	6001	48	6000
74.000000	6000	6000	49	6001
74.000000	6000	6000	49	1
74.054855	6000	6001	48	1
74.060472	6000	2	8	6001
74.084409	6000	7	5	6001
74.092855	6001	6001	49	6000
74.100000	6000	6000	50	6001
74.100000	6000	6000	50	1
74.154855	6000	6001	49	1
74.170432	6000	29	7	6001
74.192576	6000	33	7	6001
74.192855	6001	6001	50	6000
74.200000	6000	6000	51	6001
74.200000	6000	6000	51	1
74.221865	6000	9	12	6001
74.254855	6000	6001	50	1
74.284296	6000	1	12	6001
74.292855	6001	6001	51	6000
74.300000	6000	6000	52	6001
74.300000	6000	6000	52	1
74.308020	6000	2	7	6001
74.354855	6000	6001	51	1
74.392855	6001	6001	52	6000
74.400000	6000	6000	53	6001
74.400000	6000	6000	53	1
74.454855	6000	6001	52	1
74.492855	6001	6001	53	6000
74.495642	6000	37	9	6001
74.500000	6000	6000	54	6001
74.500000	6000	6000	54	1
74.554656	6000	2	9	6001
74.555656	6000	6001	53	1
74.579480	6000	7	6	6001
74.592855	6001	6001	54	6000
74.600000	6000	6000	55	6001
74.600000	6000	6000	55	1
74.654855	6000	6001	54	1
74.665975	6000	29	8	6001
74.684621	6000	33	8	6001
74.692855	6001	6001	55	6000
74.700000	6000	6000	56	6001
74.700000	6000	6000	56	1
74.713246	6000	9	13	6001
74.754855	6000	6001	55	1
74.766448	6000	1	13	6001
74.790247	6000	2	8	6001
74.792855	6001	6001	56	6000
74.800000	6000	6000	57	6001
74.800000	6000	6000	57	1
74.854855	6000	6001	56	1
74.892855	6001	6001	57	6000
74.900000	6000	6000	58	6001
74.900000	6000	6000	58	1
74.928152	6000	37	10	6001
74.954855	6000	6001	57	1
74.991146	6000	2	10	6001
74.992855	6001	6001	58	6000
75.000000	6000	6000	59	6001
75.000000	6000	6000	59	1
75.016144	6000	7	7	6001
75.054855	6000	6001	58	1
75.092855	6001	6001	59	6000
75.100000	6000	6000	60	6001
75.100000	6000	6000	60	1
75.103314	6000	29	9	6001
75.121230	6000	33	9	6001
75.148704	6000	9	14	6001
75.154855	6000	6001	59	1
75.192855	6001	6001	60	6000
75.200000	6000	6000	61	6001
75.200000	6000	6000	61	1
75.203447	6000	1	14	6001
75.226709	6000	2	9	6001
75.254855	6000	6001	60	1
75.292855	6001	6001	61	6000
75.300000	6000	6000	62	6001
75.300000	6000	6000	62	1
75.354855	6000	6001	61	1
75.364806	6000	37	11	6001
75.392855	6001	6001	62	6000
75.400000	6000	6000	63	6001
75.400000	6000	6000	63	1
75.423970	6000	2	11	6001
75.448804	6000	7	8	6001
75.454855	6000	6001	62	1
75.492855	6001	6001	63	6000
75.500000	6000	6000	64	6001
75.500000	6000	6000	64	1
75.534793	6000	29	10	6001
75.554855	6000	6001	63	1
75.583049	6000	33	10	6001
75.592855	6001	6001	64	6000
75.600000	6000	6000	65	6001
75.600000	6000	6000	65	1
75.627352	6000	9	15	6001
75.654855	6000	6001	64	1
75.690383	6000	1	15	6001
75.692855	6001	6001	65	6000
75.700000	6000	6000	66	6001
75.700000	6000	6000	66	1
75.715967	6000	2	10	6001
75.754855	6000	6001	65	1
75.792855	6001	6001	66	6000
75.800000	6000	6000	67	6001
75.800000	6000	6000	67	1
75.848870	6000	37	12	6001
75.854855	6000	6001	66	1
75.892855	6001	6001	67	6000
75.900000	6000	6000	68	6001
75.900000	6000	6000	68	1
75.910214	6000	2	12	6001
75.935701	6000	7	9	6001
75.954855	6000	6001	67	1
75.992855	6001	6001	68	6000
76.000000	6000	6000	69	6001
76.000000	6000	6000	69	1
76.023331	6000	29	11	6001
76.042344	6000	33	11	6001
76.054855	6000	6001	68	1
76.070418	6000	9	16	6001
76.092855	6001	6001	69	6000
76.100000	6000	6000	70	6001
76.100000	6000	6000	70	1
76.125875	6000	1	16	6001
76.148506	6000	2	11	6001
76.154855	6000	6001	69	1
76.192855	6001	6001	70	6000
76.200000	6000	6000	71	6001
76.200000	6000	6000	71	1
76.254855	6000	6001	70	1
76.292855	6001	6001	71	6000
76.300000	6000	6000	72	6001
76.300000	6000	6000	72	1
76.303930	6000	37	13	6001
76.354855	6000	6001	71	1
76.363016	6000	2	13	6001
76.388248	6000	7	10	6001
76.392855	6001	6001	72	6000
76.400000	6000	6000	73	6001
76.400000	6000	6000	73	1
76.454855	6000	6001	72	1
76.475579	6000	29	12	6001
76.492855	6001	6001	73	6000
76.493582	6000	33	12	6001
76.500000	6000	6000	74	6001
76.500000	6000	6000	74	1
76.520894	6000	9	17	6001
76.554855	6000	6001	73	1
76.574284	6000	1	17	6001
76.592855	6001	6001	74	6000
76.596848	6000	2	12	6001
76.600000	6000	6000	75	6001
76.600000	6000	6000	75	1
76.654855	6000	6001	74	1
76.692855	6001	6001	75	6000
76.700000	6000	6000	76	6001
76.700000	6000	6000	76	1
76.736523	6000	37	14	6001
76.754855	6000	6001	75	1
76.792855	6001	6001	76	6000
76.795893	6000	2	14	6001
76.800000	6000	6000	77	6001
76.800000	6000	6000	77	1
76.821321	6000	7	11	6001
76.854855	6000	6001	76	1
76.892855	6001	6001	77	6000
76.900000	6000	6000	78	6001
76.900000	6000	6000	78	1
76.905314	6000	29	13	6001
76.922604	6000	33	13	6001
76.949967	6000	9	18	6001
76.954855	6000	6001	77	1
76.992855	6001	6001	78	6000
77.000000	6000	6000	79	6001
77.000000	6000	6000	79	1
77.003437	6000	1	18	6001
77.025857	6000	2	13	6001
77.054855	6000	6001	78	1
77.092855	6001	6001	79	6000
77.100000	6000	6000	80	6001
77.100000	6000	6000	80	1
77.154855	6000	6001	79	1
77.157989	6000	37	15	6001
77.192855	6001	6001	80	6000
77.200000	6000	6000	81	6001
77.200000	6000	6000	81	1
77.222078	6000	2	15	6001
77.246962	6000	7	12	6001
77.254855	6000	6001	80	1
77.292855	6001	6001	81	6000
77.300000	6000	6000	82	6001
77.300000	6000	6000	82	1
77.327423	6000	29	14	6001
77.344042	6000	33	14	6001
77.354855	6000	6001	81	1
77.370243	6000	9	19	6001
77.392855	6001	6001	82	6000
77.400000	6000	6000	83	6001
77.400000	6000	6000	83	1
77.419089	6000	1	19	6001
77.440097	6000	2	14	6001
77.454855	6000	6001	82	1
77.492855	6001	6001	83	6000
77.500000	6000	6000	84	6001
77.500000	6000	6000	84	1
77.554855	6000	6001	83	1
77.557859	6000	37	16	6001
77.592855	6001	6001	84	6000
77.600000	6000	6000	85	6001
77.600000	6000	6000	85	1
77.613386	6000	2	16	6001
77.637657	6000	7	13	6001
77.654855	6000	6001	84	1
77.692855	6001	6001	85	6000
77.700000	6000	6000	86	6001
77.700000	6000	6000	86	1
77.718079	6000	29	15	6001
77.733830	6000	33	15	6001
77.754855	6000	6001	85	1
77.760409	6000	9	20	6001
77.792855	6001	6001	86	6000
77.800000	6000	6000	87	6001
77.800000	6000	6000	87	1
77.811617	6000	1	20	6001
77.831630	6000	2	15	6001
77.854855	6000	6001	86	1
77.892855	6001	6001	87	6000
77.900000	6000	6000	88	6001
77.900000	6000	6000	88	1
77.954229	6000	37	17	6001
77.955229	6000	6001	87	1
77.992855	6001	6001	88	6000
78.000000	6000	6000	89	6001
78.000000	6000	6000	89	1
78.011442	6000	2	17	6001
78.034768	6000	7	14	6001
78.054855	6000	6001	88	1
78.092855	6001	6001	89	6000
78.100000	6000	6000	90	6001
78.100000	6000	6000	90	1
78.119024	6000	29	16	6001
78.134556	6000	33	16	6001
78.154855	6000	6001	89	1
78.165140	6000	9	21	6001
78.192855	6001	6001	90	6000
78.200000	6000	6000	91	6001
78.200000	6000	6000	91	1
78.224795	6000	1	21	6001
78.247802	6000	2	16	6001
78.254855	6000	6001	90	1
78.292855	6001	6001	91	6000
78.300000	6000	6000	92	6001
78.300000	6000	6000	92	1
78.354855	6000	6001	91	1
78.386871	6000	37	18	6001
78.392855	6001	6001	92	6000
78.400000	6000	6000	93	6001
78.400000	6000	6000	93	1
78.454855	6000	6001	92	1
78.459490	6000	2	18	6001
78.485023	6000	7	15	6001
78.492855	6001	6001	93	6000
78.500000	6000	6000	94	6001
78.500000	6000	6000	94	1
78.554855	6000	6001	93	1
78.589039	6000	29	17	6001
78.592855	6001	6001	94	6000
78.600000	6000	6000	95	6001
78.600000	6000	6000	95	1
78.608002	6000	33	17	6001
78.642930	6000	9	22	6001
78.654855	6000	6001	94	1
78.692855	6001	6001	95	6000
78.700000	6000	6000	96	6001
78.700000	6000	6000	96	1
78.703286	6000	1	22	6001
78.726246	6000	2	17	6001
78.754855	6000	6001	95	1
78.792855	6001	6001	96	6000
78.800000	6000	6000	97	6001
78.800000	6000	6000	97	1
78.854855	6000	6001	96	1
78.888286	6000	37	19	6001
78.892855	6001	6001	97	6000
78.900000	6000	6000	98	6001
78.900000	6000	6000	98	1
78.954855	6000	6001	97	1
78.958422	6000	2	19	6001
78.986750	6000	7	16	6001
78.992855	6001	6001	98	6000
79.000000	6000	6000	99	6001
79.000000	6000	6000	99	1
79.054855	6000	6001	98	1
79.092855	6001	6001	99	6000
79.096552	6000	29	18	6001
79.100000	6000	6000	100	6001
79.100000	6000	6000	100	1
79.119308	6000	33	18	6001
79.154855	6000	6001	99	1
79.162216	6000	9	23	6001
79.192855	6001	6001	100	6000
79.200000	6000	6000	101	6001
79.200000	6000	6000	101	1
79.239396	6000	1	23	6001
79.254855	6000	6001	100	1
79.260417	6000	2	18	6001
79.292855	6001	6001	101	6000
79.300000	6000	6000	102	6001
79.300000	6000	6000	102	1
79.354855	6000	6001	101	1
79.392855	6001	6001	102	6000
79.400000	6000	6000	103	6001
79.400000	6000	6000	103	1
79.403198	6000	37	20	6001
79.454855	6000	6001	102	1
79.476463	6000	2	20	6001
79.492855	6001	6001	103	6000
79.500000	6000	6000	104	6001
79.500000	6000	6000	104	1
79.502244	6000	7	17	6001
79.554855	6000	6001	103	1
79.590037	6000	29	19	6001
79.592855	6001	6001	104	6000
79.600000	6000	6000	105	6001
79.600000	6000	6000	105	1
79.606560	6000	33	19	6001
79.636390	6000	9	24	6001
79.654855	6000	6001	104	1
79.690908	6000	1	24	6001
79.692855	6001	6001	105	6000
79.700000	6000	6000	106	6001
79.700000	6000	6000	106	1
79.713479	6000	2	19	6001
79.754855	6000	6001	105	1
79.792855	6001	6001	106	6000
79.800000	6000	6000	107	6001
79.800000	6000	6000	107	1
79.842515	6000	37	21	6001
79.854855	6000	6001	106	1
79.892855	6001	6001	107	6000
79.900000	6000	6000	108	6001
79.900000	6000	6000	108	1
79.900131	6000	2	21	6001
79.923490	6000	7	18	6001
79.954855	6000	6001	107	1
79.992855	6001	6001	108	6000
80.000000	6000	6000	109	6001
80.000000	6000	6000	109	1
80.015202	6000	29	20	6001
80.033084	6000	33	20	6001
80.054855	6000	6001	108	1
80.066852	6000	9	25	6001
80.092855	6001	6001	109	6000
80.100000	6000	6000	110	6001
80.100000	6000	6000	110	1
80.118696	6000	1	25	6001
80.139006	6000	2	20	6001
80.154855	6000	6001	109	1
80.192855	6001	6001	110	6000
80.200000	6000	6000	111	6001
80.200000	6000	6000	111	1
80.254855	6000	6001	110	1
80.279486	6000	37	22	6001
80.292855	6001	6001	111	6000
80.300000	6000	6000	112	6001
80.300000	6000	6000	112	1
80.340311	6000	2	22	6001
80.354855	6000	6001	111	1
80.365082	6000	7	19	6001
80.392855	6001	6001	112	6000
80.400000	6000	6000	113	6001
80.400000	6000	6000	113	1
80.449954	6000	29	21	6001
80.454855	6000	6001	112	1
80.466574	6000	33	21	6001
80.492855	6001	6001	113	6000
80.495764	6000	9	26	6001
80.500000	6000	6000	114	6001
80.500000	6000	6000	114	1
80.548452	6000	1	26	6001
80.554855	6000	6001	113	1
80.569440	6000	2	21	6001
80.592855	6001	6001	114	6000
80.600000	6000	6000	115	6001
80.600000	6000	6000	115	1
80.654855	6000	6001	114	1
80.692855	6001	6001	115	6000
80.698869	6000	37	23	6001
80.700000	6000	6000	116	6001
80.700000	6000	6000	116	1
80.754855	6000	6001	115	1
80.756360	6000	2	23	6001
80.780288	6000	7	20	6001
80.792855	6001	6001	116	6000
80.800000	6000	6000	117	6001
80.800000	6000	6000	117	1
80.854855	6000	6001	116	1
80.864562	6000	29	22	6001
80.880106	6000	33	22	6001
80.892855	6001	6001	117	6000
80.900000	6000	6000	118	6001
80.900000	6000	6000	118	1
80.908953	6000	9	27	6001
80.954855	6000	6001	117	1
80.962895	6000	1	27	6001
80.982910	6000	2	22	6001
80.992855	6001	6001	118	6000
81.000000	6000	6000	119	6001
81.000000	6000	6000	119	1
81.054855	6000	6001	118	1
81.092855	6001	6001	119	6000
81.100000	6000	6000	120	6001
81.100000	6000	6000	120	1
81.110543	6000	37	24	6001
81.154855	6000	6001	119	1
81.166870	6000	2	24	6001
81.191334	6000	7	21	6001
81.192855	6001	6001	120	6000
81.200000	6000	6000	121	6001
81.200000	6000	6000	121	1
81.254855	6000	6001	120	1
81.272823	6000	29	23	6001
81.288296	6000	33	23	6001
81.292855	6001	6001	121	6000
81.300000	6000	6000	122	6001
81.300000	6000	6000	122	1
81.315999	6000	9	28	6001
81.354855	6000	6001	121	1
81.365860	6000	1	28	6001
81.385216	6000	2	23	6001
81.392855	6001	6001	122	6000
81.400000	6000	6000	123	6001
81.400000	6000	6000	123	1
81.454855	6000	6001	122	1
81.492855	6001	6001	123	6000
81.500000	6000	6000	124	6001
81.500000	6000	6000	124	1
81.511370	6000	37	25	6001
81.554855	6000	6001	123	1
81.568151	6000	2	25	6001
81.591514	6000	7	22	6001
81.592855	6001	6001	124	6000
81.600000	6000	6000	125	6001
81.600000	6000	6000	125	1
81.654855	6000	6001	124	1
81.672944	6000	29	24	6001
81.690965	6000	33	24	6001
81.692855	6001	6001	125	6000
81.700000	6000	6000	126	6001
81.700000	6000	6000	126	1
81.722197	6000	9	29	6001
81.754855	6000	6001	125	1
81.771229	6000	1	29	6001
81.790211	6000	2	24	6001
81.792855	6001	6001	126	6000
81.800000	6000	6000	127	6001
81.800000	6000	6000	127	1
81.854855	6000	6001	126	1
81.892855	6001	6001	127	6000
81.900000	6000	6000	128	6001
81.900000	6000	6000	128	1
81.914463	6000	37	26	6001
81.954855	6000	6001	127	1
81.969837	6000	2	26	6001
81.992855	6001	6001	128	6000
81.993831	6000	7	23	6001
82.000000	6000	6000	129	6001
82.000000	6000	6000	129	1
82.054855	6000	6001	128	1
82.077295	6000	29	25	6001
82.092855	6001	6001	129	6000
82.092921	6000	33	25	6001
82.100000	6000	6000	130	6001
82.100000	6000	6000	130	1
82.121640	6000	9	30	6001
82.154855	6000	6001	129	1
82.175105	6000	1	30	6001
82.192855	6001	6001	130	6000
82.198782	6000	2	25	6001
82.200000	6000	6000	131	6001
82.200000	6000	6000	131	1
82.254855	6000	6001	130	1
82.292855	6001	6001	131	6000
82.300000	6000	6000	132	6001
82.300000	6000	6000	132	1
82.352524	6000	37	27	6001
82.354855	6000	6001	131	1
82.392855	6001	6001	132	6000
82.400000	6000	6000	133	6001
82.400000	6000	6000	133	1
82.428426	6000	2	27	6001
82.454855	6000	6001	132	1
82.463765	6000	7	24	6001
82.492855	6001	6001	133	6000
82.500000	6000	6000	134	6001
82.500000	6000	6000	134	1
82.554855	6000	6001	133	1
82.563132	6000	29	26	6001
82.577848	6000	33	26	6001
82.592855	6001	6001	134	6000
82.600000	6000	6000	135	6001
82.600000	6000	6000	135	1
82.612481	6000	9	31	6001
82.654855	6000	6001	134	1
82.676292	6000	1	31	6001
82.692855	6001	6001	135	6000
82.700000	6000	6000	136	6001
82.700000	6000	6000	136	1
82.702769	6000	2	26	6001
82.754855	6000	6001	135	1
82.792855	6001	6001	136	6000
82.800000	6000	6000	137	6001
82.800000	6000	6000	137	1
82.841084	6000	37	28	6001
82.854855	6000	6001	136	1
82.892855	6001	6001	137	6000
82.900000	6000	6000	138	6001
82.900000	6000	6000	138	1
82.904310	6000	2	28	6001
82.928105	6000	7	25	6001
82.954855	6000	6001	137	1
82.992855	6001	6001	138	6000
83.000000	6000	6000	139	6001
83.000000	6000	6000	139	1
83.017275	6000	29	27	6001
83.032950	6000	33	27	6001
83.054855	6000	6001	138	1
83.066419	6000	9	32	6001
83.092855	6001	6001	139	6000
83.100000	6000	6000	140	6001
83.100000	6000	6000	140	1
83.118762	6000	1	32	6001
83.141249	6000	2	27	6001
83.154855	6000	6001	139	1
83.192855	6001	6001	140	6000
83.200000	6000	6000	141	6001
83.200000	6000	6000	141	1
83.254855	6000	6001	140	1
83.274431	6000	37	29	6001
83.292855	6001	6001	141	6000
83.300000	6000	6000	142	6001
83.300000	6000	6000	142	1
83.333627	6000	2	29	6001
83.354855	6000	6001	141	1
83.357653	6000	7	26	6001
83.392855	6001	6001	142	6000
83.400000	6000	6000	143	6001
83.400000	6000	6000	143	1
83.454855	6000	6001	142	1
83.461248	6000	29	28	6001
83.476422	6000	33	28	6001
83.492855	6001	6001	143	6000
83.500000	6000	6000	144	6001
83.500000	6000	6000	144	1
83.507322	6000	9	33	6001
83.554855	6000	6001	143	1
83.567882	6000	1	33	6001
83.591165	6000	2	28	6001
83.592855	6001	6001	144	6000
83.600000	6000	6000	145	6001
83.600000	6000	6000	145	1
83.654855	6000	6001	144	1
83.692855	6001	6001	145	6000
83.700000	6000	6000	146	6001
83.700000	6000	6000	146	1
83.726627	6000	37	30	6001
83.754855	6000	6001	145	1
83.786007	6000	2	30	6001
83.792855	6001	6001	146	6000
83.800000	6000	6000	147	6001
83.800000	6000	6000	147	1
83.809961	6000	7	27	6001
83.854855	6000	6001	146	1
83.892855	6001	6001	147	6000
83.895841	6000	29	29	6001
83.900000	6000	6000	148	6001
83.900000	6000	6000	148	1
83.910448	6000	33	29	6001
83.940147	6000	9	34	6001
83.954855	6000	6001	147	1
83.990969	6000	1	34	6001
83.992855	6001	6001	148	6000
84.000000	6000	6000	149	6001
84.000000	6000	6000	149	1
84.014592	6000	2	29	6001
84.054855	6000	6001	148	1
84.092855	6001	6001	149	6000
84.100000	6000	6000	150	6001
84.100000	6000	6000	150	1
84.142381	6000	37	31	6001
84.154855	6000	6001	149	1
84.192855	6001	6001	150	6000
84.200000	6000	6000	151	6001
84.200000	6000	6000	151	1
84.212167	6000	2	31	6001
84.236238	6000	7	28	6001
84.254855	6000	6001	150	1
84.292855	6001	6001	151	6000
84.300000	6000	6000	152	6001
84.300000	6000	6000	152	1
84.331515	6000	29	30	6001
84.347016	6000	33	30	6001
84.354855	6000	6001	151	1
84.392855	6001	6001	152	6000
84.393011	6000	9	35	6001
84.400000	6000	6000	153	6001
84.400000	6000	6000	153	1
84.443788	6000	1	35	6001
84.454855	6000	6001	152	1
84.473332	6000	2	30	6001
84.492855	6001	6001	153	6000
84.500000	6000	6000	154	6001
84.500000	6000	6000	154	1
84.554855	6000	6001	153	1
84.592855	6001	6001	154	6000
84.600000	6000	6000	155	6001
84.600000	6000	6000	155	1
84.611078	6000	37	32	6001
84.654855	6000	6001	154	1
84.671647	6000	2	32	6001
84.692855	6001	6001	155	6000
84.696748	6000	7	29	6001
84.700000	6000	6000	156	6001
84.700000	6000	6000	156	1
84.754855	6000	6001	155	1
84.785013	6000	29	31	6001
84.792855	6001	6001	156	6000
84.799488	6000	33	31	6001
84.800000	6000	6000	157	6001
84.800000	6000	6000	157	1
84.832909	6000	9	36	6001
84.854855	6000	6001	156	1
84.870590	6000	2	30	6001
84.882597	6000	1	36	6001
84.892855	6001	6001	157	6000
84.900000	6000	6000	158	6001
84.900000	6000	6000	158	1
84.907588	6000	2	31	6001
84.951748	6000	34	35	6001
84.954855	6000	6001	157	1
84.992855	6001	6001	158	6000
85.000000	6000	6000	159	6001
85.000000	6000	6000	159	1
85.040054	6000	37	33	6001
85.054855	6000	6001	158	1
85.092855	6001	6001	159	6000
85.098943	6000	2	33	6001
85.100000	6000	6000	160	6001
85.100000	6000	6000	160	1
85.121354	6000	7	30	6001
85.154855	6000	6001	159	1
85.192855	6001	6001	160	6000
85.200000	6000	6000	161	6001
85.200000	6000	6000	161	1
85.209441	6000	29	32	6001
85.223893	6000	33	32	6001
85.254855	6000	6001	160	1
85.256946	6000	9	37	6001
85.292365	6000	2	31	6001
85.292855	6001	6001	161	6000
85.300000	6000	6000	162	6001
85.300000	6000	6000	162	1
85.304857	6000	1	37	6001
85.326973	6000	2	32	6001
85.354855	6000	6001	161	1
85.371420	6000	34	36	6001
85.392855	6001	6001	162	6000
85.400000	6000	6000	163	6001
85.400000	6000	6000	163	1
85.454855	6000	6001	162	1
85.456687	6000	37	34	6001
85.492855	6001	6001	163	6000
85.500000	6000	6000	164	6001
85.500000	6000	6000	164	1
85.514480	6000	2	34	6001
85.536610	6000	7	31	6001
85.554855	6000	6001	163	1
85.592855	6001	6001	164	6000
85.600000	6000	6000	165	6001
85.600000	6000	6000	165	1
85.619985	6000	29	33	6001
85.633783	6000	33	33	6001
85.654855	6000	6001	164	1
85.666439	6000	9	38	6001
85.692855	6001	6001	165	6000
85.700000	6000	6000	166	6001
85.700000	6000	6000	166	1
85.701830	6000	2	32	6001
85.714183	6000	1	38	6001
85.735636	6000	2	33	6001
85.754855	6000	6001	165	1
85.779160	6000	34	37	6001
85.792855	6001	6001	166	6000
85.800000	6000	6000	167	6001
85.800000	6000	6000	167	1
85.854855	6000	6001	166	1
85.892855	6001	6001	167	6000
85.900000	6000	6000	168	6001
85.900000	6000	6000	168	1
85.917536	6000	2	35	6001
85.954855	6000	6001	167	1
85.992855	6001	6001	168	6000
86.000000	6000	6000	169	6001
86.000000	6000	6000	169	1
86.054855	6000	6001	168	1
86.092855	6001	6001	169	6000
86.100000	6000	6000	170	6001
86.100000	6000	6000	170	1
86.110360	6000	1	39	6001
86.154855	6000	6001	169	1
86.192855	6001	6001	170	6000
86.200000	6000	6000	171	6001
86.200000	6000	6000	171	1
86.254855	6000	6001	170	1
86.292855	6001	6001	171	6000
86.300000	6000	6000	172	6001
86.300000	6000	6000	172	1
86.327749	6000	2	36	6001
86.354855	6000	6001	171	1
86.392855	6001	6001	172	6000
86.400000	6000	6000	173	6001
86.400000	6000	6000	173	1
86.454855	6000	6001	172	1
86.492855	6001	6001	173	6000
86.500000	6000	6000	174	6001
86.500000	6000	6000	174	1
86.521238	6000	1	40	6001
86.554855	6000	6001	173	1
86.592855	6001	6001	174	6000
86.600000	6000	6000	175	6001
86.600000	6000	6000	175	1
86.654855	6000	6001	174	1
86.692855	6001	6001	175	6000
86.700000	6000	6000	176	6001
86.700000	6000	6000	176	1
86.724589	6000	2	37	6001
86.754855	6000	6001	175	1
86.792855	6001	6001	176	6000
86.800000	6000	6000	177	6001
86.800000	6000	6000	177	1
86.854855	6000	6001	176	1
86.892855	6001	6001	177	6000
86.900000	6000	6000	178	6001
86.900000	6000	6000	178	1
86.921285	6000	1	41	6001
86.954855	6000	6001	177	1
86.992855	6001	6001	178	6000
87.000000	6000	6000	179	6001
87.000000	6000	6000	179	1
87.054855	6000	6001	178	1
87.092855	6001	6001	179	6000
87.100000	6000	6000	180	6001
87.100000	6000	6000	180	1
87.131433	6000	2	38	6001
87.154855	6000	6001	179	1
87.192855	6001	6001	180	6000
87.200000	6000	6000	181	6001
87.200000	6000	6000	181	1
87.254855	6000	6001	180	1
87.292855	6001	6001	181	6000
87.300000	6000	6000	182	6001
87.300000	6000	6000	182	1
87.347128	6000	1	42	6001
87.354855	6000	6001	181	1
87.392855	6001	6001	182	6000
87.400000	6000	6000	183	6001
87.400000	6000	6000	183	1
87.454855	6000	6001	182	1
87.492855	6001	6001	183	6000
87.500000	6000	6000	184	6001
87.500000	6000	6000	184	1
87.554855	6000	6001	183	1
87.558244	6000	2	39	6001
87.592855	6001	6001	184	6000
87.600000	6000	6000	185	6001
87.600000	6000	6000	185	1
87.654855	6000	6001	184	1
87.692855	6001	6001	185	6000
87.700000	6000	6000	186	6001
87.700000	6000	6000	186	1
87.754855	6000	6001	185	1
87.758291	6000	1	43	6001
87.792855	6001	6001	186	6000
87.800000	6000	6000	187	6001
87.800000	6000	6000	187	1
87.854855	6000	6001	186	1
87.892855	6001	6001	187	6000
87.900000	6000	6000	188	6001
87.900000	6000	6000	188	1
87.954855	6000	6001	187	1
87.968705	6000	2	40	6001
87.992855	6001	6001	188	6000
88.000000	6000	6000	189	6001
88.000000	6000	6000	189	1
88.054855	6000	6001	188	1
88.092855	6001	6001	189	6000
88.100000	6000	6000	190	6001
88.100000	6000	6000	190	1
88.154855	6000	6001	189	1
88.165015	6000	1	44	6001
88.192855	6001	6001	190	6000
88.200000	6000	6000	191	6001
88.200000	6000	6000	191	1
88.254855	6000	6001	190	1
88.292855	6001	6001	191	6000
88.300000	6000	6000	192	6001
88.300000	6000	6000	192	1
88.354855	6000	6001	191	1
88.378919	6000	2	41	6001
88.392855	6001	6001	192	6000
88.400000	6000	6000	193	6001
88.400000	6000	6000	193	1
88.454855	6000	6001	192	1
88.492855	6001	6001	193	6000
88.500000	6000	6000	194	6001
88.500000	6000	6000	194	1
88.592855	6001	6001	194	6000
88.600000	6000	6000	195	6001
88.607350	6000	1	45	6001
88.692855	6001	6001	195	6000
88.700000	6000	6000	196	6001
88.792855	6001	6001	196	6000
88.800000	6000	6000	197	6001
88.842149	6000	2	42	6001
88.892855	6001	6001	197	6000
88.900000	6000	6000	198	6001
88.992855	6001	6001	198	6000
89.000000	6000	6000	199	6001
89.054412	6000	1	46	6001
89.092855	6001	6001	199	6000
89.100000	6000	6000	200	6001
89.192855	6001	6001	200	6000
89.200000	6000	6000	201	6001
89.262732	6000	2	43	6001
89.292855	6001	6001	201	6000
89.300000	6000	6000	202	6001
89.392855	6001	6001	202	6000
89.400000	6000	6000	203	6001
89.451377	6000	1	47	6001
89.492855	6001	6001	203	6000
89.500000	6000	6000	204	6001
89.592855	6001	6001	204	6000
89.600000	6000	6000	205	6001
89.637025	6000	2	44	6001
89.692855	6001	6001	205	6000
89.700000	6000	6000	206	6001
89.792855	6001	6001	206	6000
89.800000	6000	6000	207	6001
89.831195	6000	1	48	6001
89.892855	6001	6001	207	6000
89.900000	6000	6000	208	6001
89.992855	6001	6001	208	6000
90.000000	6000	6000	209	6001
90.046705	6000	2	45	6001
90.092855	6001	6001	209	6000
90.100000	6000	6000	210	6001
90.192855	6001	6001	210	6000
90.200000	6000	6000	211	6001
90.241258	6000	1	49	6001
90.292855	6001	6001	211	6000
90.300000	6000	6000	212	6001
90.392855	6001	6001	212	6000
90.400000	6000	6000	213	6001
90.451566	6000	2	46	6001
90.492855	6001	6001	213	6000
90.500000	6000	6000	214	6001
90.592855	6001	6001	214	6000
90.600000	6000	6000	215	6001
90.642448	6000	1	50	6001
90.692855	6001	6001	215	6000
90.700000	6000	6000	216	6001
90.792855	6001	6001	216	6000
90.800000	6000	6000	217	6001
90.833790	6000	2	47	6001
90.892855	6001	6001	217	6000
90.900000	6000	6000	218	6001
90.992855	6001	6001	218	6000
91.000000	6000	6000	219	6001
91.013651	6000	1	51	6001
91.092855	6001	6001	219	6000
91.100000	6000	6000	220	6001
91.192855	6001	6001	220	6000
91.200000	6000	6000	221	6001
91.201483	6000	2	48	6001
91.292855	6001	6001	221	6000
91.300000	6000	6000	222	6001
91.377490	6000	1	52	6001
91.392855	6001	6001	222	6000
91.400000	6000	6000	223	6001
91.492855	6001	6001	223	6000
91.500000	6000	6000	224	6001
91.556372	6000	2	49	6001
91.592855	6001	6001	224	6000
91.600000	6000	6000	225	6001
91.692855	6001	6001	225	6000
91.700000	6000	6000	226	6001
91.729981	6000	1	53	6001
91.792855	6001	6001	226	6000
91.800000	6000	6000	227	6001
91.892855	6001	6001	227	6000
91.900000	6000	6000	228	6001
91.910702	6000	2	50	6001
91.992855	6001	6001	228	6000
92.000000	6000	6000	229	6001
92.085109	6000	1	54	6001
92.092855	6001	6001	229	6000
92.100000	6000	6000	230	6001
92.192855	6001	6001	230	6000
92.200000	6000	6000	231	6001
92.282159	6000	2	51	6001
92.292855	6001	6001	231	6000
92.300000	6000	6000	232	6001
92.392855	6001	6001	232	6000
92.400000	6000	6000	233	6001
92.450301	6000	1	55	6001
92.492855	6001	6001	233	6000
92.500000	6000	6000	234	6001
92.592855	6001	6001	234	6000
92.600000	6000	6000	235	6001
92.623009	6000	2	52	6001
92.692855	6001	6001	235	6000
92.700000	6000	6000	236	6001
92.789801	6000	1	56	6001
92.792855	6001	6001	236	6000
92.800000	6000	6000	237	6001
92.892855	6001	6001	237	6000
92.900000	6000	6000	238	6001
92.960567	6000	2	53	6001
92.992855	6001	6001	238	6000
93.000000	6000	6000	239	6001
93.092855	6001	6001	239	6000
93.100000	6000	6000	240	6001
93.126040	6000	1	57	6001
93.192855	6001	6001	240	6000
93.200000	6000	6000	241	6001
93.292855	6001	6001	241	6000
93.299787	6000	2	54	6001
93.300000	6000	6000	242	6001
93.392855	6001	6001	242	6000
93.400000	6000	6000	243	6001
93.464786	6000	1	58	6001
93.492855	6001	6001	243	6000
93.500000	6000	6000	244	6001
93.592855	6001	6001	244	6000
93.600000	6000	6000	245	6001
93.658094	6000	2	55	6001
93.692855	6001	6001	245	6000
93.700000	6000	6000	246	6001
93.792855	6001	6001	246	6000
93.800000	6000	6000	247	6001
93.831287	6000	1	59	6001
93.892855	6001	6001	247	6000
93.900000	6000	6000	248	6001
93.992855	6001	6001	248	6000
94.000000	6000	6000	249	6001
94.010736	6000	2	56	6001
94.092855	6001	6001	249	6000
94.100000	6000	6000	250	6001
94.189734	6000	1	60	6001
94.192855	6001	6001	250	6000
94.200000	6000	6000	251	6001
94.292855	6001	6001	251	6000
94.300000	6000	6000	252	6001
94.379112	6000	2	57	6001
94.392855	6001	6001	252	6000
94.400000	6000	6000	253	6001
94.492855	6001	6001	253	6000
94.500000	6000	6000	254	6001
94.573433	6000	1	61	6001
94.592855	6001	6001	254	6000
94.600000	6000	6000	255	6001
94.692855	6001	6001	255	6000
94.700000	6000	6000	256	6001
94.785967	6000	2	58	6001
94.792855	6001	6001	256	6000
94.800000	6000	6000	257	6001
94.892855	6001	6001	257	6000
94.900000	6000	6000	258	6001
94.991644	6000	1	62	6001
94.992855	6001	6001	258	6000
95.000000	6000	6000	259	6001
95.092855	6001	6001	259	6000
95.100000	6000	6000	260	6001
95.191322	6000	2	59	6001
95.192855	6001	6001	260	6000
95.200000	6000	6000	261	6001
95.292855	6001	6001	261	6000
95.300000	6000	6000	262	6001
95.362511	6000	1	63	6001
95.392855	6001	6001	262	6000
95.400000	6000	6000	263	6001
95.492855	6001	6001	263	6000
95.500000	6000	6000	264	6001
95.536338	6000	2	60	6001
95.592855	6001	6001	264	6000
95.600000	6000	6000	265	6001
95.692855	6001	6001	265	6000
95.700000	6000	6000	266	6001
95.709584	6000	1	64	6001
95.792855	6001	6001	266	6000
95.800000	6000	6000	267	6001
95.881469	6000	2	61	6001
95.892855	6001	6001	267	6000
95.900000	6000	6000	268	6001
95.992855	6001	6001	268	6000
96.000000	6000	6000	269	6001
96.045153	6000	1	65	6001
96.092855	6001	6001	269	6000
96.100000	6000	6000	270	6001
96.192855	6001	6001	270	6000
96.200000	6000	6000	271	6001
96.220704	6000	2	62	6001
96.292855	6001	6001	271	6000
96.300000	6000	6000	272	6001
96.392855	6001	6001	272	6000
96.397265	6000	1	66	6001
96.400000	6000	6000	273	6001
96.492855	6001	6001	273	6000
96.500000	6000	6000	274	6001
96.568220	6000	2	63	6001
96.592855	6001	6001	274	6000
96.600000	6000	6000	275	6001
96.692855	6001	6001	275	6000
96.700000	6000	6000	276	6001
96.734735	6000	1	67	6001
96.792855	6001	6001	276	6000
96.800000	6000	6000	277	6001
96.892855	6001	6001	277	6000
96.900000	6000	6000	278	6001
96.907450	6000	2	64	6001
96.992855	6001	6001	278	6000
97.000000	6000	6000	279	6001
97.073650	6000	1	68	6001
97.092855	6001	6001	279	6000
97.100000	6000	6000	280	6001
97.192855	6001	6001	280	6000
97.200000	6000	6000	281	6001
97.249015	6000	2	65	6001
97.292855	6001	6001	281	6000
97.300000	6000	6000	282	6001
97.392855	6001	6001	282	6000
97.400000	6000	6000	283	6001
97.413848	6000	1	69	6001
97.492855	6001	6001	283	6000
97.500000	6000	6000	284	6001
97.586122	6000	2	66	6001
97.592855	6001	6001	284	6000
97.600000	6000	6000	285	6001
97.692855	6001	6001	285	6000
97.700000	6000	6000	286	6001
97.753661	6000	1	70	6001
97.792855	6001	6001	286	6000
97.800000	6000	6000	287	6001
97.892855	6001	6001	287	6000
97.900000	6000	6000	288	6001
97.927623	6000	2	67	6001
97.992855	6001	6001	288	6000
98.000000	6000	6000	289	6001
98.092855	6001	6001	289	6000
98.097693	6000	1	71	6001
98.100000	6000	6000	290	6001
98.192855	6001	6001	290	6000
98.200000	6000	6000	291	6001
98.288138	6000	2	68	6001
98.292855	6001	6001	291	6000
98.300000	6000	6000	292	6001
98.392855	6001	6001	292	6000
98.400000	6000	6000	293	6001
98.459651	6000	1	72	6001
98.492855	6001	6001	293	6000
98.500000	6000	6000	294	6001
98.592855	6001	6001	294	6000
98.600000	6000	6000	295	6001
98.648082	6000	2	69	6001
98.692855	6001	6001	295	6000
98.700000	6000	6000	296	6001
98.792855	6001	6001	296	6000
98.800000	6000	6000	297	6001
98.813207	6000	1	73	6001
98.892855	6001	6001	297	6000
98.900000	6000	6000	298	6001
98.992855	6001	6001	298	6000
99.000000	6000	6000	299	6001
99.003095	6000	2	70	6001
99.092855	6001	6001	299	6000
99.100000	6000	6000	300	6001
99.189782	6000	1	74	6001
99.192855	6001	6001	300	6000
99.200000	6000	6000	301	6001
99.292855	6001	6001	301	6000
99.300000	6000	6000	302	6001
99.392855	6001	6001	302	6000
99.393238	6000	2	71	6001
99.400000	6000	6000	303	6001
99.492855	6001	6001	303	6000
99.500000	6000	6000	304	6001
99.592855	6001	6001	304	6000
99.600000	6000	6000	305	6001
99.602012	6000	1	75	6001
99.692855	6001	6001	305	6000
99.700000	6000	6000	306	6001
99.792855	6001	6001	306	6000
99.800000	6000	6000	307	6001
99.802427	6000	2	72	6001
99.892855	6001	6001	307	6000
99.900000	6000	6000	308	6001
99.992854	6000	1	76	6001
99.992855	6001	6001	308	6000
100.000000	6000	6000	309	6001
100.092855	6001	6001	309	6000
100.100000	6000	6000	310	6001
100.192855	6001	6001	310	6000
100.196233	6000	2	73	6001
100.200000	6000	6000	311	6001
100.292855	6001	6001	311	6000
100.300000	6000	6000	312	6001
100.392855	6001	6001	312	6000
100.393146	6000	1	77	6001
100.400000	6000	6000	313	6001
100.492855	6001	6001	313	6000
100.500000	6000	6000	314	6001
100.588142	6000	2	74	6001
100.592855	6001	6001	314	6000
100.600000	6000	6000	315	6001
100.692855	6001	6001	315	6000
100.700000	6000	6000	316	6001
100.766370	6000	1	78	6001
100.792855	6001	6001	316	6000
100.800000	6000	6000	317	6001
100.892855	6001	6001	317	6000
100.900000	6000	6000	318	6001
100.954676	6000	2	75	6001
100.992855	6001	6001	318	6000
101.000000	6000	6000	319	6001
101.092855	6001	6001	319	6000
101.100000	6000	6000	320	6001
101.132113	6000	1	79	6001
101.192855	6001	6001	320	6000
101.200000	6000	6000	321	6001
101.292855	6001	6001	321	6000
101.300000	6000	6000	322	6001
101.327352	6000	2	76	6001
101.392855	6001	6001	322	6000
101.400000	6000	6000	323	6001
101.492855	6001	6001	323	6000
101.500000	6000	6000	324	6001
101.508208	6000	1	80	6001
101.592855	6001	6001	324	6000
101.600000	6000	6000	325	6001
101.692855	6001	6001	325	6000
101.694982	6000	2	77	6001
101.700000	6000	6000	326	6001
101.792855	6001	6001	326	6000
101.800000	6000	6000	327	6001
101.864661	6000	1	81	6001
101.892855	6001	6001	327	6000
101.900000	6000	6000	328	6001
101.992855	6001	6001	328	6000
102.000000	6000	6000	329	6001
102.047015	6000	2	78	6001
102.092855	6001	6001	329	6000
102.100000	6000	6000	330	6001
102.192855	6001	6001	330	6000
102.200000	6000	6000	331	6001
102.224679	6000	1	82	6001
102.292855	6001	6001	331	6000
102.300000	6000	6000	332	6001
102.392855	6001	6001	332	6000
102.400000	6000	6000	333	6001
102.416161	6000	2	79	6001
102.492855	6001	6001	333	6000
102.500000	6000	6000	334	6001
102.587366	6000	1	83	6001
102.592855	6001	6001	334	6000
102.600000	6000	6000	335	6001
102.692855	6001	6001	335	6000
102.700000	6000	6000	336	6001
102.773478	6000	2	80	6001
102.792855	6001	6001	336	6000
102.800000	6000	6000	337	6001
102.892855	6001	6001	337	6000
102.900000	6000	6000	338	6001
102.948227	6000	1	84	6001
102.992855	6001	6001	338	6000
103.000000	6000	6000	339	6001
103.092855	6001	6001	339	6000
103.100000	6000	6000	340	6001
103.134388	6000	2	81	6001
103.192855	6001	6001	340	6000
103.200000	6000	6000	341	6001
103.292855	6001	6001	341	6000
103.300000	6000	6000	342	6001
103.308879	6000	1	85	6001
103.392855	6001	6001	342	6000
103.400000	6000	6000	343	6001
103.491988	6000	2	82	6001
103.492855	6001	6001	343	6000
103.500000	6000	6000	344	6001
103.592855	6001	6001	344	6000
103.600000	6000	6000	345	6001
103.676402	6000	1	86	6001
103.692855	6001	6001	345	6000
103.700000	6000	6000	346	6001
103.792855	6001	6001	346	6000
103.800000	6000	6000	347	6001
103.864939	6000	2	83	6001
103.892855	6001	6001	347	6000
103.900000	6000	6000	348	6001
103.992855	6001	6001	348	6000
104.000000	6000	6000	349	6001
104.039463	6000	1	87	6001
104.092855	6001	6001	349	6000
104.100000	6000	6000	350	6001
104.192855	6001	6001	350	6000
104.200000	6000	6000	351	6001
104.230557	6000	2	84	6001
104.292855	6001	6001	351	6000
104.300000	6000	6000	352	6001
104.392855	6001	6001	352	6000
104.400000	6000	6000	353	6001
104.410679	6000	1	88	6001
104.492855	6001	6001	353	6000
104.500000	6000	6000	354	6001
104.592717	6000	2	85	6001
104.592855	6001	6001	354	6000
104.600000	6000	6000	355	6001
104.692855	6001	6001	355	6000
104.700000	6000	6000	356	6001
104.751723	6000	1	89	6001
104.792855	6001	6001	356	6000
104.800000	6000	6000	357	6001
104.892855	6001	6001	357	6000
104.900000	6000	6000	358	6001
104.925814	6000	2	86	6001
104.992855	6001	6001	358	6000
105.000000	6000	6000	359	6001
105.092855	6001	6001	359	6000
105.093108	6000	1	90	6001
105.100000	6000	6000	360	6001
105.200000	6000	6000	361	6001
105.292031	6000	2	87	6001
105.300000	6000	6000	362	6001
105.400000	6000	6000	363	6001
105.492474	6000	1	91	6001
105.500000	6000	6000	364	6001
105.600000	6000	6000	365	6001
105.700000	6000	6000	366	6001
105.723677	6000	2	88	6001
105.800000	6000	6000	367	6001
105.900000	6000	6000	368	6001
105.928427	6000	1	92	6001
106.000000	6000	6000	369	6001
106.100000	6000	6000	370	6001
106.140119	6000	2	89	6001
106.200000	6000	6000	371	6001
106.300000	6000	6000	372	6001
106.380453	6000	1	93	6001
106.400000	6000	6000	373	6001
106.500000	6000	6000	374	6001
106.597776	6000	2	90	6001
106.600000	6000	6000	375	6001
106.700000	6000	6000	376	6001
106.800000	6000	6000	377	6001
106.806984	6000	1	94	6001
106.900000	6000	6000	378	6001
107.000000	6000	6000	379	6001
107.018202	6000	2	91	6001
107.100000	6000	6000	380	6001
107.200000	6000	6000	381	6001
107.226942	6000	1	95	6001
107.300000	6000	6000	382	6001
107.400000	6000	6000	383	6001
107.441686	6000	2	92	6001
107.500000	6000	6000	384	6001
107.600000	6000	6000	385	6001
107.638700	6000	1	96	6001
107.700000	6000	6000	386	6001
107.800000	6000	6000	387	6001
107.851640	6000	2	93	6001
107.900000	6000	6000	388	6001
108.000000	6000	6000	389	6001
108.045859	6000	1	97	6001
108.100000	6000	6000	390	6001
108.200000	6000	6000	391	6001
108.269780	6000	2	94	6001
108.300000	6000	6000	392	6001
108.400000	6000	6000	393	6001
108.469526	6000	1	98	6001
108.500000	6000	6000	394	6001
108.600000	6000	6000	395	6001
108.683852	6000	2	95	6001
108.700000	6000	6000	396	6001
108.800000	6000	6000	397	6001
108.878487	6000	1	99	6001
108.900000	6000	6000	398	6001
109.000000	6000	6000	399	6001
109.080339	6000	2	96	6001
109.100000	6000	6000	400	6001
109.200000	6000	6000	401	6001
109.271485	6000	1	100	6001
109.300000	6000	6000	402	6001
109.400000	6000	6000	403	6001
109.471134	6000	2	97	6001
109.500000	6000	6000	404	6001
109.600000	6000	6000	405	6001
109.660628	6000	1	101	6001
109.700000	6000	6000	406	6001
109.800000	6000	6000	407	6001
109.872443	6000	2	98	6001
109.900000	6000	6000	408	6001
110.000000	6000	6000	409	6001
110.065829	6000	1	102	6001
110.100000	6000	6000	410	6001
110.200000	6000	6000	411	6001
110.282897	6000	2	99	6001
110.300000	6000	6000	412	6001
110.400000	6000	6000	413	6001
110.483671	6000	1	103	6001
110.500000	6000	6000	414	6001
110.600000	6000	6000	415	6001
110.697740	6000	2	100	6001
110.700000	6000	6000	416	6001
110.800000	6000	6000	417	6001
110.887974	6000	1	104	6001
110.900000	6000	6000	418	6001
111.000000	6000	6000	419	6001
111.090526	6000	2	101	6001
111.100000	6000	6000	420	6001
111.200000	6000	6000	421	6001
111.288189	6000	1	105	6001
111.300000	6000	6000	422	6001
111.400000	6000	6000	423	6001
111.498981	6000	2	102	6001
111.500000	6000	6000	424	6001
111.600000	6000	6000	425	6001
111.688710	6000	1	106	6001
111.700000	6000	6000	426	6001
111.800000	6000	6000	427	6001
111.887127	6000	2	103	6001
111.900000	6000	6000	428	6001
112.000000	6000	6000	429	6001
112.079486	6000	1	107	6001
112.100000	6000	6000	430	6001
112.200000	6000	6000	431	6001
112.300000	6000	6000	432	6001
112.302319	6000	2	104	6001
112.400000	6000	6000	433	6001
112.500000	6000	6000	434	6001
112.504668	6000	1	108	6001
112.600000	6000	6000	435	6001
112.700000	6000	6000	436	6001
112.716404	6000	2	105	6001
112.800000	6000	6000	437	6001
112.900000	6000	6000	438	6001
112.921511	6000	1	109	6001
113.000000	6000	6000	439	6001
113.100000	6000	6000	440	6001
113.137358	6000	2	106	6001
113.200000	6000	6000	441	6001
113.300000	6000	6000	442	6001
113.351078	6000	1	110	6001
113.400000	6000	6000	443	6001
113.500000	6000	6000	444	6001
113.568953	6000	2	107	6001
113.600000	6000	6000	445	6001
113.700000	6000	6000	446	6001
113.776523	6000	1	111	6001
113.800000	6000	6000	447	6001
113.900000	6000	6000	448	6001
113.992805	6000	2	108	6001
114.000000	6000	6000	449	6001
114.100000	6000	6000	450	6001
114.200000	6000	6000	451	6001
114.201304	6000	1	112	6001
114.300000	6000	6000	452	6001
114.400000	6000	6000	453	6001
114.422752	6000	2	109	6001
114.500000	6000	6000	454	6001
114.600000	6000	6000	455	6001
114.625660	6000	1	113	6001
114.700000	6000	6000	456	6001
114.800000	6000	6000	457	6001
114.831641	6000	2	110	6001
114.900000	6000	6000	458	6001
115.000000	6000	6000	459	6001
115.028281	6000	1	114	6001
115.100000	6000	6000	460	6001
115.200000	6000	6000	461	6001
115.232504	6000	2	111	6001
115.300000	6000	6000	462	6001
115.400000	6000	6000	463	6001
115.416455	6000	1	115	6001
115.500000	6000	6000	464	6001
115.600000	6000	6000	465	6001
115.616882	6000	2	112	6001
115.700000	6000	6000	466	6001
115.800000	6000	6000	467	6001
115.807768	6000	1	116	6001
115.900000	6000	6000	468	6001
116.000000	6000	6000	469	6001
116.009264	6000	2	113	6001
116.100000	6000	6000	470	6001
116.200000	6000	6000	471	6001
116.220974	6000	1	117	6001
116.300000	6000	6000	472	6001
116.400000	6000	6000	473	6001
116.438316	6000	2	114	6001
116.500000	6000	6000	474	6001
116.600000	6000	6000	475	6001
116.627543	6000	1	118	6001
116.700000	6000	6000	476	6001
116.800000	6000	6000	477	6001
116.809889	6000	2	115	6001
116.900000	6000	6000	478	6001
116.983797	6000	1	119	6001
117.000000	6000	6000	479	6001
117.100000	6000	6000	480	6001
117.178458	6000	2	116	6001
117.200000	6000	6000	481	6001
117.300000	6000	6000	482	6001
117.349267	6000	1	120	6001
117.400000	6000	6000	483	6001
117.500000	6000	6000	484	6001
117.528990	6000	2	117	6001
117.600000	6000	6000	485	6001
117.700000	6000	6000	486	6001
117.703869	6000	1	121	6001
117.800000	6000	6000	487	6001
117.890813	6000	2	118	6001
117.900000	6000	6000	488	6001
118.000000	6000	6000	489	6001
118.078406	6000	1	122	6001
118.100000	6000	6000	490	6001
118.200000	6000	6000	491	6001
118.296635	6000	2	119	6001
118.300000	6000	6000	492	6001
118.400000	6000	6000	493	6001
118.500000	6000	6000	494	6001
118.507246	6000	1	123	6001
118.600000	6000	6000	495	6001
118.700000	6000	6000	496	6001
118.721839	6000	2	120	6001
118.800000	6000	6000	497	6001
118.900000	6000	6000	498	6001
118.930805	6000	1	124	6001
119.000000	6000	6000	499	6001
119.100000	6000	6000	500	6001
119.136599	6000	2	121	6001
119.200000	6000	6000	501	6001
119.300000	6000	6000	502	6001
119.335275	6000	1	125	6001
119.400000	6000	6000	503	6001
119.500000	6000	6000	504	6001
119.537273	6000	2	122	6001
119.600000	6000	6000	505	6001
119.700000	6000	6000	506	6001
119.736304	6000	1	126	6001
119.800000	6000	6000	507	6001
119.900000	6000	6000	508	6001
119.941766	6000	2	123	6001
120.000000	6000	6000	509	6001
120.100000	6000	6000	510	6001
120.143868	6000	1	127	6001
120.200000	6000	6000	511	6001
120.300000	6000	6000	512	6001
120.353801	6000	2	124	6001
120.400000	6000	6000	513	6001
120.500000	6000	6000	514	6001
120.553742	6000	1	128	6001
120.600000	6000	6000	515	6001
120.700000	6000	6000	516	6001
120.737139	6000	2	125	6001
120.800000	6000	6000	517	6001
120.900000	6000	6000	518	6001
120.911317	6000	1	129	6001
121.000000	6000	6000	519	6001
121.082537	6000	2	126	6001
121.100000	6000	6000	520	6001
121.200000	6000	6000	521	6001
121.250721	6000	1	130	6001
121.300000	6000	6000	522	6001
121.400000	6000	6000	523	6001
121.409592	6000	2	127	6001
121.500000	6000	6000	524	6001
121.560756	6000	1	131	6001
121.600000	6000	6000	525	6001
121.700000	6000	6000	526	6001
121.739814	6000	2	128	6001
121.800000	6000	6000	527	6001
121.900000	6000	6000	528	6001
121.906257	6000	1	132	6001
122.000000	6000	6000	529	6001
122.071423	6000	2	129	6001
122.100000	6000	6000	530	6001
122.200000	6000	6000	531	6001
122.254163	6000	1	133	6001
122.300000	6000	6000	532	6001
122.400000	6000	6000	533	6001
122.433719	6000	2	130	6001
122.500000	6000	6000	534	6001
122.592474	6000	1	134	6001
122.600000	6000	6000	535	6001
122.700000	6000	6000	536	6001
122.758280	6000	2	131	6001
122.800000	6000	6000	537	6001
122.900000	6000	6000	538	6001
122.922039	6000	1	135	6001
123.000000	6000	6000	539	6001
123.094367	6000	2	132	6001
123.100000	6000	6000	540	6001
123.200000	6000	6000	541	6001
123.275481	6000	1	136	6001
123.300000	6000	6000	542	6001
123.400000	6000	6000	543	6001
123.445206	6000	2	133	6001
123.500000	6000	6000	544	6001
123.600000	6000	6000	545	6001
123.612474	6000	1	137	6001
123.700000	6000	6000	546	6001
123.779037	6000	2	134	6001
123.800000	6000	6000	547	6001
123.953905	6000	1	138	6001
124.131229	6000	2	135	6001
124.319500	6000	1	139	6001
124.505721	6000	2	136	6001
124.676970	6000	1	140	6001
124.865062	6000	2	137	6001
125.049854	6000	1	141	6001
125.246827	6000	2	138	6001
125.425049	6000	1	142	6001
125.614564	6000	2	139	6001
125.789003	6000	1	143	6001
126.010690	6000	2	140	6001
126.314604	6000	1	144	6001
126.559023	6000	2	141	6001
126.744715	6000	1	145	6001
126.929466	6000	2	142	6001
127.103232	6000	1	146	6001
127.286132	6000	2	143	6001
127.459507	6000	1	147	6001
127.641996	6000	2	144	6001
127.826512	6000	1	148	6001
128.015696	6000	2	145	6001
128.215384	6000	1	149	6001
128.402465	6000	2	146	6001
128.572839	6000	1	150	6001
128.744450	6000	2	147	6001
128.921379	6000	1	151	6001
129.089015	6000	2	148	6001
129.269025	6000	1	152	6001
129.451150	6000	2	149	6001
129.639491	6000	1	153	6001
129.752758	6000	3	148	6001
129.813640	6000	2	150	6001
129.957607	6000	45	152	6001
129.989836	6000	1	154	6001
130.040952	6000	7	148	6001
130.124922	6000	3	149	6001
130.189586	6000	2	151	6001
130.341556	6000	45	153	6001
130.376285	6000	1	155	6001
130.438766	6000	7	149	6001
130.506780	6000	3	150	6001
130.576899	6000	2	152	6001
130.742403	6000	45	154	6001
130.795007	6000	1	156	6001
130.858847	6000	7	150	6001
130.931871	6000	3	151	6001
130.996821	6000	2	153	6001
131.142989	6000	45	155	6001
131.178261	6000	1	157	6001
131.230413	6000	7	151	6001
131.294201	6000	3	152	6001
131.357656	6000	2	154	6001
131.502348	6000	45	156	6001
131.535848	6000	1	158	6001
131.587616	6000	7	152	6001
131.649949	6000	3	153	6001
131.716650	6000	2	155	6001
131.857993	6000	45	157	6001
131.891539	6000	1	159	6001
131.942739	6000	7	153	6001
132.005768	6000	3	154	6001
132.066483	6000	2	156	6001
132.211469	6000	45	158	6001
132.247448	6000	1	160	6001
132.306598	6000	7	154	6001
132.367647	6000	3	155	6001
132.429464	6000	2	157	6001
132.574068	6000	45	159	6001
132.609634	6000	1	161	6001
132.661285	6000	7	155	6001
132.725779	6000	3	156	6001
132.788031	6000	2	158	6001
132.932882	6000	45	160	6001
132.966747	6000	1	162	6001
133.018773	6000	7	156	6001
133.082636	6000	3	157	6001
133.145562	6000	2	159	6001
133.294074	6000	45	161	6001
133.327838	6000	1	163	6001
133.380052	6000	7	157	6001
133.443606	6000	3	158	6001
133.507048	6000	2	160	6001
133.652781	6000	45	162	6001
133.687187	6000	1	164	6001
133.742244	6000	7	158	6001
133.806980	6000	3	159	6001
133.870739	6000	2	161	6001
134.020050	6000	45	163	6001
134.055524	6000	1	165	6001
134.108783	6000	7	159	6001
134.173953	6000	3	160	6001
134.239714	6000	2	162	6001
134.397653	6000	45	164	6001
134.432581	6000	1	166	6001
134.485759	6000	7	160	6001
134.550579	6000	3	161	6001
134.614031	6000	2	163	6001
134.763140	6000	45	165	6001
134.798195	6000	1	167	6001
134.850592	6000	7	161	6001
134.915907	6000	3	162	6001
134.980851	6000	2	164	6001
135.131065	6000	45	166	6001
135.166605	6000	1	168	6001
135.222365	6000	7	162	6001
135.288780	6000	3	163	6001
135.353972	6000	2	165	6001
135.505679	6000	45	167	6001
135.541445	6000	1	169	6001
135.599010	6000	7	163	6001
135.662803	6000	3	164	6001
135.729425	6000	2	166	6001
135.878227	6000	45	168	6001
135.913611	6000	1	170	6001
135.966269	6000	7	164	6001
136.031688	6000	3	165	6001
136.096193	6000	2	167	6001
136.248916	6000	45	169	6001
136.290120	6000	1	171	6001
136.344208	6000	7	165	6001
136.408994	6000	3	166	6001
136.475810	6000	2	168	6001
136.627654	6000	45	170	6001
136.662646	6000	1	172	6001
136.717097	6000	7	166	6001
136.786220	6000	3	167	6001
136.851010	6000	2	169	6001
137.032201	6000	45	171	6001
137.107878	6000	1	173	6001
137.232576	6000	7	167	6001
137.311946	6000	3	168	6001
137.386151	6000	2	170	6001
137.568230	6000	45	172	6001
137.603674	6000	1	174	6001
137.657439	6000	7	168	6001
137.724009	6000	3	169	6001
137.787162	6000	2	171	6001
137.935339	6000	45	173	6001
137.972101	6000	1	175	6001
138.025373	6000	7	169	6001
138.089354	6000	3	170	6001
138.155625	6000	2	172	6001
138.323111	6000	45	174	6001
138.358071	6000	1	176	6001
138.413280	6000	7	170	6001
138.478559	6000	3	171	6001
138.548115	6000	2	173	6001
138.688641	6000	45	175	6001
138.745016	6000	1	177	6001
138.908649	6000	2	174	6001
139.068381	6000	45	176	6001
139.072933	6000	19	176	6001
139.118936	6000	1	178	6001
139.298366	6000	2	175	6001
139.434620	6000	45	177	6001
139.440015	6000	19	177	6001
139.488589	6000	1	179	6001
139.523924	6000	7	173	6001
139.643297	6000	2	176	6001
139.664295	6000	3	174	6001
139.787019	6000	45	178	6001
139.791619	6000	19	178	6001
139.838299	6000	1	180	6001
139.874687	6000	7	174	6001
139.995789	6000	2	177	6001
140.016038	6000	3	175	6001
140.128212	6000	45	179	6001
140.132763	6000	19	179	6001
140.181234	6000	1	181	6001
140.217275	6000	7	175	6001
140.366018	6000	2	178	6001
140.387136	6000	3	176	6001
140.501667	6000	45	180	6001
140.506440	6000	19	180	6001
140.554664	6000	1	182	6001
140.590473	6000	7	176	6001
140.717337	6000	2	179	6001
140.740486	6000	3	177	6001
140.863521	6000	45	181	6001
140.868428	6000	19	181	6001
140.916946	6000	1	183	6001
140.979055	6000	7	177	6001
141.101756	6000	2	180	6001
141.122610	6000	3	178	6001
141.234026	6000	45	182	6001
141.239625	6000	19	182	6001
141.285964	6000	1	184	6001
141.321112	6000	7	178	6001
141.440748	6000	2	181	6001
141.463376	6000	3	179	6001
141.577118	6000	45	183	6001
141.582266	6000	19	183	6001
141.628530	6000	1	185	6001
141.665277	6000	7	179	6001
141.789834	6000	2	182	6001
141.812770	6000	3	180	6001
141.927163	6000	45	184	6001
141.931948	6000	19	184	6001
141.978620	6000	1	186	6001
142.017258	6000	7	180	6001
142.142068	6000	2	183	6001
142.165665	6000	3	181	6001
142.294454	6000	45	185	6001
142.298922	6000	19	185	6001
142.344729	6000	1	187	6001
142.381579	6000	7	181	6001
142.504086	6000	2	184	6001
142.524832	6000	3	182	6001
142.634521	6000	45	186	6001
142.638975	6000	19	186	6001
142.685085	6000	1	188	6001
142.720240	6000	7	182	6001
142.845535	6000	2	185	6001
142.866684	6000	3	183	6001
142.981069	6000	45	187	6001
142.986273	6000	19	187	6001
143.032797	6000	1	189	6001
143.071191	6000	7	183	6001
143.198863	6000	2	186	6001
143.220767	6000	3	184	6001
143.348066	6000	45	188	6001
143.353707	6000	19	188	6001
143.411601	6000	1	190	6001
143.415271	6000	30	189	6001
143.453033	6000	4	185	6001
143.456051	6000	7	184	6001
143.595391	6000	2	187	6001
143.620704	6000	3	185	6001
143.755837	6000	45	189	6001
143.761800	6000	19	189	6001
143.831656	6000	1	191	6001
143.835948	6000	30	190	6001
143.877861	6000	4	186	6001
143.881786	6000	7	185	6001
144.026019	6000	2	188	6001
144.050227	6000	3	186	6001
144.208329	6000	45	190	6001
144.214201	6000	19	190	6001
144.290455	6000	1	192	6001
144.297411	6000	30	191	6001
144.339782	6000	4	187	6001
144.343329	6000	7	186	6001
144.495265	6000	2	189	6001
144.519060	6000	3	187	6001
144.663603	6000	45	191	6001
144.668946	6000	19	191	6001
144.726697	6000	1	193	6001
144.730864	6000	30	192	6001
144.773441	6000	4	188	6001
144.777728	6000	7	187	6001
144.920895	6000	2	190	6001
144.945037	6000	3	188	6001
145.069143	6000	45	192	6001
145.074648	6000	19	192	6001
145.124521	6000	1	194	6001
145.127796	6000	30	193	6001
145.165029	6000	4	189	6001
145.168110	6000	7	188	6001
145.289982	6000	2	191	6001
145.311763	6000	3	189	6001
145.432179	6000	45	193	6001
145.438329	6000	19	193	6001
145.490721	6000	1	195	6001
145.494788	6000	30	194	6001
145.533350	6000	4	190	6001
145.536329	6000	7	189	6001
145.669356	6000	2	192	6001
145.692093	6000	3	190	6001
145.825134	6000	45	194	6001
145.830464	6000	19	194	6001
145.881767	6000	1	196	6001
145.886063	6000	30	195	6001
145.922131	6000	4	191	6001
145.925597	6000	7	190	6001
146.054309	6000	2	193	6001
146.074298	6000	3	191	6001
146.200734	6000	45	195	6001
146.206653	6000	19	195	6001
146.257736	6000	1	197	6001
146.261695	6000	30	196	6001
146.308193	6000	4	192	6001
146.311346	6000	7	191	6001
146.436038	6000	2	194	6001
146.456217	6000	3	192	6001
146.578636	6000	45	196	6001
146.584186	6000	19	196	6001
146.633816	6000	1	198	6001
146.637986	6000	30	197	6001
146.675431	6000	4	193	6001
146.678274	6000	7	192	6001
146.802921	6000	2	195	6001
146.824838	6000	3	193	6001
146.948881	6000	45	197	6001
146.954103	6000	19	197	6001
147.003471	6000	1	199	6001
147.007204	6000	30	198	6001
147.042612	6000	4	194	6001
147.045349	6000	7	193	6001
147.170276	6000	2	196	6001
147.192898	6000	3	194	6001
147.316117	6000	45	198	6001
147.321047	6000	19	198	6001
147.369945	6000	1	200	6001
147.373454	6000	30	199	6001
147.410045	6000	4	195	6001
147.412737	6000	7	194	6001
147.535688	6000	2	197	6001
147.556740	6000	3	195	6001
147.676481	6000	45	199	6001
147.681621	6000	19	199	6001
147.731257	6000	1	201	6001
147.735007	6000	30	200	6001
147.771110	6000	4	196	6001
147.773863	6000	7	195	6001
147.899859	6000	2	198	6001
147.920211	6000	3	196	6001
148.038956	6000	45	200	6001
148.043731	6000	19	200	6001
148.091458	6000	1	202	6001
148.095150	6000	30	201	6001
148.130066	6000	4	197	6001
148.132685	6000	7	196	6001
148.259210	6000	2	199	6001
148.319859	6000	3	197	6001
148.469543	6000	45	201	6001
148.478685	6000	19	201	6001
148.531516	6000	1	203	6001
148.535481	6000	30	202	6001
148.572661	6000	4	198	6001
148.575949	6000	7	197	6001
148.704297	6000	2	200	6001
148.725532	6000	3	198	6001
148.857857	6000	45	202	6001
148.865596	6000	19	202	6001
148.919529	6000	1	204	6001
148.923505	6000	30	203	6001
148.960386	6000	4	199	6001
148.963261	6000	7	198	6001
149.091961	6000	2	201	6001
149.112707	6000	3	199	6001
149.243253	6000	45	203	6001
149.248274	6000	19	203	6001
149.297735	6000	1	205	6001
149.300960	6000	30	204	6001
149.339453	6000	4	200	6001
149.342266	6000	7	199	6001
149.479642	6000	2	202	6001
149.501910	6000	3	200	6001
149.638828	6000	45	204	6001
149.645128	6000	19	204	6001
149.699563	6000	1	206	6001
149.702962	6000	30	205	6001
149.742090	6000	4	201	6001
149.745046	6000	7	200	6001
149.886123	6000	2	203	6001
149.913926	6000	3	201	6001
150.056938	6000	45	205	6001
150.062383	6000	19	205	6001
150.116762	6000	1	207	6001
150.120960	6000	30	206	6001
150.162510	6000	4	202	6001
150.166207	6000	7	201	6001
150.378080	6000	2	204	6001
150.400515	6000	3	202	6001
150.558380	6000	45	206	6001
150.564213	6000	19	206	6001
150.624509	6000	1	208	6001
150.628799	6000	30	207	6001
150.659697	6000	35	202	6001
150.669957	6000	4	203	6001
150.673845	6000	7	202	6001
150.731507	6000	36	204	6001
150.819015	6000	2	205	6001
150.845441	6000	3	203	6001
150.854002	6000	31	206	6001
150.990175	6000	45	207	6001
150.996727	6000	19	207	6001
151.016211	6000	39	206	6001
151.052986	6000	1	209	6001
151.059661	6000	30	208	6001
151.090739	6000	35	203	6001
151.100526	6000	4	204	6001
237.469311	6000	5000	61	6001
237.506251	6000	5001	60	6001
237.533532	6000	5000	62	6001
237.555024	6000	36	11	6001
237.573258	6000	5001	61	6001
237.615643	6000	5000	63	6001
