8.100000	6000	6000	0	1	720
8.100000	6000	6000	0	2	720
8.100000	6000	6000	0	3	720
8.100000	6000	6000	0	0	720
8.100000	6000	6000	0	6001	720
8.200000	6000	6000	1	1	720
8.200000	6000	6000	1	2	720
8.200000	6000	6000	1	3	720
8.200000	6000	6000	1	0	720
8.200000	6000	6000	1	6001	720
8.300000	6000	6000	2	1	720
8.300000	6000	6000	2	2	720
8.300000	6000	6000	2	3	720
8.300000	6000	6000	2	0	720
8.300000	6000	6000	2	6001	720
8.400000	6000	6000	3	1	720
8.400000	6000	6000	3	2	720
8.400000	6000	6000	3	3	720
8.400000	6000	6000	3	0	720
8.400000	6000	6000	3	6001	720
8.500000	6000	6000	4	1	720
8.500000	6000	6000	4	2	720
8.500000	6000	6000	4	3	720
8.500000	6000	6000	4	0	720
8.500000	6000	6000	4	6001	720
8.600000	6000	6000	5	1	720
8.600000	6000	6000	5	2	720
8.600000	6000	6000	5	3	720
8.600000	6000	6000	5	0	720
8.600000	6000	6000	5	6001	720
8.700000	6000	6000	6	1	720
8.700000	6000	6000	6	2	720
8.700000	6000	6000	6	3	720
8.700000	6000	6000	6	0	720
8.700000	6000	6000	6	6001	720
8.800000	6000	6000	7	1	720
8.800000	6000	6000	7	2	720
8.800000	6000	6000	7	3	720
8.800000	6000	6000	7	0	720
8.800000	6000	6000	7	6001	720
8.900000	6000	6000	8	1	720
8.900000	6000	6000	8	2	720
8.900000	6000	6000	8	3	720
8.900000	6000	6000	8	0	720
8.900000	6000	6000	8	6001	720
9.000000	6000	6000	9	1	720
9.000000	6000	6000	9	2	720
9.000000	6000	6000	9	3	720
9.000000	6000	6000	9	0	720
9.000000	6000	6000	9	6001	720
9.100000	6000	6000	10	1	720
9.100000	6000	6000	10	2	720
9.100000	6000	6000	10	3	720
9.100000	6000	6000	10	0	720
9.100000	6000	6000	10	6001	720
9.200000	6000	6000	11	1	720
9.200000	6000	6000	11	2	720
9.200000	6000	6000	11	3	720
9.200000	6000	6000	11	0	720
9.200000	6000	6000	11	6001	720
9.300000	6000	6000	12	1	720
9.300000	6000	6000	12	2	720
9.300000	6000	6000	12	3	720
9.300000	6000	6000	12	0	720
9.300000	6000	6000	12	6001	720
9.400000	6000	6000	13	1	720
9.400000	6000	6000	13	2	720
9.400000	6000	6000	13	3	720
9.400000	6000	6000	13	0	720
9.400000	6000	6000	13	6001	720
9.500000	6000	6000	14	1	720
9.500000	6000	6000	14	2	720
9.500000	6000	6000	14	3	720
9.500000	6000	6000	14	0	720
9.500000	6000	6000	14	6001	720
9.600000	6000	6000	15	1	720
9.600000	6000	6000	15	2	720
9.600000	6000	6000	15	3	720
9.600000	6000	6000	15	0	720
9.600000	6000	6000	15	6001	720
9.700000	6000	6000	16	1	720
9.700000	6000	6000	16	2	720
9.700000	6000	6000	16	3	720
9.700000	6000	6000	16	0	720
9.700000	6000	6000	16	6001	720
9.800000	6000	6000	17	1	720
9.800000	6000	6000	17	2	720
9.800000	6000	6000	17	3	720
9.800000	6000	6000	17	0	720
9.800000	6000	6000	17	6001	720
9.900000	6000	6000	18	1	720
9.900000	6000	6000	18	2	720
9.900000	6000	6000	18	3	720
9.900000	6000	6000	18	0	720
9.900000	6000	6000	18	6001	720
10.000000	6000	6000	19	1	720
10.000000	6000	6000	19	2	720
10.000000	6000	6000	19	3	720
10.000000	6000	6000	19	0	720
10.000000	6000	6000	19	6001	720
10.100000	6000	6000	20	1	720
10.100000	6000	6000	20	2	720
10.100000	6000	6000	20	3	720
10.100000	6000	6000	20	0	720
10.100000	6000	6000	20	6001	720
10.200000	6000	6000	21	0	720
10.200000	6000	6000	21	5000	720
10.200000	6000	6000	21	5001	720
10.200000	6000	6000	21	6001	720
10.300000	6000	6000	22	0	720
10.300000	6000	6000	22	5000	720
10.300000	6000	6000	22	5001	720
10.300000	6000	6000	22	6001	720
10.400000	6000	6000	23	0	720
10.400000	6000	6000	23	5000	720
10.400000	6000	6000	23	5001	720
10.400000	6000	6000	23	6001	720
10.500000	6000	6000	24	0	720
10.500000	6000	6000	24	5000	720
10.500000	6000	6000	24	5001	720
10.500000	6000	6000	24	6001	720
10.600000	6000	6000	25	0	720
10.600000	6000	6000	25	5000	720
10.600000	6000	6000	25	5001	720
10.600000	6000	6000	25	6001	720
10.700000	6000	6000	26	0	720
10.700000	6000	6000	26	5000	720
10.700000	6000	6000	26	5001	720
10.700000	6000	6000	26	6001	720
10.800000	6000	6000	27	0	720
10.800000	6000	6000	27	5000	720
10.800000	6000	6000	27	5001	720
10.800000	6000	6000	27	6001	720
10.900000	6000	6000	28	0	720
10.900000	6000	6000	28	5000	720
10.900000	6000	6000	28	5001	720
10.900000	6000	6000	28	6001	720
11.000000	6000	6000	29	0	720
11.000000	6000	6000	29	5000	720
11.000000	6000	6000	29	5001	720
11.000000	6000	6000	29	6001	720
11.100000	6000	6000	30	0	720
11.100000	6000	6000	30	5000	720
11.100000	6000	6000	30	5001	720
11.100000	6000	6000	30	6001	720
11.200000	6000	6000	31	0	720
11.200000	6000	6000	31	5000	720
11.200000	6000	6000	31	5001	720
11.200000	6000	6000	31	6001	720
11.300000	6000	6000	32	0	720
11.300000	6000	6000	32	5000	720
11.300000	6000	6000	32	5001	720
11.300000	6000	6000	32	6001	720
11.400000	6000	6000	33	0	720
11.400000	6000	6000	33	5000	720
11.400000	6000	6000	33	5001	720
11.400000	6000	6000	33	6001	720
11.500000	6000	6000	34	0	720
11.500000	6000	6000	34	5000	720
11.500000	6000	6000	34	5001	720
11.500000	6000	6000	34	6001	720
11.600000	6000	6000	35	0	720
11.600000	6000	6000	35	5000	720
11.600000	6000	6000	35	5001	720
11.600000	6000	6000	35	6001	720
11.700000	6000	6000	36	0	720
11.700000	6000	6000	36	5000	720
11.700000	6000	6000	36	5001	720
11.700000	6000	6000	36	6001	720
11.800000	6000	6000	37	0	720
11.800000	6000	6000	37	5000	720
11.800000	6000	6000	37	5001	720
11.800000	6000	6000	37	6001	720
11.900000	6000	6000	38	0	720
11.900000	6000	6000	38	5000	720
11.900000	6000	6000	38	5001	720
11.900000	6000	6000	38	6001	720
12.000000	6000	6000	39	0	720
12.000000	6000	6000	39	5000	720
12.000000	6000	6000	39	5001	720
12.000000	6000	6000	39	6001	720
12.100000	6000	6000	40	0	720
12.100000	6000	6000	40	5000	720
12.100000	6000	6000	40	5001	720
12.100000	6000	6000	40	6001	720
12.200000	6000	6000	41	0	720
12.200000	6000	6000	41	5000	720
12.200000	6000	6000	41	5001	720
12.200000	6000	6000	41	6001	720
12.300000	6000	6000	42	0	720
12.300000	6000	6000	42	5000	720
12.300000	6000	6000	42	5001	720
12.300000	6000	6000	42	6001	720
12.400000	6000	6000	43	0	720
12.400000	6000	6000	43	5000	720
12.400000	6000	6000	43	5001	720
12.400000	6000	6000	43	6001	720
12.500000	6000	6000	44	0	720
12.500000	6000	6000	44	5000	720
12.500000	6000	6000	44	5001	720
12.500000	6000	6000	44	6001	720
12.600000	6000	6000	45	0	720
12.600000	6000	6000	45	5000	720
12.600000	6000	6000	45	5001	720
12.600000	6000	6000	45	6001	720
12.700000	6000	6000	46	0	720
12.700000	6000	6000	46	5000	720
12.700000	6000	6000	46	5001	720
12.700000	6000	6000	46	6001	720
12.800000	6000	6000	47	0	720
12.800000	6000	6000	47	5000	720
12.800000	6000	6000	47	5001	720
12.800000	6000	6000	47	6001	720
12.900000	6000	6000	48	0	720
12.900000	6000	6000	48	5000	720
12.900000	6000	6000	48	5001	720
12.900000	6000	6000	48	6001	720
13.000000	6000	6000	49	0	720
13.000000	6000	6000	49	5000	720
13.000000	6000	6000	49	5001	720
13.000000	6000	6000	49	6001	720
13.100000	6000	6000	50	8	720
13.100000	6000	6000	50	5001	720
13.100000	6000	6000	50	6001	720
13.200000	6000	6000	51	8	720
13.200000	6000	6000	51	5001	720
13.200000	6000	6000	51	6001	720
13.300000	6000	6000	52	8	720
13.300000	6000	6000	52	5001	720
13.300000	6000	6000	52	6001	720
13.400000	6000	6000	53	8	720
13.400000	6000	6000	53	5001	720
13.400000	6000	6000	53	6001	720
13.500000	6000	6000	54	8	720
13.500000	6000	6000	54	5001	720
13.500000	6000	6000	54	6001	720
13.600000	6000	6000	55	8	720
13.600000	6000	6000	55	5001	720
13.600000	6000	6000	55	6001	720
13.700000	6000	6000	56	8	720
13.700000	6000	6000	56	5001	720
13.700000	6000	6000	56	6001	720
13.800000	6000	6000	57	8	720
13.800000	6000	6000	57	5001	720
13.800000	6000	6000	57	6001	720
13.900000	6000	6000	58	8	720
13.900000	6000	6000	58	5001	720
13.900000	6000	6000	58	6001	720
14.000000	6000	6000	59	8	720
14.000000	6000	6000	59	5001	720
14.000000	6000	6000	59	6001	720
14.100000	6000	6000	60	8	720
14.100000	6000	6000	60	5001	720
14.100000	6000	6000	60	6001	720
14.200000	6000	6000	61	8	720
14.200000	6000	6000	61	5001	720
14.200000	6000	6000	61	6001	720
14.300000	6000	6000	62	8	720
14.300000	6000	6000	62	5001	720
14.300000	6000	6000	62	6001	720
14.400000	6000	6000	63	8	720
14.400000	6000	6000	63	5001	720
14.400000	6000	6000	63	6001	720
14.500000	6000	6000	64	8	720
14.500000	6000	6000	64	5001	720
14.500000	6000	6000	64	6001	720
14.600000	6000	6000	65	8	720
14.600000	6000	6000	65	5001	720
14.600000	6000	6000	65	6001	720
14.700000	6000	6000	66	8	720
14.700000	6000	6000	66	5001	720
14.700000	6000	6000	66	6001	720
14.800000	6000	6000	67	8	720
14.800000	6000	6000	67	5001	720
14.800000	6000	6000	67	6001	720
14.900000	6000	6000	68	8	720
14.900000	6000	6000	68	5001	720
14.900000	6000	6000	68	6001	720
15.000000	6000	6000	69	8	720
15.000000	6000	6000	69	5001	720
15.000000	6000	6000	69	6001	720
15.100000	6000	6000	70	8	720
15.100000	6000	6000	70	5001	720
15.100000	6000	6000	70	6001	720
15.200000	6000	6000	71	8	720
15.200000	6000	6000	71	5001	720
15.200000	6000	6000	71	6001	720
15.300000	6000	6000	72	8	720
15.300000	6000	6000	72	5001	720
15.300000	6000	6000	72	6001	720
15.400000	6000	6000	73	8	720
15.400000	6000	6000	73	5001	720
15.400000	6000	6000	73	6001	720
15.500000	6000	6000	74	8	720
15.500000	6000	6000	74	5001	720
15.500000	6000	6000	74	6001	720
15.600000	6000	6000	75	8	720
15.600000	6000	6000	75	5001	720
15.600000	6000	6000	75	6001	720
15.700000	6000	6000	76	8	720
15.700000	6000	6000	76	5001	720
15.700000	6000	6000	76	6001	720
15.800000	6000	6000	77	8	720
15.800000	6000	6000	77	5001	720
15.800000	6000	6000	77	6001	720
15.900000	6000	6000	78	8	720
15.900000	6000	6000	78	5001	720
15.900000	6000	6000	78	6001	720
16.000000	6000	6000	79	8	720
16.000000	6000	6000	79	5001	720
16.000000	6000	6000	79	6001	720
16.100000	6000	6000	80	8	720
16.100000	6000	6000	80	5001	720
16.100000	6000	6000	80	6001	720
16.200000	6000	6000	81	8	720
16.200000	6000	6000	81	5001	720
16.200000	6000	6000	81	6001	720
16.300000	6000	6000	82	8	720
16.300000	6000	6000	82	5001	720
16.300000	6000	6000	82	6001	720
16.400000	6000	6000	83	8	720
16.400000	6000	6000	83	5001	720
16.400000	6000	6000	83	6001	720
16.500000	6000	6000	84	8	720
16.500000	6000	6000	84	5001	720
16.500000	6000	6000	84	6001	720
16.600000	6000	6000	85	8	720
16.600000	6000	6000	85	5001	720
16.600000	6000	6000	85	6001	720
16.700000	6000	6000	86	8	720
16.700000	6000	6000	86	5001	720
16.700000	6000	6000	86	6001	720
16.800000	6000	6000	87	8	720
16.800000	6000	6000	87	5001	720
16.800000	6000	6000	87	6001	720
16.900000	6000	6000	88	8	720
16.900000	6000	6000	88	5001	720
16.900000	6000	6000	88	6001	720
17.000000	6000	6000	89	8	720
17.000000	6000	6000	89	5001	720
17.000000	6000	6000	89	6001	720
17.100000	6000	6000	90	8	720
17.100000	6000	6000	90	5001	720
17.100000	6000	6000	90	6001	720
17.200000	6000	6000	91	8	720
17.200000	6000	6000	91	5001	720
17.200000	6000	6000	91	6001	720
17.300000	6000	6000	92	8	720
17.300000	6000	6000	92	5001	720
17.300000	6000	6000	92	6001	720
17.400000	6000	6000	93	8	720
17.400000	6000	6000	93	5001	720
17.400000	6000	6000	93	6001	720
17.500000	6000	6000	94	8	720
17.500000	6000	6000	94	5001	720
17.500000	6000	6000	94	6001	720
17.600000	6000	6000	95	8	720
17.600000	6000	6000	95	5001	720
17.600000	6000	6000	95	6001	720
17.700000	6000	6000	96	8	720
17.700000	6000	6000	96	5001	720
17.700000	6000	6000	96	6001	720
17.800000	6000	6000	97	8	720
17.800000	6000	6000	97	5001	720
17.800000	6000	6000	97	6001	720
17.900000	6000	6000	98	8	720
17.900000	6000	6000	98	5001	720
17.900000	6000	6000	98	6001	720
18.000000	6000	6000	99	8	720
18.000000	6000	6000	99	5001	720
18.000000	6000	6000	99	6001	720
18.100000	6000	6000	100	8	720
18.100000	6000	6000	100	5001	720
18.100000	6000	6000	100	6001	720
18.200000	6000	6000	101	8	720
18.200000	6000	6000	101	5001	720
18.200000	6000	6000	101	6001	720
18.300000	6000	6000	102	8	720
18.300000	6000	6000	102	5001	720
18.300000	6000	6000	102	6001	720
18.400000	6000	6000	103	8	720
18.400000	6000	6000	103	5001	720
18.400000	6000	6000	103	6001	720
18.500000	6000	6000	104	8	720
18.500000	6000	6000	104	5001	720
18.500000	6000	6000	104	6001	720
18.600000	6000	6000	105	8	720
18.600000	6000	6000	105	5001	720
18.600000	6000	6000	105	6001	720
18.700000	6000	6000	106	8	720
18.700000	6000	6000	106	5001	720
18.700000	6000	6000	106	6001	720
18.800000	6000	6000	107	8	720
18.800000	6000	6000	107	5001	720
18.800000	6000	6000	107	6001	720
18.900000	6000	6000	108	8	720
18.900000	6000	6000	108	5001	720
18.900000	6000	6000	108	6001	720
19.000000	6000	6000	109	8	720
19.000000	6000	6000	109	5001	720
19.000000	6000	6000	109	6001	720
19.100000	6000	6000	110	8	720
19.100000	6000	6000	110	5001	720
19.100000	6000	6000	110	6001	720
19.200000	6000	6000	111	8	720
19.200000	6000	6000	111	5001	720
19.200000	6000	6000	111	6001	720
19.300000	6000	6000	112	8	720
19.300000	6000	6000	112	5001	720
19.300000	6000	6000	112	6001	720
19.400000	6000	6000	113	8	720
19.400000	6000	6000	113	5001	720
19.400000	6000	6000	113	6001	720
19.500000	6000	6000	114	8	720
19.500000	6000	6000	114	5001	720
19.500000	6000	6000	114	6001	720
19.600000	6000	6000	115	8	720
19.600000	6000	6000	115	5001	720
19.600000	6000	6000	115	6001	720
19.700000	6000	6000	116	8	720
19.700000	6000	6000	116	5001	720
19.700000	6000	6000	116	6001	720
19.800000	6000	6000	117	8	720
19.800000	6000	6000	117	5001	720
19.800000	6000	6000	117	6001	720
19.900000	6000	6000	118	8	720
19.900000	6000	6000	118	5001	720
19.900000	6000	6000	118	6001	720
20.000000	6000	6000	119	8	720
20.000000	6000	6000	119	5001	720
20.000000	6000	6000	119	6001	720
20.100000	6000	6000	120	8	720
20.100000	6000	6000	120	5001	720
20.100000	6000	6000	120	6001	720
20.200000	6000	6000	121	8	720
20.200000	6000	6000	121	5001	720
20.200000	6000	6000	121	6001	720
20.300000	6000	6000	122	8	720
20.300000	6000	6000	122	5001	720
20.300000	6000	6000	122	6001	720
20.400000	6000	6000	123	8	720
20.400000	6000	6000	123	5001	720
20.400000	6000	6000	123	6001	720
20.500000	6000	6000	124	8	720
20.500000	6000	6000	124	5001	720
20.500000	6000	6000	124	6001	720
20.600000	6000	6000	125	8	720
20.600000	6000	6000	125	5001	720
20.600000	6000	6000	125	6001	720
20.700000	6000	6000	126	8	720
20.700000	6000	6000	126	5001	720
20.700000	6000	6000	126	6001	720
20.800000	6000	6000	127	8	720
20.800000	6000	6000	127	5001	720
20.800000	6000	6000	127	6001	720
20.900000	6000	6000	128	8	720
20.900000	6000	6000	128	5001	720
20.900000	6000	6000	128	6001	720
21.000000	6000	6000	129	8	720
21.000000	6000	6000	129	5001	720
21.000000	6000	6000	129	6001	720
21.100000	6000	6000	130	8	720
21.100000	6000	6000	130	5001	720
21.100000	6000	6000	130	6001	720
21.200000	6000	6000	131	8	720
21.200000	6000	6000	131	5001	720
21.200000	6000	6000	131	6001	720
21.300000	6000	6000	132	8	720
21.300000	6000	6000	132	5001	720
21.300000	6000	6000	132	6001	720
21.400000	6000	6000	133	8	720
21.400000	6000	6000	133	5001	720
21.400000	6000	6000	133	6001	720
21.500000	6000	6000	134	8	720
21.500000	6000	6000	134	5001	720
21.500000	6000	6000	134	6001	720
21.600000	6000	6000	135	8	720
21.600000	6000	6000	135	5001	720
21.600000	6000	6000	135	6001	720
21.700000	6000	6000	136	8	720
21.700000	6000	6000	136	5001	720
21.700000	6000	6000	136	6001	720
21.800000	6000	6000	137	8	720
21.800000	6000	6000	137	5001	720
21.800000	6000	6000	137	6001	720
21.900000	6000	6000	138	8	720
21.900000	6000	6000	138	5001	720
21.900000	6000	6000	138	6001	720
22.000000	6000	6000	139	8	720
22.000000	6000	6000	139	5001	720
22.000000	6000	6000	139	6001	720
22.100000	6000	6000	140	8	720
22.100000	6000	6000	140	5001	720
22.100000	6000	6000	140	6001	720
22.200000	6000	6000	141	8	720
22.200000	6000	6000	141	5001	720
22.200000	6000	6000	141	6001	720
22.300000	6000	6000	142	8	720
22.300000	6000	6000	142	5001	720
22.300000	6000	6000	142	6001	720
22.400000	6000	6000	143	8	720
22.500000	6000	6000	144	8	720
22.600000	6000	6000	145	8	720
22.700000	6000	6000	146	8	720
22.800000	6000	6000	147	8	720
22.900000	6000	6000	148	8	720
23.000000	6000	6000	149	8	720
23.100000	6000	6000	150	8	720
23.200000	6000	6000	151	8	720
23.300000	6000	6000	152	8	720
23.400000	6000	6000	153	8	720
23.500000	6000	6000	154	8	720
23.600000	6000	6000	155	8	720
23.700000	6000	6000	156	8	720
23.800000	6000	6000	157	8	720
23.900000	6000	6000	158	8	720
24.000000	6000	6000	159	8	720
24.100000	6000	6000	160	8	720
24.200000	6000	6000	161	8	720
24.300000	6000	6000	162	8	720
24.400000	6000	6000	163	8	720
24.500000	6000	6000	164	8	720
24.600000	6000	6000	165	8	720
24.700000	6000	6000	166	8	720
24.800000	6000	6000	167	8	720
24.900000	6000	6000	168	8	720
25.000000	6000	6000	169	8	720
25.100000	6000	6000	170	8	720
25.200000	6000	6000	171	8	720
25.300000	6000	6000	172	8	720
25.400000	6000	6000	173	8	720
25.500000	6000	6000	174	8	720
25.600000	6000	6000	175	8	720
25.700000	6000	6000	176	8	720
25.800000	6000	6000	177	8	720
25.900000	6000	6000	178	8	720
26.000000	6000	6000	179	8	720
26.100000	6000	6000	180	8	720
26.200000	6000	6000	181	8	720
26.300000	6000	6000	182	8	720
26.400000	6000	6000	183	8	720
26.500000	6000	6000	184	8	720
26.600000	6000	6000	185	8	720
26.700000	6000	6000	186	8	720
26.800000	6000	6000	187	8	720
26.900000	6000	6000	188	8	720
27.000000	6000	6000	189	8	720
27.100000	6000	6000	190	8	720
27.200000	6000	6000	191	8	720
27.300000	6000	6000	192	8	720
27.400000	6000	6000	193	8	720
27.500000	6000	6000	194	8	720
27.600000	6000	6000	195	8	720
27.700000	6000	6000	196	8	720
27.800000	6000	6000	197	8	720
27.900000	6000	6000	198	8	720
28.000000	6000	6000	199	8	720
28.100000	6000	6000	200	5001	720
28.100000	6000	6000	200	6001	720
28.200000	6000	6000	201	5001	720
28.200000	6000	6000	201	6001	720
28.300000	6000	6000	202	5001	720
28.300000	6000	6000	202	6001	720
28.400000	6000	6000	203	5001	720
28.400000	6000	6000	203	6001	720
28.500000	6000	6000	204	5001	720
28.500000	6000	6000	204	6001	720
28.600000	6000	6000	205	5001	720
28.600000	6000	6000	205	6001	720
28.700000	6000	6000	206	5001	720
28.700000	6000	6000	206	6001	720
28.800000	6000	6000	207	5001	720
28.800000	6000	6000	207	6001	720
28.900000	6000	6000	208	5001	720
28.900000	6000	6000	208	6001	720
29.000000	6000	6000	209	5001	720
29.000000	6000	6000	209	6001	720
29.100000	6000	6000	210	5001	720
29.100000	6000	6000	210	6001	720
29.200000	6000	6000	211	5001	720
29.200000	6000	6000	211	6001	720
29.300000	6000	6000	212	5001	720
29.300000	6000	6000	212	6001	720
29.400000	6000	6000	213	5001	720
29.400000	6000	6000	213	6001	720
29.500000	6000	6000	214	5001	720
29.500000	6000	6000	214	6001	720
29.600000	6000	6000	215	5001	720
29.600000	6000	6000	215	6001	720
29.700000	6000	6000	216	5001	720
29.700000	6000	6000	216	6001	720
29.800000	6000	6000	217	5001	720
29.800000	6000	6000	217	6001	720
29.900000	6000	6000	218	5001	720
29.900000	6000	6000	218	6001	720
30.000000	6000	6000	219	5001	720
30.000000	6000	6000	219	6001	720
30.100000	6000	6000	220	5001	720
30.100000	6000	6000	220	6001	720
30.200000	6000	6000	221	5001	720
30.200000	6000	6000	221	6001	720
30.300000	6000	6000	222	5001	720
30.300000	6000	6000	222	6001	720
30.400000	6000	6000	223	5001	720
30.400000	6000	6000	223	6001	720
30.500000	6000	6000	224	5001	720
30.500000	6000	6000	224	6001	720
30.600000	6000	6000	225	5001	720
30.600000	6000	6000	225	6001	720
30.700000	6000	6000	226	5001	720
30.700000	6000	6000	226	6001	720
30.800000	6000	6000	227	5001	720
30.800000	6000	6000	227	6001	720
30.900000	6000	6000	228	5001	720
30.900000	6000	6000	228	6001	720
31.000000	6000	6000	229	5001	720
31.000000	6000	6000	229	6001	720
31.100000	6000	6000	230	5001	720
31.100000	6000	6000	230	6001	720
31.200000	6000	6000	231	5001	720
31.200000	6000	6000	231	6001	720
31.300000	6000	6000	232	5001	720
31.300000	6000	6000	232	6001	720
31.400000	6000	6000	233	5001	720
31.400000	6000	6000	233	6001	720
31.500000	6000	6000	234	5001	720
31.500000	6000	6000	234	6001	720
31.600000	6000	6000	235	5001	720
31.600000	6000	6000	235	6001	720
31.700000	6000	6000	236	5001	720
31.700000	6000	6000	236	6001	720
31.800000	6000	6000	237	5001	720
31.800000	6000	6000	237	6001	720
31.900000	6000	6000	238	5001	720
31.900000	6000	6000	238	6001	720
32.000000	6000	6000	239	5001	720
32.000000	6000	6000	239	6001	720
32.100000	6000	6000	240	5001	720
32.100000	6000	6000	240	6001	720
32.200000	6000	6000	241	5001	720
32.200000	6000	6000	241	6001	720
32.300000	6000	6000	242	5001	720
32.300000	6000	6000	242	6001	720
32.400000	6000	6000	243	5001	720
32.400000	6000	6000	243	6001	720
32.500000	6000	6000	244	5001	720
32.500000	6000	6000	244	6001	720
32.600000	6000	6000	245	5001	720
32.600000	6000	6000	245	6001	720
32.700000	6000	6000	246	5001	720
32.700000	6000	6000	246	6001	720
32.800000	6000	6000	247	5001	720
32.800000	6000	6000	247	6001	720
32.900000	6000	6000	248	5001	720
32.900000	6000	6000	248	6001	720
33.000000	6000	6000	249	5001	720
33.000000	6000	6000	249	6001	720
33.100000	6000	6000	250	5001	720
33.100000	6000	6000	250	6001	720
33.200000	6000	6000	251	5001	720
33.200000	6000	6000	251	6001	720
33.300000	6000	6000	252	5001	720
33.300000	6000	6000	252	6001	720
33.400000	6000	6000	253	5001	720
33.400000	6000	6000	253	6001	720
33.500000	6000	6000	254	5001	720
33.500000	6000	6000	254	6001	720
33.600000	6000	6000	255	5001	720
33.600000	6000	6000	255	6001	720
33.700000	6000	6000	256	5001	720
33.700000	6000	6000	256	6001	720
33.800000	6000	6000	257	5001	720
33.800000	6000	6000	257	6001	720
33.900000	6000	6000	258	5001	720
33.900000	6000	6000	258	6001	720
34.000000	6000	6000	259	5001	720
34.000000	6000	6000	259	6001	720
34.100000	6000	6000	260	5001	720
34.100000	6000	6000	260	6001	720
34.200000	6000	6000	261	5001	720
34.200000	6000	6000	261	6001	720
34.300000	6000	6000	262	5001	720
34.300000	6000	6000	262	6001	720
34.400000	6000	6000	263	5001	720
34.400000	6000	6000	263	6001	720
34.500000	6000	6000	264	5001	720
34.500000	6000	6000	264	6001	720
34.600000	6000	6000	265	5001	720
34.600000	6000	6000	265	6001	720
34.700000	6000	6000	266	5001	720
34.700000	6000	6000	266	6001	720
34.800000	6000	6000	267	5001	720
34.800000	6000	6000	267	6001	720
34.900000	6000	6000	268	5001	720
34.900000	6000	6000	268	6001	720
35.000000	6000	6000	269	5001	720
35.000000	6000	6000	269	6001	720
35.100000	6000	6000	270	5001	720
35.100000	6000	6000	270	6001	720
35.200000	6000	6000	271	5001	720
35.200000	6000	6000	271	6001	720
35.300000	6000	6000	272	5001	720
35.300000	6000	6000	272	6001	720
35.400000	6000	6000	273	5001	720
35.400000	6000	6000	273	6001	720
35.500000	6000	6000	274	5001	720
35.500000	6000	6000	274	6001	720
35.600000	6000	6000	275	5001	720
35.600000	6000	6000	275	6001	720
35.700000	6000	6000	276	5001	720
35.700000	6000	6000	276	6001	720
35.800000	6000	6000	277	5001	720
35.800000	6000	6000	277	6001	720
35.900000	6000	6000	278	5001	720
35.900000	6000	6000	278	6001	720
36.000000	6000	6000	279	5001	720
36.000000	6000	6000	279	6001	720
36.100000	6000	6000	280	5001	720
36.100000	6000	6000	280	6001	720
36.200000	6000	6000	281	5001	720
36.200000	6000	6000	281	6001	720
36.300000	6000	6000	282	5001	720
36.300000	6000	6000	282	6001	720
36.400000	6000	6000	283	5001	720
36.400000	6000	6000	283	6001	720
36.500000	6000	6000	284	5001	720
36.500000	6000	6000	284	6001	720
36.600000	6000	6000	285	5001	720
36.600000	6000	6000	285	6001	720
36.700000	6000	6000	286	5001	720
36.700000	6000	6000	286	6001	720
36.800000	6000	6000	287	5001	720
36.800000	6000	6000	287	6001	720
36.900000	6000	6000	288	5001	720
36.900000	6000	6000	288	6001	720
37.000000	6000	6000	289	5001	720
37.000000	6000	6000	289	6001	720
37.100000	6000	6000	290	5001	720
37.100000	6000	6000	290	6001	720
37.200000	6000	6000	291	5001	720
37.200000	6000	6000	291	6001	720
37.300000	6000	6000	292	5001	720
37.300000	6000	6000	292	6001	720
37.400000	6000	6000	293	5001	720
37.400000	6000	6000	293	6001	720
37.500000	6000	6000	294	5001	720
37.500000	6000	6000	294	6001	720
37.600000	6000	6000	295	5001	720
37.600000	6000	6000	295	6001	720
37.700000	6000	6000	296	5001	720
37.700000	6000	6000	296	6001	720
37.800000	6000	6000	297	5001	720
37.800000	6000	6000	297	6001	720
37.900000	6000	6000	298	5001	720
37.900000	6000	6000	298	6001	720
38.000000	6000	6000	299	5001	720
38.000000	6000	6000	299	6001	720
38.100000	6000	6000	300	5001	720
38.100000	6000	6000	300	6001	720
38.200000	6000	6000	301	5001	720
38.200000	6000	6000	301	6001	720
38.300000	6000	6000	302	5001	720
38.300000	6000	6000	302	6001	720
38.400000	6000	6000	303	5001	720
38.400000	6000	6000	303	6001	720
38.500000	6000	6000	304	5001	720
38.500000	6000	6000	304	6001	720
38.600000	6000	6000	305	5001	720
38.600000	6000	6000	305	6001	720
38.700000	6000	6000	306	5001	720
38.700000	6000	6000	306	6001	720
38.800000	6000	6000	307	5001	720
38.800000	6000	6000	307	6001	720
38.900000	6000	6000	308	5001	720
38.900000	6000	6000	308	6001	720
39.000000	6000	6000	309	5001	720
39.000000	6000	6000	309	6001	720
39.100000	6000	6000	310	5001	720
39.100000	6000	6000	310	6001	720
39.200000	6000	6000	311	5001	720
39.200000	6000	6000	311	6001	720
39.300000	6000	6000	312	5001	720
39.300000	6000	6000	312	6001	720
39.400000	6000	6000	313	5001	720
39.400000	6000	6000	313	6001	720
39.500000	6000	6000	314	5001	720
39.500000	6000	6000	314	6001	720
39.600000	6000	6000	315	5001	720
39.600000	6000	6000	315	6001	720
39.700000	6000	6000	316	5001	720
39.700000	6000	6000	316	6001	720
39.800000	6000	6000	317	5001	720
39.800000	6000	6000	317	6001	720
39.900000	6000	6000	318	5001	720
39.900000	6000	6000	318	6001	720
40.000000	6000	6000	319	5001	720
40.000000	6000	6000	319	6001	720
40.100000	6000	6000	320	5001	720
40.100000	6000	6000	320	6001	720
40.200000	6000	6000	321	5001	720
40.200000	6000	6000	321	6001	720
40.300000	6000	6000	322	5001	720
40.300000	6000	6000	322	6001	720
40.400000	6000	6000	323	5001	720
40.400000	6000	6000	323	6001	720
40.500000	6000	6000	324	5001	720
40.500000	6000	6000	324	6001	720
40.600000	6000	6000	325	5001	720
40.600000	6000	6000	325	6001	720
40.700000	6000	6000	326	5001	720
40.700000	6000	6000	326	6001	720
40.800000	6000	6000	327	5001	720
40.800000	6000	6000	327	6001	720
40.900000	6000	6000	328	5001	720
40.900000	6000	6000	328	6001	720
41.000000	6000	6000	329	5001	720
41.000000	6000	6000	329	6001	720
41.100000	6000	6000	330	5001	720
41.100000	6000	6000	330	6001	720
41.200000	6000	6000	331	5001	720
41.200000	6000	6000	331	6001	720
41.300000	6000	6000	332	5001	720
41.300000	6000	6000	332	6001	720
41.400000	6000	6000	333	5001	720
41.400000	6000	6000	333	6001	720
41.500000	6000	6000	334	5001	720
41.500000	6000	6000	334	6001	720
41.600000	6000	6000	335	5001	720
41.600000	6000	6000	335	6001	720
41.700000	6000	6000	336	5001	720
41.700000	6000	6000	336	6001	720
41.800000	6000	6000	337	5001	720
41.800000	6000	6000	337	6001	720
41.900000	6000	6000	338	5001	720
41.900000	6000	6000	338	6001	720
42.000000	6000	6000	339	5001	720
42.000000	6000	6000	339	6001	720
42.100000	6000	6000	340	5001	720
42.100000	6000	6000	340	6001	720
42.200000	6000	6000	341	5001	720
42.200000	6000	6000	341	6001	720
42.300000	6000	6000	342	5001	720
42.300000	6000	6000	342	6001	720
42.400000	6000	6000	343	5001	720
42.400000	6000	6000	343	6001	720
42.500000	6000	6000	344	5001	720
42.500000	6000	6000	344	6001	720
42.600000	6000	6000	345	5001	720
42.600000	6000	6000	345	6001	720
42.700000	6000	6000	346	5001	720
42.700000	6000	6000	346	6001	720
42.800000	6000	6000	347	5001	720
42.800000	6000	6000	347	6001	720
42.900000	6000	6000	348	5001	720
42.900000	6000	6000	348	6001	720
43.000000	6000	6000	349	5001	720
43.000000	6000	6000	349	6001	720
43.100000	6000	6000	350	5001	720
43.100000	6000	6000	350	6001	720
43.200000	6000	6000	351	5001	720
43.200000	6000	6000	351	6001	720
43.300000	6000	6000	352	5001	720
43.300000	6000	6000	352	6001	720
43.400000	6000	6000	353	5001	720
43.400000	6000	6000	353	6001	720
43.500000	6000	6000	354	5001	720
43.500000	6000	6000	354	6001	720
43.600000	6000	6000	355	5001	720
43.600000	6000	6000	355	6001	720
43.700000	6000	6000	356	5001	720
43.700000	6000	6000	356	6001	720
43.800000	6000	6000	357	5001	720
43.800000	6000	6000	357	6001	720
43.900000	6000	6000	358	5001	720
43.900000	6000	6000	358	6001	720
44.000000	6000	6000	359	5001	720
44.000000	6000	6000	359	6001	720
44.100000	6000	6000	360	5001	720
44.100000	6000	6000	360	6001	720
44.200000	6000	6000	361	5001	720
44.200000	6000	6000	361	6001	720
44.300000	6000	6000	362	5001	720
44.300000	6000	6000	362	6001	720
44.400000	6000	6000	363	5001	720
44.400000	6000	6000	363	6001	720
44.500000	6000	6000	364	5001	720
44.500000	6000	6000	364	6001	720
44.600000	6000	6000	365	5001	720
44.600000	6000	6000	365	6001	720
44.700000	6000	6000	366	5001	720
44.700000	6000	6000	366	6001	720
44.800000	6000	6000	367	5001	720
44.800000	6000	6000	367	6001	720
44.900000	6000	6000	368	5001	720
44.900000	6000	6000	368	6001	720
45.000000	6000	6000	369	5001	720
45.000000	6000	6000	369	6001	720
45.100000	6000	6000	370	5001	720
45.100000	6000	6000	370	6001	720
45.200000	6000	6000	371	5001	720
45.200000	6000	6000	371	6001	720
45.300000	6000	6000	372	5001	720
45.300000	6000	6000	372	6001	720
45.400000	6000	6000	373	5001	720
45.400000	6000	6000	373	6001	720
45.500000	6000	6000	374	5001	720
45.500000	6000	6000	374	6001	720
45.600000	6000	6000	375	5001	720
45.600000	6000	6000	375	6001	720
45.700000	6000	6000	376	5001	720
45.700000	6000	6000	376	6001	720
45.800000	6000	6000	377	5001	720
45.800000	6000	6000	377	6001	720
45.900000	6000	6000	378	5001	720
45.900000	6000	6000	378	6001	720
46.000000	6000	6000	379	5001	720
46.000000	6000	6000	379	6001	720
46.100000	6000	6000	380	5001	720
46.100000	6000	6000	380	6001	720
46.200000	6000	6000	381	5001	720
46.200000	6000	6000	381	6001	720
46.300000	6000	6000	382	5001	720
46.300000	6000	6000	382	6001	720
46.400000	6000	6000	383	5001	720
46.400000	6000	6000	383	6001	720
46.500000	6000	6000	384	5001	720
46.500000	6000	6000	384	6001	720
46.600000	6000	6000	385	5001	720
46.600000	6000	6000	385	6001	720
46.700000	6000	6000	386	5001	720
46.700000	6000	6000	386	6001	720
46.800000	6000	6000	387	5001	720
46.800000	6000	6000	387	6001	720
46.900000	6000	6000	388	5001	720
46.900000	6000	6000	388	6001	720
47.000000	6000	6000	389	5001	720
47.000000	6000	6000	389	6001	720
47.100000	6000	6000	390	5001	720
47.100000	6000	6000	390	6001	720
47.200000	6000	6000	391	5001	720
47.200000	6000	6000	391	6001	720
47.300000	6000	6000	392	5001	720
47.300000	6000	6000	392	6001	720
47.400000	6000	6000	393	5001	720
47.400000	6000	6000	393	6001	720
47.500000	6000	6000	394	5001	720
47.500000	6000	6000	394	6001	720
47.600000	6000	6000	395	5001	720
47.600000	6000	6000	395	6001	720
47.700000	6000	6000	396	5001	720
47.700000	6000	6000	396	6001	720
47.800000	6000	6000	397	5001	720
47.800000	6000	6000	397	6001	720
47.900000	6000	6000	398	5001	720
47.900000	6000	6000	398	6001	720
48.000000	6000	6000	399	5001	720
48.000000	6000	6000	399	6001	720
48.100000	6000	6000	400	5001	720
48.100000	6000	6000	400	6001	720
48.200000	6000	6000	401	5001	720
48.200000	6000	6000	401	6001	720
48.300000	6000	6000	402	5001	720
48.300000	6000	6000	402	6001	720
48.400000	6000	6000	403	5001	720
48.400000	6000	6000	403	6001	720
48.500000	6000	6000	404	5001	720
48.500000	6000	6000	404	6001	720
48.600000	6000	6000	405	5001	720
48.600000	6000	6000	405	6001	720
48.700000	6000	6000	406	5001	720
48.700000	6000	6000	406	6001	720
48.800000	6000	6000	407	5001	720
48.800000	6000	6000	407	6001	720
48.900000	6000	6000	408	5001	720
48.900000	6000	6000	408	6001	720
49.000000	6000	6000	409	5001	720
49.000000	6000	6000	409	6001	720
49.100000	6000	6000	410	5001	720
49.100000	6000	6000	410	6001	720
49.200000	6000	6000	411	5001	720
49.200000	6000	6000	411	6001	720
49.300000	6000	6000	412	5001	720
49.300000	6000	6000	412	6001	720
49.400000	6000	6000	413	5001	720
49.400000	6000	6000	413	6001	720
49.500000	6000	6000	414	5001	720
49.500000	6000	6000	414	6001	720
49.600000	6000	6000	415	5001	720
49.600000	6000	6000	415	6001	720
49.700000	6000	6000	416	5001	720
49.700000	6000	6000	416	6001	720
49.800000	6000	6000	417	5001	720
49.800000	6000	6000	417	6001	720
49.900000	6000	6000	418	5001	720
49.900000	6000	6000	418	6001	720
50.000000	6000	6000	419	5001	720
50.000000	6000	6000	419	6001	720
50.100000	6000	6000	420	5001	720
50.100000	6000	6000	420	6001	720
50.200000	6000	6000	421	5001	720
50.200000	6000	6000	421	6001	720
50.300000	6000	6000	422	5001	720
50.300000	6000	6000	422	6001	720
50.400000	6000	6000	423	5001	720
50.400000	6000	6000	423	6001	720
50.500000	6000	6000	424	5001	720
50.500000	6000	6000	424	6001	720
50.600000	6000	6000	425	5001	720
50.600000	6000	6000	425	6001	720
50.700000	6000	6000	426	5001	720
50.700000	6000	6000	426	6001	720
50.800000	6000	6000	427	5001	720
50.800000	6000	6000	427	6001	720
50.900000	6000	6000	428	5001	720
50.900000	6000	6000	428	6001	720
51.000000	6000	6000	429	5001	720
51.000000	6000	6000	429	6001	720
51.100000	6000	6000	430	5001	720
51.100000	6000	6000	430	6001	720
51.200000	6000	6000	431	5001	720
51.200000	6000	6000	431	6001	720
51.300000	6000	6000	432	5001	720
51.300000	6000	6000	432	6001	720
51.400000	6000	6000	433	5001	720
51.400000	6000	6000	433	6001	720
51.500000	6000	6000	434	5001	720
51.500000	6000	6000	434	6001	720
51.600000	6000	6000	435	5001	720
51.600000	6000	6000	435	6001	720
51.700000	6000	6000	436	5001	720
51.700000	6000	6000	436	6001	720
51.800000	6000	6000	437	5001	720
51.800000	6000	6000	437	6001	720
51.900000	6000	6000	438	5001	720
51.900000	6000	6000	438	6001	720
52.000000	6000	6000	439	5001	720
52.000000	6000	6000	439	6001	720
52.100000	6000	6000	440	5001	720
52.100000	6000	6000	440	6001	720
52.200000	6000	6000	441	5001	720
52.200000	6000	6000	441	6001	720
52.300000	6000	6000	442	5001	720
52.300000	6000	6000	442	6001	720
52.400000	6000	6000	443	5001	720
52.400000	6000	6000	443	6001	720
52.500000	6000	6000	444	5001	720
52.500000	6000	6000	444	6001	720
52.600000	6000	6000	445	5001	720
52.600000	6000	6000	445	6001	720
52.700000	6000	6000	446	5001	720
52.700000	6000	6000	446	6001	720
52.800000	6000	6000	447	5001	720
52.800000	6000	6000	447	6001	720
52.900000	6000	6000	448	5001	720
52.900000	6000	6000	448	6001	720
53.000000	6000	6000	449	5001	720
53.000000	6000	6000	449	6001	720
53.100000	6000	6000	450	5001	720
53.100000	6000	6000	450	6001	720
53.200000	6000	6000	451	5001	720
53.200000	6000	6000	451	6001	720
53.300000	6000	6000	452	5001	720
53.300000	6000	6000	452	6001	720
53.400000	6000	6000	453	5001	720
53.400000	6000	6000	453	6001	720
53.500000	6000	6000	454	5001	720
53.500000	6000	6000	454	6001	720
53.600000	6000	6000	455	5001	720
53.600000	6000	6000	455	6001	720
53.700000	6000	6000	456	5001	720
53.700000	6000	6000	456	6001	720
53.800000	6000	6000	457	5001	720
53.800000	6000	6000	457	6001	720
53.900000	6000	6000	458	5001	720
53.900000	6000	6000	458	6001	720
54.000000	6000	6000	459	5001	720
54.000000	6000	6000	459	6001	720
54.100000	6000	6000	460	5001	720
54.100000	6000	6000	460	6001	720
54.200000	6000	6000	461	5001	720
54.200000	6000	6000	461	6001	720
54.300000	6000	6000	462	6001	720
54.400000	6000	6000	463	6001	720
54.500000	6000	6000	464	6001	720
54.600000	6000	6000	465	6001	720
54.700000	6000	6000	466	6001	720
54.800000	6000	6000	467	6001	720
54.900000	6000	6000	468	6001	720
55.000000	6000	6000	469	6001	720
55.100000	6000	6000	470	6001	720
55.200000	6000	6000	471	6001	720
55.300000	6000	6000	472	6001	720
55.400000	6000	6000	473	6001	720
55.500000	6000	6000	474	6001	720
55.600000	6000	6000	475	6001	720
55.700000	6000	6000	476	6001	720
55.800000	6000	6000	477	6001	720
55.900000	6000	6000	478	6001	720
56.000000	6000	6000	479	6001	720
56.100000	6000	6000	480	6001	720
56.200000	6000	6000	481	6001	720
56.300000	6000	6000	482	6001	720
56.400000	6000	6000	483	6001	720
56.500000	6000	6000	484	6001	720
56.600000	6000	6000	485	6001	720
56.700000	6000	6000	486	6001	720
56.800000	6000	6000	487	6001	720
56.900000	6000	6000	488	6001	720
57.000000	6000	6000	489	6001	720
57.100000	6000	6000	490	6001	720
57.200000	6000	6000	491	6001	720
57.300000	6000	6000	492	6001	720
57.400000	6000	6000	493	6001	720
57.500000	6000	6000	494	6001	720
57.600000	6000	6000	495	6001	720
57.700000	6000	6000	496	6001	720
57.800000	6000	6000	497	6001	720
57.900000	6000	6000	498	6001	720
58.000000	6000	6000	499	6001	720
58.100000	6000	6000	500	6001	720
58.200000	6000	6000	501	6001	720
58.300000	6000	6000	502	6001	720
58.400000	6000	6000	503	6001	720
58.500000	6000	6000	504	6001	720
58.600000	6000	6000	505	6001	720
58.700000	6000	6000	506	6001	720
58.800000	6000	6000	507	6001	720
58.900000	6000	6000	508	6001	720
59.000000	6000	6000	509	6001	720
59.100000	6000	6000	510	6001	720
59.200000	6000	6000	511	6001	720
59.300000	6000	6000	512	6001	720
59.400000	6000	6000	513	6001	720
59.500000	6000	6000	514	6001	720
59.600000	6000	6000	515	6001	720
59.700000	6000	6000	516	6001	720
59.800000	6000	6000	517	6001	720
59.900000	6000	6000	518	6001	720
60.000000	6000	6000	519	6001	720
60.100000	6000	6000	520	6001	720
60.200000	6000	6000	521	6001	720
60.300000	6000	6000	522	6001	720
60.400000	6000	6000	523	6001	720
60.500000	6000	6000	524	6001	720
60.600000	6000	6000	525	6001	720
60.700000	6000	6000	526	6001	720
60.800000	6000	6000	527	6001	720
60.900000	6000	6000	528	6001	720
61.000000	6000	6000	529	6001	720
61.100000	6000	6000	530	6001	720
61.200000	6000	6000	531	6001	720
61.300000	6000	6000	532	6001	720
61.400000	6000	6000	533	6001	720
61.500000	6000	6000	534	6001	720
61.600000	6000	6000	535	6001	720
61.700000	6000	6000	536	6001	720
61.800000	6000	6000	537	6001	720
61.900000	6000	6000	538	6001	720
62.000000	6000	6000	539	6001	720
62.100000	6000	6000	540	6001	720
62.200000	6000	6000	541	6001	720
62.300000	6000	6000	542	6001	720
62.400000	6000	6000	543	6001	720
62.500000	6000	6000	544	6001	720
62.600000	6000	6000	545	6001	720
62.700000	6000	6000	546	6001	720
62.800000	6000	6000	547	6001	720
