4.100000	0	0	0	1111
4.100000	0	0	0	2
4.100000	0	0	0	1
4.100000	0	0	0	3
4.200000	0	0	1	1111
4.200000	0	0	1	2
4.200000	0	0	1	1
4.200000	0	0	1	3
4.300000	0	0	2	1111
4.300000	0	0	2	2
4.300000	0	0	2	1
4.300000	0	0	2	3
4.400000	0	0	3	1111
4.400000	0	0	3	2
4.400000	0	0	3	1
4.400000	0	0	3	3
4.500000	0	0	4	1111
4.500000	0	0	4	2
4.500000	0	0	4	1
4.500000	0	0	4	3
4.600000	0	0	5	1111
4.600000	0	0	5	2
4.600000	0	0	5	1
4.600000	0	0	5	3
4.700000	0	0	6	1111
4.700000	0	0	6	2
4.700000	0	0	6	1
4.700000	0	0	6	3
4.800000	0	0	7	1111
4.800000	0	0	7	2
4.800000	0	0	7	1
4.800000	0	0	7	3
4.900000	0	0	8	1111
4.900000	0	0	8	2
4.900000	0	0	8	1
4.900000	0	0	8	3
5.000000	0	0	9	1111
5.000000	0	0	9	2
5.000000	0	0	9	1
5.000000	0	0	9	3
5.100000	0	0	10	1111
5.100000	0	0	10	2
5.100000	0	0	10	1
5.100000	0	0	10	3
5.200000	0	0	11	1111
5.200000	0	0	11	2
5.200000	0	0	11	1
5.200000	0	0	11	3
5.300000	0	0	12	1111
5.300000	0	0	12	2
5.300000	0	0	12	1
5.300000	0	0	12	3
5.400000	0	0	13	1111
5.400000	0	0	13	2
5.400000	0	0	13	1
5.400000	0	0	13	3
5.500000	0	0	14	1111
5.500000	0	0	14	2
5.500000	0	0	14	1
5.500000	0	0	14	3
5.600000	0	0	15	1111
5.600000	0	0	15	2
5.600000	0	0	15	1
5.600000	0	0	15	3
5.700000	0	0	16	1111
5.700000	0	0	16	2
5.700000	0	0	16	1
5.700000	0	0	16	3
5.800000	0	0	17	1111
5.800000	0	0	17	2
5.800000	0	0	17	1
5.800000	0	0	17	3
5.900000	0	0	18	1111
5.900000	0	0	18	2
5.900000	0	0	18	1
5.900000	0	0	18	3
6.000000	0	0	19	1111
6.000000	0	0	19	2
6.000000	0	0	19	1
6.000000	0	0	19	3
6.100000	0	0	20	1111
6.100000	0	0	20	2
6.100000	0	0	20	1
6.100000	0	0	20	3
6.200000	0	0	21	1111
6.200000	0	0	21	2
6.200000	0	0	21	1
6.200000	0	0	21	3
6.300000	0	0	22	1111
6.300000	0	0	22	2
6.300000	0	0	22	1
6.300000	0	0	22	3
6.400000	0	0	23	1111
6.400000	0	0	23	2
6.400000	0	0	23	1
6.400000	0	0	23	3
6.500000	0	0	24	1111
6.500000	0	0	24	2
6.500000	0	0	24	1
6.500000	0	0	24	3
6.600000	0	0	25	1111
6.600000	0	0	25	2
6.600000	0	0	25	1
6.600000	0	0	25	3
6.700000	0	0	26	1111
6.700000	0	0	26	2
6.700000	0	0	26	1
6.700000	0	0	26	3
6.800000	0	0	27	1111
6.800000	0	0	27	2
6.800000	0	0	27	1
6.800000	0	0	27	3
6.900000	0	0	28	1111
6.900000	0	0	28	2
6.900000	0	0	28	1
6.900000	0	0	28	3
7.000000	0	0	29	1111
7.000000	0	0	29	2
7.000000	0	0	29	1
7.000000	0	0	29	3
7.100000	0	0	30	1111
7.100000	0	0	30	2
7.100000	0	0	30	1
7.100000	0	0	30	3
7.200000	0	0	31	1111
7.200000	0	0	31	2
7.200000	0	0	31	1
7.200000	0	0	31	3
7.300000	0	0	32	1111
7.300000	0	0	32	2
7.300000	0	0	32	1
7.300000	0	0	32	3
7.400000	0	0	33	1111
7.400000	0	0	33	2
7.400000	0	0	33	1
7.400000	0	0	33	3
7.500000	0	0	34	1111
7.500000	0	0	34	2
7.500000	0	0	34	1
7.500000	0	0	34	3
7.600000	0	0	35	1111
7.600000	0	0	35	2
7.600000	0	0	35	1
7.600000	0	0	35	3
7.700000	0	0	36	1111
7.700000	0	0	36	2
7.700000	0	0	36	1
7.700000	0	0	36	3
7.800000	0	0	37	1111
7.800000	0	0	37	2
7.800000	0	0	37	1
7.800000	0	0	37	3
7.900000	0	0	38	1111
7.900000	0	0	38	2
7.900000	0	0	38	1
7.900000	0	0	38	3
8.000000	0	0	39	1111
8.000000	0	0	39	2
8.000000	0	0	39	1
8.000000	0	0	39	3
8.100000	0	0	40	1111
8.100000	0	0	40	2
8.100000	0	0	40	1
8.100000	0	0	40	3
8.200000	0	0	41	1111
8.200000	0	0	41	2
8.200000	0	0	41	1
8.200000	0	0	41	3
8.300000	0	0	42	1111
8.300000	0	0	42	2
8.300000	0	0	42	1
8.300000	0	0	42	3
8.400000	0	0	43	1111
8.400000	0	0	43	2
8.400000	0	0	43	1
8.400000	0	0	43	3
8.500000	0	0	44	1111
8.500000	0	0	44	2
8.500000	0	0	44	1
8.500000	0	0	44	3
8.600000	0	0	45	1111
8.600000	0	0	45	2
8.600000	0	0	45	1
8.600000	0	0	45	3
8.700000	0	0	46	1111
8.700000	0	0	46	2
8.700000	0	0	46	1
8.700000	0	0	46	3
8.800000	0	0	47	1111
8.800000	0	0	47	2
8.800000	0	0	47	1
8.800000	0	0	47	3
8.900000	0	0	48	1111
8.900000	0	0	48	2
8.900000	0	0	48	1
8.900000	0	0	48	3
9.000000	0	0	49	1111
9.000000	0	0	49	2
9.000000	0	0	49	1
9.000000	0	0	49	3
9.100000	0	0	50	1111
9.100000	0	0	50	2
9.100000	0	0	50	1
9.100000	0	0	50	3
9.200000	0	0	51	1111
9.200000	0	0	51	2
9.200000	0	0	51	1
9.200000	0	0	51	3
9.300000	0	0	52	1111
9.300000	0	0	52	2
9.300000	0	0	52	1
9.300000	0	0	52	3
9.400000	0	0	53	1111
9.400000	0	0	53	2
9.400000	0	0	53	1
9.400000	0	0	53	3
9.500000	0	0	54	1111
9.500000	0	0	54	2
9.500000	0	0	54	1
9.500000	0	0	54	3
9.600000	0	0	55	1111
9.600000	0	0	55	2
9.600000	0	0	55	1
9.600000	0	0	55	3
9.700000	0	0	56	1111
9.700000	0	0	56	2
9.700000	0	0	56	1
9.700000	0	0	56	3
9.800000	0	0	57	1111
9.800000	0	0	57	2
9.800000	0	0	57	1
9.800000	0	0	57	3
9.900000	0	0	58	1111
9.900000	0	0	58	2
9.900000	0	0	58	1
9.900000	0	0	58	3
10.000000	0	0	59	1111
10.000000	0	0	59	2
10.000000	0	0	59	1
10.000000	0	0	59	3
10.100000	0	0	60	1111
10.100000	0	0	60	2
10.100000	0	0	60	1
10.100000	0	0	60	3
10.200000	0	0	61	1111
10.200000	0	0	61	2
10.200000	0	0	61	1
10.200000	0	0	61	3
10.300000	0	0	62	1111
10.300000	0	0	62	2
10.300000	0	0	62	1
10.300000	0	0	62	3
10.400000	0	0	63	1111
10.400000	0	0	63	2
10.400000	0	0	63	1
10.400000	0	0	63	3
10.500000	0	0	64	1111
10.500000	0	0	64	2
10.500000	0	0	64	1
10.500000	0	0	64	3
10.600000	0	0	65	1111
10.600000	0	0	65	2
10.600000	0	0	65	1
10.600000	0	0	65	3
10.700000	0	0	66	1111
10.700000	0	0	66	2
10.700000	0	0	66	1
10.700000	0	0	66	3
10.800000	0	0	67	1111
10.800000	0	0	67	2
10.800000	0	0	67	1
10.800000	0	0	67	3
10.900000	0	0	68	1111
10.900000	0	0	68	2
10.900000	0	0	68	1
10.900000	0	0	68	3
11.000000	0	0	69	1111
11.000000	0	0	69	2
11.000000	0	0	69	1
11.000000	0	0	69	3
11.100000	0	0	70	1111
11.100000	0	0	70	2
11.100000	0	0	70	1
11.100000	0	0	70	3
11.200000	0	0	71	1111
11.200000	0	0	71	2
11.200000	0	0	71	1
11.200000	0	0	71	3
11.300000	0	0	72	1111
11.300000	0	0	72	2
11.300000	0	0	72	1
11.300000	0	0	72	3
11.400000	0	0	73	1111
11.400000	0	0	73	2
11.400000	0	0	73	1
11.400000	0	0	73	3
11.500000	0	0	74	1111
11.500000	0	0	74	2
11.500000	0	0	74	1
11.500000	0	0	74	3
11.600000	0	0	75	1111
11.600000	0	0	75	2
11.600000	0	0	75	1
11.600000	0	0	75	3
11.700000	0	0	76	1111
11.700000	0	0	76	2
11.700000	0	0	76	1
11.700000	0	0	76	3
11.800000	0	0	77	1111
11.800000	0	0	77	2
11.800000	0	0	77	1
11.800000	0	0	77	3
11.900000	0	0	78	1111
11.900000	0	0	78	2
11.900000	0	0	78	1
11.900000	0	0	78	3
12.000000	0	0	79	1111
12.000000	0	0	79	2
12.000000	0	0	79	1
12.000000	0	0	79	3
12.100000	0	0	80	1111
12.100000	0	0	80	2
12.100000	0	0	80	1
12.100000	0	0	80	3
12.200000	0	0	81	1111
12.200000	0	0	81	2
12.200000	0	0	81	1
12.200000	0	0	81	3
12.300000	0	0	82	1111
12.300000	0	0	82	2
12.300000	0	0	82	1
12.300000	0	0	82	3
12.400000	0	0	83	1111
12.400000	0	0	83	2
12.400000	0	0	83	1
12.400000	0	0	83	3
12.500000	0	0	84	1111
12.500000	0	0	84	2
12.500000	0	0	84	1
12.500000	0	0	84	3
12.600000	0	0	85	1111
12.600000	0	0	85	2
12.600000	0	0	85	1
12.600000	0	0	85	3
12.700000	0	0	86	1111
12.700000	0	0	86	2
12.700000	0	0	86	1
12.700000	0	0	86	3
12.800000	0	0	87	1111
12.800000	0	0	87	2
12.800000	0	0	87	1
12.800000	0	0	87	3
12.900000	0	0	88	1111
12.900000	0	0	88	2
12.900000	0	0	88	1
12.900000	0	0	88	3
13.000000	0	0	89	1111
13.000000	0	0	89	2
13.000000	0	0	89	1
13.000000	0	0	89	3
13.100000	0	0	90	1111
13.100000	0	0	90	2
13.100000	0	0	90	1
13.100000	0	0	90	3
13.200000	0	0	91	1111
13.200000	0	0	91	2
13.200000	0	0	91	1
13.200000	0	0	91	3
13.300000	0	0	92	1111
13.300000	0	0	92	2
13.300000	0	0	92	1
13.300000	0	0	92	3
13.400000	0	0	93	1111
13.400000	0	0	93	2
13.400000	0	0	93	1
13.400000	0	0	93	3
13.500000	0	0	94	1111
13.500000	0	0	94	2
13.500000	0	0	94	1
13.500000	0	0	94	3
13.600000	0	0	95	1111
13.600000	0	0	95	2
13.600000	0	0	95	1
13.600000	0	0	95	3
13.700000	0	0	96	1111
13.700000	0	0	96	2
13.700000	0	0	96	1
13.700000	0	0	96	3
13.800000	0	0	97	1111
13.800000	0	0	97	2
13.800000	0	0	97	1
13.800000	0	0	97	3
13.900000	0	0	98	1111
13.900000	0	0	98	2
13.900000	0	0	98	1
13.900000	0	0	98	3
14.000000	0	0	99	1111
14.000000	0	0	99	2
14.000000	0	0	99	1
14.000000	0	0	99	3
14.100000	0	0	100	1111
14.100000	0	0	100	2
14.100000	0	0	100	1
14.100000	0	0	100	3
14.200000	0	0	101	1111
14.200000	0	0	101	2
14.200000	0	0	101	1
14.200000	0	0	101	3
14.300000	0	0	102	1111
14.300000	0	0	102	2
14.300000	0	0	102	1
14.300000	0	0	102	3
14.400000	0	0	103	1111
14.400000	0	0	103	2
14.400000	0	0	103	1
14.400000	0	0	103	3
14.500000	0	0	104	1111
14.500000	0	0	104	2
14.500000	0	0	104	1
14.500000	0	0	104	3
14.600000	0	0	105	1111
14.600000	0	0	105	2
14.600000	0	0	105	1
14.600000	0	0	105	3
14.700000	0	0	106	1111
14.700000	0	0	106	2
14.700000	0	0	106	1
14.700000	0	0	106	3
14.800000	0	0	107	1111
14.800000	0	0	107	2
14.800000	0	0	107	1
14.800000	0	0	107	3
14.900000	0	0	108	1111
14.900000	0	0	108	2
14.900000	0	0	108	1
14.900000	0	0	108	3
15.000000	0	0	109	1111
15.000000	0	0	109	2
15.000000	0	0	109	1
15.000000	0	0	109	3
15.100000	0	0	110	1111
15.100000	0	0	110	2
15.100000	0	0	110	1
15.100000	0	0	110	3
15.200000	0	0	111	1111
15.200000	0	0	111	2
15.200000	0	0	111	1
15.200000	0	0	111	3
15.300000	0	0	112	1111
15.300000	0	0	112	2
15.300000	0	0	112	1
15.300000	0	0	112	3
15.400000	0	0	113	1111
15.400000	0	0	113	2
15.400000	0	0	113	1
15.400000	0	0	113	3
15.500000	0	0	114	1111
15.500000	0	0	114	2
15.500000	0	0	114	1
15.500000	0	0	114	3
15.600000	0	0	115	1111
15.600000	0	0	115	2
15.600000	0	0	115	1
15.600000	0	0	115	3
15.700000	0	0	116	1111
15.700000	0	0	116	2
15.700000	0	0	116	1
15.700000	0	0	116	3
15.800000	0	0	117	1111
15.800000	0	0	117	2
15.800000	0	0	117	1
15.800000	0	0	117	3
15.900000	0	0	118	1111
15.900000	0	0	118	2
15.900000	0	0	118	1
15.900000	0	0	118	3
16.000000	0	0	119	1111
16.000000	0	0	119	2
16.000000	0	0	119	1
16.000000	0	0	119	3
16.100000	0	0	120	1111
16.100000	0	0	120	2
16.100000	0	0	120	1
16.100000	0	0	120	3
16.200000	0	0	121	1111
16.200000	0	0	121	2
16.200000	0	0	121	1
16.200000	0	0	121	3
16.300000	0	0	122	1111
16.300000	0	0	122	2
16.300000	0	0	122	1
16.300000	0	0	122	3
16.400000	0	0	123	1111
16.400000	0	0	123	2
16.400000	0	0	123	1
16.400000	0	0	123	3
16.500000	0	0	124	1111
16.500000	0	0	124	2
16.500000	0	0	124	1
16.500000	0	0	124	3
16.600000	0	0	125	1111
16.600000	0	0	125	2
16.600000	0	0	125	1
16.600000	0	0	125	3
16.700000	0	0	126	1111
16.700000	0	0	126	2
16.700000	0	0	126	1
16.700000	0	0	126	3
16.800000	0	0	127	1111
16.800000	0	0	127	2
16.800000	0	0	127	1
16.800000	0	0	127	3
16.900000	0	0	128	1111
16.900000	0	0	128	2
16.900000	0	0	128	1
16.900000	0	0	128	3
17.000000	0	0	129	1111
17.000000	0	0	129	2
17.000000	0	0	129	1
17.000000	0	0	129	3
17.100000	0	0	130	1111
17.100000	0	0	130	2
17.100000	0	0	130	1
17.100000	0	0	130	3
17.200000	0	0	131	1111
17.200000	0	0	131	2
17.200000	0	0	131	1
17.200000	0	0	131	3
17.300000	0	0	132	1111
17.300000	0	0	132	2
17.300000	0	0	132	1
17.300000	0	0	132	3
17.400000	0	0	133	1111
17.400000	0	0	133	2
17.400000	0	0	133	1
17.400000	0	0	133	3
17.500000	0	0	134	1111
17.500000	0	0	134	2
17.500000	0	0	134	1
17.500000	0	0	134	3
17.600000	0	0	135	1111
17.600000	0	0	135	2
17.600000	0	0	135	1
17.600000	0	0	135	3
17.700000	0	0	136	1111
17.700000	0	0	136	2
17.700000	0	0	136	1
17.700000	0	0	136	3
17.800000	0	0	137	1111
17.800000	0	0	137	2
17.800000	0	0	137	1
17.800000	0	0	137	3
17.900000	0	0	138	1111
17.900000	0	0	138	2
17.900000	0	0	138	1
17.900000	0	0	138	3
18.000000	0	0	139	1111
18.000000	0	0	139	2
18.000000	0	0	139	1
18.000000	0	0	139	3
18.100000	0	0	140	1111
18.100000	0	0	140	2
18.100000	0	0	140	1
18.100000	0	0	140	3
18.200000	0	0	141	1111
18.200000	0	0	141	2
18.200000	0	0	141	1
18.200000	0	0	141	3
18.300000	0	0	142	1111
18.300000	0	0	142	2
18.300000	0	0	142	1
18.300000	0	0	142	3
18.400000	0	0	143	1111
18.400000	0	0	143	2
18.400000	0	0	143	1
18.400000	0	0	143	3
18.500000	0	0	144	1111
18.500000	0	0	144	2
18.500000	0	0	144	1
18.500000	0	0	144	3
18.600000	0	0	145	1111
18.600000	0	0	145	2
18.600000	0	0	145	1
18.600000	0	0	145	3
18.700000	0	0	146	1111
18.700000	0	0	146	2
18.700000	0	0	146	1
18.700000	0	0	146	3
18.800000	0	0	147	1111
18.800000	0	0	147	2
18.800000	0	0	147	1
18.800000	0	0	147	3
18.900000	0	0	148	1111
18.900000	0	0	148	2
18.900000	0	0	148	1
18.900000	0	0	148	3
19.000000	0	0	149	1111
19.000000	0	0	149	2
19.000000	0	0	149	1
19.000000	0	0	149	3
19.100000	0	0	150	1111
19.100000	0	0	150	2
19.100000	0	0	150	1
19.100000	0	0	150	3
19.200000	0	0	151	1111
19.200000	0	0	151	2
19.200000	0	0	151	1
19.200000	0	0	151	3
19.300000	0	0	152	1111
19.300000	0	0	152	2
19.300000	0	0	152	1
19.300000	0	0	152	3
19.400000	0	0	153	1111
19.400000	0	0	153	2
19.400000	0	0	153	1
19.400000	0	0	153	3
19.500000	0	0	154	1111
19.500000	0	0	154	2
19.500000	0	0	154	1
19.500000	0	0	154	3
19.600000	0	0	155	1111
19.600000	0	0	155	2
19.600000	0	0	155	1
19.600000	0	0	155	3
19.700000	0	0	156	1111
19.700000	0	0	156	2
19.700000	0	0	156	1
19.700000	0	0	156	3
19.800000	0	0	157	1111
19.800000	0	0	157	2
19.800000	0	0	157	1
19.800000	0	0	157	3
19.900000	0	0	158	1111
19.900000	0	0	158	2
19.900000	0	0	158	1
19.900000	0	0	158	3
20.000000	0	0	159	1111
20.000000	0	0	159	2
20.000000	0	0	159	1
20.000000	0	0	159	3
20.100000	0	0	160	1111
20.100000	0	0	160	2
20.100000	0	0	160	1
20.100000	0	0	160	3
20.200000	0	0	161	1111
20.200000	0	0	161	2
20.200000	0	0	161	1
20.200000	0	0	161	3
20.300000	0	0	162	1111
20.300000	0	0	162	2
20.300000	0	0	162	1
20.300000	0	0	162	3
20.400000	0	0	163	1111
20.400000	0	0	163	2
20.400000	0	0	163	1
20.400000	0	0	163	3
20.500000	0	0	164	1111
20.500000	0	0	164	2
20.500000	0	0	164	1
20.500000	0	0	164	3
20.600000	0	0	165	1111
20.600000	0	0	165	2
20.600000	0	0	165	1
20.600000	0	0	165	3
20.700000	0	0	166	1111
20.700000	0	0	166	2
20.700000	0	0	166	1
20.700000	0	0	166	3
20.800000	0	0	167	1111
20.800000	0	0	167	2
20.800000	0	0	167	1
20.800000	0	0	167	3
20.900000	0	0	168	1111
20.900000	0	0	168	2
20.900000	0	0	168	1
20.900000	0	0	168	3
21.000000	0	0	169	1111
21.000000	0	0	169	2
21.000000	0	0	169	1
21.000000	0	0	169	3
21.100000	0	0	170	1111
21.100000	0	0	170	2
21.100000	0	0	170	1
21.100000	0	0	170	3
21.200000	0	0	171	1111
21.200000	0	0	171	2
21.200000	0	0	171	1
21.200000	0	0	171	3
21.300000	0	0	172	1111
21.300000	0	0	172	2
21.300000	0	0	172	1
21.300000	0	0	172	3
21.400000	0	0	173	1111
21.400000	0	0	173	2
21.400000	0	0	173	1
21.400000	0	0	173	3
21.500000	0	0	174	1111
21.500000	0	0	174	2
21.500000	0	0	174	1
21.500000	0	0	174	3
21.600000	0	0	175	1111
21.600000	0	0	175	2
21.600000	0	0	175	1
21.600000	0	0	175	3
21.700000	0	0	176	1111
21.700000	0	0	176	2
21.700000	0	0	176	1
21.700000	0	0	176	3
21.800000	0	0	177	1111
21.800000	0	0	177	2
21.800000	0	0	177	1
21.800000	0	0	177	3
21.900000	0	0	178	1111
21.900000	0	0	178	2
21.900000	0	0	178	1
21.900000	0	0	178	3
22.000000	0	0	179	1111
22.000000	0	0	179	2
22.000000	0	0	179	1
22.000000	0	0	179	3
22.100000	0	0	180	1111
22.100000	0	0	180	2
22.100000	0	0	180	1
22.100000	0	0	180	3
22.200000	0	0	181	1111
22.200000	0	0	181	2
22.200000	0	0	181	1
22.200000	0	0	181	3
22.300000	0	0	182	1111
22.300000	0	0	182	2
22.300000	0	0	182	1
22.300000	0	0	182	3
22.400000	0	0	183	1111
22.400000	0	0	183	2
22.400000	0	0	183	1
22.400000	0	0	183	3
22.500000	0	0	184	1111
22.500000	0	0	184	2
22.500000	0	0	184	1
22.500000	0	0	184	3
22.600000	0	0	185	1111
22.600000	0	0	185	2
22.600000	0	0	185	1
22.600000	0	0	185	3
22.700000	0	0	186	1111
22.700000	0	0	186	2
22.700000	0	0	186	1
22.700000	0	0	186	3
22.800000	0	0	187	1111
22.800000	0	0	187	2
22.800000	0	0	187	1
22.800000	0	0	187	3
22.900000	0	0	188	1111
22.900000	0	0	188	2
22.900000	0	0	188	1
22.900000	0	0	188	3
23.000000	0	0	189	1111
23.000000	0	0	189	2
23.000000	0	0	189	1
23.000000	0	0	189	3
23.100000	0	0	190	1111
23.100000	0	0	190	2
23.100000	0	0	190	1
23.100000	0	0	190	3
23.200000	0	0	191	1111
23.200000	0	0	191	2
23.200000	0	0	191	1
23.200000	0	0	191	3
23.300000	0	0	192	1111
23.300000	0	0	192	2
23.300000	0	0	192	1
23.300000	0	0	192	3
23.400000	0	0	193	1111
23.400000	0	0	193	2
23.400000	0	0	193	1
23.400000	0	0	193	3
23.500000	0	0	194	1111
23.500000	0	0	194	2
23.500000	0	0	194	1
23.500000	0	0	194	3
23.600000	0	0	195	1111
23.600000	0	0	195	2
23.600000	0	0	195	1
23.600000	0	0	195	3
23.700000	0	0	196	1111
23.700000	0	0	196	2
23.700000	0	0	196	1
23.700000	0	0	196	3
23.800000	0	0	197	1111
23.800000	0	0	197	2
23.800000	0	0	197	1
23.800000	0	0	197	3
23.900000	0	0	198	1111
23.900000	0	0	198	2
23.900000	0	0	198	1
23.900000	0	0	198	3
24.000000	0	0	199	1111
24.000000	0	0	199	2
24.000000	0	0	199	1
24.000000	0	0	199	3
24.100000	0	0	200	1111
24.100000	0	0	200	2
24.100000	0	0	200	1
24.100000	0	0	200	3
24.200000	0	0	201	1111
24.200000	0	0	201	2
24.200000	0	0	201	1
24.200000	0	0	201	3
24.300000	0	0	202	1111
24.300000	0	0	202	2
24.300000	0	0	202	1
24.300000	0	0	202	3
24.400000	0	0	203	1111
24.400000	0	0	203	2
24.400000	0	0	203	1
24.400000	0	0	203	3
24.500000	0	0	204	1111
24.500000	0	0	204	2
24.500000	0	0	204	1
24.500000	0	0	204	3
24.600000	0	0	205	1111
24.600000	0	0	205	2
24.600000	0	0	205	1
24.600000	0	0	205	3
24.700000	0	0	206	1111
24.700000	0	0	206	2
24.700000	0	0	206	1
24.700000	0	0	206	3
24.800000	0	0	207	1111
24.800000	0	0	207	2
24.800000	0	0	207	1
24.800000	0	0	207	3
24.900000	0	0	208	1111
24.900000	0	0	208	2
24.900000	0	0	208	1
24.900000	0	0	208	3
25.000000	0	0	209	1111
25.000000	0	0	209	2
25.000000	0	0	209	1
25.000000	0	0	209	3
25.100000	0	0	210	1111
25.100000	0	0	210	2
25.100000	0	0	210	1
25.100000	0	0	210	3
25.200000	0	0	211	1111
25.200000	0	0	211	2
25.200000	0	0	211	1
25.200000	0	0	211	3
25.300000	0	0	212	1111
25.300000	0	0	212	2
25.300000	0	0	212	1
25.300000	0	0	212	3
25.400000	0	0	213	1111
25.400000	0	0	213	2
25.400000	0	0	213	1
25.400000	0	0	213	3
25.500000	0	0	214	1111
25.500000	0	0	214	2
25.500000	0	0	214	1
25.500000	0	0	214	3
25.600000	0	0	215	1111
25.600000	0	0	215	2
25.600000	0	0	215	1
25.600000	0	0	215	3
25.700000	0	0	216	1111
25.700000	0	0	216	2
25.700000	0	0	216	1
25.700000	0	0	216	3
25.800000	0	0	217	1111
25.800000	0	0	217	2
25.800000	0	0	217	1
25.800000	0	0	217	3
25.900000	0	0	218	1111
25.900000	0	0	218	2
25.900000	0	0	218	1
25.900000	0	0	218	3
26.000000	0	0	219	1111
26.000000	0	0	219	2
26.000000	0	0	219	1
26.000000	0	0	219	3
26.100000	0	0	220	1111
26.100000	0	0	220	2
26.100000	0	0	220	1
26.100000	0	0	220	3
26.200000	0	0	221	1111
26.200000	0	0	221	2
26.200000	0	0	221	1
26.200000	0	0	221	3
26.300000	0	0	222	1111
26.300000	0	0	222	2
26.300000	0	0	222	1
26.300000	0	0	222	3
26.400000	0	0	223	1111
26.400000	0	0	223	2
26.400000	0	0	223	1
26.400000	0	0	223	3
26.500000	0	0	224	1111
26.500000	0	0	224	2
26.500000	0	0	224	1
26.500000	0	0	224	3
26.600000	0	0	225	1111
26.600000	0	0	225	2
26.600000	0	0	225	1
26.600000	0	0	225	3
26.700000	0	0	226	1111
26.700000	0	0	226	2
26.700000	0	0	226	1
26.700000	0	0	226	3
26.800000	0	0	227	1111
26.800000	0	0	227	2
26.800000	0	0	227	1
26.800000	0	0	227	3
26.900000	0	0	228	1111
26.900000	0	0	228	2
26.900000	0	0	228	1
26.900000	0	0	228	3
27.000000	0	0	229	1111
27.000000	0	0	229	2
27.000000	0	0	229	1
27.000000	0	0	229	3
27.100000	0	0	230	1111
27.100000	0	0	230	2
27.100000	0	0	230	1
27.100000	0	0	230	3
27.200000	0	0	231	1111
27.200000	0	0	231	2
27.200000	0	0	231	1
27.200000	0	0	231	3
27.300000	0	0	232	1111
27.300000	0	0	232	2
27.300000	0	0	232	1
27.300000	0	0	232	3
27.400000	0	0	233	1111
27.400000	0	0	233	2
27.400000	0	0	233	1
27.400000	0	0	233	3
27.500000	0	0	234	1111
27.500000	0	0	234	2
27.500000	0	0	234	1
27.500000	0	0	234	3
27.600000	0	0	235	1111
27.600000	0	0	235	2
27.600000	0	0	235	1
27.600000	0	0	235	3
27.700000	0	0	236	1111
27.700000	0	0	236	2
27.700000	0	0	236	1
27.700000	0	0	236	3
27.800000	0	0	237	1111
27.800000	0	0	237	2
27.800000	0	0	237	1
27.800000	0	0	237	3
27.900000	0	0	238	1111
27.900000	0	0	238	2
27.900000	0	0	238	1
27.900000	0	0	238	3
28.000000	0	0	239	1111
28.000000	0	0	239	2
28.000000	0	0	239	1
28.000000	0	0	239	3
28.100000	0	0	240	1111
28.100000	0	0	240	2
28.100000	0	0	240	1
28.100000	0	0	240	3
28.200000	0	0	241	1111
28.200000	0	0	241	2
28.200000	0	0	241	1
28.200000	0	0	241	3
28.300000	0	0	242	1111
28.300000	0	0	242	2
28.300000	0	0	242	1
28.300000	0	0	242	3
28.400000	0	0	243	1111
28.400000	0	0	243	2
28.400000	0	0	243	1
28.400000	0	0	243	3
28.500000	0	0	244	1111
28.500000	0	0	244	2
28.500000	0	0	244	1
28.500000	0	0	244	3
28.600000	0	0	245	1111
28.600000	0	0	245	2
28.600000	0	0	245	1
28.600000	0	0	245	3
28.700000	0	0	246	1111
28.700000	0	0	246	2
28.700000	0	0	246	1
28.700000	0	0	246	3
28.800000	0	0	247	1111
28.800000	0	0	247	2
28.800000	0	0	247	1
28.800000	0	0	247	3
28.900000	0	0	248	1111
28.900000	0	0	248	2
28.900000	0	0	248	1
28.900000	0	0	248	3
29.000000	0	0	249	1111
29.000000	0	0	249	2
29.000000	0	0	249	1
29.000000	0	0	249	3
29.100000	0	0	250	1111
29.100000	0	0	250	2
29.100000	0	0	250	1
29.100000	0	0	250	3
29.200000	0	0	251	1111
29.200000	0	0	251	2
29.200000	0	0	251	1
29.200000	0	0	251	3
29.300000	0	0	252	1111
29.300000	0	0	252	2
29.300000	0	0	252	1
29.300000	0	0	252	3
29.400000	0	0	253	1111
29.400000	0	0	253	2
29.400000	0	0	253	1
29.400000	0	0	253	3
29.500000	0	0	254	1111
29.500000	0	0	254	2
29.500000	0	0	254	1
29.500000	0	0	254	3
29.600000	0	0	255	1111
29.600000	0	0	255	2
29.600000	0	0	255	1
29.600000	0	0	255	3
29.700000	0	0	256	1111
29.700000	0	0	256	2
29.700000	0	0	256	1
29.700000	0	0	256	3
29.800000	0	0	257	1111
29.800000	0	0	257	2
29.800000	0	0	257	1
29.800000	0	0	257	3
29.900000	0	0	258	1111
29.900000	0	0	258	2
29.900000	0	0	258	1
29.900000	0	0	258	3
30.000000	0	0	259	1111
30.000000	0	0	259	2
30.000000	0	0	259	1
30.000000	0	0	259	3
30.100000	0	0	260	1111
30.100000	0	0	260	2
30.100000	0	0	260	1
30.100000	0	0	260	3
30.200000	0	0	261	1111
30.200000	0	0	261	2
30.200000	0	0	261	1
30.200000	0	0	261	3
30.300000	0	0	262	1111
30.300000	0	0	262	2
30.300000	0	0	262	1
30.300000	0	0	262	3
30.400000	0	0	263	1111
30.400000	0	0	263	2
30.400000	0	0	263	1
30.400000	0	0	263	3
30.500000	0	0	264	1111
30.500000	0	0	264	2
30.500000	0	0	264	1
30.500000	0	0	264	3
30.600000	0	0	265	1111
30.600000	0	0	265	2
30.600000	0	0	265	1
30.600000	0	0	265	3
30.700000	0	0	266	1111
30.700000	0	0	266	2
30.700000	0	0	266	1
30.700000	0	0	266	3
30.800000	0	0	267	1111
30.800000	0	0	267	2
30.800000	0	0	267	1
30.800000	0	0	267	3
30.900000	0	0	268	1111
30.900000	0	0	268	2
30.900000	0	0	268	1
30.900000	0	0	268	3
31.000000	0	0	269	1111
31.000000	0	0	269	2
31.000000	0	0	269	1
31.000000	0	0	269	3
31.100000	0	0	270	1111
31.100000	0	0	270	2
31.100000	0	0	270	1
31.100000	0	0	270	3
31.200000	0	0	271	1111
31.200000	0	0	271	2
31.200000	0	0	271	1
31.200000	0	0	271	3
31.300000	0	0	272	1111
31.300000	0	0	272	2
31.300000	0	0	272	1
31.300000	0	0	272	3
31.400000	0	0	273	1111
31.400000	0	0	273	2
31.400000	0	0	273	1
31.400000	0	0	273	3
31.500000	0	0	274	1111
31.500000	0	0	274	2
31.500000	0	0	274	1
31.500000	0	0	274	3
31.600000	0	0	275	1111
31.600000	0	0	275	2
31.600000	0	0	275	1
31.600000	0	0	275	3
31.700000	0	0	276	1111
31.700000	0	0	276	2
31.700000	0	0	276	1
31.700000	0	0	276	3
31.800000	0	0	277	1111
31.800000	0	0	277	2
31.800000	0	0	277	1
31.800000	0	0	277	3
31.900000	0	0	278	1111
31.900000	0	0	278	2
31.900000	0	0	278	1
31.900000	0	0	278	3
32.000000	0	0	279	1111
32.000000	0	0	279	2
32.000000	0	0	279	1
32.000000	0	0	279	3
32.100000	0	0	280	1111
32.100000	0	0	280	2
32.100000	0	0	280	1
32.100000	0	0	280	3
32.200000	0	0	281	1111
32.200000	0	0	281	2
32.200000	0	0	281	1
32.200000	0	0	281	3
32.300000	0	0	282	1111
32.300000	0	0	282	2
32.300000	0	0	282	1
32.300000	0	0	282	3
32.400000	0	0	283	1111
32.400000	0	0	283	2
32.400000	0	0	283	1
32.400000	0	0	283	3
32.500000	0	0	284	1111
32.500000	0	0	284	2
32.500000	0	0	284	1
32.500000	0	0	284	3
32.600000	0	0	285	1111
32.600000	0	0	285	2
32.600000	0	0	285	1
32.600000	0	0	285	3
32.700000	0	0	286	1111
32.700000	0	0	286	2
32.700000	0	0	286	1
32.700000	0	0	286	3
32.800000	0	0	287	1111
32.800000	0	0	287	2
32.800000	0	0	287	1
32.800000	0	0	287	3
32.900000	0	0	288	1111
32.900000	0	0	288	2
32.900000	0	0	288	1
32.900000	0	0	288	3
33.000000	0	0	289	1111
33.000000	0	0	289	2
33.000000	0	0	289	1
33.000000	0	0	289	3
33.100000	0	0	290	1111
33.100000	0	0	290	2
33.100000	0	0	290	1
33.100000	0	0	290	3
33.200000	0	0	291	1111
33.200000	0	0	291	2
33.200000	0	0	291	1
33.200000	0	0	291	3
33.300000	0	0	292	1111
33.300000	0	0	292	2
33.300000	0	0	292	1
33.300000	0	0	292	3
33.400000	0	0	293	1111
33.400000	0	0	293	2
33.400000	0	0	293	1
33.400000	0	0	293	3
33.500000	0	0	294	1111
33.500000	0	0	294	2
33.500000	0	0	294	1
33.500000	0	0	294	3
33.600000	0	0	295	1111
33.600000	0	0	295	2
33.600000	0	0	295	1
33.600000	0	0	295	3
33.700000	0	0	296	1111
33.700000	0	0	296	2
33.700000	0	0	296	1
33.700000	0	0	296	3
33.800000	0	0	297	1111
33.800000	0	0	297	2
33.800000	0	0	297	1
33.800000	0	0	297	3
33.900000	0	0	298	1111
33.900000	0	0	298	2
33.900000	0	0	298	1
33.900000	0	0	298	3
34.000000	0	0	299	1111
34.000000	0	0	299	2
34.000000	0	0	299	1
34.000000	0	0	299	3
34.100000	0	0	300	1111
34.100000	0	0	300	2
34.100000	0	0	300	1
34.100000	0	0	300	3
34.200000	0	0	301	1111
34.200000	0	0	301	2
34.200000	0	0	301	1
34.200000	0	0	301	3
34.300000	0	0	302	1111
34.300000	0	0	302	2
34.300000	0	0	302	1
34.300000	0	0	302	3
34.400000	0	0	303	1111
34.400000	0	0	303	2
34.400000	0	0	303	1
34.400000	0	0	303	3
34.500000	0	0	304	1111
34.500000	0	0	304	2
34.500000	0	0	304	1
34.500000	0	0	304	3
34.600000	0	0	305	1111
34.600000	0	0	305	2
34.600000	0	0	305	1
34.600000	0	0	305	3
34.700000	0	0	306	1111
34.700000	0	0	306	2
34.700000	0	0	306	1
34.700000	0	0	306	3
34.800000	0	0	307	1111
34.800000	0	0	307	2
34.800000	0	0	307	1
34.800000	0	0	307	3
34.900000	0	0	308	1111
34.900000	0	0	308	2
34.900000	0	0	308	1
34.900000	0	0	308	3
35.000000	0	0	309	1111
35.000000	0	0	309	2
35.000000	0	0	309	1
35.000000	0	0	309	3
35.100000	0	0	310	1111
35.100000	0	0	310	2
35.100000	0	0	310	1
35.100000	0	0	310	3
35.200000	0	0	311	1111
35.200000	0	0	311	2
35.200000	0	0	311	1
35.200000	0	0	311	3
35.300000	0	0	312	1111
35.300000	0	0	312	2
35.300000	0	0	312	1
35.300000	0	0	312	3
35.400000	0	0	313	1111
35.400000	0	0	313	2
35.400000	0	0	313	1
35.400000	0	0	313	3
35.500000	0	0	314	1111
35.500000	0	0	314	2
35.500000	0	0	314	1
35.500000	0	0	314	3
35.600000	0	0	315	1111
35.600000	0	0	315	2
35.600000	0	0	315	1
35.600000	0	0	315	3
35.700000	0	0	316	1111
35.700000	0	0	316	2
35.700000	0	0	316	1
35.700000	0	0	316	3
35.800000	0	0	317	1111
35.800000	0	0	317	2
35.800000	0	0	317	1
35.800000	0	0	317	3
35.900000	0	0	318	1111
35.900000	0	0	318	2
35.900000	0	0	318	1
35.900000	0	0	318	3
36.000000	0	0	319	1111
36.000000	0	0	319	2
36.000000	0	0	319	1
36.000000	0	0	319	3
36.100000	0	0	320	1111
36.100000	0	0	320	2
36.100000	0	0	320	1
36.100000	0	0	320	3
36.200000	0	0	321	1111
36.200000	0	0	321	2
36.200000	0	0	321	1
36.200000	0	0	321	3
36.300000	0	0	322	1111
36.300000	0	0	322	2
36.300000	0	0	322	1
36.300000	0	0	322	3
36.400000	0	0	323	1111
36.400000	0	0	323	2
36.400000	0	0	323	1
36.400000	0	0	323	3
36.500000	0	0	324	1111
36.500000	0	0	324	2
36.500000	0	0	324	1
36.500000	0	0	324	3
36.600000	0	0	325	1111
36.600000	0	0	325	2
36.600000	0	0	325	1
36.600000	0	0	325	3
36.700000	0	0	326	1111
36.700000	0	0	326	2
36.700000	0	0	326	1
36.700000	0	0	326	3
36.800000	0	0	327	1111
36.800000	0	0	327	2
36.800000	0	0	327	1
36.800000	0	0	327	3
36.900000	0	0	328	1111
36.900000	0	0	328	2
36.900000	0	0	328	1
36.900000	0	0	328	3
37.000000	0	0	329	1111
37.000000	0	0	329	2
37.000000	0	0	329	1
37.000000	0	0	329	3
37.100000	0	0	330	1111
37.100000	0	0	330	2
37.100000	0	0	330	1
37.100000	0	0	330	3
37.200000	0	0	331	1111
37.200000	0	0	331	2
37.200000	0	0	331	1
37.200000	0	0	331	3
37.300000	0	0	332	1111
37.300000	0	0	332	2
37.300000	0	0	332	1
37.300000	0	0	332	3
37.400000	0	0	333	1111
37.400000	0	0	333	2
37.400000	0	0	333	1
37.400000	0	0	333	3
37.500000	0	0	334	1111
37.500000	0	0	334	2
37.500000	0	0	334	1
37.500000	0	0	334	3
37.600000	0	0	335	1111
37.600000	0	0	335	2
37.600000	0	0	335	1
37.600000	0	0	335	3
37.700000	0	0	336	1111
37.700000	0	0	336	2
37.700000	0	0	336	1
37.700000	0	0	336	3
37.800000	0	0	337	1111
37.800000	0	0	337	2
37.800000	0	0	337	1
37.800000	0	0	337	3
37.900000	0	0	338	1111
37.900000	0	0	338	2
37.900000	0	0	338	1
37.900000	0	0	338	3
38.000000	0	0	339	1111
38.000000	0	0	339	2
38.000000	0	0	339	1
38.000000	0	0	339	3
38.100000	0	0	340	1111
38.100000	0	0	340	2
38.100000	0	0	340	1
38.100000	0	0	340	3
38.200000	0	0	341	1111
38.200000	0	0	341	2
38.200000	0	0	341	1
38.200000	0	0	341	3
38.300000	0	0	342	1111
38.300000	0	0	342	2
38.300000	0	0	342	1
38.300000	0	0	342	3
38.400000	0	0	343	1111
38.400000	0	0	343	2
38.400000	0	0	343	1
38.400000	0	0	343	3
38.500000	0	0	344	1111
38.500000	0	0	344	2
38.500000	0	0	344	1
38.500000	0	0	344	3
38.600000	0	0	345	1111
38.600000	0	0	345	2
38.600000	0	0	345	1
38.600000	0	0	345	3
38.700000	0	0	346	1111
38.700000	0	0	346	2
38.700000	0	0	346	1
38.700000	0	0	346	3
38.800000	0	0	347	1111
38.800000	0	0	347	2
38.800000	0	0	347	1
38.800000	0	0	347	3
38.900000	0	0	348	1111
38.900000	0	0	348	2
38.900000	0	0	348	1
38.900000	0	0	348	3
39.000000	0	0	349	1111
39.000000	0	0	349	2
39.000000	0	0	349	1
39.000000	0	0	349	3
39.100000	0	0	350	1111
39.100000	0	0	350	2
39.100000	0	0	350	1
39.100000	0	0	350	3
39.200000	0	0	351	1111
39.200000	0	0	351	2
39.200000	0	0	351	1
39.200000	0	0	351	3
39.300000	0	0	352	1111
39.300000	0	0	352	2
39.300000	0	0	352	1
39.300000	0	0	352	3
39.400000	0	0	353	1111
39.400000	0	0	353	2
39.400000	0	0	353	1
39.400000	0	0	353	3
39.500000	0	0	354	1111
39.500000	0	0	354	2
39.500000	0	0	354	1
39.500000	0	0	354	3
39.600000	0	0	355	1111
39.600000	0	0	355	2
39.600000	0	0	355	1
39.600000	0	0	355	3
39.700000	0	0	356	1111
39.700000	0	0	356	2
39.700000	0	0	356	1
39.700000	0	0	356	3
39.800000	0	0	357	1111
39.800000	0	0	357	2
39.800000	0	0	357	1
39.800000	0	0	357	3
39.900000	0	0	358	1111
39.900000	0	0	358	2
39.900000	0	0	358	1
39.900000	0	0	358	3
40.000000	0	0	359	1111
40.000000	0	0	359	2
40.000000	0	0	359	1
40.000000	0	0	359	3
40.100000	0	0	360	1111
40.100000	0	0	360	2
40.100000	0	0	360	1
40.100000	0	0	360	3
40.200000	0	0	361	1111
40.200000	0	0	361	2
40.200000	0	0	361	1
40.200000	0	0	361	3
40.300000	0	0	362	1111
40.300000	0	0	362	2
40.300000	0	0	362	1
40.300000	0	0	362	3
40.400000	0	0	363	1111
40.400000	0	0	363	2
40.400000	0	0	363	1
40.400000	0	0	363	3
40.500000	0	0	364	1111
40.500000	0	0	364	2
40.500000	0	0	364	1
40.500000	0	0	364	3
40.600000	0	0	365	1111
40.600000	0	0	365	2
40.600000	0	0	365	1
40.600000	0	0	365	3
40.700000	0	0	366	1111
40.700000	0	0	366	2
40.700000	0	0	366	1
40.700000	0	0	366	3
40.800000	0	0	367	1111
40.800000	0	0	367	2
40.800000	0	0	367	1
40.800000	0	0	367	3
40.900000	0	0	368	1111
40.900000	0	0	368	2
40.900000	0	0	368	1
40.900000	0	0	368	3
41.000000	0	0	369	1111
41.000000	0	0	369	2
41.000000	0	0	369	1
41.000000	0	0	369	3
41.100000	0	0	370	1111
41.100000	0	0	370	2
41.100000	0	0	370	1
41.100000	0	0	370	3
41.200000	0	0	371	1111
41.200000	0	0	371	2
41.200000	0	0	371	1
41.200000	0	0	371	3
41.300000	0	0	372	1111
41.300000	0	0	372	2
41.300000	0	0	372	1
41.300000	0	0	372	3
41.400000	0	0	373	1111
41.400000	0	0	373	2
41.400000	0	0	373	1
41.400000	0	0	373	3
41.500000	0	0	374	1111
41.500000	0	0	374	2
41.500000	0	0	374	1
41.500000	0	0	374	3
41.600000	0	0	375	1111
41.600000	0	0	375	2
41.600000	0	0	375	1
41.600000	0	0	375	3
41.700000	0	0	376	1111
41.700000	0	0	376	2
41.700000	0	0	376	1
41.700000	0	0	376	3
41.800000	0	0	377	1111
41.800000	0	0	377	2
41.800000	0	0	377	1
41.800000	0	0	377	3
41.900000	0	0	378	1111
41.900000	0	0	378	2
41.900000	0	0	378	1
41.900000	0	0	378	3
42.000000	0	0	379	1111
42.000000	0	0	379	2
42.000000	0	0	379	1
42.000000	0	0	379	3
42.100000	0	0	380	1111
42.100000	0	0	380	2
42.100000	0	0	380	1
42.100000	0	0	380	3
42.200000	0	0	381	1111
42.200000	0	0	381	2
42.200000	0	0	381	1
42.200000	0	0	381	3
42.300000	0	0	382	1111
42.300000	0	0	382	2
42.300000	0	0	382	1
42.300000	0	0	382	3
42.400000	0	0	383	1111
42.400000	0	0	383	2
42.400000	0	0	383	1
42.400000	0	0	383	3
42.500000	0	0	384	1111
42.500000	0	0	384	2
42.500000	0	0	384	1
42.500000	0	0	384	3
42.600000	0	0	385	1111
42.600000	0	0	385	2
42.600000	0	0	385	1
42.600000	0	0	385	3
42.700000	0	0	386	1111
42.700000	0	0	386	2
42.700000	0	0	386	1
42.700000	0	0	386	3
42.800000	0	0	387	1111
42.800000	0	0	387	2
42.800000	0	0	387	1
42.800000	0	0	387	3
42.900000	0	0	388	1111
42.900000	0	0	388	2
42.900000	0	0	388	1
42.900000	0	0	388	3
43.000000	0	0	389	1111
43.000000	0	0	389	2
43.000000	0	0	389	1
43.000000	0	0	389	3
43.100000	0	0	390	1111
43.100000	0	0	390	2
43.100000	0	0	390	1
43.100000	0	0	390	3
43.200000	0	0	391	1111
43.200000	0	0	391	2
43.200000	0	0	391	1
43.200000	0	0	391	3
43.300000	0	0	392	1111
43.300000	0	0	392	2
43.300000	0	0	392	1
43.300000	0	0	392	3
43.400000	0	0	393	1111
43.400000	0	0	393	2
43.400000	0	0	393	1
43.400000	0	0	393	3
43.500000	0	0	394	1111
43.500000	0	0	394	2
43.500000	0	0	394	1
43.500000	0	0	394	3
43.600000	0	0	395	1111
43.600000	0	0	395	2
43.600000	0	0	395	1
43.600000	0	0	395	3
43.700000	0	0	396	1111
43.700000	0	0	396	2
43.700000	0	0	396	1
43.700000	0	0	396	3
43.800000	0	0	397	1111
43.800000	0	0	397	2
43.800000	0	0	397	1
43.800000	0	0	397	3
43.900000	0	0	398	1111
43.900000	0	0	398	2
43.900000	0	0	398	1
43.900000	0	0	398	3
44.000000	0	0	399	1111
44.000000	0	0	399	2
44.000000	0	0	399	1
44.000000	0	0	399	3
44.100000	0	0	400	1111
44.100000	0	0	400	2
44.100000	0	0	400	1
44.100000	0	0	400	3
44.200000	0	0	401	1111
44.200000	0	0	401	2
44.200000	0	0	401	1
44.200000	0	0	401	3
44.300000	0	0	402	1111
44.300000	0	0	402	2
44.300000	0	0	402	1
44.300000	0	0	402	3
44.400000	0	0	403	1111
44.400000	0	0	403	2
44.400000	0	0	403	1
44.400000	0	0	403	3
44.500000	0	0	404	1111
44.500000	0	0	404	2
44.500000	0	0	404	1
44.500000	0	0	404	3
44.600000	0	0	405	1111
44.600000	0	0	405	2
44.600000	0	0	405	1
44.600000	0	0	405	3
44.700000	0	0	406	1111
44.700000	0	0	406	2
44.700000	0	0	406	1
44.700000	0	0	406	3
44.800000	0	0	407	1111
44.800000	0	0	407	2
44.800000	0	0	407	1
44.800000	0	0	407	3
44.900000	0	0	408	1111
44.900000	0	0	408	2
44.900000	0	0	408	1
44.900000	0	0	408	3
45.000000	0	0	409	1111
45.000000	0	0	409	2
45.000000	0	0	409	1
45.000000	0	0	409	3
45.100000	0	0	410	1111
45.100000	0	0	410	2
45.100000	0	0	410	1
45.100000	0	0	410	3
45.200000	0	0	411	1111
45.200000	0	0	411	2
45.200000	0	0	411	1
45.200000	0	0	411	3
45.300000	0	0	412	1111
45.300000	0	0	412	2
45.300000	0	0	412	1
45.300000	0	0	412	3
45.400000	0	0	413	1111
45.400000	0	0	413	2
45.400000	0	0	413	1
45.400000	0	0	413	3
45.500000	0	0	414	1111
45.500000	0	0	414	2
45.500000	0	0	414	1
45.500000	0	0	414	3
45.600000	0	0	415	1111
45.600000	0	0	415	2
45.600000	0	0	415	1
45.600000	0	0	415	3
45.700000	0	0	416	1111
45.700000	0	0	416	2
45.700000	0	0	416	1
45.700000	0	0	416	3
45.800000	0	0	417	1111
45.800000	0	0	417	2
45.800000	0	0	417	1
45.800000	0	0	417	3
45.900000	0	0	418	1111
45.900000	0	0	418	2
45.900000	0	0	418	1
45.900000	0	0	418	3
46.000000	0	0	419	1111
46.000000	0	0	419	2
46.000000	0	0	419	1
46.000000	0	0	419	3
46.100000	0	0	420	1111
46.100000	0	0	420	2
46.100000	0	0	420	1
46.100000	0	0	420	3
46.200000	0	0	421	1111
46.200000	0	0	421	2
46.200000	0	0	421	1
46.200000	0	0	421	3
46.300000	0	0	422	1111
46.300000	0	0	422	2
46.300000	0	0	422	1
46.300000	0	0	422	3
46.400000	0	0	423	1111
46.400000	0	0	423	2
46.400000	0	0	423	1
46.400000	0	0	423	3
46.500000	0	0	424	1111
46.500000	0	0	424	2
46.500000	0	0	424	1
46.500000	0	0	424	3
46.600000	0	0	425	1111
46.600000	0	0	425	2
46.600000	0	0	425	1
46.600000	0	0	425	3
46.700000	0	0	426	1111
46.700000	0	0	426	2
46.700000	0	0	426	1
46.700000	0	0	426	3
46.800000	0	0	427	1111
46.800000	0	0	427	2
46.800000	0	0	427	1
46.800000	0	0	427	3
46.900000	0	0	428	1111
46.900000	0	0	428	2
46.900000	0	0	428	1
46.900000	0	0	428	3
47.000000	0	0	429	1111
47.000000	0	0	429	2
47.000000	0	0	429	1
47.000000	0	0	429	3
47.100000	0	0	430	1111
47.100000	0	0	430	2
47.100000	0	0	430	1
47.100000	0	0	430	3
47.200000	0	0	431	1111
47.200000	0	0	431	2
47.200000	0	0	431	1
47.200000	0	0	431	3
47.300000	0	0	432	1111
47.300000	0	0	432	2
47.300000	0	0	432	1
47.300000	0	0	432	3
47.400000	0	0	433	1111
47.400000	0	0	433	2
47.400000	0	0	433	1
47.400000	0	0	433	3
47.500000	0	0	434	1111
47.500000	0	0	434	2
47.500000	0	0	434	1
47.500000	0	0	434	3
47.600000	0	0	435	1111
47.600000	0	0	435	2
47.600000	0	0	435	1
47.600000	0	0	435	3
47.700000	0	0	436	1111
47.700000	0	0	436	2
47.700000	0	0	436	1
47.700000	0	0	436	3
47.800000	0	0	437	1111
47.800000	0	0	437	2
47.800000	0	0	437	1
47.800000	0	0	437	3
47.900000	0	0	438	1111
47.900000	0	0	438	2
47.900000	0	0	438	1
47.900000	0	0	438	3
48.000000	0	0	439	1111
48.000000	0	0	439	2
48.000000	0	0	439	1
48.000000	0	0	439	3
48.100000	0	0	440	1111
48.100000	0	0	440	2
48.100000	0	0	440	1
48.100000	0	0	440	3
48.200000	0	0	441	1111
48.200000	0	0	441	2
48.200000	0	0	441	1
48.200000	0	0	441	3
48.300000	0	0	442	1111
48.300000	0	0	442	2
48.300000	0	0	442	1
48.300000	0	0	442	3
48.400000	0	0	443	1111
48.400000	0	0	443	2
48.400000	0	0	443	1
48.400000	0	0	443	3
48.500000	0	0	444	1111
48.500000	0	0	444	2
48.500000	0	0	444	1
48.500000	0	0	444	3
48.600000	0	0	445	1111
48.600000	0	0	445	2
48.600000	0	0	445	1
48.600000	0	0	445	3
48.700000	0	0	446	1111
48.700000	0	0	446	2
48.700000	0	0	446	1
48.700000	0	0	446	3
48.800000	0	0	447	1111
48.800000	0	0	447	2
48.800000	0	0	447	1
48.800000	0	0	447	3
48.900000	0	0	448	1111
48.900000	0	0	448	2
48.900000	0	0	448	1
48.900000	0	0	448	3
49.000000	0	0	449	1111
49.000000	0	0	449	2
49.000000	0	0	449	1
49.000000	0	0	449	3
49.100000	0	0	450	1111
49.100000	0	0	450	2
49.100000	0	0	450	1
49.100000	0	0	450	3
49.200000	0	0	451	1111
49.200000	0	0	451	2
49.200000	0	0	451	1
49.200000	0	0	451	3
49.300000	0	0	452	1111
49.300000	0	0	452	2
49.300000	0	0	452	1
49.300000	0	0	452	3
49.400000	0	0	453	1111
49.400000	0	0	453	2
49.400000	0	0	453	1
49.400000	0	0	453	3
49.500000	0	0	454	1111
49.500000	0	0	454	2
49.500000	0	0	454	1
49.500000	0	0	454	3
49.600000	0	0	455	1111
49.600000	0	0	455	2
49.600000	0	0	455	1
49.600000	0	0	455	3
49.700000	0	0	456	1111
49.700000	0	0	456	2
49.700000	0	0	456	1
49.700000	0	0	456	3
49.800000	0	0	457	1111
49.800000	0	0	457	2
49.800000	0	0	457	1
49.800000	0	0	457	3
49.900000	0	0	458	1111
49.900000	0	0	458	2
49.900000	0	0	458	1
49.900000	0	0	458	3
50.000000	0	0	459	1111
50.000000	0	0	459	2
50.000000	0	0	459	1
50.000000	0	0	459	3
50.100000	0	0	460	1111
50.100000	0	0	460	2
50.100000	0	0	460	1
50.100000	0	0	460	3
50.200000	0	0	461	1111
50.200000	0	0	461	2
50.200000	0	0	461	1
50.200000	0	0	461	3
50.300000	0	0	462	1111
50.300000	0	0	462	2
50.300000	0	0	462	1
50.300000	0	0	462	3
50.400000	0	0	463	1111
50.400000	0	0	463	2
50.400000	0	0	463	1
50.400000	0	0	463	3
50.500000	0	0	464	1111
50.500000	0	0	464	2
50.500000	0	0	464	1
50.500000	0	0	464	3
50.600000	0	0	465	1111
50.600000	0	0	465	2
50.600000	0	0	465	1
50.600000	0	0	465	3
50.700000	0	0	466	1111
50.700000	0	0	466	2
50.700000	0	0	466	1
50.700000	0	0	466	3
50.800000	0	0	467	1111
50.800000	0	0	467	2
50.800000	0	0	467	1
50.800000	0	0	467	3
50.900000	0	0	468	1111
50.900000	0	0	468	2
50.900000	0	0	468	1
50.900000	0	0	468	3
51.000000	0	0	469	1111
51.000000	0	0	469	2
51.000000	0	0	469	1
51.000000	0	0	469	3
51.100000	0	0	470	1111
51.100000	0	0	470	2
51.100000	0	0	470	1
51.100000	0	0	470	3
51.200000	0	0	471	1111
51.200000	0	0	471	2
51.200000	0	0	471	1
51.200000	0	0	471	3
51.300000	0	0	472	1111
51.300000	0	0	472	2
51.300000	0	0	472	1
51.300000	0	0	472	3
51.400000	0	0	473	1111
51.400000	0	0	473	2
51.400000	0	0	473	1
51.400000	0	0	473	3
51.500000	0	0	474	1111
51.500000	0	0	474	2
51.500000	0	0	474	1
51.500000	0	0	474	3
51.600000	0	0	475	1111
51.600000	0	0	475	2
51.600000	0	0	475	1
51.600000	0	0	475	3
51.700000	0	0	476	1111
51.700000	0	0	476	2
51.700000	0	0	476	1
51.700000	0	0	476	3
51.800000	0	0	477	1111
51.800000	0	0	477	2
51.800000	0	0	477	1
51.800000	0	0	477	3
51.900000	0	0	478	1111
51.900000	0	0	478	2
51.900000	0	0	478	1
51.900000	0	0	478	3
52.000000	0	0	479	1111
52.000000	0	0	479	2
52.000000	0	0	479	1
52.000000	0	0	479	3
52.100000	0	0	480	1111
52.100000	0	0	480	2
52.100000	0	0	480	1
52.100000	0	0	480	3
52.200000	0	0	481	1111
52.200000	0	0	481	2
52.200000	0	0	481	1
52.200000	0	0	481	3
52.300000	0	0	482	1111
52.300000	0	0	482	2
52.300000	0	0	482	1
52.300000	0	0	482	3
52.400000	0	0	483	1111
52.400000	0	0	483	2
52.400000	0	0	483	1
52.400000	0	0	483	3
52.500000	0	0	484	1111
52.500000	0	0	484	2
52.500000	0	0	484	1
52.500000	0	0	484	3
52.600000	0	0	485	1111
52.600000	0	0	485	2
52.600000	0	0	485	1
52.600000	0	0	485	3
52.700000	0	0	486	1111
52.700000	0	0	486	2
52.700000	0	0	486	1
52.700000	0	0	486	3
52.800000	0	0	487	1111
52.800000	0	0	487	2
52.800000	0	0	487	1
52.800000	0	0	487	3
52.900000	0	0	488	1111
52.900000	0	0	488	2
52.900000	0	0	488	1
52.900000	0	0	488	3
53.000000	0	0	489	1111
53.000000	0	0	489	2
53.000000	0	0	489	1
53.000000	0	0	489	3
53.100000	0	0	490	1111
53.100000	0	0	490	2
53.100000	0	0	490	1
53.100000	0	0	490	3
53.200000	0	0	491	1111
53.200000	0	0	491	2
53.200000	0	0	491	1
53.200000	0	0	491	3
53.300000	0	0	492	1111
53.300000	0	0	492	2
53.300000	0	0	492	1
53.300000	0	0	492	3
53.400000	0	0	493	1111
53.400000	0	0	493	2
53.400000	0	0	493	1
53.400000	0	0	493	3
53.500000	0	0	494	1111
53.500000	0	0	494	2
53.500000	0	0	494	1
53.500000	0	0	494	3
53.600000	0	0	495	1111
53.600000	0	0	495	2
53.600000	0	0	495	1
53.600000	0	0	495	3
53.700000	0	0	496	1111
53.700000	0	0	496	2
53.700000	0	0	496	1
53.700000	0	0	496	3
53.800000	0	0	497	1111
53.800000	0	0	497	2
53.800000	0	0	497	1
53.800000	0	0	497	3
53.900000	0	0	498	1111
53.900000	0	0	498	2
53.900000	0	0	498	1
53.900000	0	0	498	3
54.000000	0	0	499	1111
54.000000	0	0	499	2
54.000000	0	0	499	1
54.000000	0	0	499	3
54.100000	0	0	500	1111
54.100000	0	0	500	2
54.100000	0	0	500	1
54.100000	0	0	500	3
54.200000	0	0	501	1111
54.200000	0	0	501	2
54.200000	0	0	501	1
54.200000	0	0	501	3
54.300000	0	0	502	1111
54.300000	0	0	502	2
54.300000	0	0	502	1
54.300000	0	0	502	3
54.400000	0	0	503	1111
54.400000	0	0	503	2
54.400000	0	0	503	1
54.400000	0	0	503	3
54.500000	0	0	504	1111
54.500000	0	0	504	2
54.500000	0	0	504	1
54.500000	0	0	504	3
54.600000	0	0	505	1111
54.600000	0	0	505	2
54.600000	0	0	505	1
54.600000	0	0	505	3
54.700000	0	0	506	1111
54.700000	0	0	506	2
54.700000	0	0	506	1
54.700000	0	0	506	3
54.800000	0	0	507	1111
54.800000	0	0	507	2
54.800000	0	0	507	1
54.800000	0	0	507	3
54.900000	0	0	508	1111
54.900000	0	0	508	2
54.900000	0	0	508	1
54.900000	0	0	508	3
55.000000	0	0	509	1111
55.000000	0	0	509	2
55.000000	0	0	509	1
55.000000	0	0	509	3
55.100000	0	0	510	1111
55.100000	0	0	510	2
55.100000	0	0	510	1
55.100000	0	0	510	3
55.200000	0	0	511	1111
55.200000	0	0	511	2
55.200000	0	0	511	1
55.200000	0	0	511	3
55.300000	0	0	512	1111
55.300000	0	0	512	2
55.300000	0	0	512	1
55.300000	0	0	512	3
55.400000	0	0	513	1111
55.400000	0	0	513	2
55.400000	0	0	513	1
55.400000	0	0	513	3
55.500000	0	0	514	1111
55.500000	0	0	514	2
55.500000	0	0	514	1
55.500000	0	0	514	3
55.600000	0	0	515	1111
55.600000	0	0	515	2
55.600000	0	0	515	1
55.600000	0	0	515	3
55.700000	0	0	516	1111
55.700000	0	0	516	2
55.700000	0	0	516	1
55.700000	0	0	516	3
55.800000	0	0	517	1111
55.800000	0	0	517	2
55.800000	0	0	517	1
55.800000	0	0	517	3
55.900000	0	0	518	1111
55.900000	0	0	518	2
55.900000	0	0	518	1
55.900000	0	0	518	3
56.000000	0	0	519	1111
56.000000	0	0	519	2
56.000000	0	0	519	1
56.000000	0	0	519	3
56.100000	0	0	520	1111
56.100000	0	0	520	2
56.100000	0	0	520	1
56.100000	0	0	520	3
56.200000	0	0	521	1111
56.200000	0	0	521	2
56.200000	0	0	521	1
56.200000	0	0	521	3
56.300000	0	0	522	1111
56.300000	0	0	522	2
56.300000	0	0	522	1
56.300000	0	0	522	3
56.400000	0	0	523	1111
56.400000	0	0	523	2
56.400000	0	0	523	1
56.400000	0	0	523	3
56.500000	0	0	524	1111
56.500000	0	0	524	2
56.500000	0	0	524	1
56.500000	0	0	524	3
56.600000	0	0	525	1111
56.600000	0	0	525	2
56.600000	0	0	525	1
56.600000	0	0	525	3
56.700000	0	0	526	1111
56.700000	0	0	526	2
56.700000	0	0	526	1
56.700000	0	0	526	3
56.800000	0	0	527	1111
56.800000	0	0	527	2
56.800000	0	0	527	1
56.800000	0	0	527	3
56.900000	0	0	528	1111
56.900000	0	0	528	2
56.900000	0	0	528	1
56.900000	0	0	528	3
57.000000	0	0	529	1111
57.000000	0	0	529	2
57.000000	0	0	529	1
57.000000	0	0	529	3
57.100000	0	0	530	1111
57.100000	0	0	530	2
57.100000	0	0	530	1
57.100000	0	0	530	3
57.200000	0	0	531	1111
57.200000	0	0	531	2
57.200000	0	0	531	1
57.200000	0	0	531	3
57.300000	0	0	532	1111
57.300000	0	0	532	2
57.300000	0	0	532	1
57.300000	0	0	532	3
57.400000	0	0	533	1111
57.400000	0	0	533	2
57.400000	0	0	533	1
57.400000	0	0	533	3
57.500000	0	0	534	1111
57.500000	0	0	534	2
57.500000	0	0	534	1
57.500000	0	0	534	3
57.600000	0	0	535	1111
57.600000	0	0	535	2
57.600000	0	0	535	1
57.600000	0	0	535	3
57.700000	0	0	536	1111
57.700000	0	0	536	2
57.700000	0	0	536	1
57.700000	0	0	536	3
57.800000	0	0	537	1111
57.800000	0	0	537	2
57.800000	0	0	537	1
57.800000	0	0	537	3
57.900000	0	0	538	1111
57.900000	0	0	538	2
57.900000	0	0	538	1
57.900000	0	0	538	3
58.000000	0	0	539	1111
58.000000	0	0	539	2
58.000000	0	0	539	1
58.000000	0	0	539	3
58.100000	0	0	540	1111
58.100000	0	0	540	2
58.100000	0	0	540	1
58.100000	0	0	540	3
58.200000	0	0	541	1111
58.200000	0	0	541	2
58.200000	0	0	541	1
58.200000	0	0	541	3
58.300000	0	0	542	1111
58.300000	0	0	542	2
58.300000	0	0	542	1
58.300000	0	0	542	3
58.400000	0	0	543	1111
58.400000	0	0	543	2
58.400000	0	0	543	1
58.400000	0	0	543	3
58.500000	0	0	544	1111
58.500000	0	0	544	2
58.500000	0	0	544	1
58.500000	0	0	544	3
58.600000	0	0	545	1111
58.600000	0	0	545	2
58.600000	0	0	545	1
58.600000	0	0	545	3
58.700000	0	0	546	1111
58.700000	0	0	546	2
58.700000	0	0	546	1
58.700000	0	0	546	3
58.800000	0	0	547	1111
58.800000	0	0	547	2
58.800000	0	0	547	1
58.800000	0	0	547	3
58.900000	0	0	548	1111
58.900000	0	0	548	2
58.900000	0	0	548	1
58.900000	0	0	548	3
59.000000	0	0	549	1111
59.000000	0	0	549	2
59.000000	0	0	549	1
59.000000	0	0	549	3
59.100000	0	0	550	1111
59.100000	0	0	550	2
59.100000	0	0	550	1
59.100000	0	0	550	3
59.200000	0	0	551	1111
59.200000	0	0	551	2
59.200000	0	0	551	1
59.200000	0	0	551	3
59.300000	0	0	552	1111
59.300000	0	0	552	2
59.300000	0	0	552	1
59.300000	0	0	552	3
59.400000	0	0	553	1111
59.400000	0	0	553	2
59.400000	0	0	553	1
59.400000	0	0	553	3
59.500000	0	0	554	1111
59.500000	0	0	554	2
59.500000	0	0	554	1
59.500000	0	0	554	3
59.600000	0	0	555	1111
59.600000	0	0	555	2
59.600000	0	0	555	1
59.600000	0	0	555	3
59.700000	0	0	556	1111
59.700000	0	0	556	2
59.700000	0	0	556	1
59.700000	0	0	556	3
59.800000	0	0	557	1111
59.800000	0	0	557	2
59.800000	0	0	557	1
59.800000	0	0	557	3
59.900000	0	0	558	1111
59.900000	0	0	558	2
59.900000	0	0	558	1
59.900000	0	0	558	3
60.000000	0	0	559	1111
60.000000	0	0	559	2
60.000000	0	0	559	1
60.000000	0	0	559	3
60.100000	0	0	560	1111
60.100000	0	0	560	2
60.100000	0	0	560	1
60.100000	0	0	560	3
60.200000	0	0	561	1111
60.200000	0	0	561	2
60.200000	0	0	561	1
60.200000	0	0	561	3
60.300000	0	0	562	1111
60.300000	0	0	562	2
60.300000	0	0	562	1
60.300000	0	0	562	3
60.400000	0	0	563	1111
60.400000	0	0	563	2
60.400000	0	0	563	1
60.400000	0	0	563	3
60.500000	0	0	564	1111
60.500000	0	0	564	2
60.500000	0	0	564	1
60.500000	0	0	564	3
60.600000	0	0	565	1111
60.600000	0	0	565	2
60.600000	0	0	565	1
60.600000	0	0	565	3
60.700000	0	0	566	1111
60.700000	0	0	566	2
60.700000	0	0	566	1
60.700000	0	0	566	3
60.800000	0	0	567	1111
60.800000	0	0	567	2
60.800000	0	0	567	1
60.800000	0	0	567	3
60.900000	0	0	568	1111
60.900000	0	0	568	2
60.900000	0	0	568	1
60.900000	0	0	568	3
61.000000	0	0	569	1111
61.000000	0	0	569	2
61.000000	0	0	569	1
61.000000	0	0	569	3
61.100000	0	0	570	1111
61.100000	0	0	570	2
61.100000	0	0	570	1
61.100000	0	0	570	3
61.200000	0	0	571	1111
61.200000	0	0	571	2
61.200000	0	0	571	1
61.200000	0	0	571	3
61.300000	0	0	572	1111
61.300000	0	0	572	2
61.300000	0	0	572	1
61.300000	0	0	572	3
61.400000	0	0	573	1111
61.400000	0	0	573	2
61.400000	0	0	573	1
61.400000	0	0	573	3
61.500000	0	0	574	1111
61.500000	0	0	574	2
61.500000	0	0	574	1
61.500000	0	0	574	3
61.600000	0	0	575	1111
61.600000	0	0	575	2
61.600000	0	0	575	1
61.600000	0	0	575	3
61.700000	0	0	576	1111
61.700000	0	0	576	2
61.700000	0	0	576	1
61.700000	0	0	576	3
61.800000	0	0	577	1111
61.800000	0	0	577	2
61.800000	0	0	577	1
61.800000	0	0	577	3
61.900000	0	0	578	1111
61.900000	0	0	578	2
61.900000	0	0	578	1
61.900000	0	0	578	3
62.000000	0	0	579	1111
62.000000	0	0	579	2
62.000000	0	0	579	1
62.000000	0	0	579	3
62.100000	0	0	580	1111
62.100000	0	0	580	2
62.100000	0	0	580	1
62.100000	0	0	580	3
62.200000	0	0	581	1111
62.200000	0	0	581	2
62.200000	0	0	581	1
62.200000	0	0	581	3
62.300000	0	0	582	1111
62.300000	0	0	582	2
62.300000	0	0	582	1
62.300000	0	0	582	3
62.400000	0	0	583	1111
62.400000	0	0	583	2
62.400000	0	0	583	1
62.400000	0	0	583	3
62.500000	0	0	584	1111
62.500000	0	0	584	2
62.500000	0	0	584	1
62.500000	0	0	584	3
62.600000	0	0	585	1111
62.600000	0	0	585	2
62.600000	0	0	585	1
62.600000	0	0	585	3
62.700000	0	0	586	1111
62.700000	0	0	586	2
62.700000	0	0	586	1
62.700000	0	0	586	3
62.800000	0	0	587	1111
62.800000	0	0	587	2
62.800000	0	0	587	1
62.800000	0	0	587	3
62.900000	0	0	588	1111
62.900000	0	0	588	2
62.900000	0	0	588	1
62.900000	0	0	588	3
63.000000	0	0	589	1111
63.000000	0	0	589	2
63.000000	0	0	589	1
63.000000	0	0	589	3
63.100000	0	0	590	1111
63.100000	0	0	590	2
63.100000	0	0	590	1
63.100000	0	0	590	3
63.200000	0	0	591	1111
63.200000	0	0	591	2
63.200000	0	0	591	1
63.200000	0	0	591	3
63.300000	0	0	592	1111
63.300000	0	0	592	2
63.300000	0	0	592	1
63.300000	0	0	592	3
63.400000	0	0	593	1111
63.400000	0	0	593	2
63.400000	0	0	593	1
63.400000	0	0	593	3
63.500000	0	0	594	1111
63.500000	0	0	594	2
63.500000	0	0	594	1
63.500000	0	0	594	3
63.600000	0	0	595	1111
63.600000	0	0	595	2
63.600000	0	0	595	1
63.600000	0	0	595	3
63.700000	0	0	596	1111
63.700000	0	0	596	2
63.700000	0	0	596	1
63.700000	0	0	596	3
63.800000	0	0	597	1111
63.800000	0	0	597	2
63.800000	0	0	597	1
63.800000	0	0	597	3
63.900000	0	0	598	1111
63.900000	0	0	598	2
63.900000	0	0	598	1
63.900000	0	0	598	3
64.000000	0	0	599	1111
64.000000	0	0	599	2
64.000000	0	0	599	1
64.000000	0	0	599	3
64.100000	0	0	600	1111
64.100000	0	0	600	2
64.100000	0	0	600	1
64.100000	0	0	600	3
64.200000	0	0	601	1111
64.200000	0	0	601	2
64.200000	0	0	601	1
64.200000	0	0	601	3
64.300000	0	0	602	1111
64.300000	0	0	602	2
64.300000	0	0	602	1
64.300000	0	0	602	3
64.400000	0	0	603	1111
64.400000	0	0	603	2
64.400000	0	0	603	1
64.400000	0	0	603	3
64.500000	0	0	604	1111
64.500000	0	0	604	2
64.500000	0	0	604	1
64.500000	0	0	604	3
64.600000	0	0	605	1111
64.600000	0	0	605	2
64.600000	0	0	605	1
64.600000	0	0	605	3
64.700000	0	0	606	1111
64.700000	0	0	606	2
64.700000	0	0	606	1
64.700000	0	0	606	3
64.800000	0	0	607	1111
64.800000	0	0	607	2
64.800000	0	0	607	1
64.800000	0	0	607	3
64.900000	0	0	608	1111
64.900000	0	0	608	2
64.900000	0	0	608	1
64.900000	0	0	608	3
65.000000	0	0	609	1111
65.000000	0	0	609	2
65.000000	0	0	609	1
65.000000	0	0	609	3
65.100000	0	0	610	1111
65.100000	0	0	610	2
65.100000	0	0	610	1
65.100000	0	0	610	3
65.200000	0	0	611	1111
65.200000	0	0	611	2
65.200000	0	0	611	1
65.200000	0	0	611	3
65.300000	0	0	612	1111
65.300000	0	0	612	2
65.300000	0	0	612	1
65.300000	0	0	612	3
65.400000	0	0	613	1111
65.400000	0	0	613	2
65.400000	0	0	613	1
65.400000	0	0	613	3
65.500000	0	0	614	1111
65.500000	0	0	614	2
65.500000	0	0	614	1
65.500000	0	0	614	3
65.600000	0	0	615	1111
65.600000	0	0	615	2
65.600000	0	0	615	1
65.600000	0	0	615	3
65.700000	0	0	616	1111
65.700000	0	0	616	2
65.700000	0	0	616	1
65.700000	0	0	616	3
65.800000	0	0	617	1111
65.800000	0	0	617	2
65.800000	0	0	617	1
65.800000	0	0	617	3
65.900000	0	0	618	1111
65.900000	0	0	618	2
65.900000	0	0	618	1
65.900000	0	0	618	3
66.000000	0	0	619	1111
66.000000	0	0	619	2
66.000000	0	0	619	1
66.000000	0	0	619	3
66.100000	0	0	620	1111
66.100000	0	0	620	2
66.100000	0	0	620	1
66.100000	0	0	620	3
66.200000	0	0	621	1111
66.200000	0	0	621	2
66.200000	0	0	621	1
66.200000	0	0	621	3
66.300000	0	0	622	1111
66.300000	0	0	622	2
66.300000	0	0	622	1
66.300000	0	0	622	3
66.400000	0	0	623	1111
66.400000	0	0	623	2
66.400000	0	0	623	1
66.400000	0	0	623	3
66.500000	0	0	624	1111
66.500000	0	0	624	2
66.500000	0	0	624	1
66.500000	0	0	624	3
66.600000	0	0	625	1111
66.600000	0	0	625	2
66.600000	0	0	625	1
66.600000	0	0	625	3
66.700000	0	0	626	1111
66.700000	0	0	626	2
66.700000	0	0	626	1
66.700000	0	0	626	3
66.800000	0	0	627	1111
66.800000	0	0	627	2
66.800000	0	0	627	1
66.800000	0	0	627	3
66.900000	0	0	628	1111
66.900000	0	0	628	2
66.900000	0	0	628	1
66.900000	0	0	628	3
67.000000	0	0	629	1111
67.000000	0	0	629	2
67.000000	0	0	629	1
67.000000	0	0	629	3
67.100000	0	0	630	1111
67.100000	0	0	630	2
67.100000	0	0	630	1
67.100000	0	0	630	3
67.200000	0	0	631	1111
67.200000	0	0	631	2
67.200000	0	0	631	1
67.200000	0	0	631	3
67.300000	0	0	632	1111
67.300000	0	0	632	2
67.300000	0	0	632	1
67.300000	0	0	632	3
67.400000	0	0	633	1111
67.400000	0	0	633	2
67.400000	0	0	633	1
67.400000	0	0	633	3
67.500000	0	0	634	1111
67.500000	0	0	634	2
67.500000	0	0	634	1
67.500000	0	0	634	3
67.600000	0	0	635	1111
67.600000	0	0	635	2
67.600000	0	0	635	1
67.600000	0	0	635	3
67.700000	0	0	636	1111
67.700000	0	0	636	2
67.700000	0	0	636	1
67.700000	0	0	636	3
67.800000	0	0	637	1111
67.800000	0	0	637	2
67.800000	0	0	637	1
67.800000	0	0	637	3
67.900000	0	0	638	1111
67.900000	0	0	638	2
67.900000	0	0	638	1
67.900000	0	0	638	3
68.000000	0	0	639	1111
68.000000	0	0	639	2
68.000000	0	0	639	1
68.000000	0	0	639	3
68.100000	0	0	640	1111
68.100000	0	0	640	2
68.100000	0	0	640	1
68.100000	0	0	640	3
68.200000	0	0	641	1111
68.200000	0	0	641	2
68.200000	0	0	641	1
68.200000	0	0	641	3
68.300000	0	0	642	1111
68.300000	0	0	642	2
68.300000	0	0	642	1
68.300000	0	0	642	3
68.400000	0	0	643	1111
68.400000	0	0	643	2
68.400000	0	0	643	1
68.400000	0	0	643	3
68.500000	0	0	644	1111
68.500000	0	0	644	2
68.500000	0	0	644	1
68.500000	0	0	644	3
68.600000	0	0	645	1111
68.600000	0	0	645	2
68.600000	0	0	645	1
68.600000	0	0	645	3
68.700000	0	0	646	1111
68.700000	0	0	646	2
68.700000	0	0	646	1
68.700000	0	0	646	3
68.800000	0	0	647	1111
68.800000	0	0	647	2
68.800000	0	0	647	1
68.800000	0	0	647	3
68.900000	0	0	648	1111
68.900000	0	0	648	2
68.900000	0	0	648	1
68.900000	0	0	648	3
69.000000	0	0	649	1111
69.000000	0	0	649	2
69.000000	0	0	649	1
69.000000	0	0	649	3
69.100000	0	0	650	1111
69.100000	0	0	650	2
69.100000	0	0	650	1
69.100000	0	0	650	3
69.200000	0	0	651	1111
69.200000	0	0	651	2
69.200000	0	0	651	1
69.200000	0	0	651	3
69.300000	0	0	652	1111
69.300000	0	0	652	2
69.300000	0	0	652	1
69.300000	0	0	652	3
69.400000	0	0	653	1111
69.400000	0	0	653	2
69.400000	0	0	653	1
69.400000	0	0	653	3
69.500000	0	0	654	1111
69.500000	0	0	654	2
69.500000	0	0	654	1
69.500000	0	0	654	3
69.600000	0	0	655	1111
69.600000	0	0	655	2
69.600000	0	0	655	1
69.600000	0	0	655	3
69.700000	0	0	656	1111
69.700000	0	0	656	2
69.700000	0	0	656	1
69.700000	0	0	656	3
69.800000	0	0	657	1111
69.800000	0	0	657	2
69.800000	0	0	657	1
69.800000	0	0	657	3
69.900000	0	0	658	1111
69.900000	0	0	658	2
69.900000	0	0	658	1
69.900000	0	0	658	3
70.000000	0	0	659	1111
70.000000	0	0	659	2
70.000000	0	0	659	1
70.000000	0	0	659	3
70.100000	0	0	660	1111
70.100000	0	0	660	2
70.100000	0	0	660	1
70.100000	0	0	660	3
70.200000	0	0	661	1111
70.200000	0	0	661	2
70.200000	0	0	661	1
70.200000	0	0	661	3
70.300000	0	0	662	1111
70.300000	0	0	662	2
70.300000	0	0	662	1
70.300000	0	0	662	3
70.400000	0	0	663	1111
70.400000	0	0	663	2
70.400000	0	0	663	1
70.400000	0	0	663	3
70.500000	0	0	664	1111
70.500000	0	0	664	2
70.500000	0	0	664	1
70.500000	0	0	664	3
70.600000	0	0	665	1111
70.600000	0	0	665	2
70.600000	0	0	665	1
70.600000	0	0	665	3
70.700000	0	0	666	1111
70.700000	0	0	666	2
70.700000	0	0	666	1
70.700000	0	0	666	3
70.800000	0	0	667	1111
70.800000	0	0	667	2
70.800000	0	0	667	1
70.800000	0	0	667	3
70.900000	0	0	668	1111
70.900000	0	0	668	2
70.900000	0	0	668	1
70.900000	0	0	668	3
71.000000	0	0	669	1111
71.000000	0	0	669	2
71.000000	0	0	669	1
71.000000	0	0	669	3
71.100000	0	0	670	1111
71.100000	0	0	670	2
71.100000	0	0	670	1
71.100000	0	0	670	3
71.200000	0	0	671	1111
71.200000	0	0	671	2
71.200000	0	0	671	1
71.200000	0	0	671	3
71.300000	0	0	672	1111
71.300000	0	0	672	2
71.300000	0	0	672	1
71.300000	0	0	672	3
71.400000	0	0	673	1111
71.400000	0	0	673	2
71.400000	0	0	673	1
71.400000	0	0	673	3
71.500000	0	0	674	1111
71.500000	0	0	674	2
71.500000	0	0	674	1
71.500000	0	0	674	3
71.600000	0	0	675	1111
71.600000	0	0	675	2
71.600000	0	0	675	1
71.600000	0	0	675	3
71.700000	0	0	676	1111
71.700000	0	0	676	2
71.700000	0	0	676	1
71.700000	0	0	676	3
71.800000	0	0	677	1111
71.800000	0	0	677	2
71.800000	0	0	677	1
71.800000	0	0	677	3
71.900000	0	0	678	1111
71.900000	0	0	678	2
71.900000	0	0	678	1
71.900000	0	0	678	3
72.000000	0	0	679	1111
72.000000	0	0	679	2
72.000000	0	0	679	1
72.000000	0	0	679	3
72.100000	0	0	680	1111
72.100000	0	0	680	2
72.100000	0	0	680	1
72.100000	0	0	680	3
72.200000	0	0	681	1111
72.200000	0	0	681	2
72.200000	0	0	681	1
72.200000	0	0	681	3
72.300000	0	0	682	1111
72.300000	0	0	682	2
72.300000	0	0	682	1
72.300000	0	0	682	3
72.400000	0	0	683	1111
72.400000	0	0	683	2
72.400000	0	0	683	1
72.400000	0	0	683	3
72.500000	0	0	684	1111
72.500000	0	0	684	2
72.500000	0	0	684	1
72.500000	0	0	684	3
72.600000	0	0	685	1111
72.600000	0	0	685	2
72.600000	0	0	685	1
72.600000	0	0	685	3
72.700000	0	0	686	1111
72.700000	0	0	686	2
72.700000	0	0	686	1
72.700000	0	0	686	3
72.800000	0	0	687	1111
72.800000	0	0	687	2
72.800000	0	0	687	1
72.800000	0	0	687	3
72.900000	0	0	688	1111
72.900000	0	0	688	2
72.900000	0	0	688	1
72.900000	0	0	688	3
73.000000	0	0	689	1111
73.000000	0	0	689	2
73.000000	0	0	689	1
73.000000	0	0	689	3
73.100000	0	0	690	1111
73.100000	0	0	690	2
73.100000	0	0	690	1
73.100000	0	0	690	3
73.200000	0	0	691	1111
73.200000	0	0	691	2
73.200000	0	0	691	1
73.200000	0	0	691	3
73.300000	0	0	692	1111
73.300000	0	0	692	2
73.300000	0	0	692	1
73.300000	0	0	692	3
73.400000	0	0	693	1111
73.400000	0	0	693	2
73.400000	0	0	693	1
73.400000	0	0	693	3
73.500000	0	0	694	1111
73.500000	0	0	694	2
73.500000	0	0	694	1
73.500000	0	0	694	3
73.600000	0	0	695	1111
73.600000	0	0	695	2
73.600000	0	0	695	1
73.600000	0	0	695	3
73.700000	0	0	696	1111
73.700000	0	0	696	2
73.700000	0	0	696	1
73.700000	0	0	696	3
73.800000	0	0	697	1111
73.800000	0	0	697	2
73.800000	0	0	697	1
73.800000	0	0	697	3
73.900000	0	0	698	1111
73.900000	0	0	698	2
73.900000	0	0	698	1
73.900000	0	0	698	3
74.000000	0	0	699	1111
74.000000	0	0	699	2
74.000000	0	0	699	1
74.000000	0	0	699	3
74.100000	0	0	700	1111
74.100000	0	0	700	2
74.100000	0	0	700	1
74.100000	0	0	700	3
74.200000	0	0	701	1111
74.200000	0	0	701	2
74.200000	0	0	701	1
74.200000	0	0	701	3
74.300000	0	0	702	1111
74.300000	0	0	702	2
74.300000	0	0	702	1
74.300000	0	0	702	3
74.400000	0	0	703	1111
74.400000	0	0	703	2
74.400000	0	0	703	1
74.400000	0	0	703	3
74.500000	0	0	704	1111
74.500000	0	0	704	2
74.500000	0	0	704	1
74.500000	0	0	704	3
74.600000	0	0	705	1111
74.600000	0	0	705	2
74.600000	0	0	705	1
74.600000	0	0	705	3
74.700000	0	0	706	1111
74.700000	0	0	706	2
74.700000	0	0	706	1
74.700000	0	0	706	3
74.800000	0	0	707	1111
74.800000	0	0	707	2
74.800000	0	0	707	1
74.800000	0	0	707	3
74.900000	0	0	708	1111
74.900000	0	0	708	2
74.900000	0	0	708	1
74.900000	0	0	708	3
75.000000	0	0	709	1111
75.000000	0	0	709	2
75.000000	0	0	709	1
75.000000	0	0	709	3
75.100000	0	0	710	1111
75.100000	0	0	710	2
75.100000	0	0	710	1
75.100000	0	0	710	3
75.200000	0	0	711	1111
75.200000	0	0	711	2
75.200000	0	0	711	1
75.200000	0	0	711	3
75.300000	0	0	712	1111
75.300000	0	0	712	2
75.300000	0	0	712	1
75.300000	0	0	712	3
75.400000	0	0	713	1111
75.400000	0	0	713	2
75.400000	0	0	713	1
75.400000	0	0	713	3
75.500000	0	0	714	1111
75.500000	0	0	714	2
75.500000	0	0	714	1
75.500000	0	0	714	3
75.600000	0	0	715	1111
75.600000	0	0	715	2
75.600000	0	0	715	1
75.600000	0	0	715	3
75.700000	0	0	716	1111
75.700000	0	0	716	2
75.700000	0	0	716	1
75.700000	0	0	716	3
75.800000	0	0	717	1111
75.800000	0	0	717	2
75.800000	0	0	717	1
75.800000	0	0	717	3
75.900000	0	0	718	1111
75.900000	0	0	718	2
75.900000	0	0	718	1
75.900000	0	0	718	3
76.000000	0	0	719	1111
76.000000	0	0	719	2
76.000000	0	0	719	1
76.000000	0	0	719	3
76.100000	0	0	720	1111
76.100000	0	0	720	2
76.100000	0	0	720	1
76.100000	0	0	720	3
76.200000	0	0	721	1111
76.200000	0	0	721	2
76.200000	0	0	721	1
76.200000	0	0	721	3
76.300000	0	0	722	1111
76.300000	0	0	722	2
76.300000	0	0	722	1
76.300000	0	0	722	3
76.400000	0	0	723	1111
76.400000	0	0	723	2
76.400000	0	0	723	1
76.400000	0	0	723	3
76.500000	0	0	724	1111
76.500000	0	0	724	2
76.500000	0	0	724	1
76.500000	0	0	724	3
76.600000	0	0	725	1111
76.600000	0	0	725	2
76.600000	0	0	725	1
76.600000	0	0	725	3
76.700000	0	0	726	1111
76.700000	0	0	726	2
76.700000	0	0	726	1
76.700000	0	0	726	3
76.800000	0	0	727	1111
76.800000	0	0	727	2
76.800000	0	0	727	1
76.800000	0	0	727	3
76.900000	0	0	728	1111
76.900000	0	0	728	2
76.900000	0	0	728	1
76.900000	0	0	728	3
77.000000	0	0	729	1111
77.000000	0	0	729	2
77.000000	0	0	729	1
77.000000	0	0	729	3
77.100000	0	0	730	1111
77.100000	0	0	730	2
77.100000	0	0	730	1
77.100000	0	0	730	3
77.200000	0	0	731	1111
77.200000	0	0	731	2
77.200000	0	0	731	1
77.200000	0	0	731	3
77.300000	0	0	732	1111
77.300000	0	0	732	2
77.300000	0	0	732	1
77.300000	0	0	732	3
77.400000	0	0	733	1111
77.400000	0	0	733	2
77.400000	0	0	733	1
77.400000	0	0	733	3
77.500000	0	0	734	1111
77.500000	0	0	734	2
77.500000	0	0	734	1
77.500000	0	0	734	3
77.600000	0	0	735	1111
77.600000	0	0	735	2
77.600000	0	0	735	1
77.600000	0	0	735	3
77.700000	0	0	736	1111
77.700000	0	0	736	2
77.700000	0	0	736	1
77.700000	0	0	736	3
77.800000	0	0	737	1111
77.800000	0	0	737	2
77.800000	0	0	737	1
77.800000	0	0	737	3
77.900000	0	0	738	1111
77.900000	0	0	738	2
77.900000	0	0	738	1
77.900000	0	0	738	3
78.000000	0	0	739	1111
78.000000	0	0	739	2
78.000000	0	0	739	1
78.000000	0	0	739	3
78.100000	0	0	740	1111
78.100000	0	0	740	2
78.100000	0	0	740	1
78.100000	0	0	740	3
78.200000	0	0	741	1111
78.200000	0	0	741	2
78.200000	0	0	741	1
78.200000	0	0	741	3
78.300000	0	0	742	1111
78.300000	0	0	742	2
78.300000	0	0	742	1
78.300000	0	0	742	3
78.400000	0	0	743	1111
78.400000	0	0	743	2
78.400000	0	0	743	1
78.400000	0	0	743	3
78.500000	0	0	744	1111
78.500000	0	0	744	2
78.500000	0	0	744	1
78.500000	0	0	744	3
78.600000	0	0	745	1111
78.600000	0	0	745	2
78.600000	0	0	745	1
78.600000	0	0	745	3
78.700000	0	0	746	1111
78.700000	0	0	746	2
78.700000	0	0	746	1
78.700000	0	0	746	3
78.800000	0	0	747	1111
78.800000	0	0	747	2
78.800000	0	0	747	1
78.800000	0	0	747	3
78.900000	0	0	748	1111
78.900000	0	0	748	2
78.900000	0	0	748	1
78.900000	0	0	748	3
79.000000	0	0	749	1111
79.000000	0	0	749	2
79.000000	0	0	749	1
79.000000	0	0	749	3
79.100000	0	0	750	1111
79.100000	0	0	750	2
79.100000	0	0	750	1
79.100000	0	0	750	3
79.200000	0	0	751	1111
79.200000	0	0	751	2
79.200000	0	0	751	1
79.200000	0	0	751	3
79.300000	0	0	752	1111
79.300000	0	0	752	2
79.300000	0	0	752	1
79.300000	0	0	752	3
79.400000	0	0	753	1111
79.400000	0	0	753	2
79.400000	0	0	753	1
79.400000	0	0	753	3
79.500000	0	0	754	1111
79.500000	0	0	754	2
79.500000	0	0	754	1
79.500000	0	0	754	3
79.600000	0	0	755	1111
79.600000	0	0	755	2
79.600000	0	0	755	1
79.600000	0	0	755	3
79.700000	0	0	756	1111
79.700000	0	0	756	2
79.700000	0	0	756	1
79.700000	0	0	756	3
79.800000	0	0	757	1111
79.800000	0	0	757	2
79.800000	0	0	757	1
79.800000	0	0	757	3
79.900000	0	0	758	1111
79.900000	0	0	758	2
79.900000	0	0	758	1
79.900000	0	0	758	3
80.000000	0	0	759	1111
80.000000	0	0	759	2
80.000000	0	0	759	1
80.000000	0	0	759	3
80.100000	0	0	760	1111
80.100000	0	0	760	2
80.100000	0	0	760	1
80.100000	0	0	760	3
80.200000	0	0	761	1111
80.200000	0	0	761	2
80.200000	0	0	761	1
80.200000	0	0	761	3
80.300000	0	0	762	1111
80.300000	0	0	762	2
80.300000	0	0	762	1
80.300000	0	0	762	3
80.400000	0	0	763	1111
80.400000	0	0	763	2
80.400000	0	0	763	1
80.400000	0	0	763	3
80.500000	0	0	764	1111
80.500000	0	0	764	2
80.500000	0	0	764	1
80.500000	0	0	764	3
80.600000	0	0	765	1111
80.600000	0	0	765	2
80.600000	0	0	765	1
80.600000	0	0	765	3
80.700000	0	0	766	1111
80.700000	0	0	766	2
80.700000	0	0	766	1
80.700000	0	0	766	3
80.800000	0	0	767	1111
80.800000	0	0	767	2
80.800000	0	0	767	1
80.800000	0	0	767	3
80.900000	0	0	768	1111
80.900000	0	0	768	2
80.900000	0	0	768	1
80.900000	0	0	768	3
81.000000	0	0	769	1111
81.000000	0	0	769	2
81.000000	0	0	769	1
81.000000	0	0	769	3
81.100000	0	0	770	1111
81.100000	0	0	770	2
81.100000	0	0	770	1
81.100000	0	0	770	3
81.200000	0	0	771	1111
81.200000	0	0	771	2
81.200000	0	0	771	1
81.200000	0	0	771	3
81.300000	0	0	772	1111
81.300000	0	0	772	2
81.300000	0	0	772	1
81.300000	0	0	772	3
81.400000	0	0	773	1111
81.400000	0	0	773	2
81.400000	0	0	773	1
81.400000	0	0	773	3
81.500000	0	0	774	1111
81.500000	0	0	774	2
81.500000	0	0	774	1
81.500000	0	0	774	3
81.600000	0	0	775	1111
81.600000	0	0	775	2
81.600000	0	0	775	1
81.600000	0	0	775	3
81.700000	0	0	776	1111
81.700000	0	0	776	2
81.700000	0	0	776	1
81.700000	0	0	776	3
81.800000	0	0	777	1111
81.800000	0	0	777	2
81.800000	0	0	777	1
81.800000	0	0	777	3
81.900000	0	0	778	1111
81.900000	0	0	778	2
81.900000	0	0	778	1
81.900000	0	0	778	3
82.000000	0	0	779	1111
82.000000	0	0	779	2
82.000000	0	0	779	1
82.000000	0	0	779	3
82.100000	0	0	780	1111
82.100000	0	0	780	2
82.100000	0	0	780	1
82.100000	0	0	780	3
82.200000	0	0	781	1111
82.200000	0	0	781	2
82.200000	0	0	781	1
82.200000	0	0	781	3
82.300000	0	0	782	1111
82.300000	0	0	782	2
82.300000	0	0	782	1
82.300000	0	0	782	3
82.400000	0	0	783	1111
82.400000	0	0	783	2
82.400000	0	0	783	1
82.400000	0	0	783	3
82.500000	0	0	784	1111
82.500000	0	0	784	2
82.500000	0	0	784	1
82.500000	0	0	784	3
82.600000	0	0	785	1111
82.600000	0	0	785	2
82.600000	0	0	785	1
82.600000	0	0	785	3
82.700000	0	0	786	1111
82.700000	0	0	786	2
82.700000	0	0	786	1
82.700000	0	0	786	3
82.800000	0	0	787	1111
82.800000	0	0	787	2
82.800000	0	0	787	1
82.800000	0	0	787	3
82.900000	0	0	788	1111
82.900000	0	0	788	2
82.900000	0	0	788	1
82.900000	0	0	788	3
83.000000	0	0	789	1111
83.000000	0	0	789	2
83.000000	0	0	789	1
83.000000	0	0	789	3
83.100000	0	0	790	1111
83.100000	0	0	790	2
83.100000	0	0	790	1
83.100000	0	0	790	3
83.200000	0	0	791	1111
83.200000	0	0	791	2
83.200000	0	0	791	1
83.200000	0	0	791	3
83.300000	0	0	792	1111
83.300000	0	0	792	2
83.300000	0	0	792	1
83.300000	0	0	792	3
83.400000	0	0	793	1111
83.400000	0	0	793	2
83.400000	0	0	793	1
83.400000	0	0	793	3
83.500000	0	0	794	1111
83.500000	0	0	794	2
83.500000	0	0	794	1
83.500000	0	0	794	3
83.600000	0	0	795	1111
83.600000	0	0	795	2
83.600000	0	0	795	1
83.600000	0	0	795	3
83.700000	0	0	796	1111
83.700000	0	0	796	2
83.700000	0	0	796	1
83.700000	0	0	796	3
83.800000	0	0	797	1111
83.800000	0	0	797	2
83.800000	0	0	797	1
83.800000	0	0	797	3
83.900000	0	0	798	1111
83.900000	0	0	798	2
83.900000	0	0	798	1
83.900000	0	0	798	3
84.000000	0	0	799	1111
84.000000	0	0	799	2
84.000000	0	0	799	1
84.000000	0	0	799	3
84.100000	0	0	800	1111
84.100000	0	0	800	2
84.100000	0	0	800	1
84.100000	0	0	800	3
84.200000	0	0	801	1111
84.200000	0	0	801	2
84.200000	0	0	801	1
84.200000	0	0	801	3
84.300000	0	0	802	1111
84.300000	0	0	802	2
84.300000	0	0	802	1
84.300000	0	0	802	3
84.400000	0	0	803	1111
84.400000	0	0	803	2
84.400000	0	0	803	1
84.400000	0	0	803	3
84.500000	0	0	804	1111
84.500000	0	0	804	2
84.500000	0	0	804	1
84.500000	0	0	804	3
84.600000	0	0	805	1111
84.600000	0	0	805	2
84.600000	0	0	805	1
84.600000	0	0	805	3
84.700000	0	0	806	1111
84.700000	0	0	806	2
84.700000	0	0	806	1
84.700000	0	0	806	3
84.800000	0	0	807	1111
84.800000	0	0	807	2
84.800000	0	0	807	1
84.800000	0	0	807	3
84.900000	0	0	808	1111
84.900000	0	0	808	2
84.900000	0	0	808	1
84.900000	0	0	808	3
85.000000	0	0	809	1111
85.000000	0	0	809	2
85.000000	0	0	809	1
85.000000	0	0	809	3
85.100000	0	0	810	1111
85.100000	0	0	810	2
85.100000	0	0	810	1
85.100000	0	0	810	3
85.200000	0	0	811	1111
85.200000	0	0	811	2
85.200000	0	0	811	1
85.200000	0	0	811	3
85.300000	0	0	812	1111
85.300000	0	0	812	2
85.300000	0	0	812	1
85.300000	0	0	812	3
85.400000	0	0	813	1111
85.400000	0	0	813	2
85.400000	0	0	813	1
85.400000	0	0	813	3
85.500000	0	0	814	1111
85.500000	0	0	814	2
85.500000	0	0	814	1
85.500000	0	0	814	3
85.600000	0	0	815	1111
85.600000	0	0	815	2
85.600000	0	0	815	1
85.600000	0	0	815	3
85.700000	0	0	816	1111
85.700000	0	0	816	2
85.700000	0	0	816	1
85.700000	0	0	816	3
85.800000	0	0	817	1111
85.800000	0	0	817	2
85.800000	0	0	817	1
85.800000	0	0	817	3
85.900000	0	0	818	1111
85.900000	0	0	818	2
85.900000	0	0	818	1
85.900000	0	0	818	3
86.000000	0	0	819	1111
86.000000	0	0	819	2
86.000000	0	0	819	1
86.000000	0	0	819	3
86.100000	0	0	820	1111
86.100000	0	0	820	2
86.100000	0	0	820	1
86.100000	0	0	820	3
86.200000	0	0	821	1111
86.200000	0	0	821	2
86.200000	0	0	821	1
86.200000	0	0	821	3
86.300000	0	0	822	1111
86.300000	0	0	822	2
86.300000	0	0	822	1
86.300000	0	0	822	3
86.400000	0	0	823	1111
86.400000	0	0	823	2
86.400000	0	0	823	1
86.400000	0	0	823	3
86.500000	0	0	824	1111
86.500000	0	0	824	2
86.500000	0	0	824	1
86.500000	0	0	824	3
86.600000	0	0	825	1111
86.600000	0	0	825	2
86.600000	0	0	825	1
86.600000	0	0	825	3
86.700000	0	0	826	1111
86.700000	0	0	826	2
86.700000	0	0	826	1
86.700000	0	0	826	3
86.800000	0	0	827	1111
86.800000	0	0	827	2
86.800000	0	0	827	1
86.800000	0	0	827	3
86.900000	0	0	828	1111
86.900000	0	0	828	2
86.900000	0	0	828	1
86.900000	0	0	828	3
87.000000	0	0	829	1111
87.000000	0	0	829	2
87.000000	0	0	829	1
87.000000	0	0	829	3
87.100000	0	0	830	1111
87.100000	0	0	830	2
87.100000	0	0	830	1
87.100000	0	0	830	3
87.200000	0	0	831	1111
87.200000	0	0	831	2
87.200000	0	0	831	1
87.200000	0	0	831	3
87.300000	0	0	832	1111
87.300000	0	0	832	2
87.300000	0	0	832	1
87.300000	0	0	832	3
87.400000	0	0	833	1111
87.400000	0	0	833	2
87.400000	0	0	833	1
87.400000	0	0	833	3
87.500000	0	0	834	1111
87.500000	0	0	834	2
87.500000	0	0	834	1
87.500000	0	0	834	3
87.600000	0	0	835	1111
87.600000	0	0	835	2
87.600000	0	0	835	1
87.600000	0	0	835	3
87.700000	0	0	836	1111
87.700000	0	0	836	2
87.700000	0	0	836	1
87.700000	0	0	836	3
87.800000	0	0	837	1111
87.800000	0	0	837	2
87.800000	0	0	837	1
87.800000	0	0	837	3
87.900000	0	0	838	1111
87.900000	0	0	838	2
87.900000	0	0	838	1
87.900000	0	0	838	3
88.000000	0	0	839	1111
88.000000	0	0	839	2
88.000000	0	0	839	1
88.000000	0	0	839	3
88.100000	0	0	840	1111
88.100000	0	0	840	2
88.100000	0	0	840	1
88.100000	0	0	840	3
88.200000	0	0	841	1111
88.200000	0	0	841	2
88.200000	0	0	841	1
88.200000	0	0	841	3
88.300000	0	0	842	1111
88.300000	0	0	842	2
88.300000	0	0	842	1
88.300000	0	0	842	3
88.400000	0	0	843	1111
88.400000	0	0	843	2
88.400000	0	0	843	1
88.400000	0	0	843	3
88.500000	0	0	844	1111
88.500000	0	0	844	2
88.500000	0	0	844	1
88.500000	0	0	844	3
88.600000	0	0	845	1111
88.600000	0	0	845	2
88.600000	0	0	845	1
88.600000	0	0	845	3
88.700000	0	0	846	1111
88.700000	0	0	846	2
88.700000	0	0	846	1
88.700000	0	0	846	3
88.800000	0	0	847	1111
88.800000	0	0	847	2
88.800000	0	0	847	1
88.800000	0	0	847	3
88.900000	0	0	848	1111
88.900000	0	0	848	2
88.900000	0	0	848	1
88.900000	0	0	848	3
89.000000	0	0	849	1111
89.000000	0	0	849	2
89.000000	0	0	849	1
89.000000	0	0	849	3
89.100000	0	0	850	1111
89.100000	0	0	850	2
89.100000	0	0	850	1
89.100000	0	0	850	3
89.200000	0	0	851	1111
89.200000	0	0	851	2
89.200000	0	0	851	1
89.200000	0	0	851	3
89.300000	0	0	852	1111
89.300000	0	0	852	2
89.300000	0	0	852	1
89.300000	0	0	852	3
89.400000	0	0	853	1111
89.400000	0	0	853	2
89.400000	0	0	853	1
89.400000	0	0	853	3
89.500000	0	0	854	1111
89.500000	0	0	854	2
89.500000	0	0	854	1
89.500000	0	0	854	3
89.600000	0	0	855	1111
89.600000	0	0	855	2
89.600000	0	0	855	1
89.600000	0	0	855	3
89.700000	0	0	856	1111
89.700000	0	0	856	2
89.700000	0	0	856	1
89.700000	0	0	856	3
89.800000	0	0	857	1111
89.800000	0	0	857	2
89.800000	0	0	857	1
89.800000	0	0	857	3
89.900000	0	0	858	1111
89.900000	0	0	858	2
89.900000	0	0	858	1
89.900000	0	0	858	3
90.000000	0	0	859	1111
90.000000	0	0	859	2
90.000000	0	0	859	1
90.000000	0	0	859	3
90.100000	0	0	860	1111
90.100000	0	0	860	2
90.100000	0	0	860	1
90.100000	0	0	860	3
90.200000	0	0	861	1111
90.200000	0	0	861	2
90.200000	0	0	861	1
90.200000	0	0	861	3
90.300000	0	0	862	1111
90.300000	0	0	862	2
90.300000	0	0	862	1
90.300000	0	0	862	3
90.400000	0	0	863	1111
90.400000	0	0	863	2
90.400000	0	0	863	1
90.400000	0	0	863	3
90.500000	0	0	864	1111
90.500000	0	0	864	2
90.500000	0	0	864	1
90.500000	0	0	864	3
90.600000	0	0	865	1111
90.600000	0	0	865	2
90.600000	0	0	865	1
90.600000	0	0	865	3
90.700000	0	0	866	1111
90.700000	0	0	866	2
90.700000	0	0	866	1
90.700000	0	0	866	3
90.800000	0	0	867	1111
90.800000	0	0	867	2
90.800000	0	0	867	1
90.800000	0	0	867	3
90.900000	0	0	868	1111
90.900000	0	0	868	2
90.900000	0	0	868	1
90.900000	0	0	868	3
91.000000	0	0	869	1111
91.000000	0	0	869	2
91.000000	0	0	869	1
91.000000	0	0	869	3
91.100000	0	0	870	1111
91.100000	0	0	870	2
91.100000	0	0	870	1
91.100000	0	0	870	3
91.200000	0	0	871	1111
91.200000	0	0	871	2
91.200000	0	0	871	1
91.200000	0	0	871	3
91.300000	0	0	872	1111
91.300000	0	0	872	2
91.300000	0	0	872	1
91.300000	0	0	872	3
91.400000	0	0	873	1111
91.400000	0	0	873	2
91.400000	0	0	873	1
91.400000	0	0	873	3
91.500000	0	0	874	1111
91.500000	0	0	874	2
91.500000	0	0	874	1
91.500000	0	0	874	3
91.600000	0	0	875	1111
91.600000	0	0	875	2
91.600000	0	0	875	1
91.600000	0	0	875	3
91.700000	0	0	876	1111
91.700000	0	0	876	2
91.700000	0	0	876	1
91.700000	0	0	876	3
91.800000	0	0	877	1111
91.800000	0	0	877	2
91.800000	0	0	877	1
91.800000	0	0	877	3
91.900000	0	0	878	1111
91.900000	0	0	878	2
91.900000	0	0	878	1
91.900000	0	0	878	3
92.000000	0	0	879	1111
92.000000	0	0	879	2
92.000000	0	0	879	1
92.000000	0	0	879	3
92.100000	0	0	880	1111
92.100000	0	0	880	2
92.100000	0	0	880	1
92.100000	0	0	880	3
92.200000	0	0	881	1111
92.200000	0	0	881	2
92.200000	0	0	881	1
92.200000	0	0	881	3
92.300000	0	0	882	1111
92.300000	0	0	882	2
92.300000	0	0	882	1
92.300000	0	0	882	3
92.400000	0	0	883	1111
92.400000	0	0	883	2
92.400000	0	0	883	1
92.400000	0	0	883	3
92.500000	0	0	884	1111
92.500000	0	0	884	2
92.500000	0	0	884	1
92.500000	0	0	884	3
92.600000	0	0	885	1111
92.600000	0	0	885	2
92.600000	0	0	885	1
92.600000	0	0	885	3
92.700000	0	0	886	1111
92.700000	0	0	886	2
92.700000	0	0	886	1
92.700000	0	0	886	3
92.800000	0	0	887	1111
92.800000	0	0	887	2
92.800000	0	0	887	1
92.800000	0	0	887	3
92.900000	0	0	888	1111
92.900000	0	0	888	2
92.900000	0	0	888	1
92.900000	0	0	888	3
93.000000	0	0	889	1111
93.000000	0	0	889	2
93.000000	0	0	889	1
93.000000	0	0	889	3
93.100000	0	0	890	1111
93.100000	0	0	890	2
93.100000	0	0	890	1
93.100000	0	0	890	3
93.200000	0	0	891	1111
93.200000	0	0	891	2
93.200000	0	0	891	1
93.200000	0	0	891	3
93.300000	0	0	892	1111
93.300000	0	0	892	2
93.300000	0	0	892	1
93.300000	0	0	892	3
93.400000	0	0	893	1111
93.400000	0	0	893	2
93.400000	0	0	893	1
93.400000	0	0	893	3
93.500000	0	0	894	1111
93.500000	0	0	894	2
93.500000	0	0	894	1
93.500000	0	0	894	3
93.600000	0	0	895	1111
93.600000	0	0	895	2
93.600000	0	0	895	1
93.600000	0	0	895	3
93.700000	0	0	896	1111
93.700000	0	0	896	2
93.700000	0	0	896	1
93.700000	0	0	896	3
93.800000	0	0	897	1111
93.800000	0	0	897	2
93.800000	0	0	897	1
93.800000	0	0	897	3
93.900000	0	0	898	1111
93.900000	0	0	898	2
93.900000	0	0	898	1
93.900000	0	0	898	3
94.000000	0	0	899	1111
94.000000	0	0	899	2
94.000000	0	0	899	1
94.000000	0	0	899	3
94.100000	0	0	900	1111
94.100000	0	0	900	2
94.100000	0	0	900	1
94.100000	0	0	900	3
94.200000	0	0	901	1111
94.200000	0	0	901	2
94.200000	0	0	901	1
94.200000	0	0	901	3
94.300000	0	0	902	1111
94.300000	0	0	902	2
94.300000	0	0	902	1
94.300000	0	0	902	3
94.400000	0	0	903	1111
94.400000	0	0	903	2
94.400000	0	0	903	1
94.400000	0	0	903	3
94.500000	0	0	904	1111
94.500000	0	0	904	2
94.500000	0	0	904	1
94.500000	0	0	904	3
94.600000	0	0	905	1111
94.600000	0	0	905	2
94.600000	0	0	905	1
94.600000	0	0	905	3
94.700000	0	0	906	1111
94.700000	0	0	906	2
94.700000	0	0	906	1
94.700000	0	0	906	3
94.800000	0	0	907	1111
94.800000	0	0	907	2
94.800000	0	0	907	1
94.800000	0	0	907	3
94.900000	0	0	908	1111
94.900000	0	0	908	2
94.900000	0	0	908	1
94.900000	0	0	908	3
95.000000	0	0	909	1111
95.000000	0	0	909	2
95.000000	0	0	909	1
95.000000	0	0	909	3
95.100000	0	0	910	1111
95.100000	0	0	910	2
95.100000	0	0	910	1
95.100000	0	0	910	3
95.200000	0	0	911	1111
95.200000	0	0	911	2
95.200000	0	0	911	1
95.200000	0	0	911	3
95.300000	0	0	912	1111
95.300000	0	0	912	2
95.300000	0	0	912	1
95.300000	0	0	912	3
95.400000	0	0	913	1111
95.400000	0	0	913	2
95.400000	0	0	913	1
95.400000	0	0	913	3
95.500000	0	0	914	1111
95.500000	0	0	914	2
95.500000	0	0	914	1
95.500000	0	0	914	3
95.600000	0	0	915	1111
95.600000	0	0	915	2
95.600000	0	0	915	1
95.600000	0	0	915	3
95.700000	0	0	916	1111
95.700000	0	0	916	2
95.700000	0	0	916	1
95.700000	0	0	916	3
95.800000	0	0	917	1111
95.800000	0	0	917	2
95.800000	0	0	917	1
95.800000	0	0	917	3
95.900000	0	0	918	1111
95.900000	0	0	918	2
95.900000	0	0	918	1
95.900000	0	0	918	3
96.000000	0	0	919	1111
96.000000	0	0	919	2
96.000000	0	0	919	1
96.000000	0	0	919	3
96.100000	0	0	920	1111
96.100000	0	0	920	2
96.100000	0	0	920	1
96.100000	0	0	920	3
96.200000	0	0	921	1111
96.200000	0	0	921	2
96.200000	0	0	921	1
96.200000	0	0	921	3
96.300000	0	0	922	1111
96.300000	0	0	922	2
96.300000	0	0	922	1
96.300000	0	0	922	3
96.400000	0	0	923	1111
96.400000	0	0	923	2
96.400000	0	0	923	1
96.400000	0	0	923	3
96.500000	0	0	924	1111
96.500000	0	0	924	2
96.500000	0	0	924	1
96.500000	0	0	924	3
96.600000	0	0	925	1111
96.600000	0	0	925	2
96.600000	0	0	925	1
96.600000	0	0	925	3
96.700000	0	0	926	1111
96.700000	0	0	926	2
96.700000	0	0	926	1
96.700000	0	0	926	3
96.800000	0	0	927	1111
96.800000	0	0	927	2
96.800000	0	0	927	1
96.800000	0	0	927	3
96.900000	0	0	928	1111
96.900000	0	0	928	2
96.900000	0	0	928	1
96.900000	0	0	928	3
97.000000	0	0	929	1111
97.000000	0	0	929	2
97.000000	0	0	929	1
97.000000	0	0	929	3
97.100000	0	0	930	1111
97.100000	0	0	930	2
97.100000	0	0	930	1
97.100000	0	0	930	3
97.200000	0	0	931	1111
97.200000	0	0	931	2
97.200000	0	0	931	1
97.200000	0	0	931	3
97.300000	0	0	932	1111
97.300000	0	0	932	2
97.300000	0	0	932	1
97.300000	0	0	932	3
97.400000	0	0	933	1111
97.400000	0	0	933	2
97.400000	0	0	933	1
97.400000	0	0	933	3
97.500000	0	0	934	1111
97.500000	0	0	934	2
97.500000	0	0	934	1
97.500000	0	0	934	3
97.600000	0	0	935	1111
97.600000	0	0	935	2
97.600000	0	0	935	1
97.600000	0	0	935	3
97.700000	0	0	936	1111
97.700000	0	0	936	2
97.700000	0	0	936	1
97.700000	0	0	936	3
97.800000	0	0	937	1111
97.800000	0	0	937	2
97.800000	0	0	937	1
97.800000	0	0	937	3
97.900000	0	0	938	1111
97.900000	0	0	938	2
97.900000	0	0	938	1
97.900000	0	0	938	3
98.000000	0	0	939	1111
98.000000	0	0	939	2
98.000000	0	0	939	1
98.000000	0	0	939	3
98.100000	0	0	940	1111
98.100000	0	0	940	2
98.100000	0	0	940	1
98.100000	0	0	940	3
98.200000	0	0	941	1111
98.200000	0	0	941	2
98.200000	0	0	941	1
98.200000	0	0	941	3
98.300000	0	0	942	1111
98.300000	0	0	942	2
98.300000	0	0	942	1
98.300000	0	0	942	3
98.400000	0	0	943	1111
98.400000	0	0	943	2
98.400000	0	0	943	1
98.400000	0	0	943	3
98.500000	0	0	944	1111
98.500000	0	0	944	2
98.500000	0	0	944	1
98.500000	0	0	944	3
98.600000	0	0	945	1111
98.600000	0	0	945	2
98.600000	0	0	945	1
98.600000	0	0	945	3
98.700000	0	0	946	1111
98.700000	0	0	946	2
98.700000	0	0	946	1
98.700000	0	0	946	3
98.800000	0	0	947	1111
98.800000	0	0	947	2
98.800000	0	0	947	1
98.800000	0	0	947	3
98.900000	0	0	948	1111
98.900000	0	0	948	2
98.900000	0	0	948	1
98.900000	0	0	948	3
99.000000	0	0	949	1111
99.000000	0	0	949	2
99.000000	0	0	949	1
99.000000	0	0	949	3
99.100000	0	0	950	1111
99.100000	0	0	950	2
99.100000	0	0	950	1
99.100000	0	0	950	3
99.200000	0	0	951	1111
99.200000	0	0	951	2
99.200000	0	0	951	1
99.200000	0	0	951	3
99.300000	0	0	952	1111
99.300000	0	0	952	2
99.300000	0	0	952	1
99.300000	0	0	952	3
99.400000	0	0	953	1111
99.400000	0	0	953	2
99.400000	0	0	953	1
99.400000	0	0	953	3
99.500000	0	0	954	1111
99.500000	0	0	954	2
99.500000	0	0	954	1
99.500000	0	0	954	3
99.600000	0	0	955	1111
99.600000	0	0	955	2
99.600000	0	0	955	1
99.600000	0	0	955	3
99.700000	0	0	956	1111
99.700000	0	0	956	2
99.700000	0	0	956	1
99.700000	0	0	956	3
99.800000	0	0	957	1111
99.800000	0	0	957	2
99.800000	0	0	957	1
99.800000	0	0	957	3
99.900000	0	0	958	1111
99.900000	0	0	958	2
99.900000	0	0	958	1
99.900000	0	0	958	3
100.000000	0	0	959	1111
100.000000	0	0	959	2
100.000000	0	0	959	1
100.000000	0	0	959	3
100.100000	0	0	960	1111
100.100000	0	0	960	2
100.100000	0	0	960	1
100.100000	0	0	960	3
100.200000	0	0	961	1111
100.200000	0	0	961	2
100.200000	0	0	961	1
100.200000	0	0	961	3
100.300000	0	0	962	1111
100.300000	0	0	962	2
100.300000	0	0	962	1
100.300000	0	0	962	3
100.400000	0	0	963	1111
100.400000	0	0	963	2
100.400000	0	0	963	1
100.400000	0	0	963	3
100.500000	0	0	964	1111
100.500000	0	0	964	2
100.500000	0	0	964	1
100.500000	0	0	964	3
100.600000	0	0	965	1111
100.600000	0	0	965	2
100.600000	0	0	965	1
100.600000	0	0	965	3
100.700000	0	0	966	1111
100.700000	0	0	966	2
100.700000	0	0	966	1
100.700000	0	0	966	3
100.800000	0	0	967	1111
100.800000	0	0	967	2
100.800000	0	0	967	1
100.800000	0	0	967	3
100.900000	0	0	968	1111
100.900000	0	0	968	2
100.900000	0	0	968	1
100.900000	0	0	968	3
101.000000	0	0	969	1111
101.000000	0	0	969	2
101.000000	0	0	969	1
101.000000	0	0	969	3
101.100000	0	0	970	1111
101.100000	0	0	970	2
101.100000	0	0	970	1
101.100000	0	0	970	3
101.200000	0	0	971	1111
101.200000	0	0	971	2
101.200000	0	0	971	1
101.200000	0	0	971	3
101.300000	0	0	972	1111
101.300000	0	0	972	2
101.300000	0	0	972	1
101.300000	0	0	972	3
101.400000	0	0	973	1111
101.400000	0	0	973	2
101.400000	0	0	973	1
101.400000	0	0	973	3
101.500000	0	0	974	1111
101.500000	0	0	974	2
101.500000	0	0	974	1
101.500000	0	0	974	3
101.600000	0	0	975	1111
101.600000	0	0	975	2
101.600000	0	0	975	1
101.600000	0	0	975	3
101.700000	0	0	976	1111
101.700000	0	0	976	2
101.700000	0	0	976	1
101.700000	0	0	976	3
101.800000	0	0	977	1111
101.800000	0	0	977	2
101.800000	0	0	977	1
101.800000	0	0	977	3
101.900000	0	0	978	1111
101.900000	0	0	978	2
101.900000	0	0	978	1
101.900000	0	0	978	3
102.000000	0	0	979	1111
102.000000	0	0	979	2
102.000000	0	0	979	1
102.000000	0	0	979	3
102.100000	0	0	980	1111
102.100000	0	0	980	2
102.100000	0	0	980	1
102.100000	0	0	980	3
102.200000	0	0	981	1111
102.200000	0	0	981	2
102.200000	0	0	981	1
102.200000	0	0	981	3
102.300000	0	0	982	1111
102.300000	0	0	982	2
102.300000	0	0	982	1
102.300000	0	0	982	3
102.400000	0	0	983	1111
102.400000	0	0	983	2
102.400000	0	0	983	1
102.400000	0	0	983	3
102.500000	0	0	984	1111
102.500000	0	0	984	2
102.500000	0	0	984	1
102.500000	0	0	984	3
102.600000	0	0	985	1111
102.600000	0	0	985	2
102.600000	0	0	985	1
102.600000	0	0	985	3
102.700000	0	0	986	1111
102.700000	0	0	986	2
102.700000	0	0	986	1
102.700000	0	0	986	3
102.800000	0	0	987	1111
102.800000	0	0	987	2
102.800000	0	0	987	1
102.800000	0	0	987	3
102.900000	0	0	988	1111
102.900000	0	0	988	2
102.900000	0	0	988	1
102.900000	0	0	988	3
103.000000	0	0	989	1111
103.000000	0	0	989	2
103.000000	0	0	989	1
103.000000	0	0	989	3
103.100000	0	0	990	1111
103.100000	0	0	990	2
103.100000	0	0	990	1
103.100000	0	0	990	3
103.200000	0	0	991	1111
103.200000	0	0	991	2
103.200000	0	0	991	1
103.200000	0	0	991	3
103.300000	0	0	992	1111
103.300000	0	0	992	2
103.300000	0	0	992	1
103.300000	0	0	992	3
103.400000	0	0	993	1111
103.400000	0	0	993	2
103.400000	0	0	993	1
103.400000	0	0	993	3
103.500000	0	0	994	1111
103.500000	0	0	994	2
103.500000	0	0	994	1
103.500000	0	0	994	3
103.600000	0	0	995	1111
103.600000	0	0	995	2
103.600000	0	0	995	1
103.600000	0	0	995	3
103.700000	0	0	996	1111
103.700000	0	0	996	2
103.700000	0	0	996	1
103.700000	0	0	996	3
103.800000	0	0	997	1111
103.800000	0	0	997	2
103.800000	0	0	997	1
103.800000	0	0	997	3
103.900000	0	0	998	1111
103.900000	0	0	998	2
103.900000	0	0	998	1
103.900000	0	0	998	3
104.000000	0	0	999	1111
104.000000	0	0	999	2
104.000000	0	0	999	1
104.000000	0	0	999	3
104.100000	0	0	1000	1111
104.100000	0	0	1000	2
104.100000	0	0	1000	1
104.100000	0	0	1000	3
104.200000	0	0	1001	1111
104.200000	0	0	1001	2
104.200000	0	0	1001	1
104.200000	0	0	1001	3
104.300000	0	0	1002	1111
104.300000	0	0	1002	2
104.300000	0	0	1002	1
104.300000	0	0	1002	3
104.400000	0	0	1003	1111
104.400000	0	0	1003	2
104.400000	0	0	1003	1
104.400000	0	0	1003	3
104.500000	0	0	1004	1111
104.500000	0	0	1004	2
104.500000	0	0	1004	1
104.500000	0	0	1004	3
104.600000	0	0	1005	1111
104.600000	0	0	1005	2
104.600000	0	0	1005	1
104.600000	0	0	1005	3
104.700000	0	0	1006	1111
104.700000	0	0	1006	2
104.700000	0	0	1006	1
104.700000	0	0	1006	3
104.800000	0	0	1007	1111
104.800000	0	0	1007	2
104.800000	0	0	1007	1
104.800000	0	0	1007	3
104.900000	0	0	1008	1111
104.900000	0	0	1008	2
104.900000	0	0	1008	1
104.900000	0	0	1008	3
105.000000	0	0	1009	1111
105.000000	0	0	1009	2
105.000000	0	0	1009	1
105.000000	0	0	1009	3
105.100000	0	0	1010	1111
105.100000	0	0	1010	2
105.100000	0	0	1010	1
105.100000	0	0	1010	3
105.200000	0	0	1011	1111
105.200000	0	0	1011	2
105.200000	0	0	1011	1
105.200000	0	0	1011	3
105.300000	0	0	1012	1111
105.300000	0	0	1012	2
105.300000	0	0	1012	1
105.300000	0	0	1012	3
105.400000	0	0	1013	1111
105.400000	0	0	1013	2
105.400000	0	0	1013	1
105.400000	0	0	1013	3
105.500000	0	0	1014	1111
105.500000	0	0	1014	2
105.500000	0	0	1014	1
105.500000	0	0	1014	3
105.600000	0	0	1015	1111
105.600000	0	0	1015	2
105.600000	0	0	1015	1
105.600000	0	0	1015	3
105.700000	0	0	1016	1111
105.700000	0	0	1016	2
105.700000	0	0	1016	1
105.700000	0	0	1016	3
105.800000	0	0	1017	1111
105.800000	0	0	1017	2
105.800000	0	0	1017	1
105.800000	0	0	1017	3
105.900000	0	0	1018	1111
105.900000	0	0	1018	2
105.900000	0	0	1018	1
105.900000	0	0	1018	3
106.000000	0	0	1019	1111
106.000000	0	0	1019	2
106.000000	0	0	1019	1
106.000000	0	0	1019	3
106.100000	0	0	1020	1111
106.100000	0	0	1020	2
106.100000	0	0	1020	1
106.100000	0	0	1020	3
106.200000	0	0	1021	1111
106.200000	0	0	1021	2
106.200000	0	0	1021	1
106.200000	0	0	1021	3
106.300000	0	0	1022	1111
106.300000	0	0	1022	2
106.300000	0	0	1022	1
106.300000	0	0	1022	3
106.400000	0	0	1023	1111
106.400000	0	0	1023	2
106.400000	0	0	1023	1
106.400000	0	0	1023	3
106.500000	0	0	1024	1111
106.500000	0	0	1024	2
106.500000	0	0	1024	1
106.500000	0	0	1024	3
106.600000	0	0	1025	1111
106.600000	0	0	1025	2
106.600000	0	0	1025	1
106.600000	0	0	1025	3
106.700000	0	0	1026	1111
106.700000	0	0	1026	2
106.700000	0	0	1026	1
106.700000	0	0	1026	3
106.800000	0	0	1027	1111
106.800000	0	0	1027	2
106.800000	0	0	1027	1
106.800000	0	0	1027	3
106.900000	0	0	1028	1111
106.900000	0	0	1028	2
106.900000	0	0	1028	1
106.900000	0	0	1028	3
107.000000	0	0	1029	1111
107.000000	0	0	1029	2
107.000000	0	0	1029	1
107.000000	0	0	1029	3
107.100000	0	0	1030	1111
107.100000	0	0	1030	2
107.100000	0	0	1030	1
107.100000	0	0	1030	3
107.200000	0	0	1031	1111
107.200000	0	0	1031	2
107.200000	0	0	1031	1
107.200000	0	0	1031	3
107.300000	0	0	1032	1111
107.300000	0	0	1032	2
107.300000	0	0	1032	1
107.300000	0	0	1032	3
107.400000	0	0	1033	1111
107.400000	0	0	1033	2
107.400000	0	0	1033	1
107.400000	0	0	1033	3
107.500000	0	0	1034	1111
107.500000	0	0	1034	2
107.500000	0	0	1034	1
107.500000	0	0	1034	3
107.600000	0	0	1035	1111
107.600000	0	0	1035	2
107.600000	0	0	1035	1
107.600000	0	0	1035	3
107.700000	0	0	1036	1111
107.700000	0	0	1036	2
107.700000	0	0	1036	1
107.700000	0	0	1036	3
107.800000	0	0	1037	1111
107.800000	0	0	1037	2
107.800000	0	0	1037	1
107.800000	0	0	1037	3
107.900000	0	0	1038	1111
107.900000	0	0	1038	2
107.900000	0	0	1038	1
107.900000	0	0	1038	3
108.000000	0	0	1039	1111
108.000000	0	0	1039	2
108.000000	0	0	1039	1
108.000000	0	0	1039	3
108.100000	0	0	1040	1111
108.100000	0	0	1040	2
108.100000	0	0	1040	1
108.100000	0	0	1040	3
108.200000	0	0	1041	1111
108.200000	0	0	1041	2
108.200000	0	0	1041	1
108.200000	0	0	1041	3
108.300000	0	0	1042	1111
108.300000	0	0	1042	2
108.300000	0	0	1042	1
108.300000	0	0	1042	3
108.400000	0	0	1043	1111
108.400000	0	0	1043	2
108.400000	0	0	1043	1
108.400000	0	0	1043	3
108.500000	0	0	1044	1111
108.500000	0	0	1044	2
108.500000	0	0	1044	1
108.500000	0	0	1044	3
108.600000	0	0	1045	1111
108.600000	0	0	1045	2
108.600000	0	0	1045	1
108.600000	0	0	1045	3
108.700000	0	0	1046	1111
108.700000	0	0	1046	2
108.700000	0	0	1046	1
108.700000	0	0	1046	3
108.800000	0	0	1047	1111
108.800000	0	0	1047	2
108.800000	0	0	1047	1
108.800000	0	0	1047	3
108.900000	0	0	1048	1111
108.900000	0	0	1048	2
108.900000	0	0	1048	1
108.900000	0	0	1048	3
109.000000	0	0	1049	1111
109.000000	0	0	1049	2
109.000000	0	0	1049	1
109.000000	0	0	1049	3
109.100000	0	0	1050	1111
109.100000	0	0	1050	2
109.100000	0	0	1050	1
109.100000	0	0	1050	3
109.200000	0	0	1051	1111
109.200000	0	0	1051	2
109.200000	0	0	1051	1
109.200000	0	0	1051	3
109.300000	0	0	1052	1111
109.300000	0	0	1052	2
109.300000	0	0	1052	1
109.300000	0	0	1052	3
109.400000	0	0	1053	1111
109.400000	0	0	1053	2
109.400000	0	0	1053	1
109.400000	0	0	1053	3
109.500000	0	0	1054	1111
109.500000	0	0	1054	2
109.500000	0	0	1054	1
109.500000	0	0	1054	3
109.600000	0	0	1055	1111
109.600000	0	0	1055	2
109.600000	0	0	1055	1
109.600000	0	0	1055	3
109.700000	0	0	1056	1111
109.700000	0	0	1056	2
109.700000	0	0	1056	1
109.700000	0	0	1056	3
109.800000	0	0	1057	1111
109.800000	0	0	1057	2
109.800000	0	0	1057	1
109.800000	0	0	1057	3
109.900000	0	0	1058	1111
109.900000	0	0	1058	2
109.900000	0	0	1058	1
109.900000	0	0	1058	3
110.000000	0	0	1059	1111
110.000000	0	0	1059	2
110.000000	0	0	1059	1
110.000000	0	0	1059	3
110.100000	0	0	1060	1111
110.100000	0	0	1060	2
110.100000	0	0	1060	1
110.100000	0	0	1060	3
110.200000	0	0	1061	1111
110.200000	0	0	1061	2
110.200000	0	0	1061	1
110.200000	0	0	1061	3
110.300000	0	0	1062	1111
110.300000	0	0	1062	2
110.300000	0	0	1062	1
110.300000	0	0	1062	3
110.400000	0	0	1063	1111
110.400000	0	0	1063	2
110.400000	0	0	1063	1
110.400000	0	0	1063	3
110.500000	0	0	1064	1111
110.500000	0	0	1064	2
110.500000	0	0	1064	1
110.500000	0	0	1064	3
110.600000	0	0	1065	1111
110.600000	0	0	1065	2
110.600000	0	0	1065	1
110.600000	0	0	1065	3
110.700000	0	0	1066	1111
110.700000	0	0	1066	2
110.700000	0	0	1066	1
110.700000	0	0	1066	3
110.800000	0	0	1067	1111
110.800000	0	0	1067	2
110.800000	0	0	1067	1
110.800000	0	0	1067	3
110.900000	0	0	1068	1111
110.900000	0	0	1068	2
110.900000	0	0	1068	1
110.900000	0	0	1068	3
111.000000	0	0	1069	1111
111.000000	0	0	1069	2
111.000000	0	0	1069	1
111.000000	0	0	1069	3
111.100000	0	0	1070	1111
111.100000	0	0	1070	2
111.100000	0	0	1070	1
111.100000	0	0	1070	3
111.200000	0	0	1071	1111
111.200000	0	0	1071	2
111.200000	0	0	1071	1
111.200000	0	0	1071	3
111.300000	0	0	1072	1111
111.300000	0	0	1072	2
111.300000	0	0	1072	1
111.300000	0	0	1072	3
111.400000	0	0	1073	1111
111.400000	0	0	1073	2
111.400000	0	0	1073	1
111.400000	0	0	1073	3
111.500000	0	0	1074	1111
111.500000	0	0	1074	2
111.500000	0	0	1074	1
111.500000	0	0	1074	3
111.600000	0	0	1075	1111
111.600000	0	0	1075	2
111.600000	0	0	1075	1
111.600000	0	0	1075	3
111.700000	0	0	1076	1111
111.700000	0	0	1076	2
111.700000	0	0	1076	1
111.700000	0	0	1076	3
111.800000	0	0	1077	1111
111.800000	0	0	1077	2
111.800000	0	0	1077	1
111.800000	0	0	1077	3
111.900000	0	0	1078	1111
111.900000	0	0	1078	2
111.900000	0	0	1078	1
111.900000	0	0	1078	3
112.000000	0	0	1079	1111
112.000000	0	0	1079	2
112.000000	0	0	1079	1
112.000000	0	0	1079	3
112.100000	0	0	1080	1111
112.100000	0	0	1080	2
112.100000	0	0	1080	1
112.100000	0	0	1080	3
112.200000	0	0	1081	1111
112.200000	0	0	1081	2
112.200000	0	0	1081	1
112.200000	0	0	1081	3
112.300000	0	0	1082	1111
112.300000	0	0	1082	2
112.300000	0	0	1082	1
112.300000	0	0	1082	3
112.400000	0	0	1083	1111
112.400000	0	0	1083	2
112.400000	0	0	1083	1
112.400000	0	0	1083	3
112.500000	0	0	1084	1111
112.500000	0	0	1084	2
112.500000	0	0	1084	1
112.500000	0	0	1084	3
112.600000	0	0	1085	1111
112.600000	0	0	1085	2
112.600000	0	0	1085	1
112.600000	0	0	1085	3
112.700000	0	0	1086	1111
112.700000	0	0	1086	2
112.700000	0	0	1086	1
112.700000	0	0	1086	3
112.800000	0	0	1087	1111
112.800000	0	0	1087	2
112.800000	0	0	1087	1
112.800000	0	0	1087	3
112.900000	0	0	1088	1111
112.900000	0	0	1088	2
112.900000	0	0	1088	1
112.900000	0	0	1088	3
113.000000	0	0	1089	1111
113.000000	0	0	1089	2
113.000000	0	0	1089	1
113.000000	0	0	1089	3
113.100000	0	0	1090	1111
113.100000	0	0	1090	2
113.100000	0	0	1090	1
113.100000	0	0	1090	3
113.200000	0	0	1091	1111
113.200000	0	0	1091	2
113.200000	0	0	1091	1
113.200000	0	0	1091	3
113.300000	0	0	1092	1111
113.300000	0	0	1092	2
113.300000	0	0	1092	1
113.300000	0	0	1092	3
113.400000	0	0	1093	1111
113.400000	0	0	1093	2
113.400000	0	0	1093	1
113.400000	0	0	1093	3
113.500000	0	0	1094	1111
113.500000	0	0	1094	2
113.500000	0	0	1094	1
113.500000	0	0	1094	3
113.600000	0	0	1095	1111
113.600000	0	0	1095	2
113.600000	0	0	1095	1
113.600000	0	0	1095	3
113.700000	0	0	1096	1111
113.700000	0	0	1096	2
113.700000	0	0	1096	1
113.700000	0	0	1096	3
113.800000	0	0	1097	1111
113.800000	0	0	1097	2
113.800000	0	0	1097	1
113.800000	0	0	1097	3
113.900000	0	0	1098	1111
113.900000	0	0	1098	2
113.900000	0	0	1098	1
113.900000	0	0	1098	3
114.000000	0	0	1099	1111
114.000000	0	0	1099	2
114.000000	0	0	1099	1
114.000000	0	0	1099	3
114.100000	0	0	1100	1111
114.100000	0	0	1100	2
114.100000	0	0	1100	1
114.100000	0	0	1100	3
114.200000	0	0	1101	1111
114.200000	0	0	1101	2
114.200000	0	0	1101	1
114.200000	0	0	1101	3
114.300000	0	0	1102	1111
114.300000	0	0	1102	2
114.300000	0	0	1102	1
114.300000	0	0	1102	3
114.400000	0	0	1103	1111
114.400000	0	0	1103	2
114.400000	0	0	1103	1
114.400000	0	0	1103	3
114.500000	0	0	1104	1111
114.500000	0	0	1104	2
114.500000	0	0	1104	1
114.500000	0	0	1104	3
114.600000	0	0	1105	1111
114.600000	0	0	1105	2
114.600000	0	0	1105	1
114.600000	0	0	1105	3
114.700000	0	0	1106	1111
114.700000	0	0	1106	2
114.700000	0	0	1106	1
114.700000	0	0	1106	3
114.800000	0	0	1107	1111
114.800000	0	0	1107	2
114.800000	0	0	1107	1
114.800000	0	0	1107	3
114.900000	0	0	1108	1111
114.900000	0	0	1108	2
114.900000	0	0	1108	1
114.900000	0	0	1108	3
115.000000	0	0	1109	1111
115.000000	0	0	1109	2
115.000000	0	0	1109	1
115.000000	0	0	1109	3
115.100000	0	0	1110	1111
115.100000	0	0	1110	2
115.100000	0	0	1110	1
115.100000	0	0	1110	3
115.200000	0	0	1111	1111
115.200000	0	0	1111	2
115.200000	0	0	1111	1
115.200000	0	0	1111	3
115.300000	0	0	1112	1111
115.300000	0	0	1112	2
115.300000	0	0	1112	1
115.300000	0	0	1112	3
115.400000	0	0	1113	1111
115.400000	0	0	1113	2
115.400000	0	0	1113	1
115.400000	0	0	1113	3
115.500000	0	0	1114	1111
115.500000	0	0	1114	2
115.500000	0	0	1114	1
115.500000	0	0	1114	3
115.600000	0	0	1115	1111
115.600000	0	0	1115	2
115.600000	0	0	1115	1
115.600000	0	0	1115	3
115.700000	0	0	1116	1111
115.700000	0	0	1116	2
115.700000	0	0	1116	1
115.700000	0	0	1116	3
115.800000	0	0	1117	1111
115.800000	0	0	1117	2
115.800000	0	0	1117	1
115.800000	0	0	1117	3
115.900000	0	0	1118	1111
115.900000	0	0	1118	2
115.900000	0	0	1118	1
115.900000	0	0	1118	3
116.000000	0	0	1119	1111
116.000000	0	0	1119	2
116.000000	0	0	1119	1
116.000000	0	0	1119	3
116.100000	0	0	1120	1111
116.100000	0	0	1120	2
116.100000	0	0	1120	1
116.100000	0	0	1120	3
116.200000	0	0	1121	1111
116.200000	0	0	1121	2
116.200000	0	0	1121	1
116.200000	0	0	1121	3
116.300000	0	0	1122	1111
116.300000	0	0	1122	2
116.300000	0	0	1122	1
116.300000	0	0	1122	3
116.400000	0	0	1123	1111
116.400000	0	0	1123	2
116.400000	0	0	1123	1
116.400000	0	0	1123	3
116.500000	0	0	1124	1111
116.500000	0	0	1124	2
116.500000	0	0	1124	1
116.500000	0	0	1124	3
116.600000	0	0	1125	1111
116.600000	0	0	1125	2
116.600000	0	0	1125	1
116.600000	0	0	1125	3
116.700000	0	0	1126	1111
116.700000	0	0	1126	2
116.700000	0	0	1126	1
116.700000	0	0	1126	3
116.800000	0	0	1127	1111
116.800000	0	0	1127	2
116.800000	0	0	1127	1
116.800000	0	0	1127	3
