13.827840	5000	0	0	3	720
13.827840	5000	0	0	5001	720
13.827840	5000	0	0	6000	720
13.827840	5000	0	0	6001	720
13.911495	5000	6000	0	0	720
13.927511	5000	0	1	3	720
13.927511	5000	0	1	5001	720
13.927511	5000	0	1	6000	720
13.927511	5000	0	1	6001	720
13.937342	5000	6000	0	3	720
13.937342	5000	6000	0	5001	720
13.937342	5000	6000	0	6000	720
13.937342	5000	6000	0	6001	720
14.011593	5000	6000	1	0	720
14.027142	5000	0	2	3	720
14.027142	5000	0	2	5001	720
14.027142	5000	0	2	6000	720
14.027142	5000	0	2	6001	720
14.036618	5000	6000	1	3	720
14.036618	5000	6000	1	5001	720
14.036618	5000	6000	1	6000	720
14.036618	5000	6000	1	6001	720
14.066165	5000	5001	0	3	720
14.066165	5000	5001	0	5001	720
14.066165	5000	5001	0	6000	720
14.066165	5000	5001	0	6001	720
14.100000	5000	5000	0	3	720
14.100000	5000	5000	0	5001	720
14.100000	5000	5000	0	6000	720
14.100000	5000	5000	0	6001	720
14.100000	5000	5000	0	0	720
14.111533	5000	6000	2	0	720
14.127514	5000	0	3	3	720
14.127514	5000	0	3	5001	720
14.127514	5000	0	3	6000	720
14.127514	5000	0	3	6001	720
14.137425	5000	6000	2	3	720
14.137425	5000	6000	2	5001	720
14.137425	5000	6000	2	6000	720
14.137425	5000	6000	2	6001	720
14.166232	5000	5001	1	3	720
14.166232	5000	5001	1	5001	720
14.166232	5000	5001	1	6000	720
14.166232	5000	5001	1	6001	720
14.200000	5000	5000	1	3	720
14.200000	5000	5000	1	5001	720
14.200000	5000	5000	1	6000	720
14.200000	5000	5000	1	6001	720
14.200000	5000	5000	1	0	720
14.211205	5000	6000	3	0	720
14.227776	5000	0	4	3	720
14.227776	5000	0	4	5001	720
14.227776	5000	0	4	6000	720
14.227776	5000	0	4	6001	720
14.237373	5000	6000	3	3	720
14.237373	5000	6000	3	5001	720
14.237373	5000	6000	3	6000	720
14.237373	5000	6000	3	6001	720
14.265539	5000	5001	2	3	720
14.265539	5000	5001	2	5001	720
14.265539	5000	5001	2	6000	720
14.265539	5000	5001	2	6001	720
14.300000	5000	5000	2	3	720
14.300000	5000	5000	2	5001	720
14.300000	5000	5000	2	6000	720
14.300000	5000	5000	2	6001	720
14.300000	5000	5000	2	0	720
14.311083	5000	6000	4	0	720
14.322080	5000	1	0	0	720
14.327312	5000	0	5	3	720
14.327312	5000	0	5	5001	720
14.327312	5000	0	5	6000	720
14.327312	5000	0	5	6001	720
14.337189	5000	6000	4	3	720
14.337189	5000	6000	4	5001	720
14.337189	5000	6000	4	6000	720
14.337189	5000	6000	4	6001	720
14.343798	5000	1	0	3	720
14.343798	5000	1	0	5001	720
14.343798	5000	1	0	6000	720
14.343798	5000	1	0	6001	720
14.367222	5000	5001	3	3	720
14.367222	5000	5001	3	5001	720
14.367222	5000	5001	3	6000	720
14.367222	5000	5001	3	6001	720
14.400000	5000	5000	3	3	720
14.400000	5000	5000	3	5001	720
14.400000	5000	5000	3	6000	720
14.400000	5000	5000	3	6001	720
14.400000	5000	5000	3	0	720
14.411297	5000	6000	5	0	720
14.421772	5000	1	1	0	720
14.426310	5000	0	6	3	720
14.426310	5000	0	6	5001	720
14.426310	5000	0	6	6000	720
14.426310	5000	0	6	6001	720
14.436781	5000	6000	5	3	720
14.436781	5000	6000	5	5001	720
14.436781	5000	6000	5	6000	720
14.436781	5000	6000	5	6001	720
14.442897	5000	1	1	3	720
14.442897	5000	1	1	5001	720
14.442897	5000	1	1	6000	720
14.442897	5000	1	1	6001	720
14.465277	5000	5001	4	3	720
14.465277	5000	5001	4	5001	720
14.465277	5000	5001	4	6000	720
14.465277	5000	5001	4	6001	720
14.500000	5000	5000	4	3	720
14.500000	5000	5000	4	5001	720
14.500000	5000	5000	4	6000	720
14.500000	5000	5000	4	6001	720
14.500000	5000	5000	4	0	720
14.511764	5000	6000	6	0	720
14.521822	5000	1	2	0	720
14.526745	5000	0	7	3	720
14.526745	5000	0	7	5001	720
14.526745	5000	0	7	6000	720
14.526745	5000	0	7	6001	720
14.536185	5000	6000	6	3	720
14.536185	5000	6000	6	5001	720
14.536185	5000	6000	6	6000	720
14.536185	5000	6000	6	6001	720
14.542954	5000	1	2	3	720
14.542954	5000	1	2	5001	720
14.542954	5000	1	2	6000	720
14.542954	5000	1	2	6001	720
14.565163	5000	5001	5	3	720
14.565163	5000	5001	5	5001	720
14.565163	5000	5001	5	6000	720
14.565163	5000	5001	5	6001	720
14.593781	5000	6001	0	0	720
14.600000	5000	5000	5	3	720
14.600000	5000	5000	5	5001	720
14.600000	5000	5000	5	6000	720
14.600000	5000	5000	5	6001	720
14.600000	5000	5000	5	0	720
14.606749	5000	2	0	0	720
14.611339	5000	6000	7	0	720
14.618495	5000	6001	0	3	720
14.618495	5000	6001	0	5001	720
14.618495	5000	6001	0	6000	720
14.618495	5000	6001	0	6001	720
14.621778	5000	1	3	0	720
14.626307	5000	0	8	3	720
14.626307	5000	0	8	5001	720
14.626307	5000	0	8	6000	720
14.626307	5000	0	8	6001	720
14.628722	5000	2	0	3	720
14.628722	5000	2	0	5001	720
14.628722	5000	2	0	6000	720
14.628722	5000	2	0	6001	720
14.636025	5000	6000	7	3	720
14.636025	5000	6000	7	5001	720
14.636025	5000	6000	7	6000	720
14.636025	5000	6000	7	6001	720
14.642874	5000	1	3	3	720
14.642874	5000	1	3	5001	720
14.642874	5000	1	3	6000	720
14.642874	5000	1	3	6001	720
14.664831	5000	5001	6	3	720
14.664831	5000	5001	6	5001	720
14.664831	5000	5001	6	6000	720
14.664831	5000	5001	6	6001	720
14.694079	5000	6001	1	0	720
14.700000	5000	5000	6	3	720
14.700000	5000	5000	6	5001	720
14.700000	5000	5000	6	6000	720
14.700000	5000	5000	6	6001	720
14.700000	5000	5000	6	0	720
14.706903	5000	2	1	0	720
14.711318	5000	6000	8	0	720
14.718394	5000	6001	1	3	720
14.718394	5000	6001	1	5001	720
14.718394	5000	6001	1	6000	720
14.718394	5000	6001	1	6001	720
14.721792	5000	1	4	0	720
14.726551	5000	0	9	3	720
14.726551	5000	0	9	5001	720
14.726551	5000	0	9	6000	720
14.726551	5000	0	9	6001	720
14.728691	5000	2	1	3	720
14.728691	5000	2	1	5001	720
14.728691	5000	2	1	6000	720
14.728691	5000	2	1	6001	720
14.736038	5000	6000	8	3	720
14.736038	5000	6000	8	5001	720
14.736038	5000	6000	8	6000	720
14.736038	5000	6000	8	6001	720
14.742820	5000	1	4	3	720
14.742820	5000	1	4	5001	720
14.742820	5000	1	4	6000	720
14.742820	5000	1	4	6001	720
14.764724	5000	3	0	0	720
14.765148	5000	5001	7	3	720
14.765148	5000	5001	7	5001	720
14.765148	5000	5001	7	6000	720
14.765148	5000	5001	7	6001	720
14.793926	5000	6001	2	0	720
14.800000	5000	5000	7	3	720
14.800000	5000	5000	7	5001	720
14.800000	5000	5000	7	6000	720
14.800000	5000	5000	7	6001	720
14.800000	5000	5000	7	0	720
14.811366	5000	6000	9	0	720
14.818473	5000	6001	2	3	720
14.818473	5000	6001	2	5001	720
14.818473	5000	6001	2	6000	720
14.818473	5000	6001	2	6001	720
14.826380	5000	0	10	3	720
14.826380	5000	0	10	5001	720
14.826380	5000	0	10	6000	720
14.826380	5000	0	10	6001	720
14.828752	5000	2	2	3	720
14.828752	5000	2	2	5001	720
14.828752	5000	2	2	6000	720
14.828752	5000	2	2	6001	720
14.836223	5000	6000	9	3	720
14.836223	5000	6000	9	5001	720
14.836223	5000	6000	9	6000	720
14.836223	5000	6000	9	6001	720
14.842867	5000	1	5	3	720
14.842867	5000	1	5	5001	720
14.842867	5000	1	5	6000	720
14.842867	5000	1	5	6001	720
14.864637	5000	3	1	0	720
14.865003	5000	5001	8	3	720
14.865003	5000	5001	8	5001	720
14.865003	5000	5001	8	6000	720
14.865003	5000	5001	8	6001	720
14.893856	5000	6001	3	0	720
14.900000	5000	5000	8	3	720
14.900000	5000	5000	8	5001	720
14.900000	5000	5000	8	6000	720
14.900000	5000	5000	8	6001	720
14.900000	5000	5000	8	0	720
14.911537	5000	6000	10	0	720
14.919019	5000	6001	3	3	720
14.919019	5000	6001	3	5001	720
14.919019	5000	6001	3	6000	720
14.919019	5000	6001	3	6001	720
14.926376	5000	0	11	3	720
14.926376	5000	0	11	5001	720
14.926376	5000	0	11	6000	720
14.926376	5000	0	11	6001	720
14.928742	5000	2	3	3	720
14.928742	5000	2	3	5001	720
14.928742	5000	2	3	6000	720
14.928742	5000	2	3	6001	720
14.936151	5000	6000	10	3	720
14.936151	5000	6000	10	5001	720
14.936151	5000	6000	10	6000	720
14.936151	5000	6000	10	6001	720
14.942823	5000	1	6	3	720
14.942823	5000	1	6	5001	720
14.942823	5000	1	6	6000	720
14.942823	5000	1	6	6001	720
14.964607	5000	3	2	0	720
14.964971	5000	5001	9	3	720
14.964971	5000	5001	9	5001	720
14.964971	5000	5001	9	6000	720
14.964971	5000	5001	9	6001	720
14.993937	5000	6001	4	0	720
15.000000	5000	5000	9	3	720
15.000000	5000	5000	9	5001	720
15.000000	5000	5000	9	6000	720
15.000000	5000	5000	9	6001	720
15.000000	5000	5000	9	0	720
15.011325	5000	6000	11	0	720
15.018340	5000	6001	4	3	720
15.018340	5000	6001	4	5001	720
15.018340	5000	6001	4	6000	720
15.018340	5000	6001	4	6001	720
15.027196	5000	0	12	3	720
15.027196	5000	0	12	5001	720
15.027196	5000	0	12	6000	720
15.027196	5000	0	12	6001	720
15.028737	5000	2	4	3	720
15.028737	5000	2	4	5001	720
15.028737	5000	2	4	6000	720
15.028737	5000	2	4	6001	720
15.036045	5000	6000	11	3	720
15.036045	5000	6000	11	5001	720
15.036045	5000	6000	11	6000	720
15.036045	5000	6000	11	6001	720
15.040777	5000	5001	10	0	720
15.042868	5000	1	7	3	720
15.042868	5000	1	7	5001	720
15.042868	5000	1	7	6000	720
15.042868	5000	1	7	6001	720
15.064664	5000	3	3	0	720
15.093555	5000	6001	5	0	720
15.100000	5000	5000	10	3	720
15.100000	5000	5000	10	5001	720
15.100000	5000	5000	10	6000	720
15.100000	5000	5000	10	6001	720
15.100000	5000	5000	10	0	720
15.111704	5000	6000	12	0	720
15.126371	5000	0	13	3	720
15.126371	5000	0	13	5001	720
15.126371	5000	0	13	6000	720
15.126371	5000	0	13	6001	720
15.128708	5000	2	5	3	720
15.128708	5000	2	5	5001	720
15.128708	5000	2	5	6000	720
15.128708	5000	2	5	6001	720
15.140503	5000	5001	11	0	720
15.142831	5000	1	8	3	720
15.142831	5000	1	8	5001	720
15.142831	5000	1	8	6000	720
15.142831	5000	1	8	6001	720
15.164637	5000	3	4	0	720
15.193839	5000	6001	6	0	720
15.200000	5000	5000	11	3	720
15.200000	5000	5000	11	5001	720
15.200000	5000	5000	11	6000	720
15.200000	5000	5000	11	6001	720
15.200000	5000	5000	11	0	720
15.211670	5000	6000	13	0	720
15.226358	5000	0	14	3	720
15.226358	5000	0	14	5001	720
15.226358	5000	0	14	6000	720
15.226358	5000	0	14	6001	720
15.228738	5000	2	6	3	720
15.228738	5000	2	6	5001	720
15.228738	5000	2	6	6000	720
15.228738	5000	2	6	6001	720
15.240504	5000	5001	12	0	720
15.242831	5000	1	9	3	720
15.242831	5000	1	9	5001	720
15.242831	5000	1	9	6000	720
15.242831	5000	1	9	6001	720
15.264641	5000	3	5	0	720
15.293714	5000	6001	7	0	720
15.300000	5000	5000	12	3	720
15.300000	5000	5000	12	5001	720
15.300000	5000	5000	12	6000	720
15.300000	5000	5000	12	6001	720
15.300000	5000	5000	12	0	720
15.311784	5000	6000	14	0	720
15.326318	5000	0	15	3	720
15.326318	5000	0	15	5001	720
15.326318	5000	0	15	6000	720
15.326318	5000	0	15	6001	720
15.328728	5000	2	7	3	720
15.328728	5000	2	7	5001	720
15.328728	5000	2	7	6000	720
15.328728	5000	2	7	6001	720
15.340514	5000	5001	13	0	720
15.342828	5000	1	10	3	720
15.342828	5000	1	10	5001	720
15.342828	5000	1	10	6000	720
15.342828	5000	1	10	6001	720
15.364748	5000	3	6	0	720
15.393839	5000	6001	8	0	720
15.400000	5000	5000	13	3	720
15.400000	5000	5000	13	5001	720
15.400000	5000	5000	13	6000	720
15.400000	5000	5000	13	6001	720
15.400000	5000	5000	13	0	720
15.411656	5000	6000	15	0	720
15.426503	5000	0	16	3	720
15.426503	5000	0	16	5001	720
15.426503	5000	0	16	6000	720
15.426503	5000	0	16	6001	720
15.429804	5000	2	8	3	720
15.429804	5000	2	8	5001	720
15.429804	5000	2	8	6000	720
15.429804	5000	2	8	6001	720
15.440504	5000	5001	14	0	720
15.443935	5000	1	11	3	720
15.443935	5000	1	11	5001	720
15.443935	5000	1	11	6000	720
15.443935	5000	1	11	6001	720
15.465577	5000	3	7	0	720
15.495957	5000	6001	9	0	720
15.500000	5000	5000	14	3	720
15.500000	5000	5000	14	5001	720
15.500000	5000	5000	14	6000	720
15.500000	5000	5000	14	6001	720
15.500000	5000	5000	14	0	720
15.511142	5000	6000	16	0	720
15.528731	5000	0	17	3	720
15.528731	5000	0	17	5001	720
15.528731	5000	0	17	6000	720
15.528731	5000	0	17	6001	720
15.529215	5000	2	9	3	720
15.529215	5000	2	9	5001	720
15.529215	5000	2	9	6000	720
15.529215	5000	2	9	6001	720
15.540205	5000	5001	15	0	720
15.543160	5000	1	12	3	720
15.543160	5000	1	12	5001	720
15.543160	5000	1	12	6000	720
15.543160	5000	1	12	6001	720
15.565436	5000	3	8	0	720
15.593588	5000	6001	10	0	720
15.600000	5000	5000	15	3	720
15.600000	5000	5000	15	5001	720
15.600000	5000	5000	15	6000	720
15.600000	5000	5000	15	6001	720
15.600000	5000	5000	15	0	720
15.611718	5000	6000	17	0	720
15.627163	5000	0	18	3	720
15.627163	5000	0	18	5001	720
15.627163	5000	0	18	6000	720
15.627163	5000	0	18	6001	720
15.629985	5000	2	10	3	720
15.629985	5000	2	10	5001	720
15.629985	5000	2	10	6000	720
15.629985	5000	2	10	6001	720
15.640485	5000	5001	16	0	720
15.642851	5000	1	13	3	720
15.642851	5000	1	13	5001	720
15.642851	5000	1	13	6000	720
15.642851	5000	1	13	6001	720
15.668678	5000	3	9	0	720
15.693745	5000	6001	11	0	720
15.700000	5000	5000	16	3	720
15.700000	5000	5000	16	5001	720
15.700000	5000	5000	16	6000	720
15.700000	5000	5000	16	6001	720
15.700000	5000	5000	16	0	720
15.711646	5000	6000	18	0	720
15.726342	5000	0	19	3	720
15.726342	5000	0	19	5001	720
15.726342	5000	0	19	6000	720
15.726342	5000	0	19	6001	720
15.728739	5000	2	11	3	720
15.728739	5000	2	11	5001	720
15.728739	5000	2	11	6000	720
15.728739	5000	2	11	6001	720
15.740519	5000	5001	17	0	720
15.742935	5000	1	14	3	720
15.742935	5000	1	14	5001	720
15.742935	5000	1	14	6000	720
15.742935	5000	1	14	6001	720
15.765255	5000	3	10	0	720
15.793718	5000	6001	12	0	720
15.800000	5000	5000	17	3	720
15.800000	5000	5000	17	5001	720
15.800000	5000	5000	17	6000	720
15.800000	5000	5000	17	6001	720
15.800000	5000	5000	17	0	720
15.811671	5000	6000	19	0	720
15.826332	5000	0	20	3	720
15.826332	5000	0	20	5001	720
15.826332	5000	0	20	6000	720
15.826332	5000	0	20	6001	720
15.828729	5000	2	12	3	720
15.828729	5000	2	12	5001	720
15.828729	5000	2	12	6000	720
15.828729	5000	2	12	6001	720
15.840479	5000	5001	18	0	720
15.842868	5000	1	15	3	720
15.842868	5000	1	15	5001	720
15.842868	5000	1	15	6000	720
15.842868	5000	1	15	6001	720
15.864568	5000	3	11	0	720
15.893718	5000	6001	13	0	720
15.900000	5000	5000	18	3	720
15.900000	5000	5000	18	5001	720
15.900000	5000	5000	18	6000	720
15.900000	5000	5000	18	6001	720
15.900000	5000	5000	18	0	720
15.911667	5000	6000	20	0	720
15.926332	5000	0	21	3	720
15.926332	5000	0	21	5001	720
15.926332	5000	0	21	6000	720
15.926332	5000	0	21	6001	720
15.928712	5000	2	13	3	720
15.928712	5000	2	13	5001	720
15.928712	5000	2	13	6000	720
15.928712	5000	2	13	6001	720
15.940517	5000	5001	19	0	720
15.942832	5000	1	16	3	720
15.942832	5000	1	16	5001	720
15.942832	5000	1	16	6000	720
15.942832	5000	1	16	6001	720
15.964658	5000	3	12	0	720
15.993826	5000	6001	14	0	720
16.000000	5000	5000	19	3	720
16.000000	5000	5000	19	5001	720
16.000000	5000	5000	19	6000	720
16.000000	5000	5000	19	6001	720
16.000000	5000	5000	19	0	720
16.011671	5000	6000	21	0	720
16.026337	5000	0	22	3	720
16.026337	5000	0	22	5001	720
16.026337	5000	0	22	6000	720
16.026337	5000	0	22	6001	720
16.028707	5000	2	14	3	720
16.028707	5000	2	14	5001	720
16.028707	5000	2	14	6000	720
16.028707	5000	2	14	6001	720
16.040501	5000	5001	20	0	720
16.042842	5000	1	17	3	720
16.042842	5000	1	17	5001	720
16.042842	5000	1	17	6000	720
16.042842	5000	1	17	6001	720
16.064676	5000	3	13	0	720
16.093867	5000	6001	15	0	720
16.100000	5000	5000	20	3	720
16.100000	5000	5000	20	5001	720
16.100000	5000	5000	20	6000	720
16.100000	5000	5000	20	6001	720
16.100000	5000	5000	20	0	720
16.111679	5000	6000	22	0	720
16.126327	5000	0	23	3	720
16.126327	5000	0	23	5001	720
16.126327	5000	0	23	6000	720
16.126327	5000	0	23	6001	720
16.128694	5000	2	15	3	720
16.128694	5000	2	15	5001	720
16.128694	5000	2	15	6000	720
16.128694	5000	2	15	6001	720
16.140505	5000	5001	21	0	720
16.142833	5000	1	18	3	720
16.142833	5000	1	18	5001	720
16.142833	5000	1	18	6000	720
16.142833	5000	1	18	6001	720
16.164667	5000	3	14	0	720
16.193753	5000	6001	16	0	720
16.200000	5000	5000	21	3	720
16.200000	5000	5000	21	5001	720
16.200000	5000	5000	21	6000	720
16.200000	5000	5000	21	6001	720
16.200000	5000	5000	21	0	720
16.211663	5000	6000	23	0	720
16.226332	5000	0	24	3	720
16.226332	5000	0	24	5001	720
16.226332	5000	0	24	6000	720
16.226332	5000	0	24	6001	720
16.228726	5000	2	16	3	720
16.228726	5000	2	16	5001	720
16.228726	5000	2	16	6000	720
16.228726	5000	2	16	6001	720
16.240496	5000	5001	22	0	720
16.242853	5000	1	19	3	720
16.242853	5000	1	19	5001	720
16.242853	5000	1	19	6000	720
16.242853	5000	1	19	6001	720
16.264653	5000	3	15	0	720
16.293713	5000	6001	17	0	720
16.300000	5000	5000	22	3	720
16.300000	5000	5000	22	5001	720
16.300000	5000	5000	22	6000	720
16.300000	5000	5000	22	6001	720
16.300000	5000	5000	22	0	720
16.311684	5000	6000	24	0	720
16.326301	5000	0	25	3	720
16.326301	5000	0	25	5001	720
16.326301	5000	0	25	6000	720
16.326301	5000	0	25	6001	720
16.328807	5000	2	17	3	720
16.328807	5000	2	17	5001	720
16.328807	5000	2	17	6000	720
16.328807	5000	2	17	6001	720
16.340494	5000	5001	23	0	720
16.364654	5000	3	16	0	720
16.393716	5000	6001	18	0	720
16.400000	5000	5000	23	3	720
16.400000	5000	5000	23	5001	720
16.400000	5000	5000	23	6000	720
16.400000	5000	5000	23	6001	720
16.400000	5000	5000	23	0	720
16.411656	5000	6000	25	0	720
16.422700	5000	1	21	3	720
16.422700	5000	1	21	5001	720
16.422700	5000	1	21	6000	720
16.422700	5000	1	21	6001	720
16.429688	5000	0	26	3	720
16.429688	5000	0	26	5001	720
16.429688	5000	0	26	6000	720
16.429688	5000	0	26	6001	720
16.430928	5000	2	18	3	720
16.430928	5000	2	18	5001	720
16.430928	5000	2	18	6000	720
16.430928	5000	2	18	6001	720
16.440515	5000	5001	24	0	720
16.464603	5000	3	17	0	720
16.473626	5000	2	18	3	720
16.473626	5000	2	18	5001	720
16.473626	5000	2	18	6000	720
16.473626	5000	2	18	6001	720
16.493753	5000	6001	19	0	720
16.500000	5000	5000	24	3	720
16.500000	5000	5000	24	5001	720
16.500000	5000	5000	24	6000	720
16.500000	5000	5000	24	6001	720
16.500000	5000	5000	24	0	720
16.511664	5000	6000	26	0	720
16.522745	5000	1	22	3	720
16.522745	5000	1	22	5001	720
16.522745	5000	1	22	6000	720
16.522745	5000	1	22	6001	720
16.526196	5000	0	27	3	720
16.526196	5000	0	27	5001	720
16.526196	5000	0	27	6000	720
16.526196	5000	0	27	6001	720
16.528825	5000	2	19	3	720
16.528825	5000	2	19	5001	720
16.528825	5000	2	19	6000	720
16.528825	5000	2	19	6001	720
16.540571	5000	5001	25	0	720
16.564982	5000	3	18	0	720
16.573687	5000	2	19	3	720
16.573687	5000	2	19	5001	720
16.573687	5000	2	19	6000	720
16.573687	5000	2	19	6001	720
16.593609	5000	6001	20	0	720
16.600000	5000	5000	25	3	720
16.600000	5000	5000	25	5001	720
16.600000	5000	5000	25	6000	720
16.600000	5000	5000	25	6001	720
16.600000	5000	5000	25	0	720
16.612024	5000	6000	27	0	720
16.622840	5000	1	23	3	720
16.622840	5000	1	23	5001	720
16.622840	5000	1	23	6000	720
16.622840	5000	1	23	6001	720
16.627548	5000	0	28	3	720
16.627548	5000	0	28	5001	720
16.627548	5000	0	28	6000	720
16.627548	5000	0	28	6001	720
16.628789	5000	2	20	3	720
16.628789	5000	2	20	5001	720
16.628789	5000	2	20	6000	720
16.628789	5000	2	20	6001	720
16.640513	5000	5001	26	0	720
16.664621	5000	3	19	0	720
16.673639	5000	2	20	3	720
16.673639	5000	2	20	5001	720
16.673639	5000	2	20	6000	720
16.673639	5000	2	20	6001	720
16.693853	5000	6001	21	0	720
16.700000	5000	5000	26	3	720
16.700000	5000	5000	26	5001	720
16.700000	5000	5000	26	6000	720
16.700000	5000	5000	26	6001	720
16.700000	5000	5000	26	0	720
16.711729	5000	6000	28	0	720
16.722679	5000	1	24	3	720
16.722679	5000	1	24	5001	720
16.722679	5000	1	24	6000	720
16.722679	5000	1	24	6001	720
16.726177	5000	0	29	3	720
16.726177	5000	0	29	5001	720
16.726177	5000	0	29	6000	720
16.726177	5000	0	29	6001	720
16.728821	5000	2	21	3	720
16.728821	5000	2	21	5001	720
16.728821	5000	2	21	6000	720
16.728821	5000	2	21	6001	720
16.740515	5000	5001	27	0	720
16.764724	5000	3	20	0	720
16.773613	5000	2	21	3	720
16.773613	5000	2	21	5001	720
16.773613	5000	2	21	6000	720
16.773613	5000	2	21	6001	720
16.793842	5000	6001	22	0	720
16.800000	5000	5000	27	3	720
16.800000	5000	5000	27	5001	720
16.800000	5000	5000	27	6000	720
16.800000	5000	5000	27	6001	720
16.800000	5000	5000	27	0	720
16.811512	5000	6000	29	0	720
16.822761	5000	1	25	3	720
16.822761	5000	1	25	5001	720
16.822761	5000	1	25	6000	720
16.822761	5000	1	25	6001	720
16.826900	5000	0	30	3	720
16.826900	5000	0	30	5001	720
16.826900	5000	0	30	6000	720
16.826900	5000	0	30	6001	720
16.830075	5000	2	22	3	720
16.830075	5000	2	22	5001	720
16.830075	5000	2	22	6000	720
16.830075	5000	2	22	6001	720
16.840526	5000	5001	28	0	720
16.867163	5000	3	21	0	720
16.873655	5000	2	22	3	720
16.873655	5000	2	22	5001	720
16.873655	5000	2	22	6000	720
16.873655	5000	2	22	6001	720
16.894120	5000	6001	23	0	720
16.900000	5000	5000	28	3	720
16.900000	5000	5000	28	5001	720
16.900000	5000	5000	28	6000	720
16.900000	5000	5000	28	6001	720
16.900000	5000	5000	28	0	720
16.911273	5000	6000	30	0	720
16.922753	5000	1	26	3	720
16.922753	5000	1	26	5001	720
16.922753	5000	1	26	6000	720
16.922753	5000	1	26	6001	720
16.926236	5000	0	31	3	720
16.926236	5000	0	31	5001	720
16.926236	5000	0	31	6000	720
16.926236	5000	0	31	6001	720
16.928802	5000	2	23	3	720
16.928802	5000	2	23	5001	720
16.928802	5000	2	23	6000	720
16.928802	5000	2	23	6001	720
16.940175	5000	5001	29	0	720
16.965182	5000	3	22	0	720
16.973808	5000	2	23	3	720
16.973808	5000	2	23	5001	720
16.973808	5000	2	23	6000	720
16.973808	5000	2	23	6001	720
16.993521	5000	6001	24	0	720
17.000000	5000	5000	29	3	720
17.000000	5000	5000	29	5001	720
17.000000	5000	5000	29	6000	720
17.000000	5000	5000	29	6001	720
17.000000	5000	5000	29	0	720
17.011456	5000	6000	31	0	720
17.023864	5000	1	27	3	720
17.023864	5000	1	27	5001	720
17.023864	5000	1	27	6000	720
17.023864	5000	1	27	6001	720
17.027315	5000	0	32	3	720
17.027315	5000	0	32	5001	720
17.027315	5000	0	32	6000	720
17.027315	5000	0	32	6001	720
17.028860	5000	2	24	3	720
17.028860	5000	2	24	5001	720
17.028860	5000	2	24	6000	720
17.028860	5000	2	24	6001	720
17.040502	5000	5001	30	0	720
17.065481	5000	3	23	0	720
17.073698	5000	2	24	3	720
17.073698	5000	2	24	5001	720
17.073698	5000	2	24	6000	720
17.073698	5000	2	24	6001	720
17.093707	5000	6001	25	0	720
17.100000	5000	5000	30	3	720
17.100000	5000	5000	30	5001	720
17.100000	5000	5000	30	6000	720
17.100000	5000	5000	30	6001	720
17.100000	5000	5000	30	0	720
17.111384	5000	6000	32	0	720
17.122689	5000	1	28	3	720
17.122689	5000	1	28	5001	720
17.122689	5000	1	28	6000	720
17.122689	5000	1	28	6001	720
17.126236	5000	0	33	3	720
17.126236	5000	0	33	5001	720
17.126236	5000	0	33	6000	720
17.126236	5000	0	33	6001	720
17.128826	5000	2	25	3	720
17.128826	5000	2	25	5001	720
17.128826	5000	2	25	6000	720
17.128826	5000	2	25	6001	720
17.140497	5000	5001	31	0	720
17.164621	5000	3	24	0	720
17.173695	5000	2	25	3	720
17.173695	5000	2	25	5001	720
17.173695	5000	2	25	6000	720
17.173695	5000	2	25	6001	720
17.193665	5000	6001	26	0	720
17.200000	5000	5000	31	3	720
17.200000	5000	5000	31	5001	720
17.200000	5000	5000	31	6000	720
17.200000	5000	5000	31	6001	720
17.200000	5000	5000	31	0	720
17.211416	5000	6000	33	0	720
17.222682	5000	1	29	3	720
17.222682	5000	1	29	5001	720
17.222682	5000	1	29	6000	720
17.222682	5000	1	29	6001	720
17.226242	5000	0	34	3	720
17.226242	5000	0	34	5001	720
17.226242	5000	0	34	6000	720
17.226242	5000	0	34	6001	720
17.228824	5000	2	26	3	720
17.228824	5000	2	26	5001	720
17.228824	5000	2	26	6000	720
17.228824	5000	2	26	6001	720
17.240493	5000	5001	32	0	720
17.264875	5000	3	25	0	720
17.273621	5000	2	26	3	720
17.273621	5000	2	26	5001	720
17.273621	5000	2	26	6000	720
17.273621	5000	2	26	6001	720
17.293702	5000	6001	27	0	720
17.300000	5000	5000	32	3	720
17.300000	5000	5000	32	5001	720
17.300000	5000	5000	32	6000	720
17.300000	5000	5000	32	6001	720
17.300000	5000	5000	32	0	720
17.311415	5000	6000	34	0	720
17.322685	5000	1	30	3	720
17.322685	5000	1	30	5001	720
17.322685	5000	1	30	6000	720
17.322685	5000	1	30	6001	720
17.326234	5000	0	35	3	720
17.326234	5000	0	35	5001	720
17.326234	5000	0	35	6000	720
17.326234	5000	0	35	6001	720
17.328802	5000	2	27	3	720
17.328802	5000	2	27	5001	720
17.328802	5000	2	27	6000	720
17.328802	5000	2	27	6001	720
17.340498	5000	5001	33	0	720
17.364582	5000	3	26	0	720
17.373615	5000	2	27	3	720
17.373615	5000	2	27	5001	720
17.373615	5000	2	27	6000	720
17.373615	5000	2	27	6001	720
17.393686	5000	6001	28	0	720
17.400000	5000	5000	33	3	720
17.400000	5000	5000	33	5001	720
17.400000	5000	5000	33	6000	720
17.400000	5000	5000	33	6001	720
17.400000	5000	5000	33	0	720
17.411413	5000	6000	35	0	720
17.422683	5000	1	31	3	720
17.422683	5000	1	31	5001	720
17.422683	5000	1	31	6000	720
17.422683	5000	1	31	6001	720
17.426239	5000	0	36	3	720
17.426239	5000	0	36	5001	720
17.426239	5000	0	36	6000	720
17.426239	5000	0	36	6001	720
17.428817	5000	2	28	3	720
17.428817	5000	2	28	5001	720
17.428817	5000	2	28	6000	720
17.428817	5000	2	28	6001	720
17.440520	5000	5001	34	0	720
17.464605	5000	3	27	0	720
17.473626	5000	2	28	3	720
17.473626	5000	2	28	5001	720
17.473626	5000	2	28	6000	720
17.473626	5000	2	28	6001	720
17.493815	5000	6001	29	0	720
17.500000	5000	5000	34	3	720
17.500000	5000	5000	34	5001	720
17.500000	5000	5000	34	6000	720
17.500000	5000	5000	34	6001	720
17.500000	5000	5000	34	0	720
17.511509	5000	6000	36	0	720
17.522723	5000	1	32	3	720
17.522723	5000	1	32	5001	720
17.522723	5000	1	32	6000	720
17.522723	5000	1	32	6001	720
17.526211	5000	0	37	3	720
17.526211	5000	0	37	5001	720
17.526211	5000	0	37	6000	720
17.526211	5000	0	37	6001	720
17.528816	5000	2	29	3	720
17.528816	5000	2	29	5001	720
17.528816	5000	2	29	6000	720
17.528816	5000	2	29	6001	720
17.540526	5000	5001	35	0	720
17.564681	5000	3	28	0	720
17.573613	5000	2	29	3	720
17.573613	5000	2	29	5001	720
17.573613	5000	2	29	6000	720
17.573613	5000	2	29	6001	720
17.593858	5000	6001	30	0	720
17.600000	5000	5000	35	3	720
17.600000	5000	5000	35	5001	720
17.600000	5000	5000	35	6000	720
17.600000	5000	5000	35	6001	720
17.600000	5000	5000	35	0	720
17.611720	5000	6000	37	0	720
17.622694	5000	1	33	3	720
17.622694	5000	1	33	5001	720
17.622694	5000	1	33	6000	720
17.622694	5000	1	33	6001	720
17.628318	5000	0	38	3	720
17.628318	5000	0	38	5001	720
17.628318	5000	0	38	6000	720
17.628318	5000	0	38	6001	720
17.629524	5000	2	30	3	720
17.629524	5000	2	30	5001	720
17.629524	5000	2	30	6000	720
17.629524	5000	2	30	6001	720
17.640536	5000	5001	36	0	720
17.664665	5000	3	29	0	720
17.676183	5000	2	30	3	720
17.676183	5000	2	30	5001	720
17.676183	5000	2	30	6000	720
17.676183	5000	2	30	6001	720
17.693898	5000	6001	31	0	720
17.700000	5000	5000	36	3	720
17.700000	5000	5000	36	5001	720
17.700000	5000	5000	36	6000	720
17.700000	5000	5000	36	6001	720
17.700000	5000	5000	36	0	720
17.711779	5000	6000	38	0	720
17.722696	5000	1	34	3	720
17.722696	5000	1	34	5001	720
17.722696	5000	1	34	6000	720
17.722696	5000	1	34	6001	720
17.726209	5000	0	39	3	720
17.726209	5000	0	39	5001	720
17.726209	5000	0	39	6000	720
17.726209	5000	0	39	6001	720
17.728823	5000	2	31	3	720
17.728823	5000	2	31	5001	720
17.728823	5000	2	31	6000	720
17.728823	5000	2	31	6001	720
17.740480	5000	5001	37	0	720
17.764670	5000	3	30	0	720
17.773622	5000	2	31	3	720
17.773622	5000	2	31	5001	720
17.773622	5000	2	31	6000	720
17.773622	5000	2	31	6001	720
17.793828	5000	6001	32	0	720
17.800000	5000	5000	37	3	720
17.800000	5000	5000	37	5001	720
17.800000	5000	5000	37	6000	720
17.800000	5000	5000	37	6001	720
17.800000	5000	5000	37	0	720
17.812137	5000	6000	39	0	720
17.822682	5000	1	35	3	720
17.822682	5000	1	35	5001	720
17.822682	5000	1	35	6000	720
17.822682	5000	1	35	6001	720
17.826221	5000	0	40	3	720
17.826221	5000	0	40	5001	720
17.826221	5000	0	40	6000	720
17.826221	5000	0	40	6001	720
17.828822	5000	2	32	3	720
17.828822	5000	2	32	5001	720
17.828822	5000	2	32	6000	720
17.828822	5000	2	32	6001	720
17.840925	5000	5001	38	0	720
17.864708	5000	3	31	0	720
17.873601	5000	2	32	3	720
17.873601	5000	2	32	5001	720
17.873601	5000	2	32	6000	720
17.873601	5000	2	32	6001	720
17.893689	5000	6001	33	0	720
17.900000	5000	5000	38	3	720
17.900000	5000	5000	38	5001	720
17.900000	5000	5000	38	6000	720
17.900000	5000	5000	38	6001	720
17.900000	5000	5000	38	0	720
17.911722	5000	6000	40	0	720
17.922717	5000	1	36	3	720
17.922717	5000	1	36	5001	720
17.922717	5000	1	36	6000	720
17.922717	5000	1	36	6001	720
17.926199	5000	0	41	3	720
17.926199	5000	0	41	5001	720
17.926199	5000	0	41	6000	720
17.926199	5000	0	41	6001	720
17.928853	5000	2	33	3	720
17.928853	5000	2	33	5001	720
17.928853	5000	2	33	6000	720
17.928853	5000	2	33	6001	720
17.940501	5000	5001	39	0	720
17.964673	5000	3	32	0	720
17.973615	5000	2	33	3	720
17.973615	5000	2	33	5001	720
17.973615	5000	2	33	6000	720
17.973615	5000	2	33	6001	720
17.993820	5000	6001	34	0	720
18.000000	5000	5000	39	3	720
18.000000	5000	5000	39	5001	720
18.000000	5000	5000	39	6000	720
18.000000	5000	5000	39	6001	720
18.000000	5000	5000	39	0	720
18.011437	5000	6000	41	0	720
18.022733	5000	1	37	3	720
18.022733	5000	1	37	5001	720
18.022733	5000	1	37	6000	720
18.022733	5000	1	37	6001	720
18.026194	5000	0	42	3	720
18.026194	5000	0	42	5001	720
18.026194	5000	0	42	6000	720
18.026194	5000	0	42	6001	720
18.028827	5000	2	34	3	720
18.028827	5000	2	34	5001	720
18.028827	5000	2	34	6000	720
18.028827	5000	2	34	6001	720
18.040584	5000	5001	40	0	720
18.064926	5000	3	33	0	720
18.074101	5000	2	34	3	720
18.074101	5000	2	34	5001	720
18.074101	5000	2	34	6000	720
18.074101	5000	2	34	6001	720
18.093526	5000	6001	35	0	720
18.100000	5000	5000	40	3	720
18.100000	5000	5000	40	5001	720
18.100000	5000	5000	40	6000	720
18.100000	5000	5000	40	6001	720
18.100000	5000	5000	40	0	720
18.111422	5000	6000	42	0	720
18.122735	5000	1	38	3	720
18.122735	5000	1	38	5001	720
18.122735	5000	1	38	6000	720
18.122735	5000	1	38	6001	720
18.126223	5000	0	43	3	720
18.126223	5000	0	43	5001	720
18.126223	5000	0	43	6000	720
18.126223	5000	0	43	6001	720
18.132346	5000	2	35	3	720
18.132346	5000	2	35	5001	720
18.132346	5000	2	35	6000	720
18.132346	5000	2	35	6001	720
18.140551	5000	5001	41	0	720
18.164621	5000	3	34	0	720
18.173639	5000	2	35	3	720
18.173639	5000	2	35	5001	720
18.173639	5000	2	35	6000	720
18.173639	5000	2	35	6001	720
18.193683	5000	6001	36	0	720
18.200000	5000	5000	41	3	720
18.200000	5000	5000	41	5001	720
18.200000	5000	5000	41	6000	720
18.200000	5000	5000	41	6001	720
18.200000	5000	5000	41	0	720
18.211418	5000	6000	43	0	720
18.222726	5000	1	39	3	720
18.222726	5000	1	39	5001	720
18.222726	5000	1	39	6000	720
18.222726	5000	1	39	6001	720
18.226221	5000	0	44	3	720
18.226221	5000	0	44	5001	720
18.226221	5000	0	44	6000	720
18.226221	5000	0	44	6001	720
18.228830	5000	2	36	3	720
18.228830	5000	2	36	5001	720
18.228830	5000	2	36	6000	720
18.228830	5000	2	36	6001	720
18.240519	5000	5001	42	0	720
18.264598	5000	3	35	0	720
18.273636	5000	2	36	3	720
18.273636	5000	2	36	5001	720
18.273636	5000	2	36	6000	720
18.273636	5000	2	36	6001	720
18.293777	5000	6001	37	0	720
18.300000	5000	5000	42	3	720
18.300000	5000	5000	42	5001	720
18.300000	5000	5000	42	6000	720
18.300000	5000	5000	42	6001	720
18.300000	5000	5000	42	0	720
18.311408	5000	6000	44	0	720
18.322751	5000	1	40	3	720
18.322751	5000	1	40	5001	720
18.322751	5000	1	40	6000	720
18.322751	5000	1	40	6001	720
18.326267	5000	0	45	3	720
18.326267	5000	0	45	5001	720
18.326267	5000	0	45	6000	720
18.326267	5000	0	45	6001	720
18.328841	5000	2	37	3	720
18.328841	5000	2	37	5001	720
18.328841	5000	2	37	6000	720
18.328841	5000	2	37	6001	720
18.340496	5000	5001	43	0	720
18.364702	5000	3	36	0	720
18.376089	5000	2	37	3	720
18.376089	5000	2	37	5001	720
18.376089	5000	2	37	6000	720
18.376089	5000	2	37	6001	720
18.393976	5000	6001	38	0	720
18.400000	5000	5000	43	3	720
18.400000	5000	5000	43	5001	720
18.400000	5000	5000	43	6000	720
18.400000	5000	5000	43	6001	720
18.400000	5000	5000	43	0	720
18.411464	5000	6000	45	0	720
18.422681	5000	1	41	3	720
18.422681	5000	1	41	5001	720
18.422681	5000	1	41	6000	720
18.422681	5000	1	41	6001	720
18.426194	5000	0	46	3	720
18.426194	5000	0	46	5001	720
18.426194	5000	0	46	6000	720
18.426194	5000	0	46	6001	720
18.429697	5000	2	38	3	720
18.429697	5000	2	38	5001	720
18.429697	5000	2	38	6000	720
18.429697	5000	2	38	6001	720
18.440492	5000	5001	44	0	720
18.464625	5000	3	37	0	720
18.473619	5000	2	38	3	720
18.473619	5000	2	38	5001	720
18.473619	5000	2	38	6000	720
18.473619	5000	2	38	6001	720
18.493764	5000	6001	39	0	720
18.500000	5000	5000	44	3	720
18.500000	5000	5000	44	5001	720
18.500000	5000	5000	44	6000	720
18.500000	5000	5000	44	6001	720
18.500000	5000	5000	44	0	720
18.511415	5000	6000	46	0	720
18.524914	5000	1	42	3	720
18.524914	5000	1	42	5001	720
18.524914	5000	1	42	6000	720
18.524914	5000	1	42	6001	720
18.526225	5000	0	47	3	720
18.526225	5000	0	47	5001	720
18.526225	5000	0	47	6000	720
18.526225	5000	0	47	6001	720
18.532323	5000	2	39	3	720
18.532323	5000	2	39	5001	720
18.532323	5000	2	39	6000	720
18.532323	5000	2	39	6001	720
18.540515	5000	5001	45	0	720
18.564424	5000	3	38	0	720
18.573656	5000	2	39	3	720
18.573656	5000	2	39	5001	720
18.573656	5000	2	39	6000	720
18.573656	5000	2	39	6001	720
18.594002	5000	6001	40	0	720
18.600000	5000	5000	45	3	720
18.600000	5000	5000	45	5001	720
18.600000	5000	5000	45	6000	720
18.600000	5000	5000	45	6001	720
18.600000	5000	5000	45	0	720
18.611417	5000	6000	47	0	720
18.622724	5000	1	43	3	720
18.622724	5000	1	43	5001	720
18.622724	5000	1	43	6000	720
18.622724	5000	1	43	6001	720
18.626169	5000	0	48	3	720
18.626169	5000	0	48	5001	720
18.626169	5000	0	48	6000	720
18.626169	5000	0	48	6001	720
18.632370	5000	2	40	3	720
18.632370	5000	2	40	5001	720
18.632370	5000	2	40	6000	720
18.632370	5000	2	40	6001	720
18.640505	5000	5001	46	0	720
18.664591	5000	3	39	0	720
18.676207	5000	2	40	3	720
18.676207	5000	2	40	5001	720
18.676207	5000	2	40	6000	720
18.676207	5000	2	40	6001	720
18.693845	5000	6001	41	0	720
18.700000	5000	5000	46	3	720
18.700000	5000	5000	46	5001	720
18.700000	5000	5000	46	6000	720
18.700000	5000	5000	46	6001	720
18.700000	5000	5000	46	0	720
18.711435	5000	6000	48	0	720
18.722734	5000	1	44	3	720
18.722734	5000	1	44	5001	720
18.722734	5000	1	44	6000	720
18.722734	5000	1	44	6001	720
18.726237	5000	0	49	3	720
18.726237	5000	0	49	5001	720
18.726237	5000	0	49	6000	720
18.726237	5000	0	49	6001	720
18.728824	5000	2	41	3	720
18.728824	5000	2	41	5001	720
18.728824	5000	2	41	6000	720
18.728824	5000	2	41	6001	720
18.740504	5000	5001	47	0	720
18.764384	5000	3	40	0	720
18.773681	5000	2	41	3	720
18.773681	5000	2	41	5001	720
18.773681	5000	2	41	6000	720
18.773681	5000	2	41	6001	720
18.793708	5000	6001	42	0	720
18.800000	5000	5000	47	3	720
18.800000	5000	5000	47	5001	720
18.800000	5000	5000	47	6000	720
18.800000	5000	5000	47	6001	720
18.800000	5000	5000	47	0	720
18.811431	5000	6000	49	0	720
18.822657	5000	1	45	3	720
18.822657	5000	1	45	5001	720
18.822657	5000	1	45	6000	720
18.822657	5000	1	45	6001	720
18.826209	5000	0	50	3	720
18.826209	5000	0	50	5001	720
18.826209	5000	0	50	6000	720
18.826209	5000	0	50	6001	720
18.828806	5000	2	42	3	720
18.828806	5000	2	42	5001	720
18.828806	5000	2	42	6000	720
18.828806	5000	2	42	6001	720
18.840499	5000	5001	48	0	720
18.864558	5000	3	41	0	720
18.876156	5000	2	42	3	720
18.876156	5000	2	42	5001	720
18.876156	5000	2	42	6000	720
18.876156	5000	2	42	6001	720
18.893700	5000	6001	43	0	720
18.900000	5000	5000	48	3	720
18.900000	5000	5000	48	5001	720
18.900000	5000	5000	48	6000	720
18.900000	5000	5000	48	6001	720
18.900000	5000	5000	48	0	720
18.911526	5000	6000	50	0	720
18.922670	5000	1	46	3	720
18.922670	5000	1	46	5001	720
18.922670	5000	1	46	6000	720
18.922670	5000	1	46	6001	720
18.926209	5000	0	51	3	720
18.926209	5000	0	51	5001	720
18.926209	5000	0	51	6000	720
18.926209	5000	0	51	6001	720
18.928790	5000	2	43	3	720
18.928790	5000	2	43	5001	720
18.928790	5000	2	43	6000	720
18.928790	5000	2	43	6001	720
18.940529	5000	5001	49	0	720
18.964557	5000	3	42	0	720
18.973607	5000	2	43	3	720
18.973607	5000	2	43	5001	720
18.973607	5000	2	43	6000	720
18.973607	5000	2	43	6001	720
18.993733	5000	6001	44	0	720
19.000000	5000	5000	49	3	720
19.000000	5000	5000	49	5001	720
19.000000	5000	5000	49	6000	720
19.000000	5000	5000	49	6001	720
19.000000	5000	5000	49	0	720
19.011424	5000	6000	51	0	720
19.022674	5000	1	47	3	720
19.022674	5000	1	47	5001	720
19.022674	5000	1	47	6000	720
19.022674	5000	1	47	6001	720
19.026278	5000	0	52	3	720
19.026278	5000	0	52	5001	720
19.026278	5000	0	52	6000	720
19.026278	5000	0	52	6001	720
19.028788	5000	2	44	3	720
19.028788	5000	2	44	5001	720
19.028788	5000	2	44	6000	720
19.028788	5000	2	44	6001	720
19.040450	5000	5001	50	0	720
19.064625	5000	3	43	0	720
19.073634	5000	2	44	3	720
19.073634	5000	2	44	5001	720
19.073634	5000	2	44	6000	720
19.073634	5000	2	44	6001	720
19.093830	5000	6001	45	0	720
19.100000	5000	5000	50	3	720
19.100000	5000	5000	50	5001	720
19.100000	5000	5000	50	6000	720
19.100000	5000	5000	50	6001	720
19.100000	5000	5000	50	0	720
19.111438	5000	6000	52	0	720
19.122683	5000	1	48	3	720
19.122683	5000	1	48	5001	720
19.122683	5000	1	48	6000	720
19.122683	5000	1	48	6001	720
19.126206	5000	0	53	3	720
19.126206	5000	0	53	5001	720
19.126206	5000	0	53	6000	720
19.126206	5000	0	53	6001	720
19.128814	5000	2	45	3	720
19.128814	5000	2	45	5001	720
19.128814	5000	2	45	6000	720
19.128814	5000	2	45	6001	720
19.140489	5000	5001	51	0	720
19.164611	5000	3	44	0	720
19.173667	5000	2	45	3	720
19.173667	5000	2	45	5001	720
19.173667	5000	2	45	6000	720
19.173667	5000	2	45	6001	720
19.194435	5000	6001	46	0	720
19.200000	5000	5000	51	3	720
19.200000	5000	5000	51	5001	720
19.200000	5000	5000	51	6000	720
19.200000	5000	5000	51	6001	720
19.200000	5000	5000	51	0	720
19.211503	5000	6000	53	0	720
19.222690	5000	1	49	3	720
19.222690	5000	1	49	5001	720
19.222690	5000	1	49	6000	720
19.222690	5000	1	49	6001	720
19.226178	5000	0	54	3	720
19.226178	5000	0	54	5001	720
19.226178	5000	0	54	6000	720
19.226178	5000	0	54	6001	720
19.228810	5000	2	46	3	720
19.228810	5000	2	46	5001	720
19.228810	5000	2	46	6000	720
19.228810	5000	2	46	6001	720
19.240476	5000	5001	52	0	720
19.264426	5000	3	45	0	720
19.273607	5000	2	46	3	720
19.273607	5000	2	46	5001	720
19.273607	5000	2	46	6000	720
19.273607	5000	2	46	6001	720
19.293852	5000	6001	47	0	720
19.300000	5000	5000	52	3	720
19.300000	5000	5000	52	5001	720
19.300000	5000	5000	52	6000	720
19.300000	5000	5000	52	6001	720
19.300000	5000	5000	52	0	720
19.311583	5000	6000	54	0	720
19.322660	5000	1	50	3	720
19.322660	5000	1	50	5001	720
19.322660	5000	1	50	6000	720
19.322660	5000	1	50	6001	720
19.326165	5000	0	55	3	720
19.326165	5000	0	55	5001	720
19.326165	5000	0	55	6000	720
19.326165	5000	0	55	6001	720
19.328743	5000	2	47	3	720
19.328743	5000	2	47	5001	720
19.328743	5000	2	47	6000	720
19.328743	5000	2	47	6001	720
19.340503	5000	5001	53	0	720
19.364589	5000	3	46	0	720
19.373629	5000	2	47	3	720
19.373629	5000	2	47	5001	720
19.373629	5000	2	47	6000	720
19.373629	5000	2	47	6001	720
19.393506	5000	6001	48	0	720
19.400000	5000	5000	53	3	720
19.400000	5000	5000	53	5001	720
19.400000	5000	5000	53	6000	720
19.400000	5000	5000	53	6001	720
19.400000	5000	5000	53	0	720
19.411421	5000	6000	55	0	720
19.422664	5000	1	51	3	720
19.422664	5000	1	51	5001	720
19.422664	5000	1	51	6000	720
19.422664	5000	1	51	6001	720
19.428119	5000	0	56	3	720
19.428119	5000	0	56	5001	720
19.428119	5000	0	56	6000	720
19.428119	5000	0	56	6001	720
19.429132	5000	2	48	3	720
19.429132	5000	2	48	5001	720
19.429132	5000	2	48	6000	720
19.429132	5000	2	48	6001	720
19.440488	5000	5001	54	0	720
19.464564	5000	3	47	0	720
19.473591	5000	2	48	3	720
19.473591	5000	2	48	5001	720
19.473591	5000	2	48	6000	720
19.473591	5000	2	48	6001	720
19.493505	5000	6001	49	0	720
19.500000	5000	5000	54	3	720
19.500000	5000	5000	54	5001	720
19.500000	5000	5000	54	6000	720
19.500000	5000	5000	54	6001	720
19.500000	5000	5000	54	0	720
19.511414	5000	6000	56	0	720
19.523611	5000	1	52	3	720
19.523611	5000	1	52	5001	720
19.523611	5000	1	52	6000	720
19.523611	5000	1	52	6001	720
19.526124	5000	0	57	3	720
19.526124	5000	0	57	5001	720
19.526124	5000	0	57	6000	720
19.526124	5000	0	57	6001	720
19.528798	5000	2	49	3	720
19.528798	5000	2	49	5001	720
19.528798	5000	2	49	6000	720
19.528798	5000	2	49	6001	720
19.540574	5000	5001	55	0	720
19.564387	5000	3	48	0	720
19.573611	5000	2	49	3	720
19.573611	5000	2	49	5001	720
19.573611	5000	2	49	6000	720
19.573611	5000	2	49	6001	720
19.593548	5000	6001	50	0	720
19.600000	5000	5000	55	3	720
19.600000	5000	5000	55	5001	720
19.600000	5000	5000	55	6000	720
19.600000	5000	5000	55	6001	720
19.600000	5000	5000	55	0	720
19.611618	5000	6000	57	0	720
19.624736	5000	1	53	3	720
19.624736	5000	1	53	5001	720
19.624736	5000	1	53	6000	720
19.624736	5000	1	53	6001	720
19.628399	5000	0	58	3	720
19.628399	5000	0	58	5001	720
19.628399	5000	0	58	6000	720
19.628399	5000	0	58	6001	720
19.629592	5000	2	50	3	720
19.629592	5000	2	50	5001	720
19.629592	5000	2	50	6000	720
19.629592	5000	2	50	6001	720
19.640479	5000	5001	56	0	720
19.643839	5000	1	53	3	720
19.643839	5000	1	53	5001	720
19.643839	5000	1	53	6000	720
19.643839	5000	1	53	6001	720
19.664418	5000	3	49	0	720
19.673592	5000	2	50	3	720
19.673592	5000	2	50	5001	720
19.673592	5000	2	50	6000	720
19.673592	5000	2	50	6001	720
19.673592	5000	2	50	0	720
19.693734	5000	6001	51	0	720
19.694728	5000	2	50	3	720
19.694728	5000	2	50	5001	720
19.694728	5000	2	50	6000	720
19.694728	5000	2	50	6001	720
19.700000	5000	5000	56	3	720
19.700000	5000	5000	56	5001	720
19.700000	5000	5000	56	6000	720
19.700000	5000	5000	56	6001	720
19.700000	5000	5000	56	0	720
19.711415	5000	6000	58	0	720
19.722660	5000	1	54	3	720
19.722660	5000	1	54	5001	720
19.722660	5000	1	54	6000	720
19.722660	5000	1	54	6001	720
19.722660	5000	1	54	0	720
19.726261	5000	0	59	3	720
19.726261	5000	0	59	5001	720
19.726261	5000	0	59	6000	720
19.726261	5000	0	59	6001	720
19.728794	5000	2	51	3	720
19.728794	5000	2	51	5001	720
19.728794	5000	2	51	6000	720
19.728794	5000	2	51	6001	720
19.740574	5000	5001	57	0	720
19.743823	5000	1	54	3	720
19.743823	5000	1	54	5001	720
19.743823	5000	1	54	6000	720
19.743823	5000	1	54	6001	720
19.764426	5000	3	50	0	720
19.773608	5000	2	51	3	720
19.773608	5000	2	51	5001	720
19.773608	5000	2	51	6000	720
19.773608	5000	2	51	6001	720
19.773608	5000	2	51	0	720
19.793527	5000	6001	52	0	720
19.794765	5000	2	51	3	720
19.794765	5000	2	51	5001	720
19.794765	5000	2	51	6000	720
19.794765	5000	2	51	6001	720
19.800000	5000	5000	57	3	720
19.800000	5000	5000	57	5001	720
19.800000	5000	5000	57	6000	720
19.800000	5000	5000	57	6001	720
19.800000	5000	5000	57	0	720
19.811511	5000	6000	59	0	720
19.826203	5000	0	60	3	720
19.826203	5000	0	60	5001	720
19.826203	5000	0	60	6000	720
19.826203	5000	0	60	6001	720
19.828790	5000	2	52	3	720
19.828790	5000	2	52	5001	720
19.828790	5000	2	52	6000	720
19.828790	5000	2	52	6001	720
19.840572	5000	5001	58	0	720
19.844255	5000	1	55	3	720
19.844255	5000	1	55	5001	720
19.844255	5000	1	55	6000	720
19.844255	5000	1	55	6001	720
19.864403	5000	3	51	0	720
19.893624	5000	6001	53	0	720
19.894721	5000	2	52	3	720
19.894721	5000	2	52	5001	720
19.894721	5000	2	52	6000	720
19.894721	5000	2	52	6001	720
19.900000	5000	5000	58	3	720
19.900000	5000	5000	58	5001	720
19.900000	5000	5000	58	6000	720
19.900000	5000	5000	58	6001	720
19.900000	5000	5000	58	0	720
19.911624	5000	6000	60	0	720
19.926189	5000	0	61	3	720
19.926189	5000	0	61	5001	720
19.926189	5000	0	61	6000	720
19.926189	5000	0	61	6001	720
19.928717	5000	2	53	3	720
19.928717	5000	2	53	5001	720
19.928717	5000	2	53	6000	720
19.928717	5000	2	53	6001	720
19.943863	5000	1	56	3	720
19.943863	5000	1	56	5001	720
19.943863	5000	1	56	6000	720
19.943863	5000	1	56	6001	720
20.000000	5000	5000	59	3	720
20.000000	5000	5000	59	5001	720
20.000000	5000	5000	59	6000	720
20.000000	5000	5000	59	6001	720
20.026189	5000	0	62	3	720
20.026189	5000	0	62	5001	720
20.026189	5000	0	62	6000	720
20.026189	5000	0	62	6001	720
20.028721	5000	2	54	3	720
20.028721	5000	2	54	5001	720
20.028721	5000	2	54	6000	720
20.028721	5000	2	54	6001	720
20.100000	5000	5000	60	3	720
20.100000	5000	5000	60	5001	720
20.100000	5000	5000	60	6000	720
20.100000	5000	5000	60	6001	720
20.126148	5000	0	63	3	720
20.126148	5000	0	63	5001	720
20.126148	5000	0	63	6000	720
20.126148	5000	0	63	6001	720
20.128724	5000	2	55	3	720
20.128724	5000	2	55	5001	720
20.128724	5000	2	55	6000	720
20.128724	5000	2	55	6001	720
20.200000	5000	5000	61	3	720
20.200000	5000	5000	61	5001	720
20.200000	5000	5000	61	6000	720
20.200000	5000	5000	61	6001	720
20.226149	5000	0	64	3	720
20.226149	5000	0	64	5001	720
20.226149	5000	0	64	6000	720
20.226149	5000	0	64	6001	720
20.228777	5000	2	56	3	720
20.228777	5000	2	56	5001	720
20.228777	5000	2	56	6000	720
20.228777	5000	2	56	6001	720
20.300000	5000	5000	62	3	720
20.300000	5000	5000	62	5001	720
20.300000	5000	5000	62	6000	720
20.300000	5000	5000	62	6001	720
20.326168	5000	0	65	3	720
20.326168	5000	0	65	5001	720
20.326168	5000	0	65	6000	720
20.326168	5000	0	65	6001	720
20.328799	5000	2	57	3	720
20.328799	5000	2	57	5001	720
20.328799	5000	2	57	6000	720
20.328799	5000	2	57	6001	720
20.400000	5000	5000	63	3	720
20.400000	5000	5000	63	5001	720
20.400000	5000	5000	63	6000	720
20.400000	5000	5000	63	6001	720
20.431288	5000	0	66	3	720
20.431288	5000	0	66	5001	720
20.431288	5000	0	66	6000	720
20.431288	5000	0	66	6001	720
20.432462	5000	2	58	3	720
20.432462	5000	2	58	5001	720
20.432462	5000	2	58	6000	720
20.432462	5000	2	58	6001	720
20.500000	5000	5000	64	3	720
20.500000	5000	5000	64	5001	720
20.500000	5000	5000	64	6000	720
20.500000	5000	5000	64	6001	720
20.528323	5000	0	67	3	720
20.528323	5000	0	67	5001	720
20.528323	5000	0	67	6000	720
20.528323	5000	0	67	6001	720
20.529377	5000	2	59	3	720
20.529377	5000	2	59	5001	720
20.529377	5000	2	59	6000	720
20.529377	5000	2	59	6001	720
20.600000	5000	5000	65	3	720
20.600000	5000	5000	65	5001	720
20.600000	5000	5000	65	6000	720
20.600000	5000	5000	65	6001	720
20.626164	5000	0	68	3	720
20.626164	5000	0	68	5001	720
20.626164	5000	0	68	6000	720
20.626164	5000	0	68	6001	720
20.628797	5000	2	60	3	720
20.628797	5000	2	60	5001	720
20.628797	5000	2	60	6000	720
20.628797	5000	2	60	6001	720
20.700000	5000	5000	66	3	720
20.700000	5000	5000	66	5001	720
20.700000	5000	5000	66	6000	720
20.700000	5000	5000	66	6001	720
20.726158	5000	0	69	3	720
20.726158	5000	0	69	5001	720
20.726158	5000	0	69	6000	720
20.726158	5000	0	69	6001	720
20.728769	5000	2	61	3	720
20.728769	5000	2	61	5001	720
20.728769	5000	2	61	6000	720
20.728769	5000	2	61	6001	720
20.800000	5000	5000	67	3	720
20.800000	5000	5000	67	5001	720
20.800000	5000	5000	67	6000	720
20.800000	5000	5000	67	6001	720
20.826167	5000	0	70	3	720
20.826167	5000	0	70	5001	720
20.826167	5000	0	70	6000	720
20.826167	5000	0	70	6001	720
20.828758	5000	2	62	3	720
20.828758	5000	2	62	5001	720
20.828758	5000	2	62	6000	720
20.828758	5000	2	62	6001	720
20.900000	5000	5000	68	3	720
20.900000	5000	5000	68	5001	720
20.900000	5000	5000	68	6000	720
20.900000	5000	5000	68	6001	720
20.926165	5000	0	71	3	720
20.926165	5000	0	71	5001	720
20.926165	5000	0	71	6000	720
20.926165	5000	0	71	6001	720
20.928772	5000	2	63	3	720
20.928772	5000	2	63	5001	720
20.928772	5000	2	63	6000	720
20.928772	5000	2	63	6001	720
21.000000	5000	5000	69	3	720
21.000000	5000	5000	69	5001	720
21.000000	5000	5000	69	6000	720
21.000000	5000	5000	69	6001	720
21.026220	5000	0	72	3	720
21.026220	5000	0	72	5001	720
21.026220	5000	0	72	6000	720
21.026220	5000	0	72	6001	720
21.028721	5000	2	64	3	720
21.028721	5000	2	64	5001	720
21.028721	5000	2	64	6000	720
21.028721	5000	2	64	6001	720
21.100000	5000	5000	70	3	720
21.100000	5000	5000	70	5001	720
21.100000	5000	5000	70	6000	720
21.100000	5000	5000	70	6001	720
21.126133	5000	0	73	3	720
21.126133	5000	0	73	5001	720
21.126133	5000	0	73	6000	720
21.126133	5000	0	73	6001	720
21.128768	5000	2	65	3	720
21.128768	5000	2	65	5001	720
21.128768	5000	2	65	6000	720
21.128768	5000	2	65	6001	720
21.200000	5000	5000	71	3	720
21.200000	5000	5000	71	5001	720
21.200000	5000	5000	71	6000	720
21.200000	5000	5000	71	6001	720
21.226231	5000	0	74	3	720
21.226231	5000	0	74	5001	720
21.226231	5000	0	74	6000	720
21.226231	5000	0	74	6001	720
21.232124	5000	2	66	3	720
21.232124	5000	2	66	5001	720
21.232124	5000	2	66	6000	720
21.232124	5000	2	66	6001	720
21.300000	5000	5000	72	3	720
21.300000	5000	5000	72	5001	720
21.300000	5000	5000	72	6000	720
21.300000	5000	5000	72	6001	720
21.326099	5000	0	75	3	720
21.326099	5000	0	75	5001	720
21.326099	5000	0	75	6000	720
21.326099	5000	0	75	6001	720
21.328766	5000	2	67	3	720
21.328766	5000	2	67	5001	720
21.328766	5000	2	67	6000	720
21.328766	5000	2	67	6001	720
21.400000	5000	5000	73	3	720
21.400000	5000	5000	73	5001	720
21.400000	5000	5000	73	6000	720
21.400000	5000	5000	73	6001	720
21.426192	5000	0	76	3	720
21.426192	5000	0	76	5001	720
21.426192	5000	0	76	6000	720
21.426192	5000	0	76	6001	720
21.500000	5000	5000	74	3	720
21.500000	5000	5000	74	5001	720
21.500000	5000	5000	74	6000	720
21.500000	5000	5000	74	6001	720
21.526188	5000	0	77	3	720
21.526188	5000	0	77	5001	720
21.526188	5000	0	77	6000	720
21.526188	5000	0	77	6001	720
21.600000	5000	5000	75	3	720
21.600000	5000	5000	75	5001	720
21.600000	5000	5000	75	6000	720
21.600000	5000	5000	75	6001	720
21.626155	5000	0	78	3	720
21.626155	5000	0	78	5001	720
21.626155	5000	0	78	6000	720
21.626155	5000	0	78	6001	720
21.700000	5000	5000	76	3	720
21.700000	5000	5000	76	5001	720
21.700000	5000	5000	76	6000	720
21.700000	5000	5000	76	6001	720
21.726159	5000	0	79	3	720
21.726159	5000	0	79	5001	720
21.726159	5000	0	79	6000	720
21.726159	5000	0	79	6001	720
21.800000	5000	5000	77	3	720
21.800000	5000	5000	77	5001	720
21.800000	5000	5000	77	6000	720
21.800000	5000	5000	77	6001	720
21.826246	5000	0	80	3	720
21.826246	5000	0	80	5001	720
21.826246	5000	0	80	6000	720
21.826246	5000	0	80	6001	720
21.900000	5000	5000	78	3	720
21.900000	5000	5000	78	5001	720
21.900000	5000	5000	78	6000	720
21.900000	5000	5000	78	6001	720
21.926162	5000	0	81	3	720
21.926162	5000	0	81	5001	720
21.926162	5000	0	81	6000	720
21.926162	5000	0	81	6001	720
22.000000	5000	5000	79	3	720
22.000000	5000	5000	79	5001	720
22.000000	5000	5000	79	6000	720
22.000000	5000	5000	79	6001	720
22.026133	5000	0	82	3	720
22.026133	5000	0	82	5001	720
22.026133	5000	0	82	6000	720
22.026133	5000	0	82	6001	720
22.100000	5000	5000	80	3	720
22.100000	5000	5000	80	5001	720
22.100000	5000	5000	80	6000	720
22.100000	5000	5000	80	6001	720
22.126145	5000	0	83	3	720
22.126145	5000	0	83	5001	720
22.126145	5000	0	83	6000	720
22.126145	5000	0	83	6001	720
22.200000	5000	5000	81	3	720
22.200000	5000	5000	81	5001	720
22.200000	5000	5000	81	6000	720
22.200000	5000	5000	81	6001	720
22.226131	5000	0	84	3	720
22.226131	5000	0	84	5001	720
22.226131	5000	0	84	6000	720
22.226131	5000	0	84	6001	720
22.300000	5000	5000	82	3	720
22.300000	5000	5000	82	5001	720
22.300000	5000	5000	82	6000	720
22.300000	5000	5000	82	6001	720
22.326103	5000	0	85	3	720
22.326103	5000	0	85	5001	720
22.326103	5000	0	85	6000	720
22.326103	5000	0	85	6001	720
22.400000	5000	5000	83	3	720
22.400000	5000	5000	83	5001	720
22.400000	5000	5000	83	6000	720
22.400000	5000	5000	83	6001	720
22.426742	5000	0	86	3	720
22.426742	5000	0	86	5001	720
22.426742	5000	0	86	6000	720
22.426742	5000	0	86	6001	720
22.500000	5000	5000	84	3	720
22.500000	5000	5000	84	5001	720
22.500000	5000	5000	84	6000	720
22.500000	5000	5000	84	6001	720
22.526099	5000	0	87	3	720
22.526099	5000	0	87	5001	720
22.526099	5000	0	87	6000	720
22.526099	5000	0	87	6001	720
22.600000	5000	5000	85	3	720
22.600000	5000	5000	85	5001	720
22.600000	5000	5000	85	6000	720
22.600000	5000	5000	85	6001	720
22.626098	5000	0	88	3	720
22.626098	5000	0	88	5001	720
22.626098	5000	0	88	6000	720
22.626098	5000	0	88	6001	720
22.700000	5000	5000	86	3	720
22.700000	5000	5000	86	5001	720
22.700000	5000	5000	86	6000	720
22.700000	5000	5000	86	6001	720
22.728316	5000	0	89	3	720
22.728316	5000	0	89	5001	720
22.728316	5000	0	89	6000	720
22.728316	5000	0	89	6001	720
22.800000	5000	5000	87	3	720
22.800000	5000	5000	87	5001	720
22.800000	5000	5000	87	6000	720
22.800000	5000	5000	87	6001	720
22.826129	5000	0	90	3	720
22.826129	5000	0	90	5001	720
22.826129	5000	0	90	6000	720
22.826129	5000	0	90	6001	720
22.900000	5000	5000	88	3	720
22.900000	5000	5000	88	5001	720
22.900000	5000	5000	88	6000	720
22.900000	5000	5000	88	6001	720
23.000000	5000	5000	89	3	720
23.000000	5000	5000	89	5001	720
23.000000	5000	5000	89	6000	720
23.000000	5000	5000	89	6001	720
23.001095	5000	0	91	3	720
23.001095	5000	0	91	5001	720
23.001095	5000	0	91	6000	720
23.001095	5000	0	91	6001	720
23.021627	5000	1	87	3	720
23.021627	5000	1	87	5001	720
23.021627	5000	1	87	6000	720
23.021627	5000	1	87	6001	720
23.072506	5000	2	84	3	720
23.072506	5000	2	84	5001	720
23.072506	5000	2	84	6000	720
23.072506	5000	2	84	6001	720
23.096070	5000	0	92	3	720
23.096070	5000	0	92	5001	720
23.096070	5000	0	92	6000	720
23.096070	5000	0	92	6001	720
23.100000	5000	5000	90	3	720
23.100000	5000	5000	90	5001	720
23.100000	5000	5000	90	6000	720
23.100000	5000	5000	90	6001	720
23.121651	5000	1	88	3	720
23.121651	5000	1	88	5001	720
23.121651	5000	1	88	6000	720
23.121651	5000	1	88	6001	720
23.172476	5000	2	85	3	720
23.172476	5000	2	85	5001	720
23.172476	5000	2	85	6000	720
23.172476	5000	2	85	6001	720
23.195054	5000	0	93	3	720
23.195054	5000	0	93	5001	720
23.195054	5000	0	93	6000	720
23.195054	5000	0	93	6001	720
23.200000	5000	5000	91	3	720
23.200000	5000	5000	91	5001	720
23.200000	5000	5000	91	6000	720
23.200000	5000	5000	91	6001	720
23.221657	5000	1	89	3	720
23.221657	5000	1	89	5001	720
23.221657	5000	1	89	6000	720
23.221657	5000	1	89	6001	720
23.272459	5000	2	86	3	720
23.272459	5000	2	86	5001	720
23.272459	5000	2	86	6000	720
23.272459	5000	2	86	6001	720
23.295046	5000	0	94	3	720
23.295046	5000	0	94	5001	720
23.295046	5000	0	94	6000	720
23.295046	5000	0	94	6001	720
23.300000	5000	5000	92	3	720
23.300000	5000	5000	92	5001	720
23.300000	5000	5000	92	6000	720
23.300000	5000	5000	92	6001	720
23.321666	5000	1	90	3	720
23.321666	5000	1	90	5001	720
23.321666	5000	1	90	6000	720
23.321666	5000	1	90	6001	720
23.372469	5000	2	87	3	720
23.372469	5000	2	87	5001	720
23.372469	5000	2	87	6000	720
23.372469	5000	2	87	6001	720
23.395054	5000	0	95	3	720
23.395054	5000	0	95	5001	720
23.395054	5000	0	95	6000	720
23.395054	5000	0	95	6001	720
23.400000	5000	5000	93	3	720
23.400000	5000	5000	93	5001	720
23.400000	5000	5000	93	6000	720
23.400000	5000	5000	93	6001	720
23.421658	5000	1	91	3	720
23.421658	5000	1	91	5001	720
23.421658	5000	1	91	6000	720
23.421658	5000	1	91	6001	720
23.472488	5000	2	88	3	720
23.472488	5000	2	88	5001	720
23.472488	5000	2	88	6000	720
23.472488	5000	2	88	6001	720
23.495055	5000	0	96	3	720
23.495055	5000	0	96	5001	720
23.495055	5000	0	96	6000	720
23.495055	5000	0	96	6001	720
23.500000	5000	5000	94	3	720
23.500000	5000	5000	94	5001	720
23.500000	5000	5000	94	6000	720
23.500000	5000	5000	94	6001	720
23.521984	5000	1	92	3	720
23.521984	5000	1	92	5001	720
23.521984	5000	1	92	6000	720
23.521984	5000	1	92	6001	720
23.572463	5000	2	89	3	720
23.572463	5000	2	89	5001	720
23.572463	5000	2	89	6000	720
23.572463	5000	2	89	6001	720
23.595001	5000	0	97	3	720
23.595001	5000	0	97	5001	720
23.595001	5000	0	97	6000	720
23.595001	5000	0	97	6001	720
23.600000	5000	5000	95	3	720
23.600000	5000	5000	95	5001	720
23.600000	5000	5000	95	6000	720
23.600000	5000	5000	95	6001	720
23.621662	5000	1	93	3	720
23.621662	5000	1	93	5001	720
23.621662	5000	1	93	6000	720
23.621662	5000	1	93	6001	720
23.672477	5000	2	90	3	720
23.672477	5000	2	90	5001	720
23.672477	5000	2	90	6000	720
23.672477	5000	2	90	6001	720
23.695050	5000	0	98	3	720
23.695050	5000	0	98	5001	720
23.695050	5000	0	98	6000	720
23.695050	5000	0	98	6001	720
23.700000	5000	5000	96	3	720
23.700000	5000	5000	96	5001	720
23.700000	5000	5000	96	6000	720
23.700000	5000	5000	96	6001	720
23.721876	5000	1	94	3	720
23.721876	5000	1	94	5001	720
23.721876	5000	1	94	6000	720
23.721876	5000	1	94	6001	720
23.774229	5000	2	91	3	720
23.774229	5000	2	91	5001	720
23.774229	5000	2	91	6000	720
23.774229	5000	2	91	6001	720
23.795027	5000	0	99	3	720
23.795027	5000	0	99	5001	720
23.795027	5000	0	99	6000	720
23.795027	5000	0	99	6001	720
23.800000	5000	5000	97	3	720
23.800000	5000	5000	97	5001	720
23.800000	5000	5000	97	6000	720
23.800000	5000	5000	97	6001	720
23.821655	5000	1	95	3	720
23.821655	5000	1	95	5001	720
23.821655	5000	1	95	6000	720
23.821655	5000	1	95	6001	720
23.872459	5000	2	92	3	720
23.872459	5000	2	92	5001	720
23.872459	5000	2	92	6000	720
23.872459	5000	2	92	6001	720
23.900000	5000	5000	98	3	720
23.900000	5000	5000	98	5001	720
23.900000	5000	5000	98	6000	720
23.900000	5000	5000	98	6001	720
23.922620	5000	1	96	3	720
23.922620	5000	1	96	5001	720
23.922620	5000	1	96	6000	720
23.922620	5000	1	96	6001	720
23.972465	5000	2	93	3	720
23.972465	5000	2	93	5001	720
23.972465	5000	2	93	6000	720
23.972465	5000	2	93	6001	720
24.000000	5000	5000	99	3	720
24.000000	5000	5000	99	5001	720
24.000000	5000	5000	99	6000	720
24.000000	5000	5000	99	6001	720
24.021652	5000	1	97	3	720
24.021652	5000	1	97	5001	720
24.021652	5000	1	97	6000	720
24.021652	5000	1	97	6001	720
24.072445	5000	2	94	3	720
24.072445	5000	2	94	5001	720
24.072445	5000	2	94	6000	720
24.072445	5000	2	94	6001	720
24.121639	5000	1	98	3	720
24.121639	5000	1	98	5001	720
24.121639	5000	1	98	6000	720
24.121639	5000	1	98	6001	720
24.172482	5000	2	95	3	720
24.172482	5000	2	95	5001	720
24.172482	5000	2	95	6000	720
24.172482	5000	2	95	6001	720
24.221651	5000	1	99	3	720
24.221651	5000	1	99	5001	720
24.221651	5000	1	99	6000	720
24.221651	5000	1	99	6001	720
24.272448	5000	2	96	3	720
24.272448	5000	2	96	5001	720
24.272448	5000	2	96	6000	720
24.272448	5000	2	96	6001	720
24.372474	5000	2	97	3	720
24.372474	5000	2	97	5001	720
24.372474	5000	2	97	6000	720
24.372474	5000	2	97	6001	720
24.472457	5000	2	98	3	720
24.472457	5000	2	98	5001	720
24.472457	5000	2	98	6000	720
24.472457	5000	2	98	6001	720
24.572452	5000	2	99	3	720
24.572452	5000	2	99	5001	720
24.572452	5000	2	99	6000	720
24.572452	5000	2	99	6001	720
