11.295673	5001	2	0	10	2	0.037263	720
11.395673	5001	2	1	10	2	0.037298	720
11.495589	5001	2	2	10	2	0.037227	720
11.576592	5001	0	0	10	0	0.038402	720
11.595658	5001	2	3	10	2	0.037295	720
11.676432	5001	0	1	10	0	0.038175	720
11.695533	5001	2	4	10	2	0.037150	720
11.795707	5001	2	5	10	2	0.037198	720
11.797643	5001	0	2	10	5000	0.052814	720
11.816208	5001	2	5	10	5000	0.057719	720
11.895775	5001	2	6	10	2	0.037457	720
11.897262	5001	0	3	10	5000	0.059059	720
11.917056	5001	2	6	10	5000	0.058745	720
11.995594	5001	2	7	10	2	0.037282	720
11.996385	5001	0	4	10	5000	0.058147	720
12.016804	5001	2	7	10	5000	0.058494	720
12.095555	5001	2	8	10	2	0.037251	720
12.096984	5001	0	5	10	5000	0.058766	720
12.107751	5001	5000	0	10	5000	0.000470	720
12.116052	5001	2	8	10	5000	0.057656	720
12.127241	5001	5001	0	10	5000	0.027188	720
12.189800	5001	1	0	10	5000	0.014531	720
12.195577	5001	2	9	10	2	0.037208	720
12.197230	5001	0	6	10	5000	0.059032	720
12.204643	5001	3	0	10	3	0.014173	720
12.208072	5001	6001	0	10	6001	0.002118	720
12.208259	5001	5000	1	10	5000	0.001007	720
12.216593	5001	2	9	10	5000	0.058216	720
12.226459	5001	6000	0	10	6000	0.001552	720
12.229323	5001	3	0	10	5000	0.038852	720
12.230427	5001	5001	1	10	5000	0.030378	720
12.237634	5001	6001	0	10	5000	0.031639	720
12.257996	5001	6000	0	10	5000	0.033079	720
12.289704	5001	1	1	10	5000	0.014434	720
12.295500	5001	2	10	10	2	0.036757	720
12.296940	5001	0	7	10	5000	0.058488	720
12.304603	5001	3	1	10	3	0.014255	720
12.307240	5001	6001	1	10	6001	0.001307	720
12.308395	5001	5000	2	10	5000	0.001044	720
12.316616	5001	2	10	10	5000	0.057880	720
12.326216	5001	6000	1	10	6000	0.001340	720
12.329010	5001	3	1	10	5000	0.038661	720
12.330299	5001	5001	2	10	5000	0.030306	720
12.335861	5001	6001	1	10	5000	0.029951	720
12.357190	5001	6000	1	10	5000	0.032306	720
12.389822	5001	1	2	10	5000	0.013731	720
12.395608	5001	2	11	10	2	0.037274	720
12.396734	5001	0	8	10	5000	0.058552	720
12.404656	5001	3	2	10	3	0.014588	720
12.407211	5001	6001	2	10	6001	0.001285	720
12.408178	5001	5000	3	10	5000	0.000858	720
12.416539	5001	2	11	10	5000	0.058188	720
12.425812	5001	6000	2	10	6000	0.000899	720
12.427489	5001	3	2	10	5000	0.037407	720
12.428326	5001	5001	3	10	5000	0.028338	720
12.435519	5001	6001	2	10	5000	0.029583	720
12.455549	5001	6000	2	10	5000	0.030634	720
12.489470	5001	1	3	10	5000	0.014256	720
12.495595	5001	2	12	10	2	0.037242	720
12.496335	5001	0	9	10	5000	0.058106	720
12.504862	5001	3	3	10	5000	0.015108	720
12.506815	5001	6001	3	10	6001	0.000914	720
12.507940	5001	5000	4	10	5000	0.000691	720
12.516550	5001	2	12	10	5000	0.058206	720
12.525804	5001	6000	3	10	6000	0.000935	720
12.527897	5001	5001	4	10	5000	0.027828	720
12.534695	5001	6001	3	10	5000	0.028794	720
12.553644	5001	6000	3	10	5000	0.028766	720
12.589550	5001	1	4	10	5000	0.014303	720
12.595611	5001	2	13	10	2	0.037295	720
12.596476	5001	0	10	10	5000	0.058355	720
12.599301	5001	0	10	10	5000	0.061189	720
12.604715	5001	3	4	10	5000	0.014849	720
12.606802	5001	6001	4	10	6001	0.000873	720
12.607938	5001	5000	5	10	5000	0.000680	720
12.620688	5001	2	13	10	5000	0.062414	720
12.625527	5001	6000	4	10	6000	0.000547	720
12.632498	5001	5001	5	10	5000	0.032442	720
12.633685	5001	6001	4	10	5000	0.027701	720
12.652990	5001	6000	4	10	5000	0.028011	720
12.689490	5001	1	5	10	5000	0.014206	720
12.695575	5001	2	14	10	2	0.037269	720
12.696490	5001	0	11	10	5000	0.058293	720
12.699386	5001	0	11	10	5000	0.061221	720
12.704601	5001	3	5	10	5000	0.014746	720
12.706865	5001	6001	5	10	6001	0.000980	720
12.707944	5001	5000	6	10	5000	0.000691	720
12.717969	5001	2	14	10	5000	0.059685	720
12.725875	5001	6000	5	10	6000	0.001012	720
12.728417	5001	5001	6	10	5000	0.028440	720
12.734381	5001	6001	5	10	5000	0.028489	720
12.753596	5001	6000	5	10	5000	0.028710	720
12.789515	5001	1	6	10	5000	0.014239	720
12.795614	5001	2	15	10	2	0.037294	720
12.796470	5001	0	12	10	5000	0.058225	720
12.799297	5001	0	12	10	5000	0.061064	720
12.804707	5001	3	6	10	5000	0.014879	720
12.806808	5001	6001	6	10	6001	0.000889	720
12.807935	5001	5000	7	10	5000	0.000681	720
12.816630	5001	2	15	10	5000	0.058314	720
12.825981	5001	6000	6	10	6000	0.001094	720
12.828036	5001	5001	7	10	5000	0.028020	720
12.834135	5001	6001	6	10	5000	0.028232	720
12.854656	5001	6000	6	10	5000	0.029763	720
12.889455	5001	1	7	10	5000	0.014182	720
12.895522	5001	2	16	10	2	0.037179	720
12.896377	5001	0	13	10	5000	0.058130	720
12.899328	5001	0	13	10	5000	0.061092	720
12.904599	5001	3	7	10	5000	0.014825	720
12.906781	5001	6001	7	10	6001	0.000877	720
12.907936	5001	5000	8	10	5000	0.000678	720
12.916626	5001	2	16	10	5000	0.058309	720
12.925821	5001	6000	7	10	6000	0.000926	720
12.927909	5001	5001	8	10	5000	0.027903	720
12.933757	5001	6001	7	10	5000	0.027850	720
12.952964	5001	6000	7	10	5000	0.028062	720
12.989518	5001	1	8	10	5000	0.014365	720
12.995569	5001	2	17	10	2	0.037228	720
12.996429	5001	0	14	10	5000	0.058185	720
12.999370	5001	0	14	10	5000	0.061138	720
13.004612	5001	3	8	10	5000	0.014736	720
13.006799	5001	6001	8	10	6001	0.000869	720
13.007968	5001	5000	9	10	5000	0.000678	720
13.016567	5001	2	17	10	5000	0.058221	720
13.025784	5001	6000	8	10	6000	0.000877	720
13.027772	5001	5001	9	10	5000	0.027748	720
13.033707	5001	6001	8	10	5000	0.027775	720
13.053189	5001	6000	8	10	5000	0.028281	720
13.089430	5001	1	9	10	5000	0.014110	720
13.095520	5001	2	18	10	2	0.037169	720
13.096373	5001	0	15	10	5000	0.058127	720
13.099295	5001	0	15	10	5000	0.061058	720
13.104823	5001	3	9	10	5000	0.015332	720
13.106821	5001	6001	9	10	6001	0.000873	720
13.107937	5001	5000	10	10	5000	0.000677	720
13.116566	5001	2	18	10	5000	0.058215	720
13.125784	5001	6000	9	10	6000	0.000869	720
13.127589	5001	5001	10	10	5000	0.027583	720
13.133768	5001	6001	9	10	5000	0.027813	720
13.154173	5001	6000	9	10	5000	0.029286	720
13.189425	5001	1	10	10	5000	0.014156	720
13.195519	5001	2	19	10	2	0.037165	720
13.196374	5001	0	16	10	5000	0.058144	720
13.199292	5001	0	16	10	5000	0.061072	720
13.204656	5001	3	10	10	5000	0.014914	720
13.206779	5001	6001	10	10	6001	0.000871	720
13.207936	5001	5000	11	10	5000	0.000677	720
13.216549	5001	2	19	10	5000	0.058200	720
13.225810	5001	6000	10	10	6000	0.000925	720
13.227641	5001	5001	11	10	5000	0.027638	720
13.233716	5001	6001	10	10	5000	0.027812	720
13.254015	5001	6000	10	10	5000	0.029112	720
13.289522	5001	1	11	10	5000	0.014256	720
13.295547	5001	2	20	10	2	0.037201	720
13.296404	5001	0	17	10	5000	0.058156	720
13.299316	5001	0	17	10	5000	0.061083	720
13.304755	5001	3	11	10	5000	0.014913	720
13.306777	5001	6001	11	10	6001	0.000870	720
13.307935	5001	5000	12	10	5000	0.000677	720
13.316559	5001	2	20	10	5000	0.058213	720
13.325759	5001	6000	11	10	6000	0.000870	720
13.327827	5001	5001	12	10	5000	0.027833	720
13.333694	5001	6001	11	10	5000	0.027782	720
13.354342	5001	6000	11	10	5000	0.029449	720
13.389432	5001	1	12	10	5000	0.014148	720
13.395522	5001	2	21	10	2	0.037183	720
13.396371	5001	0	18	10	5000	0.058143	720
13.399292	5001	0	18	10	5000	0.061073	720
13.404864	5001	3	12	10	5000	0.015156	720
13.406780	5001	6001	12	10	6001	0.000878	720
13.407919	5001	5000	13	10	5000	0.000659	720
13.416598	5001	2	21	10	5000	0.058264	720
13.425762	5001	6000	12	10	6000	0.000872	720
13.427557	5001	5001	13	10	5000	0.027549	720
13.433738	5001	6001	12	10	5000	0.027828	720
13.453880	5001	6000	12	10	5000	0.028998	720
13.489510	5001	1	13	10	5000	0.014311	720
13.495639	5001	2	22	10	2	0.037298	720
13.499335	5001	0	19	10	5000	0.060761	720
13.502106	5001	0	19	10	5000	0.063513	720
13.504788	5001	3	13	10	5000	0.014766	720
13.506832	5001	6001	13	10	6001	0.000934	720
13.507928	5001	5000	14	10	5000	0.000678	720
13.516547	5001	2	22	10	5000	0.058214	720
13.525823	5001	6000	13	10	6000	0.000983	720
13.528098	5001	5001	14	10	5000	0.028091	720
13.534335	5001	6001	13	10	5000	0.028433	720
13.553449	5001	6000	13	10	5000	0.028596	720
13.589464	5001	1	14	10	5000	0.014206	720
13.595611	5001	2	23	10	2	0.037287	720
13.596480	5001	0	20	10	5000	0.058228	720
13.599304	5001	0	20	10	5000	0.061065	720
13.604767	5001	3	14	10	5000	0.014989	720
13.606777	5001	6001	14	10	6001	0.000868	720
13.607928	5001	5000	15	10	5000	0.000671	720
13.616601	5001	2	23	10	5000	0.058287	720
13.625846	5001	6000	14	10	6000	0.000987	720
13.628838	5001	5001	15	10	5000	0.028868	720
13.637069	5001	6001	14	10	5000	0.031136	720
13.653132	5001	6000	14	10	5000	0.028205	720
13.689499	5001	1	15	10	5000	0.014225	720
13.695526	5001	2	24	10	2	0.037208	720
13.696378	5001	0	21	10	5000	0.058167	720
13.699295	5001	0	21	10	5000	0.061095	720
13.704615	5001	3	15	10	5000	0.014779	720
13.706792	5001	6001	15	10	6001	0.000868	720
13.707954	5001	5000	16	10	5000	0.000695	720
13.716579	5001	2	24	10	5000	0.058269	720
13.725773	5001	6000	15	10	6000	0.000887	720
13.727579	5001	5001	16	10	5000	0.027574	720
13.733768	5001	6001	15	10	5000	0.027838	720
13.754266	5001	6000	15	10	5000	0.029383	720
13.789509	5001	1	16	10	5000	0.014255	720
13.795531	5001	2	25	10	2	0.037194	720
13.796383	5001	0	22	10	5000	0.058119	720
13.799310	5001	0	22	10	5000	0.061060	720
13.804647	5001	3	16	10	5000	0.014720	720
13.806796	5001	6001	16	10	6001	0.000871	720
13.807936	5001	5000	17	10	5000	0.000686	720
13.816553	5001	2	25	10	5000	0.058216	720
13.825829	5001	6000	16	10	6000	0.000950	720
13.827723	5001	5001	17	10	5000	0.027728	720
13.833793	5001	6001	16	10	5000	0.027887	720
13.854331	5001	6000	16	10	5000	0.029436	720
13.889554	5001	1	17	10	5000	0.014292	720
13.895547	5001	2	26	10	2	0.037202	720
13.896471	5001	0	23	10	5000	0.058242	720
13.899301	5001	0	23	10	5000	0.061082	720
13.908404	5001	5000	18	10	5000	0.001154	720
13.908617	5001	6001	17	10	6001	0.001340	720
13.910095	5001	3	17	10	5000	0.020204	720
13.918064	5001	2	26	10	5000	0.059748	720
13.925454	5001	6000	17	10	6000	0.000545	720
13.927450	5001	5001	18	10	5000	0.027386	720
13.940231	5001	6001	17	10	5000	0.032939	720
13.953329	5001	6000	17	10	5000	0.028467	720
13.989645	5001	1	18	10	5000	0.014395	720
13.995629	5001	2	27	10	2	0.037290	720
13.996482	5001	0	24	10	5000	0.058362	720
13.999298	5001	0	24	10	5000	0.061189	720
14.004706	5001	3	18	10	5000	0.014742	720
14.007042	5001	6001	18	10	6001	0.001120	720
14.007973	5001	5000	19	10	5000	0.000683	720
14.016613	5001	2	27	10	5000	0.058277	720
14.025927	5001	6000	18	10	6000	0.001043	720
14.027904	5001	5001	19	10	5000	0.027862	720
14.034430	5001	6001	18	10	5000	0.028519	720
14.054591	5001	6000	18	10	5000	0.029705	720
14.089844	5001	1	19	10	5000	0.014547	720
14.095542	5001	2	28	10	2	0.037188	720
14.096739	5001	0	25	10	5000	0.058503	720
14.099556	5001	0	25	10	5000	0.061344	720
14.105121	5001	3	19	10	5000	0.015028	720
14.107254	5001	6001	19	10	6001	0.001358	720
14.108517	5001	5000	20	10	5000	0.001127	720
14.116706	5001	2	28	10	5000	0.058370	720
14.125922	5001	6000	19	10	6000	0.000965	720
14.127959	5001	5001	20	10	5000	0.027956	720
14.136235	5001	6001	19	10	5000	0.030337	720
14.154427	5001	6000	19	10	5000	0.029480	720
14.189553	5001	1	20	10	5000	0.013822	720
14.195861	5001	2	29	10	2	0.037548	720
14.196750	5001	0	26	10	5000	0.056239	720
14.199304	5001	0	26	10	5000	0.058807	720
14.204703	5001	3	20	10	5000	0.014837	720
14.206816	5001	6001	20	10	6001	0.000898	720
14.208033	5001	5000	21	10	5000	0.000813	720
14.216638	5001	2	29	10	5000	0.058325	720
14.225968	5001	6000	20	10	6000	0.001056	720
14.228853	5001	5001	21	10	5000	0.028891	720
14.236820	5001	6001	20	10	5000	0.030937	720
14.256233	5001	6000	20	10	5000	0.031318	720
14.289488	5001	1	21	10	5000	0.014211	720
14.296480	5001	0	27	10	5000	0.058325	720
14.299429	5001	0	27	10	5000	0.061286	720
14.304702	5001	3	21	10	5000	0.015144	720
14.306818	5001	6001	21	10	6001	0.000895	720
14.308012	5001	5000	22	10	5000	0.000797	720
14.316556	5001	2	30	10	5000	0.058258	720
14.325780	5001	6000	21	10	6000	0.000871	720
14.327906	5001	5001	22	10	5000	0.027928	720
14.333740	5001	6001	21	10	5000	0.027807	720
14.354094	5001	6000	21	10	5000	0.029200	720
14.392424	5001	1	22	10	5000	0.017006	720
14.396014	5001	0	28	10	5000	0.057759	720
14.399013	5001	0	28	10	5000	0.060753	720
14.404352	5001	3	22	10	5000	0.010156	720
14.409266	5001	6001	22	10	6001	0.000627	720
14.409759	5001	5000	23	10	5000	0.000521	720
14.416202	5001	2	31	10	5000	0.057834	720
14.425450	5001	6000	22	10	6000	0.000535	720
14.427084	5001	5001	23	10	5000	0.027055	720
14.437751	5001	6001	22	10	5000	0.029098	720
14.452751	5001	6000	22	10	5000	0.027885	720
14.489522	5001	1	23	10	5000	0.014253	720
14.496467	5001	0	29	10	5000	0.058298	720
14.499358	5001	0	29	10	5000	0.061174	720
14.504542	5001	3	23	10	5000	0.014799	720
14.506801	5001	6001	23	10	6001	0.000880	720
14.508274	5001	5000	24	10	5000	0.000822	720
14.516527	5001	2	32	10	5000	0.058224	720
14.525834	5001	6000	23	10	6000	0.000929	720
14.527719	5001	5001	24	10	5000	0.027807	720
14.533797	5001	6001	23	10	5000	0.027875	720
14.552902	5001	6000	23	10	5000	0.028008	720
14.589472	5001	1	24	10	5000	0.014307	720
14.596537	5001	0	30	10	5000	0.058340	720
14.599377	5001	0	30	10	5000	0.061166	720
14.604532	5001	3	24	10	5000	0.015130	720
14.606763	5001	6001	24	10	6001	0.000846	720
14.608220	5001	5000	25	10	5000	0.000831	720
14.616593	5001	2	33	10	5000	0.058266	720
14.625888	5001	6000	24	10	6000	0.001001	720
14.628112	5001	5001	25	10	5000	0.028125	720
14.634187	5001	6001	24	10	5000	0.028285	720
14.654754	5001	6000	24	10	5000	0.029864	720
14.689807	5001	1	25	10	5000	0.014547	720
14.697563	5001	0	31	10	5000	0.059366	720
14.699510	5001	0	31	10	5000	0.061301	720
14.705028	5001	3	25	10	5000	0.015651	720
14.706851	5001	6001	25	10	6001	0.000968	720
14.708483	5001	5000	26	10	5000	0.000926	720
14.716315	5001	2	34	10	5000	0.057943	720
14.725575	5001	6000	25	10	6000	0.000622	720
14.728781	5001	5001	26	10	5000	0.028724	720
14.738416	5001	6001	25	10	5000	0.032541	720
14.752874	5001	6000	25	10	5000	0.028002	720
14.789548	5001	1	26	10	5000	0.014299	720
14.796542	5001	0	32	10	5000	0.058299	720
14.799354	5001	0	32	10	5000	0.061095	720
14.804649	5001	3	26	10	5000	0.015260	720
14.806838	5001	6001	26	10	6001	0.000913	720
14.808325	5001	5000	27	10	5000	0.000824	720
14.816601	5001	2	35	10	5000	0.058263	720
14.825859	5001	6000	26	10	6000	0.000975	720
14.828089	5001	5001	27	10	5000	0.028106	720
14.834184	5001	6001	26	10	5000	0.028267	720
14.854663	5001	6000	26	10	5000	0.029769	720
14.889695	5001	1	27	10	5000	0.014440	720
14.896460	5001	0	33	10	5000	0.058260	720
14.899447	5001	0	33	10	5000	0.061251	720
14.904926	5001	3	27	10	5000	0.014872	720
14.906957	5001	6001	27	10	6001	0.001117	720
14.908450	5001	5000	28	10	5000	0.000807	720
14.916557	5001	2	36	10	5000	0.058211	720
14.925756	5001	6000	27	10	6000	0.000854	720
14.927599	5001	5001	28	10	5000	0.027604	720
14.933967	5001	6001	27	10	5000	0.028110	720
14.953758	5001	6000	27	10	5000	0.028854	720
14.989720	5001	1	28	10	5000	0.014453	720
14.996436	5001	0	34	10	5000	0.058267	720
14.999373	5001	0	34	10	5000	0.061193	720
15.004825	5001	3	28	10	5000	0.015444	720
15.006791	5001	6001	28	10	6001	0.000897	720
15.008245	5001	5000	29	10	5000	0.000813	720
15.016501	5001	2	37	10	5000	0.058145	720
15.025840	5001	6000	28	10	6000	0.000949	720
15.028724	5001	5001	29	10	5000	0.028718	720
15.033925	5001	6001	28	10	5000	0.028027	720
15.055350	5001	6000	28	10	5000	0.030443	720
15.089458	5001	1	29	10	5000	0.014147	720
15.096449	5001	0	35	10	5000	0.058195	720
15.099380	5001	0	35	10	5000	0.061112	720
15.104722	5001	3	29	10	5000	0.015085	720
15.106593	5001	6001	29	10	6001	0.000667	720
15.108124	5001	5000	30	10	5000	0.000902	720
15.116533	5001	2	38	10	5000	0.058198	720
15.125532	5001	6000	29	10	6000	0.000667	720
15.189219	5001	1	30	10	5000	0.013922	720
15.196042	5001	0	36	10	5000	0.057785	720
15.199040	5001	0	36	10	5000	0.060774	720
15.204220	5001	3	30	10	5000	0.014677	720
15.206328	5001	6001	30	10	6001	0.000366	720
15.207796	5001	5000	31	10	5000	0.000492	720
15.216153	5001	2	39	10	5000	0.057757	720
15.225534	5001	6000	30	10	6000	0.000618	720
15.289789	5001	1	31	10	5000	0.014537	720
15.296698	5001	0	37	10	5000	0.058521	720
15.299490	5001	0	37	10	5000	0.061338	720
15.304534	5001	3	31	10	5000	0.014455	720
15.306725	5001	6001	31	10	6001	0.000797	720
15.308191	5001	5000	32	10	5000	0.000820	720
15.316570	5001	2	40	10	5000	0.058238	720
15.325664	5001	6000	31	10	6000	0.000777	720
15.389571	5001	1	32	10	5000	0.014316	720
15.396590	5001	0	38	10	5000	0.058402	720
15.399389	5001	0	38	10	5000	0.061180	720
15.404816	5001	3	32	10	5000	0.015172	720
15.406621	5001	6001	32	10	6001	0.000712	720
15.408061	5001	5000	33	10	5000	0.000820	720
15.416645	5001	2	41	10	5000	0.058330	720
15.429686	5001	6000	32	10	6000	0.000812	720
15.489214	5001	1	33	10	5000	0.013137	720
15.496088	5001	0	39	10	5000	0.057817	720
15.499089	5001	0	39	10	5000	0.060814	720
15.504293	5001	3	33	10	5000	0.014757	720
15.506614	5001	6001	33	10	6001	0.000633	720
15.507763	5001	5000	34	10	5000	0.000453	720
15.516110	5001	2	42	10	5000	0.057804	720
15.525680	5001	6000	33	10	6000	0.000766	720
15.589717	5001	1	34	10	5000	0.014290	720
15.597163	5001	0	40	10	5000	0.058496	720
15.599706	5001	0	40	10	5000	0.061021	720
15.606664	5001	6001	34	10	6001	0.000772	720
15.608492	5001	5000	35	10	5000	0.001121	720
15.610050	5001	3	34	10	5000	0.020640	720
15.616719	5001	2	43	10	5000	0.058252	720
15.626093	5001	6000	34	10	6000	0.000802	720
15.689767	5001	1	35	10	5000	0.014503	720
15.696779	5001	0	41	10	5000	0.057293	720
15.699648	5001	0	41	10	5000	0.060169	720
15.704549	5001	3	35	10	5000	0.015169	720
15.706639	5001	6001	35	10	6001	0.000714	720
15.708145	5001	5000	36	10	5000	0.000873	720
15.718081	5001	2	44	10	5000	0.059800	720
15.725782	5001	6000	35	10	6000	0.000912	720
15.799684	5001	0	42	10	5000	0.061542	720
15.804546	5001	3	36	10	5000	0.015152	720
15.807098	5001	6001	36	10	6001	0.001186	720
15.808084	5001	5000	37	10	5000	0.000831	720
15.813626	5001	1	36	10	5000	0.038348	720
15.820499	5001	0	42	10	5000	0.082328	720
15.825830	5001	6000	36	10	6000	0.000938	720
15.841984	5001	2	45	10	5000	0.083635	720
15.853430	5001	5001	37	10	5000	0.053357	720
15.859151	5001	6001	36	10	5000	0.053234	720
15.879396	5001	6000	36	10	5000	0.054520	720
15.899631	5001	0	43	10	5000	0.060904	720
15.904237	5001	3	37	10	5000	0.013845	720
15.906326	5001	6001	37	10	6001	0.000365	720
15.907693	5001	5000	38	10	5000	0.000367	720
15.914311	5001	1	37	10	5000	0.039053	720
15.924900	5001	0	43	10	5000	0.086166	720
15.925394	5001	6000	37	10	6000	0.000435	720
15.940412	5001	2	46	10	5000	0.081999	720
15.952220	5001	5001	38	10	5000	0.052166	720
15.958010	5001	6001	37	10	5000	0.052073	720
15.979851	5001	6000	37	10	5000	0.054965	720
15.999649	5001	0	44	10	5000	0.061487	720
16.004492	5001	3	38	10	5000	0.015095	720
16.006623	5001	6001	38	10	6001	0.000724	720
16.008103	5001	5000	39	10	5000	0.000815	720
16.013783	5001	1	38	10	5000	0.038502	720
16.020553	5001	0	44	10	5000	0.082368	720
16.025633	5001	6000	38	10	6000	0.000720	720
16.041761	5001	2	47	10	5000	0.083465	720
16.053500	5001	5001	39	10	5000	0.053395	720
16.058898	5001	6001	38	10	5000	0.052993	720
16.079047	5001	6000	38	10	5000	0.054137	720
16.099367	5001	0	45	10	5000	0.060431	720
16.104437	5001	3	39	10	5000	0.015040	720
16.106678	5001	6001	39	10	6001	0.000747	720
16.108223	5001	5000	40	10	5000	0.000818	720
16.113664	5001	1	39	10	5000	0.038362	720
16.120552	5001	0	45	10	5000	0.081598	720
16.125676	5001	6000	39	10	6000	0.000742	720
16.141547	5001	2	48	10	5000	0.083253	720
16.153108	5001	5001	40	10	5000	0.053094	720
16.159076	5001	6001	39	10	5000	0.053137	720
16.179150	5001	6000	39	10	5000	0.054225	720
16.199485	5001	0	46	10	5000	0.060741	720
16.204878	5001	3	40	10	5000	0.015404	720
16.206668	5001	6001	40	10	6001	0.000762	720
16.207866	5001	5000	41	10	5000	0.000690	720
16.213689	5001	1	40	10	5000	0.038416	720
16.220641	5001	0	46	10	5000	0.081881	720
16.226126	5001	6000	40	10	6000	0.001196	720
16.240905	5001	2	49	10	5000	0.082629	720
16.297531	5001	0	47	10	5000	0.059379	720
16.304466	5001	3	41	10	5000	0.015047	720
16.306625	5001	6001	41	10	6001	0.000723	720
16.308191	5001	5000	42	10	5000	0.000744	720
16.313830	5001	1	41	10	5000	0.038528	720
16.325549	5001	6000	41	10	6000	0.000678	720
16.341542	5001	2	50	10	5000	0.083253	720
16.397635	5001	0	48	10	5000	0.059426	720
16.404423	5001	3	42	10	5000	0.015024	720
16.406622	5001	6001	42	10	6001	0.000719	720
16.407989	5001	5000	43	10	5000	0.000723	720
16.413850	5001	1	42	10	5000	0.038569	720
16.425672	5001	6000	42	10	6000	0.000726	720
16.441131	5001	2	51	10	5000	0.082798	720
16.497902	5001	0	49	10	5000	0.059720	720
16.504474	5001	3	43	10	5000	0.015080	720
16.506681	5001	6001	43	10	6001	0.000784	720
16.508082	5001	5000	44	10	5000	0.000717	720
16.513887	5001	1	43	10	5000	0.038610	720
16.525665	5001	6000	43	10	6000	0.000748	720
16.541202	5001	2	52	10	5000	0.082882	720
16.597393	5001	0	50	10	5000	0.059229	720
16.604415	5001	3	44	10	5000	0.015005	720
16.606576	5001	6001	44	10	6001	0.000639	720
16.607992	5001	5000	45	10	5000	0.000721	720
16.613779	5001	1	44	10	5000	0.038496	720
16.625660	5001	6000	44	10	6000	0.000743	720
16.641115	5001	2	53	10	5000	0.082794	720
16.697067	5001	0	51	10	5000	0.058811	720
16.704198	5001	3	45	10	5000	0.014746	720
16.706251	5001	6001	45	10	6001	0.000309	720
16.707754	5001	5000	46	10	5000	0.000429	720
16.713335	5001	1	45	10	5000	0.037970	720
16.725981	5001	6000	45	10	6000	0.001071	720
16.740925	5001	2	54	10	5000	0.082610	720
16.797442	5001	0	52	10	5000	0.059236	720
16.804448	5001	3	46	10	5000	0.014918	720
16.806569	5001	6001	46	10	6001	0.000641	720
16.807969	5001	5000	47	10	5000	0.000716	720
16.813669	5001	1	46	10	5000	0.038394	720
16.825673	5001	6000	46	10	6000	0.000748	720
16.840789	5001	2	55	10	5000	0.082479	720
16.897425	5001	0	53	10	5000	0.059266	720
16.904430	5001	3	47	10	5000	0.015046	720
16.906553	5001	6001	47	10	6001	0.000655	720
16.908218	5001	5000	48	10	5000	0.000945	720
16.913626	5001	1	47	10	5000	0.038343	720
16.925603	5001	6000	47	10	6000	0.000682	720
16.940601	5001	2	56	10	5000	0.082247	720
16.997425	5001	0	54	10	5000	0.059214	720
17.004444	5001	3	48	10	5000	0.015045	720
17.006565	5001	6001	48	10	6001	0.000642	720
17.007983	5001	5000	49	10	5000	0.000701	720
17.013602	5001	1	48	10	5000	0.038324	720
17.025688	5001	6000	48	10	6000	0.000749	720
17.040745	5001	2	57	10	5000	0.082496	720
17.097790	5001	0	55	10	5000	0.059712	720
17.104498	5001	3	49	10	5000	0.015022	720
17.106682	5001	6001	49	10	6001	0.000774	720
17.108183	5001	5000	50	10	5000	0.000724	720
17.113769	5001	1	49	10	5000	0.038466	720
17.125801	5001	6000	49	10	6000	0.000873	720
17.140916	5001	2	58	10	5000	0.082680	720
17.197609	5001	0	56	10	5000	0.059432	720
17.204528	5001	3	50	10	5000	0.015128	720
17.206624	5001	6001	50	10	6001	0.000721	720
17.208063	5001	5000	51	10	5000	0.000770	720
17.213719	5001	1	50	10	5000	0.038456	720
17.225740	5001	6000	50	10	6000	0.000803	720
17.240706	5001	2	59	10	5000	0.082415	720
17.297850	5001	0	57	10	5000	0.059707	720
17.304474	5001	3	51	10	5000	0.014984	720
17.306839	5001	6001	51	10	6001	0.000779	720
17.308005	5001	5000	52	10	5000	0.000702	720
17.314701	5001	1	51	10	5000	0.039454	720
17.325634	5001	6000	51	10	6000	0.000723	720
17.340721	5001	2	60	10	5000	0.082384	720
17.397471	5001	0	58	10	5000	0.059315	720
17.404564	5001	3	52	10	5000	0.015203	720
17.406549	5001	6001	52	10	6001	0.000650	720
17.407934	5001	5000	53	10	5000	0.000712	720
17.413750	5001	1	52	10	5000	0.038468	720
17.425746	5001	6000	52	10	6000	0.000816	720
17.440800	5001	2	61	10	5000	0.082496	720
17.497541	5001	0	59	10	5000	0.059317	720
17.504522	5001	3	53	10	5000	0.015126	720
17.506543	5001	6001	53	10	6001	0.000643	720
17.507936	5001	5000	54	10	5000	0.000713	720
17.513599	5001	1	53	10	5000	0.038301	720
17.525740	5001	6000	53	10	6000	0.000799	720
17.540744	5001	2	62	10	5000	0.082465	720
17.597438	5001	0	60	10	5000	0.059281	720
17.604891	5001	3	54	10	5000	0.015484	720
17.606624	5001	6001	54	10	6001	0.000721	720
17.608011	5001	5000	55	10	5000	0.000738	720
17.613788	5001	1	54	10	5000	0.038512	720
17.625661	5001	6000	54	10	6000	0.000770	720
17.643467	5001	2	63	10	5000	0.085122	720
17.697449	5001	0	61	10	5000	0.056849	720
17.704446	5001	3	55	10	5000	0.015052	720
17.706543	5001	6001	55	10	6001	0.000643	720
17.707960	5001	5000	56	10	5000	0.000706	720
17.713617	5001	1	55	10	5000	0.038289	720
17.725680	5001	6000	55	10	6000	0.000739	720
17.740699	5001	2	64	10	5000	0.082410	720
17.797436	5001	0	62	10	5000	0.059268	720
17.804505	5001	3	56	10	5000	0.015108	720
17.806543	5001	6001	56	10	6001	0.000643	720
17.808060	5001	5000	57	10	5000	0.000810	720
17.813627	5001	1	56	10	5000	0.038347	720
17.825653	5001	6000	56	10	6000	0.000728	720
17.840752	5001	2	65	10	5000	0.082420	720
17.897453	5001	0	63	10	5000	0.059251	720
17.904429	5001	3	57	10	5000	0.014804	720
17.906626	5001	6001	57	10	6001	0.000718	720
17.907877	5001	5000	58	10	5000	0.000741	720
17.913691	5001	1	57	10	5000	0.038398	720
17.928054	5001	6000	57	10	6000	0.003143	720
17.940611	5001	2	66	10	5000	0.082237	720
17.997486	5001	0	64	10	5000	0.059341	720
18.004433	5001	3	58	10	5000	0.015016	720
18.006588	5001	6001	58	10	6001	0.000649	720
18.008019	5001	5000	59	10	5000	0.000707	720
18.013692	5001	1	58	10	5000	0.038421	720
18.025606	5001	6000	58	10	6000	0.000683	720
18.040777	5001	2	67	10	5000	0.082482	720
18.097586	5001	0	65	10	5000	0.059387	720
18.104433	5001	3	59	10	5000	0.015012	720
18.106860	5001	6001	59	10	6001	0.000826	720
18.108291	5001	5000	60	10	5000	0.000701	720
18.113615	5001	1	59	10	5000	0.038288	720
18.125623	5001	6000	59	10	6000	0.000723	720
18.140810	5001	2	68	10	5000	0.082483	720
18.197479	5001	0	66	10	5000	0.059322	720
18.204575	5001	3	60	10	5000	0.015236	720
18.206942	5001	6001	60	10	6001	0.001038	720
18.208233	5001	5000	61	10	5000	0.001066	720
18.213775	5001	1	60	10	5000	0.038513	720
18.225714	5001	6000	60	10	6000	0.000802	720
18.240813	5001	2	69	10	5000	0.082564	720
18.297556	5001	0	67	10	5000	0.059364	720
18.304407	5001	3	61	10	5000	0.014917	720
18.306639	5001	6001	61	10	6001	0.000763	720
18.308204	5001	5000	62	10	5000	0.000713	720
18.314243	5001	1	61	10	5000	0.038978	720
18.325956	5001	6000	61	10	6000	0.001027	720
18.340838	5001	2	70	10	5000	0.082586	720
18.397488	5001	0	68	10	5000	0.059216	720
18.404906	5001	3	62	10	5000	0.015470	720
18.406619	5001	6001	62	10	6001	0.000730	720
18.408212	5001	5000	63	10	5000	0.000900	720
18.413656	5001	1	62	10	5000	0.038375	720
18.425671	5001	6000	62	10	6000	0.000726	720
18.440745	5001	2	71	10	5000	0.082423	720
18.498443	5001	0	69	10	5000	0.060025	720
18.504447	5001	3	63	10	5000	0.015050	720
18.506681	5001	6001	63	10	6001	0.000733	720
18.507999	5001	5000	64	10	5000	0.000735	720
18.513655	5001	1	63	10	5000	0.038393	720
18.525709	5001	6000	63	10	6000	0.000773	720
18.540830	5001	2	72	10	5000	0.082601	720
18.597471	5001	0	70	10	5000	0.059268	720
18.604516	5001	3	64	10	5000	0.015117	720
18.606633	5001	6001	64	10	6001	0.000721	720
18.607978	5001	5000	65	10	5000	0.000730	720
18.613784	5001	1	64	10	5000	0.038433	720
18.625742	5001	6000	64	10	6000	0.000811	720
18.640749	5001	2	73	10	5000	0.082479	720
18.697813	5001	0	71	10	5000	0.059615	720
18.704580	5001	3	65	10	5000	0.015082	720
18.706721	5001	6001	65	10	6001	0.000828	720
18.708216	5001	5000	66	10	5000	0.000702	720
18.714171	5001	1	65	10	5000	0.038918	720
18.725616	5001	6000	65	10	6000	0.000613	720
18.740474	5001	2	74	10	5000	0.082094	720
18.797464	5001	0	72	10	5000	0.059305	720
18.804551	5001	3	66	10	5000	0.015149	720
18.806630	5001	6001	66	10	6001	0.000726	720
18.808014	5001	5000	67	10	5000	0.000738	720
18.813743	5001	1	66	10	5000	0.038426	720
18.825720	5001	6000	66	10	6000	0.000788	720
18.840716	5001	2	75	10	5000	0.082406	720
18.897500	5001	0	73	10	5000	0.059349	720
18.904498	5001	3	67	10	5000	0.014865	720
18.906622	5001	6001	67	10	6001	0.000720	720
18.907987	5001	5000	68	10	5000	0.000710	720
18.913744	5001	1	67	10	5000	0.038466	720
18.925695	5001	6000	67	10	6000	0.000751	720
18.940698	5001	2	76	10	5000	0.082375	720
18.997458	5001	0	74	10	5000	0.059270	720
19.004529	5001	3	68	10	5000	0.015131	720
19.006728	5001	6001	68	10	6001	0.000743	720
19.008364	5001	5000	69	10	5000	0.001049	720
19.013677	5001	1	68	10	5000	0.038412	720
19.025692	5001	6000	68	10	6000	0.000745	720
19.040788	5001	2	77	10	5000	0.082460	720
19.101429	5001	0	75	10	5000	0.063250	720
19.104877	5001	3	69	10	5000	0.007014	720
19.106467	5001	6001	69	10	6001	0.000538	720
19.107720	5001	5000	70	10	5000	0.000441	720
19.114079	5001	1	69	10	5000	0.038733	720
19.125599	5001	6000	69	10	6000	0.000633	720
19.140666	5001	2	78	10	5000	0.082305	720
19.196986	5001	0	76	10	5000	0.058780	720
19.204517	5001	3	70	10	5000	0.015173	720
19.206635	5001	6001	70	10	6001	0.000719	720
19.208018	5001	5000	71	10	5000	0.000743	720
19.213629	5001	1	70	10	5000	0.038460	720
19.225668	5001	6000	70	10	6000	0.000723	720
19.240788	5001	2	79	10	5000	0.082470	720
19.297463	5001	0	77	10	5000	0.059299	720
19.304437	5001	3	71	10	5000	0.015037	720
19.306614	5001	6001	71	10	6001	0.000825	720
19.307988	5001	5000	72	10	5000	0.000704	720
19.313653	5001	1	71	10	5000	0.038359	720
19.325705	5001	6000	71	10	6000	0.000822	720
19.340406	5001	2	80	10	5000	0.082042	720
19.397438	5001	0	78	10	5000	0.059288	720
19.404423	5001	3	72	10	5000	0.015026	720
19.406546	5001	6001	72	10	6001	0.000639	720
19.407985	5001	5000	73	10	5000	0.000732	720
19.413869	5001	1	72	10	5000	0.038596	720
19.425851	5001	6000	72	10	6000	0.000944	720
19.442463	5001	2	81	10	5000	0.084103	720
19.497463	5001	0	79	10	5000	0.057334	720
19.504527	5001	3	73	10	5000	0.015129	720
19.508276	5001	6001	73	10	6001	0.002020	720
19.508478	5001	5000	74	10	5000	0.001199	720
19.514093	5001	1	73	10	5000	0.038884	720
19.525641	5001	6000	73	10	6000	0.000739	720
19.540925	5001	2	82	10	5000	0.082650	720
19.597470	5001	0	80	10	5000	0.059303	720
19.604560	5001	3	74	10	5000	0.015079	720
19.606622	5001	6001	74	10	6001	0.000721	720
19.608086	5001	5000	75	10	5000	0.000767	720
19.613954	5001	1	74	10	5000	0.038702	720
19.626021	5001	6000	74	10	6000	0.000898	720
19.640515	5001	2	83	10	5000	0.082162	720
19.697497	5001	0	81	10	5000	0.059352	720
19.704550	5001	3	75	10	5000	0.015172	720
19.706655	5001	6001	75	10	6001	0.000763	720
19.708012	5001	5000	76	10	5000	0.000735	720
19.713720	5001	1	75	10	5000	0.038431	720
19.725595	5001	6000	75	10	6000	0.000674	720
19.740610	5001	2	84	10	5000	0.082308	720
19.797422	5001	0	82	10	5000	0.059213	720
19.804431	5001	3	76	10	5000	0.015030	720
19.806635	5001	6001	76	10	6001	0.000711	720
19.808018	5001	5000	77	10	5000	0.000716	720
19.813753	5001	1	76	10	5000	0.038474	720
19.825696	5001	6000	76	10	6000	0.000754	720
19.840808	5001	2	85	10	5000	0.082497	720
19.897408	5001	0	83	10	5000	0.059239	720
19.904433	5001	3	77	10	5000	0.015038	720
19.906701	5001	6001	77	10	6001	0.000777	720
19.908300	5001	5000	78	10	5000	0.001023	720
19.913629	5001	1	77	10	5000	0.038351	720
19.925754	5001	6000	77	10	6000	0.000810	720
19.942499	5001	2	86	10	5000	0.084298	720
19.997491	5001	0	84	10	5000	0.057420	720
20.004581	5001	3	78	10	5000	0.015185	720
20.006623	5001	6001	78	10	6001	0.000723	720
20.008089	5001	5000	79	10	5000	0.000767	720
20.013682	5001	1	78	10	5000	0.038423	720
20.025720	5001	6000	78	10	6000	0.000809	720
20.040717	5001	2	87	10	5000	0.082447	720
20.097755	5001	0	85	10	5000	0.059567	720
20.104476	5001	3	79	10	5000	0.014935	720
20.106793	5001	6001	79	10	6001	0.000777	720
20.108008	5001	5000	80	10	5000	0.000765	720
20.114550	5001	1	79	10	5000	0.038523	720
20.125761	5001	6000	79	10	6000	0.000788	720
20.140742	5001	2	88	10	5000	0.082502	720
20.197344	5001	0	86	10	5000	0.059168	720
20.204491	5001	3	80	10	5000	0.015096	720
20.207988	5001	5000	81	10	5000	0.000722	720
20.209382	5001	6001	80	10	6001	0.003481	720
20.215566	5001	1	80	10	5000	0.040292	720
20.225722	5001	6000	80	10	6000	0.000811	720
20.241064	5001	2	89	10	5000	0.082719	720
20.297593	5001	0	87	10	5000	0.059410	720
20.304457	5001	3	81	10	5000	0.015065	720
20.306624	5001	6001	81	10	6001	0.000726	720
20.308186	5001	5000	82	10	5000	0.000875	720
20.314299	5001	1	81	10	5000	0.039012	720
20.325709	5001	6000	81	10	6000	0.000805	720
20.340575	5001	2	90	10	5000	0.082185	720
20.397454	5001	0	88	10	5000	0.059279	720
20.404569	5001	3	82	10	5000	0.015207	720
20.406690	5001	6001	82	10	6001	0.000793	720
20.407999	5001	5000	83	10	5000	0.000745	720
20.413740	5001	1	82	10	5000	0.038370	720
20.425885	5001	6000	82	10	6000	0.000974	720
20.440425	5001	2	91	10	5000	0.082070	720
20.497979	5001	0	89	10	5000	0.059818	720
20.504424	5001	3	83	10	5000	0.015027	720
20.506623	5001	6001	83	10	6001	0.000720	720
20.508014	5001	5000	84	10	5000	0.000760	720
20.513603	5001	1	83	10	5000	0.038329	720
20.525668	5001	6000	83	10	6000	0.000724	720
20.540623	5001	2	92	10	5000	0.082300	720
20.605356	5001	0	90	10	5000	0.067135	720
20.606367	5001	6001	84	10	6001	0.000419	720
20.607613	5001	5000	85	10	5000	0.000338	720
20.608745	5001	3	84	10	5000	0.007373	720
20.613331	5001	1	84	10	5000	0.037997	720
20.625486	5001	6000	84	10	6000	0.000554	720
20.640766	5001	2	93	10	5000	0.082391	720
20.698170	5001	0	91	10	5000	0.060035	720
20.704554	5001	3	85	10	5000	0.015205	720
20.706685	5001	6001	85	10	6001	0.000765	720
20.708008	5001	5000	86	10	5000	0.000760	720
20.716031	5001	1	85	10	5000	0.040725	720
20.725365	5001	6000	85	10	6000	0.000404	720
20.741550	5001	2	94	10	5000	0.083277	720
20.797423	5001	0	92	10	5000	0.059214	720
20.804414	5001	3	86	10	5000	0.015001	720
20.806619	5001	6001	86	10	6001	0.000718	720
20.807986	5001	5000	87	10	5000	0.000716	720
20.813695	5001	1	86	10	5000	0.038395	720
20.825675	5001	6000	86	10	6000	0.000765	720
20.840784	5001	2	95	10	5000	0.082554	720
20.897454	5001	0	93	10	5000	0.059260	720
20.904483	5001	3	87	10	5000	0.015076	720
20.906544	5001	6001	87	10	6001	0.000642	720
20.907966	5001	5000	88	10	5000	0.000702	720
20.913691	5001	1	87	10	5000	0.038407	720
20.925670	5001	6000	87	10	6000	0.000758	720
20.940731	5001	2	96	10	5000	0.082434	720
20.997405	5001	0	94	10	5000	0.059242	720
21.004480	5001	3	88	10	5000	0.015088	720
21.006640	5001	6001	88	10	6001	0.000741	720
21.008254	5001	5000	89	10	5000	0.000737	720
21.013686	5001	1	88	10	5000	0.038415	720
21.025589	5001	6000	88	10	6000	0.000700	720
21.040641	5001	2	97	10	5000	0.082321	720
21.097464	5001	0	95	10	5000	0.059309	720
21.104971	5001	3	89	10	5000	0.015564	720
21.106642	5001	6001	89	10	6001	0.000722	720
21.108124	5001	5000	90	10	5000	0.000856	720
21.113691	5001	1	89	10	5000	0.038391	720
21.125690	5001	6000	89	10	6000	0.000727	720
21.140632	5001	2	98	10	5000	0.082299	720
21.197389	5001	0	96	10	5000	0.059195	720
21.204497	5001	3	90	10	5000	0.015149	720
21.206624	5001	6001	90	10	6001	0.000722	720
21.208030	5001	5000	91	10	5000	0.000736	720
21.213655	5001	1	90	10	5000	0.038375	720
21.225711	5001	6000	90	10	6000	0.000766	720
21.240686	5001	2	99	10	5000	0.082389	720
21.297646	5001	0	97	10	5000	0.059499	720
21.304507	5001	3	91	10	5000	0.015128	720
21.307062	5001	6001	91	10	6001	0.001162	720
21.307980	5001	5000	92	10	5000	0.000730	720
21.314025	5001	1	91	10	5000	0.038750	720
21.325737	5001	6000	91	10	6000	0.000789	720
21.397494	5001	0	98	10	5000	0.059323	720
21.404588	5001	3	92	10	5000	0.015203	720
21.406651	5001	6001	92	10	6001	0.000724	720
21.408083	5001	5000	93	10	5000	0.000797	720
21.413763	5001	1	92	10	5000	0.038502	720
21.426003	5001	6000	92	10	6000	0.001062	720
21.497495	5001	0	99	10	5000	0.059246	720
21.504482	5001	3	93	10	5000	0.015032	720
21.506630	5001	6001	93	10	6001	0.000729	720
21.507935	5001	5000	94	10	5000	0.000687	720
21.513695	5001	1	93	10	5000	0.038397	720
21.526078	5001	6000	93	10	6000	0.001168	720
21.604628	5001	3	94	10	5000	0.015235	720
21.606668	5001	6001	94	10	6001	0.000743	720
21.607974	5001	5000	95	10	5000	0.000701	720
21.613626	5001	1	94	10	5000	0.038420	720
21.625755	5001	6000	94	10	6000	0.000858	720
21.704919	5001	3	95	10	5000	0.015553	720
21.706866	5001	6001	95	10	6001	0.000912	720
21.707993	5001	5000	96	10	5000	0.000731	720
21.713929	5001	1	95	10	5000	0.038658	720
21.725717	5001	6000	95	10	6000	0.000803	720
21.804882	5001	3	96	10	5000	0.015526	720
21.806877	5001	6001	96	10	6001	0.000951	720
21.808003	5001	5000	97	10	5000	0.000742	720
21.813704	5001	1	96	10	5000	0.038436	720
21.825719	5001	6000	96	10	6000	0.000798	720
21.904465	5001	3	97	10	5000	0.015064	720
21.906841	5001	6001	97	10	6001	0.000912	720
21.907985	5001	5000	98	10	5000	0.000726	720
21.913666	5001	1	97	10	5000	0.038500	720
21.926306	5001	6000	97	10	6000	0.001376	720
22.004597	5001	3	98	10	5000	0.015213	720
22.006839	5001	6001	98	10	6001	0.000914	720
22.008040	5001	5000	99	10	5000	0.000741	720
22.013921	5001	1	98	10	5000	0.038672	720
22.025703	5001	6000	98	10	6000	0.000758	720
22.104590	5001	3	99	10	5000	0.015178	720
22.106821	5001	6001	99	10	6001	0.000870	720
22.113886	5001	1	99	10	5000	0.038572	720
22.125739	5001	6000	99	10	6000	0.000777	720
