8.217880	6001	6000	0	10	6000	0.117880	720
8.247965	6001	5001	0	10	5001	0.147965	720
8.293614	6001	5000	0	10	5000	0.193614	720
8.317738	6001	6000	1	10	6000	0.117738	720
8.347126	6001	5001	1	10	5001	0.147126	720
8.393841	6001	5000	1	10	5000	0.193841	720
8.417685	6001	6000	2	10	6000	0.117685	720
8.447248	6001	5001	2	10	5001	0.147248	720
8.493783	6001	5000	2	10	5000	0.193783	720
8.517688	6001	6000	3	10	6000	0.117688	720
8.547128	6001	5001	3	10	5001	0.147128	720
8.592975	6001	5000	3	10	5000	0.192975	720
8.617696	6001	6000	4	10	6000	0.117696	720
8.647135	6001	5001	4	10	5001	0.147135	720
8.693054	6001	5000	4	10	5000	0.193054	720
8.717346	6001	6000	5	10	6000	0.117346	720
8.747181	6001	5001	5	10	5001	0.147181	720
8.793708	6001	5000	5	10	5000	0.193708	720
8.817611	6001	6000	6	10	6000	0.117611	720
8.847100	6001	5001	6	10	5001	0.147100	720
8.893907	6001	5000	6	10	5000	0.193907	720
8.917888	6001	6000	7	10	6000	0.117888	720
8.946615	6001	5001	7	10	5001	0.146615	720
8.993751	6001	5000	7	10	5000	0.193751	720
9.017650	6001	6000	8	10	6000	0.117650	720
9.047407	6001	5001	8	10	5001	0.147407	720
9.093771	6001	5000	8	10	5000	0.193771	720
9.117760	6001	6000	9	10	6000	0.117760	720
9.147185	6001	5001	9	10	5001	0.147185	720
9.193773	6001	5000	9	10	5000	0.193773	720
9.217702	6001	6000	10	10	6000	0.117702	720
9.247236	6001	5001	10	10	5001	0.147236	720
9.293786	6001	5000	10	10	5000	0.193786	720
9.317130	6001	6000	11	10	6000	0.117130	720
9.347171	6001	5001	11	10	5001	0.147171	720
9.393775	6001	5000	11	10	5000	0.193775	720
9.417703	6001	6000	12	10	6000	0.117703	720
9.447235	6001	5001	12	10	5001	0.147235	720
9.493796	6001	5000	12	10	5000	0.193796	720
9.517642	6001	6000	13	10	6000	0.117642	720
9.547458	6001	5001	13	10	5001	0.147458	720
9.593776	6001	5000	13	10	5000	0.193776	720
9.617697	6001	6000	14	10	6000	0.117697	720
9.647139	6001	5001	14	10	5001	0.147139	720
9.693798	6001	5000	14	10	5000	0.193798	720
9.717592	6001	6000	15	10	6000	0.117592	720
9.747130	6001	5001	15	10	5001	0.147130	720
9.793520	6001	5000	15	10	5000	0.193520	720
9.817666	6001	6000	16	10	6000	0.117666	720
9.847109	6001	5001	16	10	5001	0.147109	720
9.894367	6001	5000	16	10	5000	0.194367	720
9.917674	6001	6000	17	10	6000	0.117674	720
9.947298	6001	5001	17	10	5001	0.147298	720
9.993742	6001	5000	17	10	5000	0.193742	720
10.017663	6001	6000	18	10	6000	0.117663	720
10.046972	6001	5001	18	10	5001	0.146972	720
10.092996	6001	5000	18	10	5000	0.192996	720
10.117706	6001	6000	19	10	6000	0.117706	720
10.147172	6001	5001	19	10	5001	0.147172	720
10.193957	6001	5000	19	10	5000	0.193957	720
10.217759	6001	6000	20	10	6000	0.117759	720
10.247087	6001	5001	20	10	5001	0.147087	720
10.293302	6001	5000	20	10	5000	0.193302	720
10.317798	6001	6000	21	10	6000	0.117798	720
10.347169	6001	5001	21	10	5001	0.147169	720
10.393133	6001	5000	21	10	5000	0.193133	720
10.417627	6001	6000	22	10	6000	0.117627	720
10.447275	6001	5001	22	10	5001	0.147275	720
10.493224	6001	5000	22	10	5000	0.193224	720
10.517603	6001	6000	23	10	6000	0.117603	720
10.546895	6001	5001	23	10	5001	0.146895	720
10.592739	6001	5000	23	10	5000	0.192739	720
10.617498	6001	6000	24	10	6000	0.117498	720
10.647302	6001	5001	24	10	5001	0.147302	720
10.693413	6001	5000	24	10	5000	0.193413	720
10.717877	6001	6000	25	10	6000	0.117877	720
10.746864	6001	5001	25	10	5001	0.146864	720
10.793403	6001	5000	25	10	5000	0.193403	720
10.817760	6001	6000	26	10	6000	0.117760	720
10.846545	6001	5001	26	10	5001	0.146545	720
10.892724	6001	5000	26	10	5000	0.192724	720
10.917777	6001	6000	27	10	6000	0.117777	720
10.946941	6001	5001	27	10	5001	0.146941	720
10.993214	6001	5000	27	10	5000	0.193214	720
11.017586	6001	6000	28	10	6000	0.117586	720
11.046903	6001	5001	28	10	5001	0.146903	720
11.093204	6001	5000	28	10	5000	0.193204	720
11.117899	6001	6000	29	10	6000	0.117899	720
11.146939	6001	5001	29	10	5001	0.146939	720
11.193547	6001	5000	29	10	5000	0.193547	720
11.217959	6001	6000	30	10	6000	0.117959	720
11.247068	6001	5001	30	10	5001	0.147068	720
11.292911	6001	5000	30	10	5000	0.192911	720
11.317779	6001	6000	31	10	6000	0.117779	720
11.347045	6001	5001	31	10	5001	0.147045	720
11.393158	6001	5000	31	10	5000	0.193158	720
11.417628	6001	6000	32	10	6000	0.117628	720
11.446999	6001	5001	32	10	5001	0.146999	720
11.493218	6001	5000	32	10	5000	0.193218	720
11.517885	6001	6000	33	10	6000	0.117885	720
11.547479	6001	5001	33	10	5001	0.147479	720
11.593355	6001	5000	33	10	5000	0.193355	720
11.617750	6001	6000	34	10	6000	0.117750	720
11.647239	6001	5001	34	10	5001	0.147239	720
11.693182	6001	5000	34	10	5000	0.193182	720
11.717516	6001	6000	35	10	6000	0.117516	720
11.747024	6001	5001	35	10	5001	0.147024	720
11.793387	6001	5000	35	10	5000	0.193387	720
11.817721	6001	6000	36	10	6000	0.117721	720
11.847036	6001	5001	36	10	5001	0.147036	720
11.887646	6001	6000	36	10	5001	0.187646	720
11.893733	6001	5000	36	10	5000	0.193733	720
11.917707	6001	6000	37	10	6000	0.117707	720
11.947123	6001	5001	37	10	5001	0.147123	720
11.965556	6001	5000	36	10	5001	0.265556	720
11.972347	6001	6001	38	10	5001	0.072347	720
11.988916	6001	6000	37	10	5001	0.188916	720
11.993489	6001	5000	37	10	5000	0.193489	720
12.017474	6001	6000	38	10	6000	0.117474	720
12.047263	6001	5001	38	10	5001	0.147263	720
12.064395	6001	5000	37	10	5001	0.264395	720
12.071713	6001	6001	39	10	5001	0.071713	720
12.093845	6001	5000	38	10	5000	0.193845	720
12.105119	6001	6000	38	10	5001	0.205119	720
12.117065	6001	6000	39	10	6000	0.117065	720
12.146879	6001	5001	39	10	5001	0.146879	720
12.178202	6001	5000	38	10	5001	0.278202	720
12.181878	6001	6001	40	10	5001	0.081878	720
12.187978	6001	6000	39	10	5001	0.187978	720
12.193147	6001	5000	39	10	5000	0.193147	720
12.217408	6001	6000	40	10	6000	0.117408	720
12.248001	6001	5001	40	10	5001	0.148001	720
12.264513	6001	5000	39	10	5001	0.264513	720
12.271910	6001	6001	41	10	5001	0.071910	720
12.291247	6001	6000	40	10	5001	0.191247	720
12.293297	6001	5000	40	10	5000	0.193297	720
12.317724	6001	6000	41	10	6000	0.117724	720
12.346411	6001	5001	41	10	5001	0.146411	720
12.367977	6001	5000	40	10	5001	0.267977	720
12.372158	6001	6001	42	10	5001	0.072158	720
12.392861	6001	6000	41	10	5001	0.192861	720
12.393518	6001	5000	41	10	5000	0.193518	720
12.417569	6001	6000	42	10	6000	0.117569	720
12.446639	6001	5001	42	10	5001	0.146639	720
12.465153	6001	5000	41	10	5001	0.265153	720
12.476018	6001	6001	43	10	5001	0.076018	720
12.490645	6001	6000	42	10	5001	0.190645	720
12.493100	6001	5000	42	10	5000	0.193100	720
12.517592	6001	6000	43	10	6000	0.117592	720
12.547275	6001	5001	43	10	5001	0.147275	720
12.568479	6001	5000	42	10	5001	0.268479	720
12.572603	6001	6001	44	10	5001	0.072603	720
12.589507	6001	6000	43	10	5001	0.189507	720
12.593509	6001	5000	43	10	5000	0.193509	720
12.618149	6001	6000	44	10	6000	0.118149	720
12.647340	6001	5001	44	10	5001	0.147340	720
12.664292	6001	5000	43	10	5001	0.264292	720
12.679329	6001	6001	45	10	5001	0.079329	720
12.691211	6001	6000	44	10	5001	0.191211	720
12.693025	6001	5000	44	10	5000	0.193025	720
12.717772	6001	6000	45	10	6000	0.117772	720
12.747257	6001	5001	45	10	5001	0.147257	720
12.766616	6001	5000	44	10	5001	0.266616	720
12.772318	6001	6001	46	10	5001	0.072318	720
12.788415	6001	6000	45	10	5001	0.188415	720
12.793297	6001	5000	45	10	5000	0.193297	720
12.817765	6001	6000	46	10	6000	0.117765	720
12.847195	6001	5001	46	10	5001	0.147195	720
12.864189	6001	5000	45	10	5001	0.264189	720
12.872195	6001	6001	47	10	5001	0.072195	720
12.891031	6001	6000	46	10	5001	0.191031	720
12.893209	6001	5000	46	10	5000	0.193209	720
12.917628	6001	6000	47	10	6000	0.117628	720
12.946981	6001	5001	47	10	5001	0.146981	720
12.966985	6001	5000	46	10	5001	0.266985	720
12.974595	6001	6001	48	10	5001	0.074595	720
12.989435	6001	6000	47	10	5001	0.189435	720
12.993085	6001	5000	47	10	5000	0.193085	720
13.017636	6001	6000	48	10	6000	0.117636	720
13.046754	6001	5001	48	10	5001	0.146754	720
13.064517	6001	5000	47	10	5001	0.264517	720
13.072354	6001	6001	49	10	5001	0.072354	720
13.090775	6001	6000	48	10	5001	0.190775	720
13.093139	6001	5000	48	10	5000	0.193139	720
13.117685	6001	6000	49	10	6000	0.117685	720
13.147085	6001	5001	49	10	5001	0.147085	720
13.165922	6001	5000	48	10	5001	0.265922	720
13.173974	6001	6001	50	10	5001	0.073974	720
13.188520	6001	6000	49	10	5001	0.188520	720
13.192690	6001	5000	49	10	5000	0.192690	720
13.217251	6001	6000	50	10	6000	0.117251	720
13.247200	6001	5001	50	10	5001	0.147200	720
13.264352	6001	5000	49	10	5001	0.264352	720
13.272186	6001	6001	51	10	5001	0.072186	720
13.293686	6001	5000	50	10	5000	0.193686	720
13.317957	6001	6000	51	10	6000	0.117957	720
13.346631	6001	5001	51	10	5001	0.146631	720
13.364595	6001	5000	50	10	5001	0.264595	720
13.393240	6001	5000	51	10	5000	0.193240	720
13.417963	6001	6000	52	10	6000	0.117963	720
13.446582	6001	5001	52	10	5001	0.146582	720
13.466539	6001	5000	51	10	5001	0.266539	720
13.493540	6001	5000	52	10	5000	0.193540	720
13.517369	6001	6000	53	10	6000	0.117369	720
13.547476	6001	5001	53	10	5001	0.147476	720
13.564910	6001	5000	52	10	5001	0.264910	720
13.594016	6001	5000	53	10	5000	0.194016	720
13.617899	6001	6000	54	10	6000	0.117899	720
13.647807	6001	5001	54	10	5001	0.147807	720
13.664677	6001	5000	53	10	5001	0.264677	720
13.693072	6001	5000	54	10	5000	0.193072	720
13.720119	6001	6000	55	10	6000	0.120119	720
13.746655	6001	5001	55	10	5001	0.146655	720
13.765257	6001	5000	54	10	5001	0.265257	720
13.793279	6001	5000	55	10	5000	0.193279	720
13.817002	6001	6000	56	10	6000	0.117002	720
13.847556	6001	5001	56	10	5001	0.147556	720
13.893219	6001	5000	56	10	5000	0.193219	720
13.900780	6001	5000	55	10	5001	0.300780	720
13.920811	6001	6000	57	10	6000	0.120811	720
13.947165	6001	5001	57	10	5001	0.147165	720
13.982435	6001	5000	56	10	5001	0.282435	720
13.993603	6001	5000	57	10	5000	0.193603	720
14.017940	6001	6000	58	10	6000	0.117940	720
14.046875	6001	5001	58	10	5001	0.146875	720
14.066745	6001	5000	57	10	5001	0.266745	720
14.093489	6001	5000	58	10	5000	0.193489	720
14.117012	6001	6000	59	10	6000	0.117012	720
14.147610	6001	5001	59	10	5001	0.147610	720
14.169058	6001	5000	58	10	5001	0.269058	720
14.192773	6001	5000	59	10	5000	0.192773	720
14.217414	6001	6000	60	10	6000	0.117414	720
14.247842	6001	5001	60	10	5001	0.147842	720
14.265491	6001	5000	59	10	5001	0.265491	720
14.293544	6001	5000	60	10	5000	0.193544	720
14.317078	6001	6000	61	10	6000	0.117078	720
14.347662	6001	5001	61	10	5001	0.147662	720
14.366168	6001	5000	60	10	5001	0.266168	720
14.392728	6001	5000	61	10	5000	0.192728	720
14.417367	6001	6000	62	10	6000	0.117367	720
14.447878	6001	5001	62	10	5001	0.147878	720
14.465110	6001	5000	61	10	5001	0.265110	720
14.493094	6001	5000	62	10	5000	0.193094	720
14.517399	6001	6000	63	10	6000	0.117399	720
14.547670	6001	5001	63	10	5001	0.147670	720
14.566086	6001	5000	62	10	5001	0.266086	720
14.593181	6001	5000	63	10	5000	0.193181	720
14.617351	6001	6000	64	10	6000	0.117351	720
14.647570	6001	5001	64	10	5001	0.147570	720
14.667443	6001	5000	63	10	5001	0.267443	720
14.693924	6001	5000	64	10	5000	0.193924	720
14.716992	6001	6000	65	10	6000	0.116992	720
14.747634	6001	5001	65	10	5001	0.147634	720
14.781517	6001	5000	64	10	5001	0.281517	720
14.793034	6001	5000	65	10	5000	0.193034	720
14.817977	6001	6000	66	10	6000	0.117977	720
14.847342	6001	5001	66	10	5001	0.147342	720
14.865466	6001	5000	65	10	5001	0.265466	720
14.893743	6001	5000	66	10	5000	0.193743	720
14.917023	6001	6000	67	10	6000	0.117023	720
14.946657	6001	5001	67	10	5001	0.146657	720
14.966389	6001	5000	66	10	5001	0.266389	720
14.992673	6001	5000	67	10	5000	0.192673	720
15.017429	6001	6000	68	10	6000	0.117429	720
15.047805	6001	5001	68	10	5001	0.147805	720
15.065469	6001	5000	67	10	5001	0.265469	720
15.093730	6001	5000	68	10	5000	0.193730	720
15.117400	6001	6000	69	10	6000	0.117400	720
15.147567	6001	5001	69	10	5001	0.147567	720
15.167189	6001	5000	68	10	5001	0.267189	720
15.192783	6001	5000	69	10	5000	0.192783	720
15.212355	6001	6000	69	10	5001	0.212355	720
15.217738	6001	6000	70	10	6000	0.117738	720
15.248104	6001	5001	70	10	5001	0.148104	720
15.290007	6001	5000	69	10	5001	0.290007	720
15.290733	6001	5000	69	10	5001	0.290733	720
15.295145	6001	6001	71	10	5001	0.095145	720
15.312364	6001	6000	70	10	5001	0.212364	720
15.317450	6001	6000	71	10	6000	0.117450	720
15.347578	6001	5001	71	10	5001	0.147578	720
15.388526	6001	5000	70	10	5001	0.288526	720
15.395117	6001	6001	72	10	5001	0.095117	720
15.413074	6001	6000	71	10	5001	0.213074	720
15.417826	6001	6000	72	10	6000	0.117826	720
15.447766	6001	5001	72	10	5001	0.147766	720
15.489453	6001	5000	71	10	5001	0.289453	720
15.496307	6001	6001	73	10	5001	0.096307	720
15.513740	6001	6000	72	10	5001	0.213740	720
15.517524	6001	6000	73	10	6000	0.117524	720
15.547746	6001	5001	73	10	5001	0.147746	720
15.589617	6001	5000	72	10	5001	0.289617	720
15.597147	6001	6001	74	10	5001	0.097147	720
15.613779	6001	6000	73	10	5001	0.213779	720
15.617800	6001	6000	74	10	6000	0.117800	720
15.647368	6001	5001	74	10	5001	0.147368	720
15.689633	6001	5000	73	10	5001	0.289633	720
15.696803	6001	6001	75	10	5001	0.096803	720
15.714764	6001	6000	74	10	5001	0.214764	720
15.717304	6001	6000	75	10	6000	0.117304	720
15.747551	6001	5001	75	10	5001	0.147551	720
15.788545	6001	5000	74	10	5001	0.288545	720
15.798223	6001	6001	76	10	5001	0.098223	720
15.814038	6001	6000	75	10	5001	0.214038	720
15.817402	6001	6000	76	10	6000	0.117402	720
15.846816	6001	5001	76	10	5001	0.146816	720
15.889303	6001	5000	75	10	5001	0.289303	720
15.895060	6001	6001	77	10	5001	0.095060	720
15.912690	6001	6000	76	10	5001	0.212690	720
15.917530	6001	6000	77	10	6000	0.117530	720
15.946762	6001	5001	77	10	5001	0.146762	720
15.989559	6001	5000	76	10	5001	0.289559	720
15.996029	6001	6001	78	10	5001	0.096029	720
16.012601	6001	6000	77	10	5001	0.212601	720
16.017525	6001	6000	78	10	6000	0.117525	720
16.047805	6001	5001	78	10	5001	0.147805	720
16.089951	6001	5000	77	10	5001	0.289951	720
16.096650	6001	6001	79	10	5001	0.096650	720
16.112372	6001	6000	78	10	5001	0.212372	720
16.117361	6001	6000	79	10	6000	0.117361	720
16.147878	6001	5001	79	10	5001	0.147878	720
16.189911	6001	5000	78	10	5001	0.289911	720
16.196842	6001	6001	80	10	5001	0.096842	720
16.212505	6001	6000	79	10	5001	0.212505	720
16.217382	6001	6000	80	10	6000	0.117382	720
16.246844	6001	5001	80	10	5001	0.146844	720
16.288573	6001	5000	79	10	5001	0.288573	720
16.294980	6001	6001	81	10	5001	0.094980	720
16.313640	6001	6000	80	10	5001	0.213640	720
16.317528	6001	6000	81	10	6000	0.117528	720
16.347818	6001	5001	81	10	5001	0.147818	720
16.388452	6001	5000	80	10	5001	0.288452	720
16.395372	6001	6001	82	10	5001	0.095372	720
16.412660	6001	6000	81	10	5001	0.212660	720
16.417885	6001	6000	82	10	6000	0.117885	720
16.447977	6001	5001	82	10	5001	0.147977	720
16.489658	6001	5000	81	10	5001	0.289658	720
16.496223	6001	6001	83	10	5001	0.096223	720
16.513790	6001	6000	82	10	5001	0.213790	720
16.517340	6001	6000	83	10	6000	0.117340	720
16.547894	6001	5001	83	10	5001	0.147894	720
16.589634	6001	5000	82	10	5001	0.289634	720
16.596577	6001	6001	84	10	5001	0.096577	720
16.613782	6001	6000	83	10	5001	0.213782	720
16.617471	6001	6000	84	10	6000	0.117471	720
16.647845	6001	5001	84	10	5001	0.147845	720
16.689639	6001	5000	83	10	5001	0.289639	720
16.697023	6001	6001	85	10	5001	0.097023	720
16.714387	6001	6000	84	10	5001	0.214387	720
16.717756	6001	6000	85	10	6000	0.117756	720
16.747714	6001	5001	85	10	5001	0.147714	720
16.790485	6001	5000	84	10	5001	0.290485	720
16.797875	6001	6001	86	10	5001	0.097875	720
16.812807	6001	6000	85	10	5001	0.212807	720
16.817012	6001	6000	86	10	6000	0.117012	720
16.847738	6001	5001	86	10	5001	0.147738	720
16.889524	6001	5000	85	10	5001	0.289524	720
16.896688	6001	6001	87	10	5001	0.096688	720
16.911891	6001	6000	86	10	5001	0.211891	720
16.917028	6001	6000	87	10	6000	0.117028	720
16.947153	6001	5001	87	10	5001	0.147153	720
16.993705	6001	5000	86	10	5001	0.293705	720
16.996416	6001	6001	88	10	5001	0.096416	720
17.011472	6001	6000	87	10	5001	0.211472	720
17.017264	6001	6000	88	10	6000	0.117264	720
17.047957	6001	5001	88	10	5001	0.147957	720
17.089457	6001	5000	87	10	5001	0.289457	720
17.096011	6001	6001	89	10	5001	0.096011	720
17.112354	6001	6000	88	10	5001	0.212354	720
17.116988	6001	6000	89	10	6000	0.116988	720
17.147698	6001	5001	89	10	5001	0.147698	720
17.190086	6001	5000	88	10	5001	0.290086	720
17.197418	6001	6001	90	10	5001	0.097418	720
17.212657	6001	6000	89	10	5001	0.212657	720
17.217285	6001	6000	90	10	6000	0.117285	720
17.247096	6001	5001	90	10	5001	0.147096	720
17.289798	6001	5000	89	10	5001	0.289798	720
17.296002	6001	6001	91	10	5001	0.096002	720
17.318003	6001	6000	91	10	6000	0.118003	720
17.335762	6001	6000	90	10	5001	0.235762	720
17.346904	6001	5001	91	10	5001	0.146904	720
17.390503	6001	5000	90	10	5001	0.290503	720
17.396748	6001	6001	92	10	5001	0.096748	720
17.414065	6001	6000	91	10	5001	0.214065	720
17.417350	6001	6000	92	10	6000	0.117350	720
17.447797	6001	5001	92	10	5001	0.147797	720
17.489130	6001	5000	91	10	5001	0.289130	720
17.497943	6001	6001	93	10	5001	0.097943	720
17.513809	6001	6000	92	10	5001	0.213809	720
17.517341	6001	6000	93	10	6000	0.117341	720
17.547992	6001	5001	93	10	5001	0.147992	720
17.589570	6001	5000	92	10	5001	0.289570	720
17.596702	6001	6001	94	10	5001	0.096702	720
17.613874	6001	6000	93	10	5001	0.213874	720
17.617363	6001	6000	94	10	6000	0.117363	720
17.648329	6001	5001	94	10	5001	0.148329	720
17.689987	6001	5000	93	10	5001	0.289987	720
17.697712	6001	6001	95	10	5001	0.097712	720
17.713924	6001	6000	94	10	5001	0.213924	720
17.716972	6001	6000	95	10	6000	0.116972	720
17.748089	6001	5001	95	10	5001	0.148089	720
17.788973	6001	5000	94	10	5001	0.288973	720
17.798676	6001	6001	96	10	5001	0.098676	720
17.813821	6001	6000	95	10	5001	0.213821	720
17.817294	6001	6000	96	10	6000	0.117294	720
17.848361	6001	5001	96	10	5001	0.148361	720
17.889979	6001	5000	95	10	5001	0.289979	720
17.896697	6001	6001	97	10	5001	0.096697	720
17.917396	6001	6000	97	10	6000	0.117396	720
17.918426	6001	6000	96	10	5001	0.218426	720
17.946847	6001	5001	97	10	5001	0.146847	720
17.988834	6001	5000	96	10	5001	0.288834	720
17.996030	6001	6001	98	10	5001	0.096030	720
18.014782	6001	6000	97	10	5001	0.214782	720
18.017256	6001	6000	98	10	6000	0.117256	720
18.048808	6001	5001	98	10	5001	0.148808	720
18.089852	6001	5000	97	10	5001	0.289852	720
18.117632	6001	6000	99	10	6000	0.117632	720
18.146598	6001	5001	99	10	5001	0.146598	720
18.188537	6001	5000	98	10	5001	0.288537	720
18.217293	6001	6000	100	10	6000	0.117293	720
18.246616	6001	5001	100	10	5001	0.146616	720
18.288506	6001	5000	99	10	5001	0.288506	720
18.317183	6001	6000	101	10	6000	0.117183	720
18.346924	6001	5001	101	10	5001	0.146924	720
18.388627	6001	5000	100	10	5001	0.288627	720
18.417314	6001	6000	102	10	6000	0.117314	720
18.447203	6001	5001	102	10	5001	0.147203	720
18.502928	6001	5000	101	10	5001	0.302928	720
18.517334	6001	6000	103	10	6000	0.117334	720
18.547360	6001	5001	103	10	5001	0.147360	720
18.600137	6001	5000	102	10	5001	0.300137	720
18.617956	6001	6000	104	10	6000	0.117956	720
18.647402	6001	5001	104	10	5001	0.147402	720
18.688287	6001	5000	103	10	5001	0.288287	720
18.718046	6001	6000	105	10	6000	0.118046	720
18.747350	6001	5001	105	10	5001	0.147350	720
18.788584	6001	5000	104	10	5001	0.288584	720
18.817976	6001	6000	106	10	6000	0.117976	720
18.847426	6001	5001	106	10	5001	0.147426	720
18.888522	6001	5000	105	10	5001	0.288522	720
18.917340	6001	6000	107	10	6000	0.117340	720
18.947324	6001	5001	107	10	5001	0.147324	720
18.988931	6001	5000	106	10	5001	0.288931	720
19.017393	6001	6000	108	10	6000	0.117393	720
19.047435	6001	5001	108	10	5001	0.147435	720
19.089027	6001	5000	107	10	5001	0.289027	720
19.113403	6001	6001	108	10	5001	0.213403	720
19.116985	6001	6000	109	10	6000	0.116985	720
19.125805	6001	6000	107	10	5001	0.325805	720
19.147207	6001	5001	109	10	5001	0.147207	720
19.157800	6001	5001	107	10	5001	0.357800	720
19.192783	6001	5000	108	10	5001	0.292783	720
19.209218	6001	6001	109	10	5001	0.209218	720
19.217470	6001	6000	110	10	6000	0.117470	720
19.247181	6001	5001	110	10	5001	0.147181	720
19.290912	6001	5000	109	10	5001	0.290912	720
19.317259	6001	6000	111	10	6000	0.117259	720
19.346643	6001	5001	111	10	5001	0.146643	720
19.388250	6001	5000	110	10	5001	0.288250	720
19.417320	6001	6000	112	10	6000	0.117320	720
19.447184	6001	5001	112	10	5001	0.147184	720
19.488308	6001	5000	111	10	5001	0.288308	720
19.517328	6001	6000	113	10	6000	0.117328	720
19.547339	6001	5001	113	10	5001	0.147339	720
19.588384	6001	5000	112	10	5001	0.288384	720
19.617417	6001	6000	114	10	6000	0.117417	720
19.647472	6001	5001	114	10	5001	0.147472	720
19.688483	6001	5000	113	10	5001	0.288483	720
19.691095	6001	6000	114	10	5001	0.191095	720
19.717373	6001	6000	115	10	6000	0.117373	720
19.747549	6001	5001	115	10	5001	0.147549	720
19.788370	6001	5000	114	10	5001	0.288370	720
19.793311	6001	6000	115	10	5001	0.193311	720
19.817993	6001	6000	116	10	6000	0.117993	720
19.847275	6001	5001	116	10	5001	0.147275	720
19.889771	6001	5000	115	10	5001	0.289771	720
19.894597	6001	6000	116	10	5001	0.194597	720
19.916962	6001	6000	117	10	6000	0.116962	720
19.930148	6001	6000	115	10	5001	0.330148	720
19.947303	6001	5001	117	10	5001	0.147303	720
19.959367	6001	5001	115	10	5001	0.359367	720
19.987701	6001	6000	117	10	5001	0.187701	720
19.989550	6001	5000	116	10	5001	0.289550	720
19.994960	6001	6000	115	10	5001	0.394960	720
20.011629	6001	6001	117	10	5001	0.211629	720
20.017335	6001	6000	118	10	6000	0.117335	720
20.030447	6001	6000	116	10	5001	0.330447	720
20.047368	6001	5001	118	10	5001	0.147368	720
20.087929	6001	5000	117	10	5001	0.287929	720
20.093922	6001	6000	118	10	5001	0.193922	720
20.117325	6001	6000	119	10	6000	0.117325	720
20.147488	6001	5001	119	10	5001	0.147488	720
20.187871	6001	5000	118	10	5001	0.287871	720
20.190442	6001	6000	119	10	5001	0.190442	720
20.217402	6001	6000	120	10	6000	0.117402	720
20.247303	6001	5001	120	10	5001	0.147303	720
20.287533	6001	5000	119	10	5001	0.287533	720
20.290861	6001	6000	120	10	5001	0.190861	720
20.318049	6001	6000	121	10	6000	0.118049	720
20.346554	6001	5001	121	10	5001	0.146554	720
20.388831	6001	5000	120	10	5001	0.288831	720
20.392874	6001	6000	121	10	5001	0.192874	720
20.417448	6001	6000	122	10	6000	0.117448	720
20.447208	6001	5001	122	10	5001	0.147208	720
20.491019	6001	5000	121	10	5001	0.291019	720
20.491898	6001	6000	122	10	5001	0.191898	720
20.517395	6001	6000	123	10	6000	0.117395	720
20.547252	6001	5001	123	10	5001	0.147252	720
20.590267	6001	5000	122	10	5001	0.290267	720
20.591142	6001	6000	123	10	5001	0.191142	720
20.617350	6001	6000	124	10	6000	0.117350	720
20.647216	6001	5001	124	10	5001	0.147216	720
20.699329	6001	5000	123	10	5001	0.299329	720
20.700763	6001	6000	124	10	5001	0.200763	720
20.717202	6001	6000	125	10	6000	0.117202	720
20.746911	6001	5001	125	10	5001	0.146911	720
20.790476	6001	6000	125	10	5001	0.190476	720
20.799526	6001	5000	124	10	5001	0.299526	720
20.816956	6001	6000	126	10	6000	0.116956	720
20.847249	6001	5001	126	10	5001	0.147249	720
20.889509	6001	5000	125	10	5001	0.289509	720
20.890760	6001	6000	126	10	5001	0.190760	720
20.916989	6001	6000	127	10	6000	0.116989	720
20.946611	6001	5001	127	10	5001	0.146611	720
20.988833	6001	6000	127	10	5001	0.188833	720
20.989199	6001	5000	126	10	5001	0.289199	720
21.017076	6001	6000	128	10	6000	0.117076	720
21.046679	6001	5001	128	10	5001	0.146679	720
21.068772	6001	6001	128	10	5001	0.168772	720
21.084768	6001	6000	127	10	5001	0.284768	720
21.088408	6001	5000	127	10	5001	0.288408	720
21.088796	6001	6000	128	10	5001	0.188796	720
21.114976	6001	5001	127	10	5001	0.314976	720
21.117150	6001	6000	129	10	6000	0.117150	720
21.146650	6001	5001	129	10	5001	0.146650	720
21.189546	6001	5000	128	10	5001	0.289546	720
21.189926	6001	6000	129	10	5001	0.189926	720
21.217052	6001	6000	130	10	6000	0.117052	720
21.246668	6001	5001	130	10	5001	0.146668	720
21.289410	6001	6000	130	10	5001	0.189410	720
21.294107	6001	5000	129	10	5001	0.294107	720
21.303606	6001	6001	131	10	5001	0.103606	720
21.314136	6001	6000	130	10	5001	0.214136	720
21.317055	6001	6000	131	10	6000	0.117055	720
21.346588	6001	5001	131	10	5001	0.146588	720
21.378187	6001	6000	130	10	5001	0.278187	720
21.387956	6001	6000	131	10	5001	0.187956	720
21.388464	6001	5000	130	10	5001	0.288464	720
21.399136	6001	6001	132	10	5001	0.099136	720
21.415855	6001	6000	131	10	5001	0.215855	720
21.417035	6001	6000	132	10	6000	0.117035	720
21.446744	6001	5001	132	10	5001	0.146744	720
21.478668	6001	6000	131	10	5001	0.278668	720
21.496661	6001	5000	131	10	5001	0.296661	720
21.496853	6001	6000	132	10	5001	0.196853	720
21.499457	6001	6001	133	10	5001	0.099457	720
21.516792	6001	6000	132	10	5001	0.216792	720
21.517104	6001	6000	133	10	6000	0.117104	720
21.546760	6001	5001	133	10	5001	0.146760	720
21.589374	6001	6000	132	10	5001	0.289374	720
21.595272	6001	6000	133	10	5001	0.195272	720
21.597121	6001	5000	132	10	5001	0.297121	720
21.603990	6001	6001	134	10	5001	0.103990	720
21.621934	6001	6000	134	10	6000	0.121934	720
21.622958	6001	6000	133	10	5001	0.222958	720
21.646557	6001	5001	134	10	5001	0.146557	720
21.680546	6001	6000	133	10	5001	0.280546	720
21.695523	6001	6000	134	10	5001	0.195523	720
21.702546	6001	5000	133	10	5001	0.302546	720
21.702677	6001	6001	135	10	5001	0.102677	720
21.717524	6001	6000	135	10	6000	0.117524	720
21.724972	6001	6000	134	10	5001	0.224972	720
21.746972	6001	5001	135	10	5001	0.146972	720
21.782597	6001	6000	134	10	5001	0.282597	720
21.793719	6001	6000	135	10	5001	0.193719	720
21.804450	6001	5000	134	10	5001	0.304450	720
21.804544	6001	6001	136	10	5001	0.104544	720
21.817011	6001	6000	136	10	6000	0.117011	720
21.817159	6001	6000	135	10	5001	0.217159	720
21.846616	6001	5001	136	10	5001	0.146616	720
21.890596	6001	6000	135	10	5001	0.290596	720
21.909182	6001	6000	136	10	5001	0.209182	720
21.916987	6001	6000	137	10	6000	0.116987	720
21.918039	6001	6000	135	10	5001	0.318039	720
21.939487	6001	5000	135	10	5001	0.339487	720
21.942453	6001	6001	137	10	5001	0.142453	720
21.945589	6001	6000	135	10	5001	0.345589	720
21.945679	6001	6000	136	10	5001	0.245679	720
21.946453	6001	5001	137	10	5001	0.146453	720
21.974571	6001	6000	135	10	5001	0.374571	720
21.976320	6001	6001	137	10	5001	0.176320	720
21.978528	6001	6000	136	10	5001	0.278528	720
21.987960	6001	6000	136	10	5001	0.287960	720
22.013817	6001	6001	137	10	5001	0.213817	720
22.017010	6001	6000	138	10	6000	0.117010	720
22.017774	6001	6000	136	10	5001	0.317774	720
22.047346	6001	6000	136	10	5001	0.347346	720
22.047503	6001	5001	138	10	5001	0.147503	720
22.068667	6001	6000	137	10	5001	0.268667	720
22.080218	6001	6000	136	10	5001	0.380218	720
22.089852	6001	5000	136	10	5001	0.389852	720
22.097610	6001	6001	138	10	5001	0.197610	720
22.099426	6001	6000	138	10	5001	0.199426	720
22.103488	6001	6000	137	10	5001	0.303488	720
22.106246	6001	5000	137	10	5001	0.306246	720
22.112917	6001	6001	139	10	5001	0.112917	720
22.117115	6001	6000	139	10	6000	0.117115	720
22.129677	6001	6000	138	10	5001	0.229677	720
22.146517	6001	5001	139	10	5001	0.146517	720
22.149348	6001	6001	138	10	5001	0.249348	720
22.152193	6001	6000	137	10	5001	0.352193	720
22.163059	6001	6001	139	10	5001	0.163059	720
22.167035	6001	6000	137	10	5001	0.367035	720
22.180471	6001	6000	138	10	5001	0.280471	720
22.200142	6001	6000	138	10	5001	0.300142	720
22.200652	6001	6001	138	10	5001	0.300652	720
22.201653	6001	6000	137	10	5001	0.401653	720
22.208898	6001	6001	139	10	5001	0.208898	720
22.210834	6001	6000	137	10	5001	0.410834	720
22.215471	6001	6000	138	10	5001	0.315471	720
22.216967	6001	6000	140	10	6000	0.116967	720
22.229366	6001	6000	138	10	5001	0.329366	720
22.241278	6001	6000	137	10	5001	0.441278	720
22.246569	6001	5001	140	10	5001	0.146569	720
22.271021	6001	6000	138	10	5001	0.371021	720
22.297894	6001	6000	139	10	5001	0.297894	720
22.317221	6001	6000	141	10	6000	0.117221	720
22.319968	6001	6000	140	10	5001	0.219968	720
22.323415	6001	5000	138	10	5001	0.423415	720
22.328192	6001	6001	140	10	5001	0.228192	720
22.332398	6001	5000	139	10	5001	0.332398	720
22.332493	6001	6000	139	10	5001	0.332493	720
22.343949	6001	6001	141	10	5001	0.143949	720
22.346475	6001	5001	141	10	5001	0.146475	720
22.354678	6001	6000	140	10	5001	0.254678	720
22.383207	6001	6001	140	10	5001	0.283207	720
22.387725	6001	6000	139	10	5001	0.387725	720
22.399192	6001	6001	141	10	5001	0.199192	720
22.406050	6001	6000	139	10	5001	0.406050	720
22.407835	6001	6000	140	10	5001	0.307835	720
22.414621	6001	5000	140	10	5001	0.314621	720
22.416915	6001	6000	142	10	6000	0.116915	720
22.418471	6001	6001	142	10	5001	0.118471	720
22.438137	6001	6000	140	10	5001	0.338137	720
22.446521	6001	5001	142	10	5001	0.146521	720
22.449387	6001	6001	140	10	5001	0.349387	720
22.454677	6001	6000	139	10	5001	0.454677	720
22.464645	6001	6001	141	10	5001	0.264645	720
22.468583	6001	6000	140	10	5001	0.368583	720
22.470462	6001	6000	139	10	5001	0.470462	720
22.473442	6001	6001	142	10	5001	0.173442	720
22.476654	6001	6000	140	10	5001	0.376654	720
22.489251	6001	6000	139	10	5001	0.489251	720
22.492619	6001	6001	142	10	5001	0.192619	720
22.493985	6001	6000	140	10	5001	0.393985	720
22.546530	6001	5001	143	10	5001	0.146530	720
22.566472	6001	6000	141	10	5001	0.366472	720
22.574747	6001	6000	142	10	5001	0.274747	720
22.592673	6001	6000	143	10	5001	0.192673	720
22.595956	6001	6000	141	10	5001	0.395956	720
22.599718	6001	5000	141	10	5001	0.399718	720
22.610062	6001	6001	143	10	5001	0.210062	720
22.613660	6001	5000	142	10	5001	0.313660	720
22.614028	6001	6000	142	10	5001	0.314028	720
22.625225	6001	6001	144	10	5001	0.125225	720
22.646622	6001	5001	144	10	5001	0.146622	720
22.660850	6001	6000	141	10	5001	0.460850	720
22.669758	6001	6001	143	10	5001	0.269758	720
22.676061	6001	6000	142	10	5001	0.376061	720
22.680200	6001	6000	141	10	5001	0.480200	720
22.684407	6001	6001	144	10	5001	0.184407	720
22.692393	6001	6000	142	10	5001	0.392393	720
22.709720	6001	6000	143	10	5001	0.309720	720
22.725212	6001	6000	141	10	5001	0.525212	720
22.734324	6001	6001	143	10	5001	0.334324	720
22.739585	6001	6000	142	10	5001	0.439585	720
22.745012	6001	6001	144	10	5001	0.245012	720
22.746531	6001	5001	145	10	5001	0.146531	720
22.750454	6001	6000	141	10	5001	0.550454	720
22.756011	6001	6000	142	10	5001	0.456011	720
22.760468	6001	6000	143	10	5001	0.360468	720
22.766214	6001	6000	141	10	5001	0.566214	720
22.769647	6001	6000	142	10	5001	0.469647	720
22.770642	6001	6000	143	10	5001	0.370642	720
22.844534	6001	6000	144	10	5001	0.344534	720
22.846568	6001	5001	146	10	5001	0.146568	720
22.849534	6001	6000	145	10	5001	0.249534	720
22.871835	6001	5000	143	10	5001	0.471835	720
22.874851	6001	6001	145	10	5001	0.274851	720
22.878339	6001	5000	144	10	5001	0.378339	720
22.885229	6001	6001	146	10	5001	0.185229	720
22.903261	6001	5000	145	10	5001	0.303261	720
22.907778	6001	6000	146	10	5001	0.207778	720
22.915153	6001	6001	147	10	5001	0.115153	720
22.934889	6001	6001	145	10	5001	0.334889	720
22.946526	6001	5001	147	10	5001	0.146526	720
22.951949	6001	6001	146	10	5001	0.251949	720
22.964377	6001	6000	144	10	5001	0.464377	720
22.973306	6001	6000	145	10	5001	0.373306	720
22.984501	6001	6001	147	10	5001	0.184501	720
22.995684	6001	6001	145	10	5001	0.395684	720
23.015824	6001	6001	146	10	5001	0.315824	720
23.024838	6001	6000	146	10	5001	0.324838	720
23.025401	6001	6000	144	10	5001	0.525401	720
23.027829	6001	6001	147	10	5001	0.227829	720
23.030765	6001	6000	145	10	5001	0.430765	720
23.046574	6001	5001	148	10	5001	0.146574	720
23.057985	6001	6000	144	10	5001	0.557985	720
23.074719	6001	6000	145	10	5001	0.474719	720
23.076340	6001	6000	146	10	5001	0.376340	720
23.092238	6001	6000	146	10	5001	0.392238	720
23.146715	6001	5001	149	10	5001	0.146715	720
23.169781	6001	6000	147	10	5001	0.369781	720
23.175521	6001	6000	148	10	5001	0.275521	720
23.193033	6001	6000	149	10	5001	0.193033	720
23.194243	6001	5000	146	10	5001	0.494243	720
23.197961	6001	6001	148	10	5001	0.297961	720
23.203601	6001	5000	147	10	5001	0.403601	720
23.207469	6001	6001	149	10	5001	0.207469	720
23.221264	6001	5000	148	10	5001	0.321264	720
23.246471	6001	5001	150	10	5001	0.146471	720
23.256211	6001	6001	148	10	5001	0.356211	720
23.263947	6001	6001	149	10	5001	0.263947	720
23.273778	6001	6001	150	10	5001	0.173778	720
23.278863	6001	6000	147	10	5001	0.478863	720
23.286630	6001	6000	148	10	5001	0.386630	720
23.296669	6001	6000	149	10	5001	0.296669	720
23.301291	6001	6001	148	10	5001	0.401291	720
23.315453	6001	6001	149	10	5001	0.315453	720
23.324149	6001	6000	147	10	5001	0.524149	720
23.325399	6001	6000	148	10	5001	0.425399	720
23.332173	6001	6000	149	10	5001	0.332173	720
23.346481	6001	5001	151	10	5001	0.146481	720
23.348679	6001	6000	147	10	5001	0.548679	720
23.355090	6001	6000	148	10	5001	0.455090	720
23.369178	6001	6000	149	10	5001	0.369178	720
23.418949	6001	6000	150	10	5001	0.318949	720
23.424794	6001	6000	151	10	5001	0.224794	720
23.433602	6001	5000	149	10	5001	0.433602	720
23.443268	6001	5000	150	10	5001	0.343268	720
23.446454	6001	5001	152	10	5001	0.146454	720
23.486006	6001	6001	151	10	5001	0.286006	720
23.489756	6001	5000	151	10	5001	0.289756	720
23.499995	6001	6001	152	10	5001	0.199995	720
23.506166	6001	6000	150	10	5001	0.406166	720
23.507565	6001	6000	152	10	5001	0.207565	720
23.511685	6001	6000	151	10	5001	0.311685	720
23.546371	6001	5001	153	10	5001	0.146371	720
23.552391	6001	6000	150	10	5001	0.452391	720
23.563516	6001	6000	151	10	5001	0.363516	720
23.583214	6001	6001	153	10	5001	0.183214	720
23.593760	6001	6000	153	10	5001	0.193760	720
23.595661	6001	6000	150	10	5001	0.495661	720
23.595960	6001	6000	152	10	5001	0.295960	720
23.603427	6001	6000	151	10	5001	0.403427	720
23.614085	6001	5000	152	10	5001	0.314085	720
23.643140	6001	6000	152	10	5001	0.343140	720
23.646340	6001	5001	154	10	5001	0.146340	720
23.665388	6001	6001	154	10	5001	0.165388	720
23.682280	6001	6000	153	10	5001	0.282280	720
23.685185	6001	6000	152	10	5001	0.385185	720
23.687554	6001	6000	154	10	5001	0.187554	720
23.696614	6001	5000	153	10	5001	0.296614	720
23.729771	6001	6000	153	10	5001	0.329771	720
23.746403	6001	5001	155	10	5001	0.146403	720
23.756088	6001	6001	155	10	5001	0.156088	720
23.775100	6001	6000	153	10	5001	0.375100	720
23.780834	6001	6000	154	10	5001	0.280834	720
23.792898	6001	6000	155	10	5001	0.192898	720
23.815658	6001	5000	154	10	5001	0.315658	720
23.832989	6001	6000	154	10	5001	0.332989	720
23.846416	6001	5001	156	10	5001	0.146416	720
23.847903	6001	6001	156	10	5001	0.147903	720
23.870612	6001	6000	154	10	5001	0.370612	720
23.880920	6001	6000	155	10	5001	0.280920	720
23.910287	6001	6000	156	10	5001	0.210287	720
23.927504	6001	6000	155	10	5001	0.327504	720
23.939032	6001	5000	155	10	5001	0.339032	720
23.946308	6001	5001	157	10	5001	0.146308	720
23.970299	6001	6000	155	10	5001	0.370299	720
23.982650	6001	6001	157	10	5001	0.182650	720
23.989239	6001	5000	156	10	5001	0.289239	720
23.990874	6001	6000	157	10	5001	0.190874	720
24.002116	6001	6000	156	10	5001	0.302116	720
24.046757	6001	5001	158	10	5001	0.146757	720
24.046884	6001	6001	158	10	5001	0.146884	720
24.048326	6001	6000	156	10	5001	0.348326	720
24.079383	6001	6000	157	10	5001	0.279383	720
24.090162	6001	5000	157	10	5001	0.290162	720
24.094581	6001	6000	156	10	5001	0.394581	720
24.095713	6001	6000	158	10	5001	0.195713	720
24.126293	6001	6000	157	10	5001	0.326293	720
24.146376	6001	5001	159	10	5001	0.146376	720
24.150788	6001	6001	159	10	5001	0.150788	720
24.167233	6001	6000	157	10	5001	0.367233	720
24.187351	6001	6000	158	10	5001	0.287351	720
24.198007	6001	6000	159	10	5001	0.198007	720
24.199564	6001	5000	158	10	5001	0.299564	720
24.236392	6001	6000	158	10	5001	0.336392	720
24.246266	6001	5001	160	10	5001	0.146266	720
24.248206	6001	6001	160	10	5001	0.148206	720
24.281265	6001	6000	158	10	5001	0.381265	720
24.292850	6001	6000	159	10	5001	0.292850	720
24.308424	6001	6000	160	10	5001	0.208424	720
24.332167	6001	5000	159	10	5001	0.332167	720
24.336227	6001	6000	159	10	5001	0.336227	720
24.346256	6001	5001	161	10	5001	0.146256	720
24.375910	6001	6000	159	10	5001	0.375910	720
24.381261	6001	6001	161	10	5001	0.181261	720
24.404123	6001	5000	160	10	5001	0.304123	720
24.407455	6001	6000	160	10	5001	0.307455	720
24.410032	6001	6000	161	10	5001	0.210032	720
24.446436	6001	5001	162	10	5001	0.146436	720
24.446543	6001	6000	160	10	5001	0.346543	720
24.449217	6001	6001	162	10	5001	0.149217	720
24.497184	6001	6000	160	10	5001	0.397184	720
24.499999	6001	6000	162	10	5001	0.199999	720
24.500710	6001	6000	161	10	5001	0.300710	720
24.515483	6001	5000	161	10	5001	0.315483	720
24.543498	6001	6000	161	10	5001	0.343498	720
24.544059	6001	6001	164	10	5001	0.044059	720
24.546275	6001	5001	163	10	5001	0.146275	720
24.564231	6001	6001	163	10	5001	0.164231	720
24.583773	6001	6000	162	10	5001	0.283773	720
24.584377	6001	6000	161	10	5001	0.384377	720
24.587970	6001	6000	163	10	5001	0.187970	720
24.613069	6001	5000	162	10	5001	0.313069	720
24.629195	6001	6000	162	10	5001	0.329195	720
24.640543	6001	6001	165	10	5001	0.040543	720
24.646287	6001	5001	164	10	5001	0.146287	720
24.662101	6001	6001	164	10	5001	0.162101	720
24.685966	6001	6000	162	10	5001	0.385966	720
24.691833	6001	6000	163	10	5001	0.291833	720
24.695327	6001	6001	164	10	5001	0.195327	720
24.698074	6001	6000	164	10	5001	0.198074	720
24.701033	6001	5000	163	10	5001	0.301033	720
24.726205	6001	6000	163	10	5001	0.326205	720
24.746423	6001	6001	166	10	5001	0.046423	720
24.746526	6001	5001	165	10	5001	0.146526	720
24.759205	6001	6001	165	10	5001	0.159205	720
24.768669	6001	6000	163	10	5001	0.368669	720
24.777583	6001	6000	164	10	5001	0.277583	720
24.779971	6001	6001	165	10	5001	0.179971	720
24.790457	6001	6000	165	10	5001	0.190457	720
24.813087	6001	5000	164	10	5001	0.313087	720
24.826042	6001	6000	164	10	5001	0.326042	720
24.840527	6001	6001	167	10	5001	0.040527	720
24.846349	6001	5001	166	10	5001	0.146349	720
24.864834	6001	6001	166	10	5001	0.164834	720
24.868647	6001	6000	164	10	5001	0.368647	720
24.882612	6001	6000	165	10	5001	0.282612	720
24.884505	6001	6001	166	10	5001	0.184505	720
24.888009	6001	5000	165	10	5001	0.288009	720
24.891187	6001	6000	166	10	5001	0.191187	720
24.926286	6001	6000	165	10	5001	0.326286	720
24.928933	6001	6001	168	10	5001	0.028933	720
24.946466	6001	5001	167	10	5001	0.146466	720
24.959522	6001	6001	167	10	5001	0.159522	720
24.973882	6001	6000	165	10	5001	0.373882	720
24.983575	6001	6001	167	10	5001	0.183575	720
24.983671	6001	6000	166	10	5001	0.283671	720
24.991073	6001	5000	166	10	5001	0.291073	720
24.992477	6001	6000	167	10	5001	0.192477	720
25.027242	6001	6000	166	10	5001	0.327242	720
25.028221	6001	6001	169	10	5001	0.028221	720
25.046518	6001	5001	168	10	5001	0.146518	720
25.049118	6001	6001	168	10	5001	0.149118	720
25.071166	6001	6001	168	10	5001	0.171166	720
25.076860	6001	6000	166	10	5001	0.376860	720
25.079946	6001	6000	167	10	5001	0.279946	720
25.088761	6001	6000	168	10	5001	0.188761	720
25.090859	6001	5000	167	10	5001	0.290859	720
25.128650	6001	6000	167	10	5001	0.328650	720
25.129597	6001	6001	170	10	5001	0.029597	720
25.146457	6001	5001	169	10	5001	0.146457	720
25.149346	6001	6001	169	10	5001	0.149346	720
25.172388	6001	6001	169	10	5001	0.172388	720
25.173622	6001	6000	167	10	5001	0.373622	720
25.183502	6001	6000	168	10	5001	0.283502	720
25.191272	6001	5000	168	10	5001	0.291272	720
25.206276	6001	6000	169	10	5001	0.206276	720
25.225182	6001	6000	168	10	5001	0.325182	720
25.246350	6001	5001	170	10	5001	0.146350	720
25.248385	6001	6001	171	10	5001	0.048385	720
25.249980	6001	6001	170	10	5001	0.149980	720
25.267652	6001	6001	170	10	5001	0.167652	720
25.272536	6001	6000	168	10	5001	0.372536	720
25.291874	6001	6000	170	10	5001	0.191874	720
25.297904	6001	6000	169	10	5001	0.297904	720
25.321509	6001	5000	169	10	5001	0.321509	720
25.344549	6001	6000	169	10	5001	0.344549	720
25.346283	6001	5001	171	10	5001	0.146283	720
25.361763	6001	6001	171	10	5001	0.161763	720
25.363597	6001	6001	172	10	5001	0.063597	720
25.382204	6001	6000	170	10	5001	0.282204	720
25.383284	6001	6001	171	10	5001	0.183284	720
25.386638	6001	6000	169	10	5001	0.386638	720
25.392978	6001	5000	170	10	5001	0.292978	720
25.407009	6001	6000	171	10	5001	0.207009	720
25.429327	6001	6001	173	10	5001	0.029327	720
25.446510	6001	5001	172	10	5001	0.146510	720
25.472761	6001	6000	170	10	5001	0.372761	720
25.493015	6001	6000	172	10	5001	0.193015	720
25.498826	6001	5000	171	10	5001	0.298826	720
25.498959	6001	6000	171	10	5001	0.298959	720
25.528487	6001	6001	174	10	5001	0.028487	720
25.546682	6001	5001	173	10	5001	0.146682	720
25.579589	6001	6000	172	10	5001	0.279589	720
25.586611	6001	6000	171	10	5001	0.386611	720
25.587260	6001	6000	173	10	5001	0.187260	720
25.595238	6001	5000	172	10	5001	0.295238	720
25.628871	6001	6001	175	10	5001	0.028871	720
25.646624	6001	5001	174	10	5001	0.146624	720
25.669639	6001	6000	172	10	5001	0.369639	720
25.680456	6001	6000	173	10	5001	0.280456	720
25.688138	6001	5000	173	10	5001	0.288138	720
25.691611	6001	6000	174	10	5001	0.191611	720
25.728211	6001	6001	176	10	5001	0.028211	720
25.746483	6001	5001	175	10	5001	0.146483	720
25.769221	6001	6000	173	10	5001	0.369221	720
25.780697	6001	6000	174	10	5001	0.280697	720
25.789486	6001	5000	174	10	5001	0.289486	720
25.794620	6001	6000	175	10	5001	0.194620	720
25.830037	6001	6001	177	10	5001	0.030037	720
25.846466	6001	5001	176	10	5001	0.146466	720
25.873637	6001	6000	174	10	5001	0.373637	720
25.896999	6001	5000	175	10	5001	0.296999	720
25.900050	6001	6000	176	10	5001	0.200050	720
25.928362	6001	6001	178	10	5001	0.028362	720
25.946743	6001	5001	177	10	5001	0.146743	720
25.951085	6001	6000	175	10	5001	0.351085	720
26.001618	6001	6000	177	10	5001	0.201618	720
26.006395	6001	5000	176	10	5001	0.306395	720
26.043779	6001	6001	179	10	5001	0.043779	720
26.046499	6001	5001	178	10	5001	0.146499	720
26.056069	6001	6000	176	10	5001	0.356069	720
26.090811	6001	6000	178	10	5001	0.190811	720
26.109355	6001	5000	177	10	5001	0.309355	720
26.129178	6001	6001	180	10	5001	0.029178	720
26.146756	6001	5001	179	10	5001	0.146756	720
26.153733	6001	6000	177	10	5001	0.353733	720
26.186805	6001	5000	178	10	5001	0.286805	720
26.193325	6001	6000	179	10	5001	0.193325	720
26.228587	6001	6001	181	10	5001	0.028587	720
26.246402	6001	5001	180	10	5001	0.146402	720
26.254274	6001	6000	178	10	5001	0.354274	720
26.287454	6001	6000	180	10	5001	0.187454	720
26.288315	6001	5000	179	10	5001	0.288315	720
26.328525	6001	6001	182	10	5001	0.028525	720
26.346577	6001	5001	181	10	5001	0.146577	720
26.351374	6001	6000	179	10	5001	0.351374	720
26.386437	6001	5000	180	10	5001	0.286437	720
26.428305	6001	6001	183	10	5001	0.028305	720
26.446659	6001	5001	182	10	5001	0.146659	720
26.447630	6001	6000	180	10	5001	0.347630	720
26.486681	6001	5000	181	10	5001	0.286681	720
26.529806	6001	6001	184	10	5001	0.029806	720
26.546480	6001	5001	183	10	5001	0.146480	720
26.553581	6001	6000	181	10	5001	0.353581	720
26.590766	6001	5000	182	10	5001	0.290766	720
26.627803	6001	6001	185	10	5001	0.027803	720
26.646754	6001	5001	184	10	5001	0.146754	720
26.658608	6001	6000	182	10	5001	0.358608	720
26.687387	6001	5000	183	10	5001	0.287387	720
26.732409	6001	6001	186	10	5001	0.032409	720
26.746437	6001	5001	185	10	5001	0.146437	720
26.752466	6001	6000	183	10	5001	0.352466	720
26.788078	6001	5000	184	10	5001	0.288078	720
26.828455	6001	6001	187	10	5001	0.028455	720
26.846519	6001	5001	186	10	5001	0.146519	720
26.859779	6001	6000	184	10	5001	0.359779	720
26.886614	6001	5000	185	10	5001	0.286614	720
26.929401	6001	6001	188	10	5001	0.029401	720
26.946393	6001	5001	187	10	5001	0.146393	720
26.952973	6001	6000	185	10	5001	0.352973	720
26.991705	6001	5000	186	10	5001	0.291705	720
27.029568	6001	6001	189	10	5001	0.029568	720
27.046690	6001	5001	188	10	5001	0.146690	720
27.047712	6001	6000	186	10	5001	0.347712	720
27.086678	6001	5000	187	10	5001	0.286678	720
27.130327	6001	6001	190	10	5001	0.030327	720
27.146355	6001	5001	189	10	5001	0.146355	720
27.172131	6001	6000	187	10	5001	0.372131	720
27.188351	6001	5000	188	10	5001	0.288351	720
27.240180	6001	6001	191	10	5001	0.040180	720
27.246333	6001	5001	190	10	5001	0.146333	720
27.252645	6001	6000	188	10	5001	0.352645	720
27.287152	6001	5000	189	10	5001	0.287152	720
27.329086	6001	6001	192	10	5001	0.029086	720
27.346486	6001	5001	191	10	5001	0.146486	720
27.349885	6001	6000	189	10	5001	0.349885	720
27.390493	6001	5000	190	10	5001	0.290493	720
27.429388	6001	6001	193	10	5001	0.029388	720
27.446649	6001	5001	192	10	5001	0.146649	720
27.487320	6001	6000	190	10	5001	0.387320	720
27.490308	6001	5000	191	10	5001	0.290308	720
27.529352	6001	6001	194	10	5001	0.029352	720
27.546445	6001	5001	193	10	5001	0.146445	720
27.547386	6001	6000	191	10	5001	0.347386	720
27.589723	6001	5000	192	10	5001	0.289723	720
27.635452	6001	6001	195	10	5001	0.035452	720
27.646848	6001	5001	194	10	5001	0.146848	720
27.651071	6001	6000	192	10	5001	0.351071	720
27.688748	6001	5000	193	10	5001	0.288748	720
27.730285	6001	6001	196	10	5001	0.030285	720
27.746848	6001	5001	195	10	5001	0.146848	720
27.764736	6001	6000	193	10	5001	0.364736	720
27.794806	6001	5000	194	10	5001	0.294806	720
27.827466	6001	6001	197	10	5001	0.027466	720
27.846442	6001	5001	196	10	5001	0.146442	720
27.855153	6001	6001	197	10	5001	0.055153	720
27.927933	6001	6001	198	10	5001	0.027933	720
27.946581	6001	5001	197	10	5001	0.146581	720
27.951962	6001	6000	195	10	5001	0.351962	720
27.957985	6001	6001	198	10	5001	0.057985	720
27.989749	6001	5000	196	10	5001	0.289749	720
28.031280	6001	6001	199	10	5001	0.031280	720
28.044754	6001	6000	196	10	5001	0.344754	720
28.046577	6001	5001	198	10	5001	0.146577	720
28.054342	6001	6001	199	10	5001	0.054342	720
28.088278	6001	5000	197	10	5001	0.288278	720
28.129494	6001	6001	200	10	5001	0.029494	720
28.146865	6001	5001	199	10	5001	0.146865	720
28.147019	6001	6000	197	10	5001	0.347019	720
28.156575	6001	6001	200	10	5001	0.056575	720
28.186639	6001	5000	198	10	5001	0.286639	720
28.217113	6001	6000	200	10	6000	0.117113	720
28.230473	6001	6001	201	10	5001	0.030473	720
28.244593	6001	6000	198	10	5001	0.344593	720
28.246477	6001	5001	200	10	5001	0.146477	720
28.255595	6001	6001	201	10	5001	0.055595	720
28.284051	6001	6000	200	10	5001	0.184051	720
28.286893	6001	5000	199	10	5001	0.286893	720
28.316928	6001	6000	201	10	6000	0.116928	720
28.346474	6001	5001	201	10	5001	0.146474	720
28.351841	6001	6000	199	10	5001	0.351841	720
28.358814	6001	6001	202	10	5001	0.058814	720
28.368852	6001	6000	201	10	5001	0.168852	720
28.387970	6001	5000	200	10	5001	0.287970	720
28.417801	6001	6000	202	10	6000	0.117801	720
28.447015	6001	5001	202	10	5001	0.147015	720
28.454807	6001	6001	203	10	5001	0.054807	720
28.471645	6001	6000	202	10	5001	0.171645	720
28.488129	6001	5000	201	10	5001	0.288129	720
28.517139	6001	6000	203	10	6000	0.117139	720
28.546432	6001	5001	203	10	5001	0.146432	720
28.551991	6001	6001	204	10	5001	0.051991	720
28.569230	6001	6000	203	10	5001	0.169230	720
28.587162	6001	5000	202	10	5001	0.287162	720
28.617620	6001	6000	204	10	6000	0.117620	720
28.646377	6001	5001	204	10	5001	0.146377	720
28.653005	6001	6001	205	10	5001	0.053005	720
28.672557	6001	6000	204	10	5001	0.172557	720
28.686548	6001	5000	203	10	5001	0.286548	720
28.717236	6001	6000	205	10	6000	0.117236	720
28.746434	6001	5001	205	10	5001	0.146434	720
28.780686	6001	6001	206	10	5001	0.080686	720
28.780843	6001	6000	205	10	5001	0.180843	720
28.794164	6001	5000	204	10	5001	0.294164	720
28.818576	6001	6000	206	10	6000	0.118576	720
28.846665	6001	5001	206	10	5001	0.146665	720
28.861494	6001	6001	207	10	5001	0.061494	720
28.876992	6001	6000	206	10	5001	0.176992	720
28.907819	6001	5000	205	10	5001	0.307819	720
28.917073	6001	6000	207	10	6000	0.117073	720
28.946439	6001	5001	207	10	5001	0.146439	720
28.976394	6001	6001	208	10	5001	0.076394	720
28.976502	6001	6000	207	10	5001	0.176502	720
28.987778	6001	5000	206	10	5001	0.287778	720
29.016958	6001	6000	208	10	6000	0.116958	720
29.046581	6001	5001	208	10	5001	0.146581	720
29.051803	6001	6001	209	10	5001	0.051803	720
29.116946	6001	6000	209	10	6000	0.116946	720
29.146495	6001	5001	209	10	5001	0.146495	720
29.202834	6001	6000	208	10	5001	0.302834	720
29.207011	6001	5000	207	10	5001	0.407011	720
29.217102	6001	6000	210	10	6000	0.117102	720
29.246443	6001	5001	210	10	5001	0.146443	720
29.297586	6001	6001	210	10	5001	0.197586	720
29.298100	6001	6000	209	10	5001	0.298100	720
29.299066	6001	6001	211	10	5001	0.099066	720
29.300026	6001	6000	210	10	5001	0.200026	720
29.317578	6001	6000	211	10	6000	0.117578	720
29.341585	6001	5000	208	10	5001	0.441585	720
29.343815	6001	5000	209	10	5001	0.343815	720
29.346382	6001	5001	211	10	5001	0.146382	720
29.352765	6001	6001	212	10	5001	0.052765	720
29.370589	6001	6000	211	10	5001	0.170589	720
29.389275	6001	5000	210	10	5001	0.289275	720
29.416956	6001	6000	212	10	6000	0.116956	720
29.446473	6001	5001	212	10	5001	0.146473	720
29.459392	6001	6001	213	10	5001	0.059392	720
29.472796	6001	6000	212	10	5001	0.172796	720
29.486377	6001	5000	211	10	5001	0.286377	720
29.517226	6001	6000	213	10	6000	0.117226	720
29.546789	6001	5001	213	10	5001	0.146789	720
29.553760	6001	6001	214	10	5001	0.053760	720
29.571853	6001	6000	213	10	5001	0.171853	720
29.587440	6001	5000	212	10	5001	0.287440	720
29.617636	6001	6000	214	10	6000	0.117636	720
29.646566	6001	5001	214	10	5001	0.146566	720
29.659157	6001	6001	215	10	5001	0.059157	720
29.673064	6001	6000	214	10	5001	0.173064	720
29.686767	6001	5000	213	10	5001	0.286767	720
29.717114	6001	6000	215	10	6000	0.117114	720
29.746426	6001	5001	215	10	5001	0.146426	720
29.751791	6001	6001	216	10	5001	0.051791	720
29.770800	6001	6000	215	10	5001	0.170800	720
29.786655	6001	5000	214	10	5001	0.286655	720
29.817692	6001	6000	216	10	6000	0.117692	720
29.846425	6001	5001	216	10	5001	0.146425	720
29.855608	6001	6001	217	10	5001	0.055608	720
29.868929	6001	6000	216	10	5001	0.168929	720
29.886550	6001	5000	215	10	5001	0.286550	720
29.917152	6001	6000	217	10	6000	0.117152	720
29.946488	6001	5001	217	10	5001	0.146488	720
29.953064	6001	6001	218	10	5001	0.053064	720
29.977524	6001	6000	217	10	5001	0.177524	720
29.995470	6001	5000	216	10	5001	0.295470	720
30.017054	6001	6000	218	10	6000	0.117054	720
30.046557	6001	5001	218	10	5001	0.146557	720
30.053759	6001	6001	219	10	5001	0.053759	720
30.069990	6001	6000	218	10	5001	0.169990	720
30.086553	6001	5000	217	10	5001	0.286553	720
30.117495	6001	6000	219	10	6000	0.117495	720
30.146537	6001	5001	219	10	5001	0.146537	720
30.153461	6001	6001	220	10	5001	0.053461	720
30.169702	6001	6000	219	10	5001	0.169702	720
30.186558	6001	5000	218	10	5001	0.286558	720
30.217143	6001	6000	220	10	6000	0.117143	720
30.246667	6001	5001	220	10	5001	0.146667	720
30.253937	6001	6001	221	10	5001	0.053937	720
30.278693	6001	6000	220	10	5001	0.178693	720
30.292746	6001	5000	219	10	5001	0.292746	720
30.317019	6001	6000	221	10	6000	0.117019	720
30.346446	6001	5001	221	10	5001	0.146446	720
30.352503	6001	6001	222	10	5001	0.052503	720
30.373693	6001	6000	221	10	5001	0.173693	720
30.386253	6001	5000	220	10	5001	0.286253	720
30.417372	6001	6000	222	10	6000	0.117372	720
30.446527	6001	5001	222	10	5001	0.146527	720
30.452419	6001	6001	223	10	5001	0.052419	720
30.475221	6001	6000	222	10	5001	0.175221	720
30.486576	6001	5000	221	10	5001	0.286576	720
30.517116	6001	6000	223	10	6000	0.117116	720
30.546459	6001	5001	223	10	5001	0.146459	720
30.552087	6001	6001	224	10	5001	0.052087	720
30.575425	6001	6000	223	10	5001	0.175425	720
30.586752	6001	5000	222	10	5001	0.286752	720
30.617693	6001	6000	224	10	6000	0.117693	720
30.646488	6001	5001	224	10	5001	0.146488	720
30.652338	6001	6001	225	10	5001	0.052338	720
30.682417	6001	6000	224	10	5001	0.182417	720
30.691368	6001	5000	223	10	5001	0.291368	720
30.717348	6001	6000	225	10	6000	0.117348	720
30.746416	6001	5001	225	10	5001	0.146416	720
30.769115	6001	5000	224	10	5001	0.269115	720
30.817013	6001	6000	226	10	6000	0.117013	720
30.847207	6001	5001	226	10	5001	0.147207	720
30.878266	6001	5000	225	10	5001	0.278266	720
30.917179	6001	6000	227	10	6000	0.117179	720
30.947372	6001	5001	227	10	5001	0.147372	720
30.965496	6001	5000	226	10	5001	0.265496	720
31.017929	6001	6000	228	10	6000	0.117929	720
31.046559	6001	5001	228	10	5001	0.146559	720
31.086974	6001	5000	227	10	5001	0.286974	720
31.117902	6001	6000	229	10	6000	0.117902	720
31.146907	6001	5001	229	10	5001	0.146907	720
31.172087	6001	5000	228	10	5001	0.272087	720
31.216935	6001	6000	230	10	6000	0.116935	720
31.246968	6001	5001	230	10	5001	0.146968	720
31.269861	6001	5000	229	10	5001	0.269861	720
31.317519	6001	6000	231	10	6000	0.117519	720
31.326602	6001	13	0	10	5001	0.259363	720
31.346698	6001	5001	231	10	5001	0.146698	720
31.385783	6001	0	0	10	5001	0.285783	720
31.389141	6001	5000	230	10	5001	0.289141	720
31.417265	6001	6000	232	10	6000	0.117265	720
31.443389	6001	13	1	10	5001	0.276150	720
31.446283	6001	5001	232	10	5001	0.146283	720
31.452081	6001	9	0	10	5001	0.287117	720
31.478877	6001	5	0	10	5001	0.326868	720
31.482582	6001	0	1	10	5001	0.282582	720
31.501055	6001	5	0	10	5001	0.349046	720
31.516983	6001	6000	233	10	6000	0.116983	720
31.524032	6001	5	0	10	5001	0.372023	720
31.526574	6001	13	2	10	5001	0.259335	720
31.527231	6001	5000	231	10	5001	0.327231	720
31.546369	6001	5001	233	10	5001	0.146369	720
31.547434	6001	5	0	10	5001	0.395425	720
31.548152	6001	9	1	10	5001	0.283188	720
31.553492	6001	17	0	10	5001	0.462499	720
31.567476	6001	5000	232	10	5001	0.267476	720
31.579889	6001	5	1	10	5001	0.327880	720
31.584402	6001	0	2	10	5001	0.284402	720
31.589915	6001	7	0	10	5001	0.469618	720
31.601189	6001	5	1	10	5001	0.349180	720
31.616878	6001	6000	234	10	6000	0.116878	720
31.618324	6001	15	0	10	5001	0.439600	720
31.623295	6001	5	1	10	5001	0.371286	720
31.625620	6001	13	3	10	5001	0.258381	720
31.646484	6001	5001	234	10	5001	0.146484	720
31.648789	6001	5	1	10	5001	0.396780	720
31.650735	6001	9	2	10	5001	0.285771	720
31.658757	6001	17	1	10	5001	0.467764	720
31.667039	6001	5000	233	10	5001	0.267039	720
31.677793	6001	18	0	10	5001	0.422041	720
31.687702	6001	5	2	10	5001	0.335693	720
31.717146	6001	6000	235	10	6000	0.117146	720
31.729821	6001	5	2	10	5001	0.377812	720
31.738123	6001	0	3	10	5001	0.338123	720
31.746494	6001	5001	235	10	5001	0.146494	720
31.752270	6001	7	1	10	5001	0.531973	720
31.776753	6001	13	4	10	5001	0.309514	720
31.790763	6001	15	1	10	5001	0.512039	720
31.801274	6001	9	3	10	5001	0.336310	720
31.817145	6001	6000	236	10	6000	0.117145	720
31.840545	6001	14	0	10	5001	0.508563	720
31.842293	6001	4	2	10	5001	0.441827	720
31.846315	6001	5001	236	10	5001	0.146315	720
31.849254	6001	5	3	10	5001	0.397245	720
31.851245	6001	17	2	10	5001	0.560252	720
31.874006	6001	18	1	10	5001	0.518254	720
31.880798	6001	5	3	10	5001	0.428789	720
31.885886	6001	0	4	10	5001	0.385886	720
31.892104	6001	7	2	10	5001	0.571807	720
31.917123	6001	6000	237	10	6000	0.117123	720
31.919014	6001	13	5	10	5001	0.351775	720
31.946379	6001	5001	237	10	5001	0.146379	720
31.950578	6001	15	2	10	5001	0.571854	720
31.970033	6001	9	4	10	5001	0.405069	720
32.016940	6001	6000	238	10	6000	0.116940	720
32.046472	6001	5001	238	10	5001	0.146472	720
32.055407	6001	14	1	10	5001	0.623425	720
32.063582	6001	4	3	10	5001	0.563116	720
32.086131	6001	5	4	10	5001	0.534122	720
32.088458	6001	17	3	10	5001	0.697465	720
32.116938	6001	6000	239	10	6000	0.116938	720
32.146507	6001	5001	239	10	5001	0.146507	720
32.165178	6001	18	2	10	5001	0.709426	720
32.177150	6001	5	4	10	5001	0.625141	720
32.191886	6001	0	5	10	5001	0.591886	720
32.204782	6001	7	3	10	5001	0.784485	720
32.217143	6001	6000	240	10	6000	0.117143	720
32.246549	6001	5001	240	10	5001	0.146549	720
32.247522	6001	13	6	10	5001	0.580283	720
32.315967	6001	15	3	10	5001	0.837243	720
32.317125	6001	6000	241	10	6000	0.117125	720
32.331215	6001	9	5	10	5001	0.666251	720
32.346505	6001	5001	241	10	5001	0.146505	720
32.369098	6001	21	0	10	5001	0.846417	720
32.395226	6001	14	2	10	5001	0.863244	720
32.403028	6001	4	4	10	5001	0.802562	720
32.417209	6001	6000	242	10	6000	0.117209	720
32.423398	6001	5	5	10	5001	0.771389	720
32.427815	6001	11	0	10	5001	0.886213	720
32.446492	6001	5001	242	10	5001	0.146492	720
32.455850	6001	12	0	10	5001	0.843844	720
32.489772	6001	18	3	10	5001	0.934020	720
32.497590	6001	5	5	10	5001	0.845581	720
32.504571	6001	16	0	10	5001	0.965959	720
32.513009	6001	0	6	10	5001	0.813009	720
32.518681	6001	6000	243	10	6000	0.118681	720
32.529220	6001	7	4	10	5001	1.008923	720
32.546300	6001	5001	243	10	5001	0.146300	720
32.549905	6001	10	0	10	5001	0.833252	720
32.558186	6001	13	7	10	5001	0.790947	720
32.575189	6001	3	0	10	5001	0.823933	720
32.592873	6001	25	0	10	5001	1.038481	720
32.601683	6001	15	4	10	5001	1.022959	720
32.605277	6001	9	6	10	5001	0.840313	720
32.614462	6001	16	0	10	5001	1.075850	720
32.617056	6001	6000	244	10	6000	0.117056	720
32.623398	6001	7	4	10	5001	1.103101	720
32.634996	6001	17	5	10	5001	1.044003	720
32.643497	6001	21	1	10	5001	1.020816	720
32.646274	6001	5001	244	10	5001	0.146274	720
32.655483	6001	14	3	10	5001	1.023501	720
32.662542	6001	4	5	10	5001	0.962076	720
32.665589	6001	5	6	10	5001	0.913580	720
32.675751	6001	11	1	10	5001	1.034149	720
32.691430	6001	20	0	10	5001	1.048552	720
32.704933	6001	12	1	10	5001	0.992927	720
32.712951	6001	25	0	10	5001	1.158559	720
32.713991	6001	5	6	10	5001	0.961982	720
32.716861	6001	6000	245	10	6000	0.116861	720
32.727319	6001	18	4	10	5001	1.071567	720
32.736159	6001	0	7	10	5001	0.936159	720
32.746440	6001	5001	245	10	5001	0.146440	720
32.749242	6001	16	1	10	5001	1.110630	720
32.756774	6001	7	5	10	5001	1.136477	720
32.759413	6001	10	1	10	5001	0.942760	720
32.770423	6001	13	8	10	5001	0.903184	720
32.788788	6001	3	1	10	5001	0.937532	720
32.805573	6001	25	1	10	5001	1.151181	720
32.813635	6001	15	5	10	5001	1.134911	720
32.816841	6001	6000	246	10	6000	0.116841	720
32.817209	6001	9	7	10	5001	0.952245	720
32.830043	6001	16	1	10	5001	1.191431	720
32.840524	6001	7	5	10	5001	1.220227	720
32.846451	6001	5001	246	10	5001	0.146451	720
32.860136	6001	1	0	10	5001	1.123058	720
32.870561	6001	23	0	10	5001	1.178937	720
32.883472	6001	4	6	10	5001	1.083006	720
32.894144	6001	5	7	10	5001	1.042135	720
32.895587	6001	26	0	10	5001	1.219860	720
32.906137	6001	17	6	10	5001	1.215144	720
32.914554	6001	21	2	10	5001	1.191873	720
32.916845	6001	6000	247	10	6000	0.116845	720
32.926445	6001	14	4	10	5001	1.194463	720
32.943915	6001	11	2	10	5001	1.202313	720
32.946402	6001	5001	247	10	5001	0.146402	720
32.949772	6001	5	7	10	5001	1.097763	720
32.953730	6001	20	1	10	5001	1.210852	720
32.969460	6001	12	2	10	5001	1.157454	720
32.982369	6001	0	8	10	5001	1.082369	720
32.991972	6001	25	1	10	5001	1.337580	720
33.001017	6001	10	2	10	5001	1.084364	720
33.003254	6001	18	5	10	5001	1.247502	720
33.011859	6001	13	9	10	5001	1.044620	720
33.016872	6001	6000	248	10	6000	0.116872	720
33.023829	6001	23	0	10	5001	1.332205	720
33.033269	6001	3	2	10	5001	1.082013	720
33.034025	6001	16	2	10	5001	1.295413	720
33.046800	6001	5001	248	10	5001	0.146800	720
33.047281	6001	7	6	10	5001	1.326984	720
33.056123	6001	26	0	10	5001	1.380396	720
33.067286	6001	9	8	10	5001	1.102322	720
33.076847	6001	25	2	10	5001	1.322455	720
33.086508	6001	15	6	10	5001	1.307784	720
33.097395	6001	16	2	10	5001	1.358783	720
33.110212	6001	7	6	10	5001	1.389915	720
33.117415	6001	6000	249	10	6000	0.117415	720
33.127423	6001	1	1	10	5001	1.290345	720
33.136004	6001	4	7	10	5001	1.235538	720
33.143822	6001	5	8	10	5001	1.191813	720
33.146407	6001	5001	249	10	5001	0.146407	720
33.147856	6001	23	1	10	5001	1.356232	720
33.160912	6001	17	7	10	5001	1.369919	720
33.172708	6001	26	1	10	5001	1.396981	720
33.180524	6001	21	3	10	5001	1.357843	720
33.197264	6001	14	5	10	5001	1.365282	720
33.201351	6001	5	8	10	5001	1.249342	720
33.209254	6001	11	3	10	5001	1.367652	720
33.216850	6001	6000	250	10	6000	0.116850	720
33.224853	6001	2	0	10	5001	1.404726	720
33.237476	6001	0	9	10	5001	1.237476	720
33.245895	6001	20	2	10	5001	1.403017	720
33.246336	6001	5001	250	10	5001	0.146336	720
33.252522	6001	10	3	10	5001	1.235869	720
33.262964	6001	13	10	10	5001	1.195725	720
33.265375	6001	12	3	10	5001	1.353369	720
33.278494	6001	25	2	10	5001	1.524102	720
33.283864	6001	3	3	10	5001	1.232608	720
33.287784	6001	18	6	10	5001	1.432032	720
33.301579	6001	23	1	10	5001	1.509955	720
33.311640	6001	16	3	10	5001	1.473028	720
33.317501	6001	6000	251	10	6000	0.117501	720
33.324145	6001	9	9	10	5001	1.259181	720
33.333743	6001	7	7	10	5001	1.513446	720
33.345228	6001	26	1	10	5001	1.569501	720
33.346304	6001	5001	251	10	5001	0.146304	720
33.362052	6001	19	0	10	5001	1.479712	720
33.371024	6001	22	0	10	5001	1.528624	720
33.381929	6001	25	3	10	5001	1.527537	720
33.399060	6001	15	7	10	5001	1.520336	720
33.406708	6001	4	8	10	5001	1.406242	720
33.407668	6001	5	9	10	5001	1.355659	720
33.417167	6001	6000	252	10	6000	0.117167	720
33.424634	6001	16	3	10	5001	1.586022	720
33.435515	6001	7	7	10	5001	1.615218	720
33.446375	6001	5001	252	10	5001	0.146375	720
33.455079	6001	1	2	10	5001	1.518001	720
33.466683	6001	23	2	10	5001	1.575059	720
33.473705	6001	5	9	10	5001	1.421696	720
33.477274	6001	17	8	10	5001	1.586281	720
33.493677	6001	26	2	10	5001	1.617950	720
33.509034	6001	0	10	10	5001	1.409034	720
33.516889	6001	6000	253	10	6000	0.116889	720
33.520630	6001	21	4	10	5001	1.597949	720
33.526716	6001	10	4	10	5001	1.410063	720
33.530851	6001	14	6	10	5001	1.598869	720
33.539976	6001	13	11	10	5001	1.372737	720
33.546458	6001	5001	253	10	5001	0.146458	720
33.553120	6001	8	0	10	5001	1.616213	720
33.561334	6001	3	4	10	5001	1.410078	720
33.562250	6001	22	0	10	5001	1.719850	720
33.578218	6001	11	4	10	5001	1.636616	720
33.598208	6001	2	1	10	5001	1.678081	720
33.604832	6001	9	10	10	5001	1.439868	720
33.610639	6001	20	3	10	5001	1.667761	720
33.616877	6001	6000	254	10	6000	0.116877	720
33.622127	6001	12	4	10	5001	1.610121	720
33.642675	6001	25	3	10	5001	1.788283	720
33.646445	6001	5001	254	10	5001	0.146445	720
33.650843	6001	18	7	10	5001	1.695091	720
33.664744	6001	23	2	10	5001	1.773120	720
33.673974	6001	16	4	10	5001	1.735362	720
33.690533	6001	4	9	10	5001	1.590067	720
33.697312	6001	5	10	10	5001	1.545303	720
33.709333	6001	7	8	10	5001	1.789036	720
33.717604	6001	6000	255	10	6000	0.117604	720
33.721355	6001	26	2	10	5001	1.845628	720
33.736802	6001	19	1	10	5001	1.754462	720
33.746384	6001	5001	255	10	5001	0.146384	720
33.747317	6001	22	1	10	5001	1.804917	720
33.768503	6001	5	10	10	5001	1.616494	720
33.770126	6001	25	4	10	5001	1.815734	720
33.781197	6001	15	8	10	5001	1.802473	720
33.806341	6001	0	11	10	5001	1.606341	720
33.816894	6001	6000	256	10	6000	0.116894	720
33.818389	6001	16	4	10	5001	1.879777	720
33.830595	6001	7	8	10	5001	1.910298	720
33.831040	6001	10	5	10	5001	1.614387	720
33.843885	6001	13	12	10	5001	1.576646	720
33.846400	6001	5001	256	10	5001	0.146400	720
33.851277	6001	24	0	10	5001	1.860439	720
33.862894	6001	1	3	10	5001	1.825816	720
33.865568	6001	3	5	10	5001	1.614312	720
33.881125	6001	23	3	10	5001	1.889500	720
33.892203	6001	17	9	10	5001	1.901210	720
33.910930	6001	9	11	10	5001	1.645966	720
33.913859	6001	26	3	10	5001	1.938132	720
33.916865	6001	6000	257	10	6000	0.116865	720
33.925146	6001	21	5	10	5001	1.902465	720
33.936889	6001	14	7	10	5001	1.904907	720
33.946463	6001	5001	257	10	5001	0.146463	720
33.957638	6001	22	1	10	5001	2.015238	720
33.967217	6001	8	1	10	5001	1.930310	720
33.980562	6001	11	5	10	5001	1.938960	720
33.989793	6001	2	2	10	5001	1.969666	720
34.000036	6001	5	11	10	5001	1.748027	720
34.005854	6001	4	10	10	5001	1.805388	720
34.016889	6001	6000	258	10	6000	0.116889	720
34.021991	6001	20	4	10	5001	1.979113	720
34.034658	6001	12	5	10	5001	1.922652	720
34.045337	6001	25	4	10	5001	2.090945	720
34.046398	6001	5001	258	10	5001	0.146398	720
34.055498	6001	18	8	10	5001	1.999746	720
34.066823	6001	5	11	10	5001	1.814814	720
34.073936	6001	23	3	10	5001	2.082312	720
34.087284	6001	16	5	10	5001	2.048672	720
34.099323	6001	7	9	10	5001	2.079026	720
34.114668	6001	0	12	10	5001	1.814668	720
34.116868	6001	6000	259	10	6000	0.116868	720
34.121476	6001	10	6	10	5001	1.804823	720
34.129988	6001	19	2	10	5001	2.047648	720
34.134570	6001	13	13	10	5001	1.767331	720
34.146355	6001	5001	259	10	5001	0.146355	720
34.148753	6001	22	2	10	5001	2.106353	720
34.154453	6001	3	6	10	5001	1.803197	720
34.165055	6001	25	5	10	5001	2.110663	720
34.177511	6001	15	9	10	5001	2.098787	720
34.193418	6001	16	5	10	5001	2.154806	720
34.194044	6001	9	12	10	5001	1.829080	720
34.214000	6001	24	1	10	5001	2.123162	720
34.216851	6001	6000	260	10	6000	0.116851	720
34.224904	6001	17	10	10	5001	2.133911	720
34.245837	6001	14	8	10	5001	2.113855	720
34.246363	6001	5001	260	10	5001	0.146363	720
34.256622	6001	8	2	10	5001	2.119715	720
34.272565	6001	4	11	10	5001	1.972099	720
34.285079	6001	5	12	10	5001	1.933070	720
34.285740	6001	22	2	10	5001	2.243340	720
34.296621	6001	11	6	10	5001	2.155019	720
34.316901	6001	6000	261	10	6000	0.116901	720
34.322838	6001	18	9	10	5001	2.167086	720
34.333301	6001	22	2	10	5001	2.290901	720
34.344630	6001	5	12	10	5001	1.992621	720
34.346460	6001	5001	261	10	5001	0.146460	720
34.355574	6001	0	13	10	5001	1.955574	720
34.384033	6001	19	3	10	5001	2.201693	720
34.395524	6001	10	7	10	5001	1.978871	720
34.400623	6001	23	4	10	5001	2.308999	720
34.407203	6001	13	14	10	5001	1.939964	720
34.412507	6001	22	3	10	5001	2.270107	720
34.416861	6001	6000	262	10	6000	0.116861	720
34.425461	6001	6	1	10	5001	2.321686	720
34.427476	6001	3	7	10	5001	1.976220	720
34.446600	6001	5001	262	10	5001	0.146600	720
34.462036	6001	16	6	10	5001	2.323424	720
34.466529	6001	9	13	10	5001	2.001565	720
34.481763	6001	24	2	10	5001	2.290925	720
34.516193	6001	14	9	10	5001	2.284211	720
34.516842	6001	6000	263	10	6000	0.116842	720
34.529083	6001	16	6	10	5001	2.390471	720
34.541993	6001	4	12	10	5001	2.141527	720
34.546577	6001	5001	263	10	5001	0.146577	720
34.553679	6001	5	13	10	5001	2.101670	720
34.555932	6001	8	3	10	5001	2.319026	720
34.575148	6001	25	6	10	5001	2.420756	720
34.603216	6001	22	3	10	5001	2.460816	720
34.613740	6001	5	13	10	5001	2.161731	720
34.616887	6001	6000	264	10	6000	0.116887	720
34.625858	6001	0	14	10	5001	2.125858	720
34.646335	6001	5001	264	10	5001	0.146335	720
34.660964	6001	19	4	10	5001	2.378624	720
34.663909	6001	10	8	10	5001	2.147256	720
34.670959	6001	22	4	10	5001	2.428559	720
34.676285	6001	13	15	10	5001	2.109046	720
34.684533	6001	23	5	10	5001	2.492908	720
34.694142	6001	6	2	10	5001	2.490366	720
34.697892	6001	3	8	10	5001	2.146636	720
34.716917	6001	6000	265	10	6000	0.116917	720
34.737316	6001	9	14	10	5001	2.172352	720
34.739753	6001	24	3	10	5001	2.448915	720
34.746349	6001	5001	265	10	5001	0.146349	720
34.757545	6001	1	6	10	5001	2.420467	720
34.770861	6001	26	6	10	5001	2.495134	720
34.791750	6001	14	10	10	5001	2.459768	720
34.811070	6001	8	4	10	5001	2.474163	720
34.817060	6001	6000	266	10	6000	0.117060	720
34.817795	6001	4	13	10	5001	2.317329	720
34.829713	6001	5	14	10	5001	2.277704	720
34.846471	6001	5001	266	10	5001	0.146471	720
34.856934	6001	7	11	10	5001	2.636637	720
34.872951	6001	18	11	10	5001	2.517199	720
34.883971	6001	22	4	10	5001	2.641571	720
34.890998	6001	5	14	10	5001	2.338989	720
34.893671	6001	16	8	10	5001	2.555059	720
34.912076	6001	0	15	10	5001	2.312076	720
34.916882	6001	6000	267	10	6000	0.116882	720
34.925434	6001	23	6	10	5001	2.633810	720
34.939078	6001	22	4	10	5001	2.696678	720
34.941092	6001	10	9	10	5001	2.324439	720
34.946459	6001	5001	267	10	5001	0.146459	720
34.951943	6001	13	16	10	5001	2.284704	720
34.954984	6001	22	5	10	5001	2.612584	720
34.976850	6001	3	9	10	5001	2.325594	720
35.006531	6001	23	6	10	5001	2.714906	720
35.013991	6001	9	15	10	5001	2.349027	720
35.014604	6001	24	4	10	5001	2.623766	720
35.017063	6001	6000	268	10	6000	0.117063	720
35.034637	6001	1	7	10	5001	2.597559	720
35.046480	6001	5001	268	10	5001	0.146480	720
35.063770	6001	14	11	10	5001	2.631788	720
35.078719	6001	16	8	10	5001	2.740107	720
35.094006	6001	4	14	10	5001	2.493540	720
35.106804	6001	5	15	10	5001	2.454795	720
35.109606	6001	11	9	10	5001	2.668004	720
35.116893	6001	6000	269	10	6000	0.116893	720
35.122599	6001	2	6	10	5001	2.702472	720
35.134398	6001	17	13	10	5001	2.743405	720
35.146374	6001	5001	269	10	5001	0.146374	720
35.150572	6001	18	12	10	5001	2.694820	720
35.164253	6001	16	8	10	5001	2.825641	720
35.170336	6001	5	15	10	5001	2.518327	720
35.180609	6001	0	16	10	5001	2.480609	720
35.208745	6001	23	7	10	5001	2.817121	720
35.216929	6001	6000	270	10	6000	0.116929	720
35.224699	6001	10	10	10	5001	2.508046	720
35.227119	6001	22	5	10	5001	2.884719	720
35.233481	6001	13	17	10	5001	2.466242	720
35.246461	6001	5001	270	10	5001	0.146461	720
35.248020	6001	6	4	10	5001	2.844244	720
35.256643	6001	3	10	10	5001	2.505387	720
35.286683	6001	23	7	10	5001	2.895059	720
35.296269	6001	9	16	10	5001	2.531305	720
35.307694	6001	24	5	10	5001	2.816856	720
35.316897	6001	6000	271	10	6000	0.116897	720
35.328802	6001	26	8	10	5001	2.853075	720
35.343420	6001	14	12	10	5001	2.811438	720
35.346410	6001	5001	271	10	5001	0.146410	720
35.362636	6001	4	15	10	5001	2.662170	720
35.375818	6001	11	10	10	5001	2.834216	720
35.382536	6001	5	16	10	5001	2.630527	720
35.410278	6001	17	14	10	5001	2.919285	720
35.416863	6001	6000	272	10	6000	0.116863	720
35.425740	6001	18	13	10	5001	2.869988	720
35.439596	6001	16	9	10	5001	3.000984	720
35.444398	6001	5	16	10	5001	2.692389	720
35.446413	6001	5001	272	10	5001	0.146413	720
35.450289	6001	16	10	10	5001	2.911677	720
35.466500	6001	0	17	10	5001	2.666500	720
35.482688	6001	17	14	10	5001	2.991695	720
35.501244	6001	10	11	10	5001	2.684591	720
35.503963	6001	19	7	10	5001	2.921623	720
35.511632	6001	13	18	10	5001	2.644393	720
35.516851	6001	6000	273	10	6000	0.116851	720
35.527927	6001	26	8	10	5001	3.052200	720
35.532772	6001	3	11	10	5001	2.681516	720
35.546337	6001	5001	273	10	5001	0.146337	720
35.572784	6001	9	17	10	5001	2.707820	720
35.582959	6001	23	8	10	5001	3.091335	720
35.616904	6001	6000	274	10	6000	0.116904	720
35.619921	6001	14	13	10	5001	2.987939	720
35.640796	6001	4	16	10	5001	2.840330	720
35.646432	6001	5001	274	10	5001	0.146432	720
35.652784	6001	8	7	10	5001	3.015877	720
35.661107	6001	5	17	10	5001	2.809098	720
35.664680	6001	11	11	10	5001	3.023078	720
35.687728	6001	18	14	10	5001	3.031976	720
35.705012	6001	17	15	10	5001	3.114019	720
35.715677	6001	16	10	10	5001	3.177065	720
35.716857	6001	6000	275	10	6000	0.116857	720
35.721842	6001	5	17	10	5001	2.869833	720
35.725266	6001	16	11	10	5001	3.086654	720
35.743947	6001	0	18	10	5001	2.843947	720
35.746288	6001	5001	275	10	5001	0.146288	720
35.756672	6001	17	15	10	5001	3.165679	720
35.772377	6001	10	12	10	5001	2.855724	720
35.773432	6001	23	9	10	5001	3.181808	720
35.784303	6001	13	19	10	5001	2.817064	720
35.786091	6001	19	8	10	5001	3.103751	720
35.799108	6001	26	9	10	5001	3.223381	720
35.808801	6001	3	12	10	5001	2.857545	720
35.816899	6001	6000	276	10	6000	0.116899	720
35.839920	6001	23	9	10	5001	3.248296	720
35.846528	6001	5001	276	10	5001	0.146528	720
35.846774	6001	9	18	10	5001	2.881810	720
35.858729	6001	24	7	10	5001	3.167891	720
35.894399	6001	16	11	10	5001	3.255787	720
35.908084	6001	14	14	10	5001	3.176102	720
35.916883	6001	6000	277	10	6000	0.116883	720
35.921093	6001	4	17	10	5001	3.020627	720
35.933480	6001	5	18	10	5001	2.981471	720
35.935368	6001	11	12	10	5001	3.193766	720
35.946360	6001	5001	277	10	5001	0.146360	720
35.953811	6001	17	16	10	5001	3.262818	720
35.965685	6001	16	11	10	5001	3.327073	720
35.982466	6001	18	15	10	5001	3.226714	720
35.990770	6001	5	18	10	5001	3.038761	720
36.003385	6001	0	19	10	5001	3.003385	720
36.016878	6001	6000	278	10	6000	0.116878	720
36.029799	6001	23	10	10	5001	3.338175	720
36.040522	6001	10	13	10	5001	3.023869	720
36.043632	6001	22	8	10	5001	3.401232	720
36.046328	6001	5001	278	10	5001	0.146328	720
36.050661	6001	13	20	10	5001	2.983422	720
36.067662	6001	6	7	10	5001	3.363887	720
36.070968	6001	3	13	10	5001	3.019712	720
36.080922	6001	25	12	10	5001	3.326530	720
36.111717	6001	9	19	10	5001	3.046753	720
36.117214	6001	6000	279	10	6000	0.117214	720
36.121214	6001	24	8	10	5001	3.330376	720
36.133363	6001	26	10	10	5001	3.457636	720
36.146552	6001	5001	279	10	5001	0.146552	720
36.163997	6001	16	12	10	5001	3.425385	720
36.178666	6001	4	18	10	5001	3.178200	720
36.194170	6001	11	13	10	5001	3.352568	720
36.199983	6001	5	19	10	5001	3.147974	720
36.216901	6001	6000	280	10	6000	0.116901	720
36.224420	6001	17	17	10	5001	3.433427	720
36.241341	6001	16	12	10	5001	3.502729	720
36.246339	6001	5001	280	10	5001	0.146339	720
36.255023	6001	22	9	10	5001	3.512623	720
36.263009	6001	5	19	10	5001	3.211000	720
36.274962	6001	0	20	10	5001	3.174962	720
36.298276	6001	17	17	10	5001	3.507282	720
36.314957	6001	19	10	10	5001	3.432617	720
36.316847	6001	6000	281	10	6000	0.116847	720
36.317300	6001	10	14	10	5001	3.200647	720
36.326646	6001	23	11	10	5001	3.535022	720
36.330491	6001	13	21	10	5001	3.163252	720
36.346460	6001	5001	281	10	5001	0.146460	720
36.350580	6001	3	14	10	5001	3.199324	720
36.364055	6001	25	13	10	5001	3.509663	720
36.387418	6001	9	20	10	5001	3.222454	720
36.390419	6001	23	11	10	5001	3.598794	720
36.416892	6001	6000	282	10	6000	0.116892	720
36.435523	6001	14	16	10	5001	3.503541	720
36.446564	6001	5001	282	10	5001	0.146564	720
36.455690	6001	4	19	10	5001	3.355224	720
36.467907	6001	8	10	10	5001	3.531000	720
36.476537	6001	5	20	10	5001	3.324528	720
36.480007	6001	11	14	10	5001	3.538405	720
36.496508	6001	7	17	10	5001	3.676211	720
36.506842	6001	18	17	10	5001	3.551090	720
36.516887	6001	6000	283	10	6000	0.116887	720
36.528482	6001	17	18	10	5001	3.637489	720
36.538668	6001	16	13	10	5001	3.700056	720
36.539171	6001	5	20	10	5001	3.387162	720
36.546454	6001	5001	283	10	5001	0.146454	720
36.555852	6001	0	21	10	5001	3.355852	720
36.580632	6001	17	18	10	5001	3.689639	720
36.594542	6001	10	15	10	5001	3.377889	720
36.599754	6001	19	11	10	5001	3.617414	720
36.605474	6001	13	22	10	5001	3.338235	720
36.609776	6001	22	10	10	5001	3.767376	720
36.616890	6001	6000	284	10	6000	0.116890	720
36.622020	6001	6	9	10	5001	3.718245	720
36.626266	6001	3	15	10	5001	3.375010	720
36.646445	6001	5001	284	10	5001	0.146445	720
36.659941	6001	24	10	10	5001	3.669103	720
36.666146	6001	9	21	10	5001	3.401182	720
36.678261	6001	1	13	10	5001	3.641183	720
36.713357	6001	14	17	10	5001	3.681375	720
36.717641	6001	6000	285	10	6000	0.117641	720
36.732675	6001	4	20	10	5001	3.532209	720
36.744992	6001	8	11	10	5001	3.708085	720
36.746404	6001	5001	285	10	5001	0.146404	720
36.753286	6001	5	21	10	5001	3.501277	720
36.756414	6001	11	15	10	5001	3.714812	720
36.774649	6001	17	19	10	5001	3.783656	720
36.785679	6001	18	18	10	5001	3.729927	720
36.802020	6001	22	11	10	5001	3.859620	720
36.813733	6001	16	14	10	5001	3.875121	720
36.814919	6001	5	21	10	5001	3.562910	720
36.816847	6001	6000	286	10	6000	0.116847	720
36.830304	6001	0	22	10	5001	3.530304	720
36.851737	6001	5001	286	10	5001	0.151737	720
36.852233	6001	17	19	10	5001	3.861240	720
36.860809	6001	23	13	10	5001	3.869184	720
36.865616	6001	10	16	10	5001	3.548963	720
36.876478	6001	22	11	10	5001	3.934078	720
36.879494	6001	13	23	10	5001	3.512255	720
36.888410	6001	26	13	10	5001	3.912683	720
36.896963	6001	3	16	10	5001	3.545707	720
36.916893	6001	6000	287	10	6000	0.116893	720
36.926651	6001	23	13	10	5001	3.935027	720
36.937387	6001	9	22	10	5001	3.572423	720
36.946316	6001	5001	287	10	5001	0.146316	720
36.946546	6001	24	11	10	5001	3.855708	720
36.987565	6001	14	18	10	5001	3.855583	720
37.005036	6001	7	19	10	5001	3.984739	720
37.011618	6001	4	21	10	5001	3.711152	720
37.016862	6001	6000	288	10	6000	0.116862	720
37.020778	6001	5	22	10	5001	3.668769	720
37.026031	6001	11	16	10	5001	3.884429	720
37.046448	6001	5001	288	10	5001	0.146448	720
37.057678	6001	22	12	10	5001	4.015278	720
37.079868	6001	5	22	10	5001	3.727859	720
37.090941	6001	0	23	10	5001	3.690941	720
37.112283	6001	23	14	10	5001	4.020658	720
37.116893	6001	6000	289	10	6000	0.116893	720
37.125001	6001	22	12	10	5001	4.082602	720
37.127116	6001	10	17	10	5001	3.710463	720
37.139429	6001	13	24	10	5001	3.672190	720
37.146356	6001	5001	289	10	5001	0.146356	720
37.154189	6001	6	11	10	5001	4.050414	720
37.160098	6001	3	17	10	5001	3.708842	720
37.196506	6001	26	14	10	5001	4.120780	720
37.198287	6001	9	23	10	5001	3.733323	720
37.216336	6001	24	12	10	5001	4.025498	720
37.216808	6001	6000	290	10	6000	0.116808	720
37.232484	6001	26	15	10	5001	4.056757	720
37.241572	6001	21	17	10	5001	4.018891	720
37.246504	6001	5001	290	10	5001	0.146504	720
37.269633	6001	4	22	10	5001	3.869167	720
37.281674	6001	11	17	10	5001	4.040072	720
37.287675	6001	5	23	10	5001	3.835666	720
37.314657	6001	17	21	10	5001	4.123663	720
37.316884	6001	6000	291	10	6000	0.116884	720
37.330206	6001	18	20	10	5001	4.074454	720
37.341251	6001	22	13	10	5001	4.198851	720
37.347281	6001	5001	291	10	5001	0.147281	720
37.351326	6001	5	23	10	5001	3.899317	720
37.362681	6001	0	24	10	5001	3.862681	720
37.385984	6001	17	21	10	5001	4.194991	720
37.393076	6001	23	15	10	5001	4.201452	720
37.403192	6001	10	18	10	5001	3.886539	720
37.407383	6001	19	14	10	5001	4.125043	720
37.414539	6001	13	25	10	5001	3.847300	720
37.416847	6001	6000	292	10	6000	0.116847	720
37.435555	6001	3	18	10	5001	3.884299	720
37.446356	6001	5001	292	10	5001	0.146356	720
37.472482	6001	23	15	10	5001	4.280858	720
37.474882	6001	9	24	10	5001	3.909918	720
37.505069	6001	26	16	10	5001	4.229342	720
37.516881	6001	6000	293	10	6000	0.116881	720
37.521407	6001	14	20	10	5001	4.189425	720
37.534604	6001	16	17	10	5001	4.295992	720
37.546480	6001	5001	293	10	5001	0.146480	720
37.547185	6001	4	23	10	5001	4.046719	720
37.561198	6001	5	24	10	5001	4.009189	720
37.564348	6001	11	18	10	5001	4.222746	720
37.589090	6001	17	22	10	5001	4.298097	720
37.608717	6001	18	21	10	5001	4.252965	720
37.616919	6001	6000	294	10	6000	0.116919	720
37.622539	6001	16	17	10	5001	4.383927	720
37.632218	6001	5	24	10	5001	4.080209	720
37.634706	6001	22	14	10	5001	4.392306	720
37.646492	6001	5001	294	10	5001	0.146492	720
37.652589	6001	0	25	10	5001	4.052589	720
37.677710	6001	19	15	10	5001	4.295370	720
37.682600	6001	10	19	10	5001	4.065947	720
37.692772	6001	13	26	10	5001	4.025533	720
37.708091	6001	6	13	10	5001	4.404315	720
37.713880	6001	3	19	10	5001	4.062624	720
37.717135	6001	6000	295	10	6000	0.117135	720
37.746367	6001	5001	295	10	5001	0.146367	720
37.753202	6001	9	25	10	5001	4.088238	720
37.754139	6001	24	14	10	5001	4.363301	720
37.773422	6001	23	16	10	5001	4.481798	720
37.811699	6001	14	21	10	5001	4.379717	720
37.817266	6001	6000	296	10	6000	0.117266	720
37.835443	6001	4	24	10	5001	4.234977	720
37.846503	6001	5001	296	10	5001	0.146503	720
37.847409	6001	11	19	10	5001	4.405807	720
37.855493	6001	5	25	10	5001	4.203484	720
37.860732	6001	2	16	10	5001	4.440605	720
37.886783	6001	17	23	10	5001	4.495790	720
37.903655	6001	18	22	10	5001	4.447903	720
37.912665	6001	16	18	10	5001	4.574053	720
37.917139	6001	6000	297	10	6000	0.117139	720
37.919000	6001	5	25	10	5001	4.266991	720
37.932775	6001	0	26	10	5001	4.232775	720
37.946391	6001	5001	297	10	5001	0.146391	720
37.957780	6001	17	23	10	5001	4.566787	720
37.971619	6001	10	20	10	5001	4.254966	720
37.972474	6001	19	16	10	5001	4.490134	720
37.980917	6001	13	27	10	5001	4.213678	720
37.999279	6001	26	17	10	5001	4.623552	720
38.005072	6001	3	20	10	5001	4.253816	720
38.016895	6001	6000	298	10	6000	0.116895	720
38.036210	6001	23	17	10	5001	4.644586	720
38.043459	6001	9	26	10	5001	4.278495	720
38.044430	6001	24	15	10	5001	4.553592	720
38.046327	6001	5001	298	10	5001	0.146327	720
38.116921	6001	6000	299	10	6000	0.116921	720
38.126517	6001	5	26	10	5001	4.374508	720
38.146390	6001	5001	299	10	5001	0.146390	720
38.181347	6001	5	26	10	5001	4.429338	720
38.216854	6001	6000	300	10	6000	0.116854	720
38.231452	6001	10	21	10	5001	4.414799	720
38.239048	6001	13	28	10	5001	4.371809	720
38.246455	6001	5001	300	10	5001	0.146455	720
38.260039	6001	3	21	10	5001	4.408783	720
38.297111	6001	9	27	10	5001	4.432147	720
38.316900	6001	6000	301	10	6000	0.116900	720
38.346474	6001	5001	301	10	5001	0.146474	720
38.416896	6001	6000	302	10	6000	0.116896	720
38.434104	6001	5	27	10	5001	4.582095	720
38.446451	6001	5001	302	10	5001	0.146451	720
38.481438	6001	10	22	10	5001	4.564785	720
38.488990	6001	13	29	10	5001	4.521751	720
38.509361	6001	3	22	10	5001	4.558105	720
38.516916	6001	6000	303	10	6000	0.116916	720
38.546463	6001	5001	303	10	5001	0.146463	720
38.547185	6001	9	28	10	5001	4.582221	720
38.616893	6001	6000	304	10	6000	0.116893	720
38.646497	6001	5001	304	10	5001	0.146497	720
38.679461	6001	5	28	10	5001	4.727452	720
38.716918	6001	6000	305	10	6000	0.116918	720
38.724883	6001	10	23	10	5001	4.708230	720
38.734832	6001	13	30	10	5001	4.667593	720
38.746502	6001	5001	305	10	5001	0.146502	720
38.755099	6001	3	23	10	5001	4.703843	720
38.792184	6001	9	29	10	5001	4.727220	720
38.816903	6001	6000	306	10	6000	0.116903	720
38.846519	6001	5001	306	10	5001	0.146519	720
38.916894	6001	6000	307	10	6000	0.116894	720
38.932000	6001	5	29	10	5001	4.879991	720
38.946382	6001	5001	307	10	5001	0.146382	720
38.982252	6001	10	24	10	5001	4.865599	720
38.990461	6001	13	31	10	5001	4.823222	720
39.010352	6001	3	24	10	5001	4.859096	720
39.016889	6001	6000	308	10	6000	0.116889	720
39.046402	6001	5001	308	10	5001	0.146402	720
39.047079	6001	9	30	10	5001	4.882115	720
39.116910	6001	6000	309	10	6000	0.116910	720
39.146403	6001	5001	309	10	5001	0.146403	720
39.178154	6001	5	30	10	5001	5.026145	720
39.216908	6001	6000	310	10	6000	0.116908	720
39.226758	6001	10	25	10	5001	5.010105	720
39.234579	6001	13	32	10	5001	4.967340	720
39.246370	6001	5001	310	10	5001	0.146370	720
39.252611	6001	3	25	10	5001	5.001355	720
39.290225	6001	9	31	10	5001	5.025261	720
39.316899	6001	6000	311	10	6000	0.116899	720
39.347112	6001	5001	311	10	5001	0.147112	720
39.417142	6001	6000	312	10	6000	0.117142	720
39.428712	6001	5	31	10	5001	5.176703	720
39.446373	6001	5001	312	10	5001	0.146373	720
39.475743	6001	10	26	10	5001	5.159090	720
39.486180	6001	13	33	10	5001	5.118941	720
39.503000	6001	3	26	10	5001	5.151744	720
39.516920	6001	6000	313	10	6000	0.116920	720
39.541303	6001	9	32	10	5001	5.176339	720
39.546347	6001	5001	313	10	5001	0.146347	720
39.616887	6001	6000	314	10	6000	0.116887	720
39.646370	6001	5001	314	10	5001	0.146370	720
39.674850	6001	5	32	10	5001	5.322841	720
39.717218	6001	6000	315	10	6000	0.117218	720
39.722632	6001	10	27	10	5001	5.305979	720
39.730112	6001	13	34	10	5001	5.262873	720
39.746533	6001	5001	315	10	5001	0.146533	720
39.752928	6001	3	27	10	5001	5.301672	720
39.790673	6001	9	33	10	5001	5.325709	720
39.816899	6001	6000	316	10	6000	0.116899	720
39.846499	6001	5001	316	10	5001	0.146499	720
39.916912	6001	6000	317	10	6000	0.116912	720
39.921253	6001	5	33	10	5001	5.469244	720
39.946521	6001	5001	317	10	5001	0.146521	720
39.968444	6001	10	28	10	5001	5.451791	720
39.977602	6001	13	35	10	5001	5.410363	720
39.996449	6001	3	28	10	5001	5.445193	720
40.016887	6001	6000	318	10	6000	0.116887	720
40.036371	6001	9	34	10	5001	5.471407	720
40.046498	6001	5001	318	10	5001	0.146498	720
40.117145	6001	6000	319	10	6000	0.117145	720
40.146524	6001	5001	319	10	5001	0.146524	720
40.170877	6001	5	34	10	5001	5.618868	720
40.216898	6001	6000	320	10	6000	0.116898	720
40.218090	6001	10	29	10	5001	5.601437	720
40.228683	6001	13	36	10	5001	5.561444	720
40.246363	6001	5001	320	10	5001	0.146363	720
40.247447	6001	3	29	10	5001	5.596191	720
40.285434	6001	9	35	10	5001	5.620470	720
40.316887	6001	6000	321	10	6000	0.116887	720
40.346504	6001	5001	321	10	5001	0.146504	720
40.414152	6001	5	35	10	5001	5.762143	720
40.416858	6001	6000	322	10	6000	0.116858	720
40.446512	6001	5001	322	10	5001	0.146512	720
40.456943	6001	10	30	10	5001	5.740290	720
40.466767	6001	13	37	10	5001	5.699528	720
40.485422	6001	3	30	10	5001	5.734166	720
40.516892	6001	6000	323	10	6000	0.116892	720
40.616894	6001	6000	324	10	6000	0.116894	720
40.716897	6001	6000	325	10	6000	0.116897	720
40.816875	6001	6000	326	10	6000	0.116875	720
40.916889	6001	6000	327	10	6000	0.116889	720
41.016995	6001	6000	328	10	6000	0.116995	720
41.116900	6001	6000	329	10	6000	0.116900	720
41.216892	6001	6000	330	10	6000	0.116892	720
41.316893	6001	6000	331	10	6000	0.116893	720
41.416858	6001	6000	332	10	6000	0.116858	720
41.516908	6001	6000	333	10	6000	0.116908	720
41.616931	6001	6000	334	10	6000	0.116931	720
41.716900	6001	6000	335	10	6000	0.116900	720
41.816878	6001	6000	336	10	6000	0.116878	720
41.916884	6001	6000	337	10	6000	0.116884	720
42.016875	6001	6000	338	10	6000	0.116875	720
42.116888	6001	6000	339	10	6000	0.116888	720
42.216876	6001	6000	340	10	6000	0.116876	720
42.316867	6001	6000	341	10	6000	0.116867	720
42.416923	6001	6000	342	10	6000	0.116923	720
42.516876	6001	6000	343	10	6000	0.116876	720
42.616888	6001	6000	344	10	6000	0.116888	720
42.716862	6001	6000	345	10	6000	0.116862	720
42.816880	6001	6000	346	10	6000	0.116880	720
42.916858	6001	6000	347	10	6000	0.116858	720
43.016882	6001	6000	348	10	6000	0.116882	720
43.116880	6001	6000	349	10	6000	0.116880	720
43.216871	6001	6000	350	10	6000	0.116871	720
43.316858	6001	6000	351	10	6000	0.116858	720
43.416992	6001	6000	352	10	6000	0.116992	720
43.516891	6001	6000	353	10	6000	0.116891	720
43.616901	6001	6000	354	10	6000	0.116901	720
43.716881	6001	6000	355	10	6000	0.116881	720
43.816885	6001	6000	356	10	6000	0.116885	720
43.916910	6001	6000	357	10	6000	0.116910	720
44.016921	6001	6000	358	10	6000	0.116921	720
44.116924	6001	6000	359	10	6000	0.116924	720
44.216896	6001	6000	360	10	6000	0.116896	720
44.316895	6001	6000	361	10	6000	0.116895	720
44.416903	6001	6000	362	10	6000	0.116903	720
44.516882	6001	6000	363	10	6000	0.116882	720
44.616891	6001	6000	364	10	6000	0.116891	720
44.716898	6001	6000	365	10	6000	0.116898	720
44.816889	6001	6000	366	10	6000	0.116889	720
44.916894	6001	6000	367	10	6000	0.116894	720
45.016889	6001	6000	368	10	6000	0.116889	720
45.116915	6001	6000	369	10	6000	0.116915	720
45.216942	6001	6000	370	10	6000	0.116942	720
45.316978	6001	6000	371	10	6000	0.116978	720
45.416996	6001	6000	372	10	6000	0.116996	720
45.516961	6001	6000	373	10	6000	0.116961	720
45.616874	6001	6000	374	10	6000	0.116874	720
45.716937	6001	6000	375	10	6000	0.116937	720
45.816889	6001	6000	376	10	6000	0.116889	720
45.916891	6001	6000	377	10	6000	0.116891	720
46.016893	6001	6000	378	10	6000	0.116893	720
46.116927	6001	6000	379	10	6000	0.116927	720
46.216888	6001	6000	380	10	6000	0.116888	720
46.316890	6001	6000	381	10	6000	0.116890	720
46.416920	6001	6000	382	10	6000	0.116920	720
46.516978	6001	6000	383	10	6000	0.116978	720
46.616895	6001	6000	384	10	6000	0.116895	720
46.716941	6001	6000	385	10	6000	0.116941	720
46.816902	6001	6000	386	10	6000	0.116902	720
46.916889	6001	6000	387	10	6000	0.116889	720
47.016898	6001	6000	388	10	6000	0.116898	720
47.116915	6001	6000	389	10	6000	0.116915	720
47.216913	6001	6000	390	10	6000	0.116913	720
47.316913	6001	6000	391	10	6000	0.116913	720
47.416879	6001	6000	392	10	6000	0.116879	720
47.516904	6001	6000	393	10	6000	0.116904	720
47.616902	6001	6000	394	10	6000	0.116902	720
47.716891	6001	6000	395	10	6000	0.116891	720
47.816883	6001	6000	396	10	6000	0.116883	720
47.916877	6001	6000	397	10	6000	0.116877	720
48.016885	6001	6000	398	10	6000	0.116885	720
48.116931	6001	6000	399	10	6000	0.116931	720
48.216944	6001	6000	400	10	6000	0.116944	720
48.316896	6001	6000	401	10	6000	0.116896	720
48.416906	6001	6000	402	10	6000	0.116906	720
48.516892	6001	6000	403	10	6000	0.116892	720
48.616890	6001	6000	404	10	6000	0.116890	720
48.716907	6001	6000	405	10	6000	0.116907	720
48.816920	6001	6000	406	10	6000	0.116920	720
48.916905	6001	6000	407	10	6000	0.116905	720
49.016887	6001	6000	408	10	6000	0.116887	720
49.116930	6001	6000	409	10	6000	0.116930	720
49.216885	6001	6000	410	10	6000	0.116885	720
49.316886	6001	6000	411	10	6000	0.116886	720
49.416908	6001	6000	412	10	6000	0.116908	720
49.516906	6001	6000	413	10	6000	0.116906	720
49.616916	6001	6000	414	10	6000	0.116916	720
49.716911	6001	6000	415	10	6000	0.116911	720
49.816906	6001	6000	416	10	6000	0.116906	720
49.916895	6001	6000	417	10	6000	0.116895	720
50.016950	6001	6000	418	10	6000	0.116950	720
50.116966	6001	6000	419	10	6000	0.116966	720
50.216920	6001	6000	420	10	6000	0.116920	720
50.316874	6001	6000	421	10	6000	0.116874	720
50.416891	6001	6000	422	10	6000	0.116891	720
50.516890	6001	6000	423	10	6000	0.116890	720
50.616910	6001	6000	424	10	6000	0.116910	720
50.716891	6001	6000	425	10	6000	0.116891	720
50.816886	6001	6000	426	10	6000	0.116886	720
50.916900	6001	6000	427	10	6000	0.116900	720
51.016882	6001	6000	428	10	6000	0.116882	720
51.116926	6001	6000	429	10	6000	0.116926	720
51.216904	6001	6000	430	10	6000	0.116904	720
51.316902	6001	6000	431	10	6000	0.116902	720
51.416883	6001	6000	432	10	6000	0.116883	720
51.516890	6001	6000	433	10	6000	0.116890	720
51.616899	6001	6000	434	10	6000	0.116899	720
51.716896	6001	6000	435	10	6000	0.116896	720
51.816889	6001	6000	436	10	6000	0.116889	720
51.916934	6001	6000	437	10	6000	0.116934	720
52.016861	6001	6000	438	10	6000	0.116861	720
52.116889	6001	6000	439	10	6000	0.116889	720
52.216865	6001	6000	440	10	6000	0.116865	720
52.316895	6001	6000	441	10	6000	0.116895	720
52.416910	6001	6000	442	10	6000	0.116910	720
52.516868	6001	6000	443	10	6000	0.116868	720
52.616872	6001	6000	444	10	6000	0.116872	720
52.716898	6001	6000	445	10	6000	0.116898	720
52.816886	6001	6000	446	10	6000	0.116886	720
52.916882	6001	6000	447	10	6000	0.116882	720
53.016890	6001	6000	448	10	6000	0.116890	720
53.116919	6001	6000	449	10	6000	0.116919	720
53.216917	6001	6000	450	10	6000	0.116917	720
53.316913	6001	6000	451	10	6000	0.116913	720
53.416881	6001	6000	452	10	6000	0.116881	720
53.516885	6001	6000	453	10	6000	0.116885	720
53.616894	6001	6000	454	10	6000	0.116894	720
53.716899	6001	6000	455	10	6000	0.116899	720
53.816902	6001	6000	456	10	6000	0.116902	720
53.916887	6001	6000	457	10	6000	0.116887	720
54.016906	6001	6000	458	10	6000	0.116906	720
54.116923	6001	6000	459	10	6000	0.116923	720
54.217019	6001	6000	460	10	6000	0.117019	720
54.316909	6001	6000	461	10	6000	0.116909	720
54.416817	6001	6000	462	10	6000	0.116817	720
54.516811	6001	6000	463	10	6000	0.116811	720
54.616826	6001	6000	464	10	6000	0.116826	720
54.716824	6001	6000	465	10	6000	0.116824	720
54.816881	6001	6000	466	10	6000	0.116881	720
54.916824	6001	6000	467	10	6000	0.116824	720
55.016830	6001	6000	468	10	6000	0.116830	720
55.116846	6001	6000	469	10	6000	0.116846	720
55.216820	6001	6000	470	10	6000	0.116820	720
55.316836	6001	6000	471	10	6000	0.116836	720
55.416831	6001	6000	472	10	6000	0.116831	720
55.516809	6001	6000	473	10	6000	0.116809	720
55.619868	6001	6000	474	10	6000	0.119868	720
55.716833	6001	6000	475	10	6000	0.116833	720
55.816816	6001	6000	476	10	6000	0.116816	720
55.916824	6001	6000	477	10	6000	0.116824	720
56.016827	6001	6000	478	10	6000	0.116827	720
56.116840	6001	6000	479	10	6000	0.116840	720
56.216816	6001	6000	480	10	6000	0.116816	720
56.316833	6001	6000	481	10	6000	0.116833	720
56.416818	6001	6000	482	10	6000	0.116818	720
56.516817	6001	6000	483	10	6000	0.116817	720
56.616816	6001	6000	484	10	6000	0.116816	720
56.716832	6001	6000	485	10	6000	0.116832	720
56.816827	6001	6000	486	10	6000	0.116827	720
56.916822	6001	6000	487	10	6000	0.116822	720
57.016825	6001	6000	488	10	6000	0.116825	720
57.116821	6001	6000	489	10	6000	0.116821	720
57.216815	6001	6000	490	10	6000	0.116815	720
57.316930	6001	6000	491	10	6000	0.116930	720
57.416807	6001	6000	492	10	6000	0.116807	720
57.516809	6001	6000	493	10	6000	0.116809	720
57.616827	6001	6000	494	10	6000	0.116827	720
57.716827	6001	6000	495	10	6000	0.116827	720
57.816829	6001	6000	496	10	6000	0.116829	720
57.916803	6001	6000	497	10	6000	0.116803	720
58.016806	6001	6000	498	10	6000	0.116806	720
58.116805	6001	6000	499	10	6000	0.116805	720
58.216778	6001	6000	500	10	6000	0.116778	720
58.316876	6001	6000	501	10	6000	0.116876	720
58.416839	6001	6000	502	10	6000	0.116839	720
58.516800	6001	6000	503	10	6000	0.116800	720
58.616800	6001	6000	504	10	6000	0.116800	720
58.716799	6001	6000	505	10	6000	0.116799	720
58.816806	6001	6000	506	10	6000	0.116806	720
58.916793	6001	6000	507	10	6000	0.116793	720
59.016810	6001	6000	508	10	6000	0.116810	720
59.116830	6001	6000	509	10	6000	0.116830	720
59.216789	6001	6000	510	10	6000	0.116789	720
59.316792	6001	6000	511	10	6000	0.116792	720
59.416787	6001	6000	512	10	6000	0.116787	720
59.516838	6001	6000	513	10	6000	0.116838	720
59.616967	6001	6000	514	10	6000	0.116967	720
59.716845	6001	6000	515	10	6000	0.116845	720
59.816842	6001	6000	516	10	6000	0.116842	720
59.916863	6001	6000	517	10	6000	0.116863	720
60.016825	6001	6000	518	10	6000	0.116825	720
60.116830	6001	6000	519	10	6000	0.116830	720
60.216844	6001	6000	520	10	6000	0.116844	720
60.316871	6001	6000	521	10	6000	0.116871	720
60.416863	6001	6000	522	10	6000	0.116863	720
60.516864	6001	6000	523	10	6000	0.116864	720
60.616845	6001	6000	524	10	6000	0.116845	720
60.716832	6001	6000	525	10	6000	0.116832	720
60.816849	6001	6000	526	10	6000	0.116849	720
60.916828	6001	6000	527	10	6000	0.116828	720
61.016828	6001	6000	528	10	6000	0.116828	720
61.116883	6001	6000	529	10	6000	0.116883	720
61.216819	6001	6000	530	10	6000	0.116819	720
61.316833	6001	6000	531	10	6000	0.116833	720
61.416825	6001	6000	532	10	6000	0.116825	720
61.516827	6001	6000	533	10	6000	0.116827	720
61.616829	6001	6000	534	10	6000	0.116829	720
61.716849	6001	6000	535	10	6000	0.116849	720
61.816856	6001	6000	536	10	6000	0.116856	720
61.916876	6001	6000	537	10	6000	0.116876	720
62.016875	6001	6000	538	10	6000	0.116875	720
62.116854	6001	6000	539	10	6000	0.116854	720
62.216810	6001	6000	540	10	6000	0.116810	720
62.316860	6001	6000	541	10	6000	0.116860	720
62.416814	6001	6000	542	10	6000	0.116814	720
62.516832	6001	6000	543	10	6000	0.116832	720
62.616851	6001	6000	544	10	6000	0.116851	720
62.716841	6001	6000	545	10	6000	0.116841	720
62.816861	6001	6000	546	10	6000	0.116861	720
62.916909	6001	6000	547	10	6000	0.116909	720
77.173011	6001	9	36	10	5001	42.408047	720
77.173163	6001	5001	323	10	5001	36.773163	720
77.173232	6001	5001	324	10	5001	36.673233	720
77.173301	6001	5001	325	10	5001	36.573299	720
77.173367	6001	5001	326	10	5001	36.473366	720
77.173433	6001	5001	327	10	5001	36.373432	720
77.173499	6001	5001	328	10	5001	36.273499	720
77.173565	6001	5001	329	10	5001	36.173565	720
77.173630	6001	5001	330	10	5001	36.073631	720
77.173695	6001	5001	331	10	5001	35.973694	720
77.173762	6001	5001	332	10	5001	35.873760	720
77.173827	6001	5001	333	10	5001	35.773827	720
77.173893	6001	5001	334	10	5001	35.673893	720
77.174351	6001	5001	335	10	5001	35.574352	720
77.174814	6001	5001	336	10	5001	35.474815	720
77.175260	6001	5001	337	10	5001	35.375259	720
77.175683	6001	5001	338	10	5001	35.275684	720
77.176145	6001	5001	339	10	5001	35.176144	720
77.176614	6001	5001	340	10	5001	35.076614	720
77.177052	6001	5001	341	10	5001	34.977051	720
77.177525	6001	5001	342	10	5001	34.877525	720
77.177961	6001	5001	343	10	5001	34.777962	720
77.178395	6001	5001	344	10	5001	34.678394	720
77.178824	6001	5001	345	10	5001	34.578823	720
77.179254	6001	5001	346	10	5001	34.479256	720
77.179683	6001	5001	347	10	5001	34.379684	720
77.180171	6001	5001	348	10	5001	34.280170	720
77.180656	6001	5001	349	10	5001	34.180656	720
77.181678	6001	5001	350	10	5001	34.081676	720
77.182277	6001	5001	351	10	5001	33.982277	720
77.182744	6001	5001	352	10	5001	33.882744	720
77.183125	6001	5001	353	10	5001	33.783127	720
77.183491	6001	5001	354	10	5001	33.683491	720
77.184403	6001	5001	355	10	5001	33.584404	720
77.184821	6001	5001	356	10	5001	33.484821	720
77.185223	6001	5001	357	10	5001	33.385223	720
77.185618	6001	5001	358	10	5001	33.285618	720
77.186029	6001	5001	359	10	5001	33.186028	720
77.186425	6001	5001	360	10	5001	33.086426	720
77.186820	6001	5001	361	10	5001	32.986820	720
77.187215	6001	5001	362	10	5001	32.887215	720
77.187727	6001	5001	363	10	5001	32.787727	720
77.188168	6001	5001	364	10	5001	32.688168	720
77.188566	6001	5001	365	10	5001	32.588566	720
77.189007	6001	5001	366	10	5001	32.489006	720
77.189452	6001	5001	367	10	5001	32.389454	720
77.189890	6001	5001	368	10	5001	32.289890	720
77.190320	6001	5001	369	10	5001	32.190319	720
77.190751	6001	5001	370	10	5001	32.090752	720
77.191256	6001	5001	371	10	5001	31.991257	720
77.191673	6001	5001	372	10	5001	31.891672	720
77.192143	6001	5001	373	10	5001	31.792143	720
77.192614	6001	5001	374	10	5001	31.692614	720
77.193043	6001	5001	375	10	5001	31.593042	720
77.193471	6001	5001	376	10	5001	31.493471	720
77.193886	6001	5001	377	10	5001	31.393887	720
77.194315	6001	5001	378	10	5001	31.294315	720
77.194781	6001	5001	379	10	5001	31.194780	720
77.195184	6001	5001	380	10	5001	31.095184	720
77.195583	6001	5001	381	10	5001	30.995583	720
77.196009	6001	5001	382	10	5001	30.896009	720
77.196402	6001	5001	383	10	5001	30.796402	720
77.196822	6001	5001	384	10	5001	30.696821	720
77.197140	6001	5001	385	10	5001	30.597139	720
77.197393	6001	5001	386	10	5001	30.497393	720
77.197638	6001	5001	387	10	5001	30.397638	720
77.197887	6001	5001	388	10	5001	30.297888	720
77.198184	6001	5001	389	10	5001	30.198183	720
77.198401	6001	5001	390	10	5001	30.098400	720
77.198626	6001	5001	391	10	5001	29.998627	720
77.198856	6001	5001	392	10	5001	29.898855	720
77.199116	6001	5001	393	10	5001	29.799116	720
77.199356	6001	5001	394	10	5001	29.699356	720
77.199580	6001	5001	395	10	5001	29.599581	720
77.200206	6001	5001	396	10	5001	29.500206	720
77.201049	6001	5001	397	10	5001	29.401049	720
77.201549	6001	5001	398	10	5001	29.301550	720
77.202036	6001	5001	399	10	5001	29.202036	720
77.202919	6001	5001	400	10	5001	29.102919	720
77.203295	6001	5001	401	10	5001	29.003296	720
77.203668	6001	5001	402	10	5001	28.903667	720
77.204094	6001	5001	403	10	5001	28.804094	720
77.204545	6001	5001	404	10	5001	28.704544	720
77.205013	6001	5001	405	10	5001	28.605013	720
77.205453	6001	5001	406	10	5001	28.505453	720
77.206169	6001	5001	407	10	5001	28.406170	720
77.206602	6001	5001	408	10	5001	28.306602	720
77.206991	6001	5001	409	10	5001	28.206991	720
77.207364	6001	5001	410	10	5001	28.107365	720
77.207743	6001	5001	411	10	5001	28.007744	720
77.208232	6001	5001	412	10	5001	27.908232	720
77.208737	6001	5001	413	10	5001	27.808737	720
77.209216	6001	5001	414	10	5001	27.709215	720
77.209589	6001	5001	415	10	5001	27.609589	720
77.209961	6001	5001	416	10	5001	27.509960	720
77.210332	6001	5001	417	10	5001	27.410332	720
77.210702	6001	5001	418	10	5001	27.310701	720
77.211146	6001	5001	419	10	5001	27.211145	720
77.212387	6001	5001	420	10	5001	27.112387	720
77.212875	6001	5001	421	10	5001	27.012875	720
77.213311	6001	5001	422	10	5001	26.913311	720
77.213730	6001	5001	423	10	5001	26.813730	720
77.214145	6001	5001	424	10	5001	26.714146	720
77.215247	6001	5001	425	10	5001	26.615248	720
77.215830	6001	5001	426	10	5001	26.515829	720
77.216287	6001	5001	427	10	5001	26.416286	720
77.216758	6001	5001	428	10	5001	26.316757	720
77.217337	6001	5001	429	10	5001	26.217337	720
77.217793	6001	5001	430	10	5001	26.117792	720
77.218293	6001	5001	431	10	5001	26.018293	720
77.218732	6001	5001	432	10	5001	25.918732	720
77.219155	6001	5001	433	10	5001	25.819155	720
77.220980	6001	5001	434	10	5001	25.720980	720
77.221300	6001	5001	435	10	5001	25.621300	720
77.227252	6001	5001	436	10	5001	25.527252	720
77.227471	6001	5001	437	10	5001	25.427471	720
77.227705	6001	5001	438	10	5001	25.327705	720
77.227980	6001	5001	439	10	5001	25.227980	720
77.228211	6001	5001	440	10	5001	25.128210	720
77.228451	6001	5001	441	10	5001	25.028452	720
77.228688	6001	5001	442	10	5001	24.928688	720
77.228920	6001	5001	443	10	5001	24.828920	720
77.229150	6001	5001	444	10	5001	24.729151	720
77.229381	6001	5001	445	10	5001	24.629381	720
77.229612	6001	5001	446	10	5001	24.529612	720
77.229841	6001	5001	447	10	5001	24.429840	720
77.230071	6001	5001	448	10	5001	24.330070	720
77.230361	6001	5001	449	10	5001	24.230362	720
77.230822	6001	5001	450	10	5001	24.130821	720
77.231058	6001	5001	451	10	5001	24.031057	720
77.231299	6001	5001	452	10	5001	23.931299	720
77.231538	6001	5001	453	10	5001	23.831537	720
77.233341	6001	5001	454	10	5001	23.733341	720
77.233723	6001	5001	455	10	5001	23.633722	720
77.234075	6001	5001	456	10	5001	23.534075	720
77.234432	6001	5001	457	10	5001	23.434431	720
77.234789	6001	5001	458	10	5001	23.334789	720
77.235162	6001	5001	459	10	5001	23.235163	720
77.235511	6001	5001	460	10	5001	23.135511	720
77.235884	6001	5001	461	10	5001	23.035885	720
